Using pre-set license
Built from '2022.3/staging' branch; Version is '2022.3.1f1 (f18e0c1b5784) revision 15830540'; Using compiler version '192829333'; Build Type 'Release'
OS: 'Windows 10  (10.0.19045) 64bit Professional' Language: 'en' Physical Memory: 32690 MB
BatchMode: 1, IsHumanControllingUs: 0, StartBugReporterOnCrash: 0, Is64bit: 1, IsPro: 1

COMMAND LINE ARGUMENTS:
A:\Unity\2022.3.1f1\Editor\Unity.exe
-adb2
-batchMode
-noUpm
-name
AssetImportWorker5
-projectPath
D:/Unity репозиторий/Ancient-Lands/Ancient Lands
-logFile
Logs/AssetImportWorker5.log
-srvPort
1545
Successfully changed project path to: D:/Unity репозиторий/Ancient-Lands/Ancient Lands
D:/Unity репозиторий/Ancient-Lands/Ancient Lands
[UnityMemory] Configuration Parameters - Can be set up in boot.config
    "memorysetup-bucket-allocator-granularity=16"
    "memorysetup-bucket-allocator-bucket-count=8"
    "memorysetup-bucket-allocator-block-size=33554432"
    "memorysetup-bucket-allocator-block-count=8"
    "memorysetup-main-allocator-block-size=16777216"
    "memorysetup-thread-allocator-block-size=16777216"
    "memorysetup-gfx-main-allocator-block-size=16777216"
    "memorysetup-gfx-thread-allocator-block-size=16777216"
    "memorysetup-cache-allocator-block-size=4194304"
    "memorysetup-typetree-allocator-block-size=2097152"
    "memorysetup-profiler-bucket-allocator-granularity=16"
    "memorysetup-profiler-bucket-allocator-bucket-count=8"
    "memorysetup-profiler-bucket-allocator-block-size=33554432"
    "memorysetup-profiler-bucket-allocator-block-count=8"
    "memorysetup-profiler-allocator-block-size=16777216"
    "memorysetup-profiler-editor-allocator-block-size=1048576"
    "memorysetup-temp-allocator-size-main=16777216"
    "memorysetup-job-temp-allocator-block-size=2097152"
    "memorysetup-job-temp-allocator-block-size-background=1048576"
    "memorysetup-job-temp-allocator-reduction-small-platforms=262144"
    "memorysetup-allocator-temp-initial-block-size-main=262144"
    "memorysetup-allocator-temp-initial-block-size-worker=262144"
    "memorysetup-temp-allocator-size-background-worker=32768"
    "memorysetup-temp-allocator-size-job-worker=262144"
    "memorysetup-temp-allocator-size-preload-manager=33554432"
    "memorysetup-temp-allocator-size-nav-mesh-worker=65536"
    "memorysetup-temp-allocator-size-audio-worker=65536"
    "memorysetup-temp-allocator-size-cloud-worker=32768"
    "memorysetup-temp-allocator-size-gi-baking-worker=262144"
    "memorysetup-temp-allocator-size-gfx=262144"
Player connection [18724] Host "[IP] 192.168.100.2 [Port] 0 [Flags] 2 [Guid] 1430124934 [EditorId] 1430124934 [Version] 1048832 [Id] WindowsEditor(7,DESKTOP-4VOLOPP) [Debug] 1 [PackageName] WindowsEditor [ProjectName] Editor" joined multi-casting on [225.0.0.222:54997]...

Player connection [18724] Host "[IP] 192.168.100.2 [Port] 0 [Flags] 2 [Guid] 1430124934 [EditorId] 1430124934 [Version] 1048832 [Id] WindowsEditor(7,DESKTOP-4VOLOPP) [Debug] 1 [PackageName] WindowsEditor [ProjectName] Editor" joined alternative multi-casting on [225.0.0.222:34997]...

Refreshing native plugins compatible for Editor in 6.89 ms, found 3 plugins.
Preloading 0 native plugins for Editor in 0.00 ms.
Initialize engine version: 2022.3.1f1 (f18e0c1b5784)
[Subsystems] Discovering subsystems at path A:/Unity/2022.3.1f1/Editor/Data/Resources/UnitySubsystems
[Subsystems] Discovering subsystems at path D:/Unity репозиторий/Ancient-Lands/Ancient Lands/Assets
GfxDevice: creating device client; threaded=0; jobified=0
Direct3D:
    Version:  Direct3D 11.0 [level 11.1]
    Renderer: NVIDIA GeForce RTX 3060 (ID=0x2504)
    Vendor:   NVIDIA
    VRAM:     12129 MB
    Driver:   31.0.15.3179
Initialize mono
Mono path[0] = 'A:/Unity/2022.3.1f1/Editor/Data/Managed'
Mono path[1] = 'A:/Unity/2022.3.1f1/Editor/Data/MonoBleedingEdge/lib/mono/unityjit-win32'
Mono config path = 'A:/Unity/2022.3.1f1/Editor/Data/MonoBleedingEdge/etc'
Using monoOptions --debugger-agent=transport=dt_socket,embedding=1,server=y,suspend=n,address=127.0.0.1:56280
Begin MonoManager ReloadAssembly
Registering precompiled unity dll's ...
Register platform support module: A:/Unity/2022.3.1f1/Editor/Data/PlaybackEngines/AndroidPlayer/UnityEditor.Android.Extensions.dll
Register platform support module: A:/Unity/2022.3.1f1/Editor/Data/PlaybackEngines/WindowsStandaloneSupport/UnityEditor.WindowsStandalone.Extensions.dll
Registered in 0.003524 seconds.
- Loaded All Assemblies, in  0.219 seconds
Native extension for WindowsStandalone target not found
Native extension for Android target not found
Android Extension - Scanning For ADB Devices 197 ms
Mono: successfully reloaded assembly
- Finished resetting the current domain, in  0.428 seconds
Domain Reload Profiling: 647ms
	BeginReloadAssembly (55ms)
		ExecutionOrderSort (0ms)
		DisableScriptedObjects (0ms)
		BackupInstance (0ms)
		ReleaseScriptingObjects (0ms)
		CreateAndSetChildDomain (0ms)
	RebuildCommonClasses (22ms)
	RebuildNativeTypeToScriptingClass (7ms)
	initialDomainReloadingComplete (37ms)
	LoadAllAssembliesAndSetupDomain (98ms)
		LoadAssemblies (54ms)
		RebuildTransferFunctionScriptingTraits (0ms)
		AnalyzeDomain (96ms)
			TypeCache.Refresh (95ms)
				TypeCache.ScanAssembly (86ms)
			ScanForSourceGeneratedMonoScriptInfo (0ms)
			ResolveRequiredComponents (0ms)
	FinalizeReload (428ms)
		ReleaseScriptCaches (0ms)
		RebuildScriptCaches (0ms)
		SetupLoadedEditorAssemblies (385ms)
			LogAssemblyErrors (0ms)
			InitializePlatformSupportModulesInManaged (275ms)
			SetLoadedEditorAssemblies (3ms)
			RefreshPlugins (0ms)
			BeforeProcessingInitializeOnLoad (1ms)
			ProcessInitializeOnLoadAttributes (70ms)
			ProcessInitializeOnLoadMethodAttributes (36ms)
			AfterProcessingInitializeOnLoad (0ms)
			EditorAssembliesLoaded (0ms)
		ExecutionOrderSort2 (0ms)
		AwakeInstancesAfterBackupRestoration (0ms)
========================================================================
Worker process is ready to serve import requests
Begin MonoManager ReloadAssembly
Symbol file LoadedFromMemory doesn't match image D:\Unity репозиторий\Ancient-Lands\Ancient Lands\Library\PackageCache\com.unity.visualscripting@1.8.0\Editor\VisualScripting.Core\Dependencies\YamlDotNet\Unity.VisualScripting.YamlDotNet.dll
Symbol file LoadedFromMemory doesn't match image D:\Unity репозиторий\Ancient-Lands\Ancient Lands\Library\PackageCache\com.unity.visualscripting@1.8.0\Editor\VisualScripting.Core\Dependencies\DotNetZip\Unity.VisualScripting.IonicZip.dll
- Loaded All Assemblies, in  0.495 seconds
Refreshing native plugins compatible for Editor in 1.80 ms, found 3 plugins.
Native extension for WindowsStandalone target not found
Native extension for Android target not found
Mono: successfully reloaded assembly
- Finished resetting the current domain, in  0.469 seconds
Domain Reload Profiling: 964ms
	BeginReloadAssembly (85ms)
		ExecutionOrderSort (0ms)
		DisableScriptedObjects (4ms)
		BackupInstance (0ms)
		ReleaseScriptingObjects (0ms)
		CreateAndSetChildDomain (15ms)
	RebuildCommonClasses (22ms)
	RebuildNativeTypeToScriptingClass (8ms)
	initialDomainReloadingComplete (26ms)
	LoadAllAssembliesAndSetupDomain (354ms)
		LoadAssemblies (184ms)
		RebuildTransferFunctionScriptingTraits (0ms)
		AnalyzeDomain (213ms)
			TypeCache.Refresh (189ms)
				TypeCache.ScanAssembly (179ms)
			ScanForSourceGeneratedMonoScriptInfo (17ms)
			ResolveRequiredComponents (7ms)
	FinalizeReload (470ms)
		ReleaseScriptCaches (0ms)
		RebuildScriptCaches (0ms)
		SetupLoadedEditorAssemblies (357ms)
			LogAssemblyErrors (0ms)
			InitializePlatformSupportModulesInManaged (15ms)
			SetLoadedEditorAssemblies (4ms)
			RefreshPlugins (0ms)
			BeforeProcessingInitializeOnLoad (53ms)
			ProcessInitializeOnLoadAttributes (236ms)
			ProcessInitializeOnLoadMethodAttributes (48ms)
			AfterProcessingInitializeOnLoad (2ms)
			EditorAssembliesLoaded (0ms)
		ExecutionOrderSort2 (0ms)
		AwakeInstancesAfterBackupRestoration (4ms)
Launched and connected shader compiler UnityShaderCompiler.exe after 0.03 seconds
Refreshing native plugins compatible for Editor in 2.09 ms, found 3 plugins.
Preloading 0 native plugins for Editor in 0.00 ms.
Unloading 5581 Unused Serialized files (Serialized files now loaded: 0)
Unloading 85 unused Assets / (144.8 KB). Loaded Objects now: 6061.
Memory consumption went from 222.2 MB to 222.1 MB.
Total: 2.899100 ms (FindLiveObjects: 0.316100 ms CreateObjectMapping: 0.121800 ms MarkObjects: 2.331300 ms  DeleteObjects: 0.129400 ms)

AssetImportParameters requested are different than current active one (requested -> active):
  custom:container-demuxer-ogg: 62fdf1f143b41e24485cea50d1cbac27 -> 
  custom:video-decoder-ogg-theora: a1e56fd34408186e4bbccfd4996cb3dc -> 
  custom:framework-win-MediaFoundation: 216162199b28c13a410421893ffa2e32 -> 
  custom:container-demuxer-webm: 4f35f7cbe854078d1ac9338744f61a02 -> 
  custom:scripting/monoscript/fileName/IStaticDataService.cs: a840bc9291b36c92d96c6db73874988a -> 79181a673e5b66868248d6156a6113f2
  custom:container-muxer-webm: aa71ff27fc2769a1b78a27578f13a17b -> 
  custom:video-decoder-webm-vp8: 9c59270c3fd7afecdb556c50c9e8de78 -> 
  custom:scripting/monoscript/fileName/StaticDataService.cs: edfa8209d0ab8d36fa49427a95ee7ed4 -> d7341bf525f31782f5c65728233e7608
  custom:AudioImporter_EditorPlatform: d09bf68614088b80899f8185d706f6e7 -> 
  custom:scripting/monoscript/fileName/EnemySpawnerEditor.cs: be5f8eac405e597ee07a5725852b4b2b -> 
  custom:video-encoder-webm-vp8: eb34c28f22e8b96e1ab97ce403110664 -> 
  custom:audio-decoder-ogg-vorbis: bf7c407c2cedff20999df2af8eb42d56 -> 
  custom:audio-encoder-webm-vorbis: bf7c407c2cedff20999df2af8eb42d56 -> 
  custom:scripting/monoscript/fileName/EnemySpawner.cs: 8f64a4c508149747d8d29b464cdaf1b5 -> 
========================================================================
Received Prepare
Begin MonoManager ReloadAssembly
Symbol file LoadedFromMemory doesn't match image D:\Unity репозиторий\Ancient-Lands\Ancient Lands\Library\PackageCache\com.unity.visualscripting@1.8.0\Editor\VisualScripting.Core\Dependencies\YamlDotNet\Unity.VisualScripting.YamlDotNet.dll
Symbol file LoadedFromMemory doesn't match image D:\Unity репозиторий\Ancient-Lands\Ancient Lands\Library\PackageCache\com.unity.visualscripting@1.8.0\Editor\VisualScripting.Core\Dependencies\DotNetZip\Unity.VisualScripting.IonicZip.dll
- Loaded All Assemblies, in  0.538 seconds
Refreshing native plugins compatible for Editor in 2.40 ms, found 4 plugins.
Native extension for WindowsStandalone target not found
Native extension for Android target not found
Mono: successfully reloaded assembly
- Finished resetting the current domain, in  0.777 seconds
Domain Reload Profiling: 1314ms
	BeginReloadAssembly (101ms)
		ExecutionOrderSort (0ms)
		DisableScriptedObjects (4ms)
		BackupInstance (0ms)
		ReleaseScriptingObjects (0ms)
		CreateAndSetChildDomain (29ms)
	RebuildCommonClasses (22ms)
	RebuildNativeTypeToScriptingClass (7ms)
	initialDomainReloadingComplete (18ms)
	LoadAllAssembliesAndSetupDomain (388ms)
		LoadAssemblies (191ms)
		RebuildTransferFunctionScriptingTraits (0ms)
		AnalyzeDomain (237ms)
			TypeCache.Refresh (210ms)
				TypeCache.ScanAssembly (201ms)
			ScanForSourceGeneratedMonoScriptInfo (19ms)
			ResolveRequiredComponents (8ms)
	FinalizeReload (778ms)
		ReleaseScriptCaches (0ms)
		RebuildScriptCaches (0ms)
		SetupLoadedEditorAssemblies (377ms)
			LogAssemblyErrors (0ms)
			InitializePlatformSupportModulesInManaged (16ms)
			SetLoadedEditorAssemblies (4ms)
			RefreshPlugins (0ms)
			BeforeProcessingInitializeOnLoad (67ms)
			ProcessInitializeOnLoadAttributes (238ms)
			ProcessInitializeOnLoadMethodAttributes (51ms)
			AfterProcessingInitializeOnLoad (2ms)
			EditorAssembliesLoaded (0ms)
		ExecutionOrderSort2 (0ms)
		AwakeInstancesAfterBackupRestoration (6ms)
Refreshing native plugins compatible for Editor in 2.85 ms, found 4 plugins.
Preloading 0 native plugins for Editor in 0.00 ms.
Unloading 6108 Unused Serialized files (Serialized files now loaded: 0)
Unloading 51 unused Assets / (269.6 KB). Loaded Objects now: 6767.
Memory consumption went from 213.8 MB to 213.5 MB.
Total: 3.017200 ms (FindLiveObjects: 0.340400 ms CreateObjectMapping: 0.158800 ms MarkObjects: 2.358600 ms  DeleteObjects: 0.158500 ms)

Prepare: number of updated asset objects reloaded= 0
AssetImportParameters requested are different than current active one (requested -> active):
  custom:container-demuxer-ogg: 62fdf1f143b41e24485cea50d1cbac27 -> 
  custom:video-decoder-ogg-theora: a1e56fd34408186e4bbccfd4996cb3dc -> 
  custom:framework-win-MediaFoundation: 216162199b28c13a410421893ffa2e32 -> 
  custom:container-demuxer-webm: 4f35f7cbe854078d1ac9338744f61a02 -> 
  custom:scripting/monoscript/fileName/IStaticDataService.cs: a840bc9291b36c92d96c6db73874988a -> 79181a673e5b66868248d6156a6113f2
  custom:container-muxer-webm: aa71ff27fc2769a1b78a27578f13a17b -> 
  custom:video-decoder-webm-vp8: 9c59270c3fd7afecdb556c50c9e8de78 -> 
  custom:scripting/monoscript/fileName/StaticDataService.cs: edfa8209d0ab8d36fa49427a95ee7ed4 -> d7341bf525f31782f5c65728233e7608
  custom:AudioImporter_EditorPlatform: d09bf68614088b80899f8185d706f6e7 -> 
  custom:scripting/monoscript/fileName/EnemySpawnerEditor.cs: be5f8eac405e597ee07a5725852b4b2b -> 
  custom:video-encoder-webm-vp8: eb34c28f22e8b96e1ab97ce403110664 -> 
  custom:audio-decoder-ogg-vorbis: bf7c407c2cedff20999df2af8eb42d56 -> 
  custom:audio-encoder-webm-vorbis: bf7c407c2cedff20999df2af8eb42d56 -> 
  custom:scripting/monoscript/fileName/EnemySpawner.cs: 8f64a4c508149747d8d29b464cdaf1b5 -> 
========================================================================
Received Import Request.
  Time since last request: 20346.968540 seconds.
  path: Assets/AssetsThirdParty/GUI_Parts/Gui_parts/button3_ready.png
  artifactKey: Guid(5659b073e19871d4da7394b6456da365) Importer(815301076,1909f56bfc062723c751e8b465ee728b)
Start importing Assets/AssetsThirdParty/GUI_Parts/Gui_parts/button3_ready.png using Guid(5659b073e19871d4da7394b6456da365) Importer(815301076,1909f56bfc062723c751e8b465ee728b)  -> (artifact id: '239b4b2a07ab455c6fc6fd7a47ba7a01') in 0.015086 seconds
Number of updated asset objects reloaded before import = 0
Number of asset objects unloaded after import = 2
========================================================================
Received Import Request.
  Time since last request: 0.000019 seconds.
  path: Assets/AssetsThirdParty/GUI_Parts/Gui_parts/Frame_mid.png
  artifactKey: Guid(d5bda4f272648f34c8020e4e2772de3f) Importer(815301076,1909f56bfc062723c751e8b465ee728b)
Start importing Assets/AssetsThirdParty/GUI_Parts/Gui_parts/Frame_mid.png using Guid(d5bda4f272648f34c8020e4e2772de3f) Importer(815301076,1909f56bfc062723c751e8b465ee728b)  -> (artifact id: '033a25fc724bc33582006b5d4dda397a') in 0.021538 seconds
Number of updated asset objects reloaded before import = 0
Number of asset objects unloaded after import = 2
========================================================================
Received Import Request.
  Time since last request: 0.000010 seconds.
  path: Assets/AssetsThirdParty/GUI_Parts/Gui_parts/Frame_mid_2.png
  artifactKey: Guid(9b886b001545f4f4798d6e3b78a3cfa2) Importer(815301076,1909f56bfc062723c751e8b465ee728b)
Start importing Assets/AssetsThirdParty/GUI_Parts/Gui_parts/Frame_mid_2.png using Guid(9b886b001545f4f4798d6e3b78a3cfa2) Importer(815301076,1909f56bfc062723c751e8b465ee728b)  -> (artifact id: 'ce90e0f6cefb4bd4f11dcf0993cb3837') in 0.017677 seconds
Number of updated asset objects reloaded before import = 0
Number of asset objects unloaded after import = 2
========================================================================
Received Import Request.
  Time since last request: 0.000012 seconds.
  path: Assets/AssetsThirdParty/GUI_Parts/Gui_parts/Hp_line.png
  artifactKey: Guid(4f8e653bf1c0b054680c13a05741c202) Importer(815301076,1909f56bfc062723c751e8b465ee728b)
Start importing Assets/AssetsThirdParty/GUI_Parts/Gui_parts/Hp_line.png using Guid(4f8e653bf1c0b054680c13a05741c202) Importer(815301076,1909f56bfc062723c751e8b465ee728b)  -> (artifact id: 'fbcc78a9e0fc32b66e52a7c0e57863e1') in 0.001759 seconds
Number of updated asset objects reloaded before import = 0
Number of asset objects unloaded after import = 2
========================================================================
Received Import Request.
  Time since last request: 0.000009 seconds.
  path: Assets/AssetsThirdParty/GUI_Parts/Gui_parts/button_agree.png
  artifactKey: Guid(33cd3b491748050418115b4d3a0b6534) Importer(815301076,1909f56bfc062723c751e8b465ee728b)
Start importing Assets/AssetsThirdParty/GUI_Parts/Gui_parts/button_agree.png using Guid(33cd3b491748050418115b4d3a0b6534) Importer(815301076,1909f56bfc062723c751e8b465ee728b)  -> (artifact id: '4c76e7702f76d1c919dfbbbc25ec48e0') in 0.000731 seconds
Number of updated asset objects reloaded before import = 0
Number of asset objects unloaded after import = 2
========================================================================
Received Import Request.
  Time since last request: 0.000010 seconds.
  path: Assets/AssetsThirdParty/GUI_Parts/Gui_parts/button_cancel.png
  artifactKey: Guid(f9619563aba8b7542abf0aabdc638afe) Importer(815301076,1909f56bfc062723c751e8b465ee728b)
Start importing Assets/AssetsThirdParty/GUI_Parts/Gui_parts/button_cancel.png using Guid(f9619563aba8b7542abf0aabdc638afe) Importer(815301076,1909f56bfc062723c751e8b465ee728b)  -> (artifact id: '1b0e0a6fd19097839cc18c25565dde9c') in 0.001136 seconds
Number of updated asset objects reloaded before import = 0
Number of asset objects unloaded after import = 2
========================================================================
Received Import Request.
  Time since last request: 0.000033 seconds.
  path: Assets/AssetsThirdParty/GUI_Parts/Gui_parts/button_ready_off.png
  artifactKey: Guid(a2e2a83536d4eef45ace93d156eab562) Importer(815301076,1909f56bfc062723c751e8b465ee728b)
Start importing Assets/AssetsThirdParty/GUI_Parts/Gui_parts/button_ready_off.png using Guid(a2e2a83536d4eef45ace93d156eab562) Importer(815301076,1909f56bfc062723c751e8b465ee728b)  -> (artifact id: '59a105f0eb2472aeeb4c5121d47604b3') in 0.001527 seconds
Number of updated asset objects reloaded before import = 0
Number of asset objects unloaded after import = 2
========================================================================
Received Import Request.
  Time since last request: 0.000155 seconds.
  path: Assets/AssetsThirdParty/GUI_Parts/Gui_parts/Frame_big.png
  artifactKey: Guid(c430351465fe1fc42a6bef5878a08253) Importer(815301076,1909f56bfc062723c751e8b465ee728b)
Start importing Assets/AssetsThirdParty/GUI_Parts/Gui_parts/Frame_big.png using Guid(c430351465fe1fc42a6bef5878a08253) Importer(815301076,1909f56bfc062723c751e8b465ee728b)  -> (artifact id: 'e271484cad832c95010fbd72e59b0666') in 0.008805 seconds
Number of updated asset objects reloaded before import = 0
Number of asset objects unloaded after import = 2
========================================================================
Received Import Request.
  Time since last request: 0.000111 seconds.
  path: Assets/AssetsThirdParty/GUI_Parts/Gui_parts/big_background.png
  artifactKey: Guid(4edbc5539b441f049966c07e2ba12186) Importer(815301076,1909f56bfc062723c751e8b465ee728b)
Start importing Assets/AssetsThirdParty/GUI_Parts/Gui_parts/big_background.png using Guid(4edbc5539b441f049966c07e2ba12186) Importer(815301076,1909f56bfc062723c751e8b465ee728b)  -> (artifact id: '25de32a3ace3942ce25ce918d451c709') in 0.007505 seconds
Number of updated asset objects reloaded before import = 0
Number of asset objects unloaded after import = 2
========================================================================
Received Import Request.
  Time since last request: 0.000009 seconds.
  path: Assets/AssetsThirdParty/GUI_Parts/Gui_parts/button2_ready_off.png
  artifactKey: Guid(4b3d2095baccc2041b973b66b786b9d0) Importer(815301076,1909f56bfc062723c751e8b465ee728b)
Start importing Assets/AssetsThirdParty/GUI_Parts/Gui_parts/button2_ready_off.png using Guid(4b3d2095baccc2041b973b66b786b9d0) Importer(815301076,1909f56bfc062723c751e8b465ee728b)  -> (artifact id: '14ff7a581a3432e373c6d49728fe9694') in 0.001006 seconds
Number of updated asset objects reloaded before import = 0
Number of asset objects unloaded after import = 2
========================================================================
Received Import Request.
  Time since last request: 23.059626 seconds.
  path: Assets/AssetsThirdParty/GUI_Parts/Gui_parts/lil_roundframe_ready.png
  artifactKey: Guid(76a827c0b7b700d4fa9e135b970a64b1) Importer(815301076,1909f56bfc062723c751e8b465ee728b)
Start importing Assets/AssetsThirdParty/GUI_Parts/Gui_parts/lil_roundframe_ready.png using Guid(76a827c0b7b700d4fa9e135b970a64b1) Importer(815301076,1909f56bfc062723c751e8b465ee728b)  -> (artifact id: '11753d4d962c5fa98a2f57ae260d476d') in 0.000832 seconds
Number of updated asset objects reloaded before import = 0
Number of asset objects unloaded after import = 2
========================================================================
Received Import Request.
  Time since last request: 0.021284 seconds.
  path: Assets/AssetsThirdParty/GUI_Parts/Gui_parts/Mini_background.png
  artifactKey: Guid(4f033cdd2b09f9a43b139729d09d002c) Importer(815301076,1909f56bfc062723c751e8b465ee728b)
Start importing Assets/AssetsThirdParty/GUI_Parts/Gui_parts/Mini_background.png using Guid(4f033cdd2b09f9a43b139729d09d002c) Importer(815301076,1909f56bfc062723c751e8b465ee728b)  -> (artifact id: '9b9d79d7c28dfec24562f4edbf17ef62') in 0.001421 seconds
Number of updated asset objects reloaded before import = 0
Number of asset objects unloaded after import = 2
========================================================================
Received Import Request.
  Time since last request: 0.000009 seconds.
  path: Assets/AssetsThirdParty/GUI_Parts/Gui_parts/Mini_frame1.png
  artifactKey: Guid(9a38d34966735d24e9cda5ecb0a183bc) Importer(815301076,1909f56bfc062723c751e8b465ee728b)
Start importing Assets/AssetsThirdParty/GUI_Parts/Gui_parts/Mini_frame1.png using Guid(9a38d34966735d24e9cda5ecb0a183bc) Importer(815301076,1909f56bfc062723c751e8b465ee728b)  -> (artifact id: 'a19c7fe4678b65278e5587e798ebf3b8') in 0.001707 seconds
Number of updated asset objects reloaded before import = 0
Number of asset objects unloaded after import = 2
========================================================================
Received Import Request.
  Time since last request: 0.226482 seconds.
  path: Assets/AssetsThirdParty/GUI_Parts/Gui_parts/name_bar3.png
  artifactKey: Guid(12eaceb7341922b4398ff20c8bbcff90) Importer(815301076,1909f56bfc062723c751e8b465ee728b)
Start importing Assets/AssetsThirdParty/GUI_Parts/Gui_parts/name_bar3.png using Guid(12eaceb7341922b4398ff20c8bbcff90) Importer(815301076,1909f56bfc062723c751e8b465ee728b)  -> (artifact id: 'f18ca8e4a5715266874ec62cfe837036') in 0.004021 seconds
Number of updated asset objects reloaded before import = 0
Number of asset objects unloaded after import = 2
Editor requested this worker to shutdown with reason: Scaling down because of idle timeout
TcpMessagingSession - receive error: operation aborted. errorcode: 995, details: The I/O operation has been aborted because of either a thread exit or an application request.
AssetImportWorker is now disconnected from the server
Process exiting
Exiting without the bug reporter. Application will terminate with return code 0