Using pre-set license
Built from '2022.3/staging' branch; Version is '2022.3.1f1 (f18e0c1b5784) revision 15830540'; Using compiler version '192829333'; Build Type 'Release'
OS: 'Windows 10  (10.0.19045) 64bit Professional' Language: 'en' Physical Memory: 32690 MB
BatchMode: 1, IsHumanControllingUs: 0, StartBugReporterOnCrash: 0, Is64bit: 1, IsPro: 1

COMMAND LINE ARGUMENTS:
A:\Unity\2022.3.1f1\Editor\Unity.exe
-adb2
-batchMode
-noUpm
-name
AssetImportWorker22
-projectPath
D:/Unity репозиторий/Ancient-Lands/Ancient Lands
-logFile
Logs/AssetImportWorker22.log
-srvPort
5754
Successfully changed project path to: D:/Unity репозиторий/Ancient-Lands/Ancient Lands
D:/Unity репозиторий/Ancient-Lands/Ancient Lands
[UnityMemory] Configuration Parameters - Can be set up in boot.config
    "memorysetup-bucket-allocator-granularity=16"
    "memorysetup-bucket-allocator-bucket-count=8"
    "memorysetup-bucket-allocator-block-size=33554432"
    "memorysetup-bucket-allocator-block-count=8"
    "memorysetup-main-allocator-block-size=16777216"
    "memorysetup-thread-allocator-block-size=16777216"
    "memorysetup-gfx-main-allocator-block-size=16777216"
    "memorysetup-gfx-thread-allocator-block-size=16777216"
    "memorysetup-cache-allocator-block-size=4194304"
    "memorysetup-typetree-allocator-block-size=2097152"
    "memorysetup-profiler-bucket-allocator-granularity=16"
    "memorysetup-profiler-bucket-allocator-bucket-count=8"
    "memorysetup-profiler-bucket-allocator-block-size=33554432"
    "memorysetup-profiler-bucket-allocator-block-count=8"
    "memorysetup-profiler-allocator-block-size=16777216"
    "memorysetup-profiler-editor-allocator-block-size=1048576"
    "memorysetup-temp-allocator-size-main=16777216"
    "memorysetup-job-temp-allocator-block-size=2097152"
    "memorysetup-job-temp-allocator-block-size-background=1048576"
    "memorysetup-job-temp-allocator-reduction-small-platforms=262144"
    "memorysetup-allocator-temp-initial-block-size-main=262144"
    "memorysetup-allocator-temp-initial-block-size-worker=262144"
    "memorysetup-temp-allocator-size-background-worker=32768"
    "memorysetup-temp-allocator-size-job-worker=262144"
    "memorysetup-temp-allocator-size-preload-manager=33554432"
    "memorysetup-temp-allocator-size-nav-mesh-worker=65536"
    "memorysetup-temp-allocator-size-audio-worker=65536"
    "memorysetup-temp-allocator-size-cloud-worker=32768"
    "memorysetup-temp-allocator-size-gi-baking-worker=262144"
    "memorysetup-temp-allocator-size-gfx=262144"
Player connection [21684] Host "[IP] 192.168.100.2 [Port] 0 [Flags] 2 [Guid] 4089226614 [EditorId] 4089226614 [Version] 1048832 [Id] WindowsEditor(7,DESKTOP-4VOLOPP) [Debug] 1 [PackageName] WindowsEditor [ProjectName] Editor" joined multi-casting on [225.0.0.222:54997]...

Player connection [21684] Host "[IP] 192.168.100.2 [Port] 0 [Flags] 2 [Guid] 4089226614 [EditorId] 4089226614 [Version] 1048832 [Id] WindowsEditor(7,DESKTOP-4VOLOPP) [Debug] 1 [PackageName] WindowsEditor [ProjectName] Editor" joined alternative multi-casting on [225.0.0.222:34997]...

Refreshing native plugins compatible for Editor in 7.80 ms, found 3 plugins.
Preloading 0 native plugins for Editor in 0.00 ms.
Initialize engine version: 2022.3.1f1 (f18e0c1b5784)
[Subsystems] Discovering subsystems at path A:/Unity/2022.3.1f1/Editor/Data/Resources/UnitySubsystems
[Subsystems] Discovering subsystems at path D:/Unity репозиторий/Ancient-Lands/Ancient Lands/Assets
GfxDevice: creating device client; threaded=0; jobified=0
Direct3D:
    Version:  Direct3D 11.0 [level 11.1]
    Renderer: NVIDIA GeForce RTX 3060 (ID=0x2504)
    Vendor:   NVIDIA
    VRAM:     12129 MB
    Driver:   31.0.15.3179
Initialize mono
Mono path[0] = 'A:/Unity/2022.3.1f1/Editor/Data/Managed'
Mono path[1] = 'A:/Unity/2022.3.1f1/Editor/Data/MonoBleedingEdge/lib/mono/unityjit-win32'
Mono config path = 'A:/Unity/2022.3.1f1/Editor/Data/MonoBleedingEdge/etc'
Using monoOptions --debugger-agent=transport=dt_socket,embedding=1,server=y,suspend=n,address=127.0.0.1:56140
Begin MonoManager ReloadAssembly
Registering precompiled unity dll's ...
Register platform support module: A:/Unity/2022.3.1f1/Editor/Data/PlaybackEngines/AndroidPlayer/UnityEditor.Android.Extensions.dll
Register platform support module: A:/Unity/2022.3.1f1/Editor/Data/PlaybackEngines/WindowsStandaloneSupport/UnityEditor.WindowsStandalone.Extensions.dll
Registered in 0.003406 seconds.
- Loaded All Assemblies, in  0.281 seconds
Native extension for WindowsStandalone target not found
Native extension for Android target not found
Android Extension - Scanning For ADB Devices 239 ms
Mono: successfully reloaded assembly
- Finished resetting the current domain, in  0.498 seconds
Domain Reload Profiling: 778ms
	BeginReloadAssembly (73ms)
		ExecutionOrderSort (0ms)
		DisableScriptedObjects (0ms)
		BackupInstance (0ms)
		ReleaseScriptingObjects (0ms)
		CreateAndSetChildDomain (1ms)
	RebuildCommonClasses (29ms)
	RebuildNativeTypeToScriptingClass (9ms)
	initialDomainReloadingComplete (43ms)
	LoadAllAssembliesAndSetupDomain (126ms)
		LoadAssemblies (72ms)
		RebuildTransferFunctionScriptingTraits (0ms)
		AnalyzeDomain (124ms)
			TypeCache.Refresh (123ms)
				TypeCache.ScanAssembly (112ms)
			ScanForSourceGeneratedMonoScriptInfo (0ms)
			ResolveRequiredComponents (0ms)
	FinalizeReload (498ms)
		ReleaseScriptCaches (0ms)
		RebuildScriptCaches (0ms)
		SetupLoadedEditorAssemblies (450ms)
			LogAssemblyErrors (0ms)
			InitializePlatformSupportModulesInManaged (331ms)
			SetLoadedEditorAssemblies (3ms)
			RefreshPlugins (0ms)
			BeforeProcessingInitializeOnLoad (2ms)
			ProcessInitializeOnLoadAttributes (78ms)
			ProcessInitializeOnLoadMethodAttributes (36ms)
			AfterProcessingInitializeOnLoad (0ms)
			EditorAssembliesLoaded (0ms)
		ExecutionOrderSort2 (0ms)
		AwakeInstancesAfterBackupRestoration (0ms)
========================================================================
Worker process is ready to serve import requests
Begin MonoManager ReloadAssembly
Symbol file LoadedFromMemory doesn't match image D:\Unity репозиторий\Ancient-Lands\Ancient Lands\Library\PackageCache\com.unity.visualscripting@1.8.0\Editor\VisualScripting.Core\Dependencies\YamlDotNet\Unity.VisualScripting.YamlDotNet.dll
Symbol file LoadedFromMemory doesn't match image D:\Unity репозиторий\Ancient-Lands\Ancient Lands\Library\PackageCache\com.unity.visualscripting@1.8.0\Editor\VisualScripting.Core\Dependencies\DotNetZip\Unity.VisualScripting.IonicZip.dll
- Loaded All Assemblies, in  0.508 seconds
Refreshing native plugins compatible for Editor in 2.05 ms, found 3 plugins.
Native extension for WindowsStandalone target not found
Native extension for Android target not found
Mono: successfully reloaded assembly
- Finished resetting the current domain, in  0.493 seconds
Domain Reload Profiling: 1001ms
	BeginReloadAssembly (84ms)
		ExecutionOrderSort (0ms)
		DisableScriptedObjects (4ms)
		BackupInstance (0ms)
		ReleaseScriptingObjects (0ms)
		CreateAndSetChildDomain (17ms)
	RebuildCommonClasses (22ms)
	RebuildNativeTypeToScriptingClass (7ms)
	initialDomainReloadingComplete (27ms)
	LoadAllAssembliesAndSetupDomain (367ms)
		LoadAssemblies (187ms)
		RebuildTransferFunctionScriptingTraits (0ms)
		AnalyzeDomain (221ms)
			TypeCache.Refresh (197ms)
				TypeCache.ScanAssembly (188ms)
			ScanForSourceGeneratedMonoScriptInfo (16ms)
			ResolveRequiredComponents (8ms)
	FinalizeReload (494ms)
		ReleaseScriptCaches (0ms)
		RebuildScriptCaches (0ms)
		SetupLoadedEditorAssemblies (374ms)
			LogAssemblyErrors (0ms)
			InitializePlatformSupportModulesInManaged (15ms)
			SetLoadedEditorAssemblies (3ms)
			RefreshPlugins (0ms)
			BeforeProcessingInitializeOnLoad (62ms)
			ProcessInitializeOnLoadAttributes (243ms)
			ProcessInitializeOnLoadMethodAttributes (49ms)
			AfterProcessingInitializeOnLoad (2ms)
			EditorAssembliesLoaded (0ms)
		ExecutionOrderSort2 (0ms)
		AwakeInstancesAfterBackupRestoration (4ms)
Launched and connected shader compiler UnityShaderCompiler.exe after 0.03 seconds
Refreshing native plugins compatible for Editor in 1.77 ms, found 3 plugins.
Preloading 0 native plugins for Editor in 0.00 ms.
Unloading 5577 Unused Serialized files (Serialized files now loaded: 0)
Unloading 85 unused Assets / (421.5 KB). Loaded Objects now: 6055.
Memory consumption went from 223.0 MB to 222.6 MB.
Total: 2.889500 ms (FindLiveObjects: 0.324300 ms CreateObjectMapping: 0.144800 ms MarkObjects: 2.259700 ms  DeleteObjects: 0.160200 ms)

AssetImportParameters requested are different than current active one (requested -> active):
  custom:scripting/monoscript/fileName/SimpleInputDragListener.cs: e70e89b11f10fbbe1f553f68da2c49a6 -> 
  custom:scripting/monoscript/fileName/BaseInput.cs: 5d583b3c06f8372fbc5dcf1039a62ed5 -> 2124093b3f8a7fbb31af4584d7906f17
  custom:scripting/monoscript/fileName/SwipeGestureBase.cs: 90647cc400823b41df847a6cbfc29026 -> 
  custom:container-demuxer-ogg: 62fdf1f143b41e24485cea50d1cbac27 -> 
  custom:scripting/monoscript/fileName/KeyInputUI.cs: 9ced766321c62164f358eb2683dcee24 -> 
  custom:scripting/monoscript/fileName/ISimpleInputDraggableMultiTouch.cs: bad0aae7acfc31886d5d6cd64511bb37 -> 
  custom:scripting/monoscript/fileName/SimpleInputUtils.cs: 2b7179258bf8caef7276524804fd56a8 -> 
  custom:scripting/monoscript/fileName/AxisInputKeyboard.cs: 4c59efc46215873528eb46c47b9a57d8 -> 
  custom:scripting/monoscript/fileName/Touchpad.cs: af8171bd9de94ceab200fecaa797664a -> 
  custom:video-decoder-ogg-theora: a1e56fd34408186e4bbccfd4996cb3dc -> 
  custom:scripting/monoscript/fileName/ButtonInputSwipeGesture.cs: 57fd3587f7d3a1b2753240f33c7f512a -> 
  custom:scripting/monoscript/fileName/PointAndClickManager.cs: ca53010796b4de73fe5b234435c3e078 -> fa32d372a252ee86bcc063642d34517c
  custom:framework-win-MediaFoundation: 216162199b28c13a410421893ffa2e32 -> 
  custom:scripting/monoscript/fileName/ButtonInputUI.cs: 860f7312d94ca0d38c049eb09b4ebb79 -> 
  custom:scripting/monoscript/fileName/Move.cs: 73a45274d592f163b9c1ce89ddb016d1 -> 
  custom:scripting/monoscript/fileName/DisableMeshAtRuntime.cs: cab17774665095244ea56be384dc4693 -> b13d25dcacf5740aa2e5f629bc06acfd
  custom:scripting/monoscript/fileName/ButtonInputDrawer.cs: 14583ec797aaef62041dfb8bacb16bb2 -> 
  custom:scripting/monoscript/fileName/AxisInputUIArrows.cs: 9e4f49dcc0a35cdd28b802d390debcb6 -> 
  custom:container-demuxer-webm: 4f35f7cbe854078d1ac9338744f61a02 -> 
  custom:scripting/monoscript/fileName/SteeringWheel.cs: 56729bf68c4b1cde8857cd3e3fb43441 -> 
  custom:scripting/monoscript/fileName/SetCharacterEditor.cs: f74b6d9fe8fbca0103564d0889d951da -> 8973c7b2cc141a00270ba0c27360d0cc
  custom:scripting/monoscript/fileName/MouseButtonInputDrawer.cs: d3764dae7657d5ecbe906ef6dd0cc964 -> 
  custom:scripting/monoscript/fileName/KeyInputSwipeGesture.cs: 9179e959774cf3fe6ccc5e3d5adea90f -> 
  custom:scripting/monoscript/fileName/NonDrawingGraphic.cs: c2094ae89b103fb99b7fa794d364ee1e -> 
  custom:scripting/monoscript/fileName/CameraFollow.cs: 9b150ee781d2c96881d6021398a5e296 -> 
  custom:scripting/monoscript/fileName/AxisInputUI.cs: 8e9e9e7d81bf0b577b799997060acaa2 -> 
  custom:container-muxer-webm: aa71ff27fc2769a1b78a27578f13a17b -> 
  custom:scripting/monoscript/fileName/ISimpleInputDraggable.cs: 02e2c0f5c4c7b09cca95cd6995751649 -> 
  custom:scripting/monoscript/fileName/SimpleInputHelper.cs: b3a83afe8525559ea8de8bf181ae12d3 -> 
  custom:video-decoder-webm-vp8: 9c59270c3fd7afecdb556c50c9e8de78 -> 
  custom:scripting/monoscript/fileName/ButtonInputKeyboard.cs: ba25923f154a63c5784ce1232d468254 -> 
  custom:scripting/monoscript/fileName/MouseButtonInputSwipeGesture.cs: 7ee8a5727ee40a85fb7fa6a75850aa15 -> 
  custom:scripting/monoscript/fileName/SimpleInput.cs: 19c198c77e4a747ec81d49f894402aeb -> 
  custom:scripting/monoscript/fileName/Dpad.cs: 1d0a65058286db0581ff769384403511 -> 
  custom:SearchIndexIgnoredProperties: e643bd26f0fe6173181afceb89e7c659 -> 
  custom:scripting/monoscript/fileName/AxisInputMouse.cs: e1b8e00523cffe7088e2230fe5dd6251 -> 
  custom:scripting/monoscript/fileName/FpsCounter.cs: b2a88c3520e04eb3d5c5bb2facecf66a -> f7d292bb0de5814b7cbdb34b921784fc
  custom:AudioImporter_EditorPlatform: d09bf68614088b80899f8185d706f6e7 -> 
  custom:scripting/monoscript/fileName/AxisInputDrawer.cs: 1f4474b5d272ca49bf560a178fd66612 -> 
  custom:scripting/monoscript/fileName/AxisInputRotateGesture.cs: c3a9ef0ee267b1c6d5f3a96e5c245615 -> 
  custom:scripting/monoscript/fileName/KeyInputKeyboard.cs: 90fcee54091edb186581d662ee44b0f5 -> 
  custom:scripting/monoscript/fileName/SelectivePointerInput.cs: 5e57eed8b4ce4d406f51c54daa1ec5c9 -> 
  custom:video-encoder-webm-vp8: eb34c28f22e8b96e1ab97ce403110664 -> 
  custom:audio-decoder-ogg-vorbis: bf7c407c2cedff20999df2af8eb42d56 -> 
  custom:scripting/monoscript/fileName/AxisInputSwipeGesture.cs: 3e7798eec0a44491ee75273411e03fa0 -> 
  custom:scripting/monoscript/fileName/AxisInputMoveGesture.cs: 584680ffe2cc03e6d1e18b851724ba96 -> 
  custom:scripting/monoscript/fileName/AxisInputPinchGesture.cs: f546e06ef7b104dd75f56c5ce245c26a -> 
  custom:scripting/monoscript/fileName/MouseButtonInputKeyboard.cs: 1e9725fec1e8520e9e8b6ddf6e9b6216 -> 
  custom:scripting/monoscript/fileName/UnityInputProvider.cs: ace0180975236bb7042cbd4fa7b80d75 -> 
  custom:scripting/monoscript/fileName/BaseInputDrawer.cs: 7a7f4cd8f8028527aa460efb14cf999f -> 
  custom:scripting/monoscript/fileName/Joystick.cs: 291ab2eb02dfb056a8571d14613b9921 -> 1a1d9a9cba7940fed9939f7306abee3f
  custom:scripting/monoscript/fileName/SetCharacter.cs: 8e6ac516b7d92d6b7da39bc386506d1a -> 66000bc1a703bb6f10eb1b49c927df39
  custom:scripting/monoscript/fileName/KeyInputDrawer.cs: 1dfaad815a1c0a7c5aee80ef2c46a549 -> 
  custom:audio-encoder-webm-vorbis: bf7c407c2cedff20999df2af8eb42d56 -> 
  custom:scripting/monoscript/fileName/SimpleInputMultiDragListener.cs: 3367a275164e284edd0600b9f3926f78 -> 
  custom:scripting/monoscript/fileName/MouseButtonInputUI.cs: d89dff9ee068b6592ddeb6d855f78ea5 -> 
========================================================================
Received Import Request.
  Time since last request: 22632.115039 seconds.
  path: Assets/AssetsThirdParty/Cartoon Heroes/Female/Textures/Legs/Legs_2/Female_Legs_2_Brown.tga
  artifactKey: Guid(c8514ccf5637e0c4bab8ece6e1684835) Importer(2089858483,0ecaa5967403d082aa24f35e1b516d23)
Start importing Assets/AssetsThirdParty/Cartoon Heroes/Female/Textures/Legs/Legs_2/Female_Legs_2_Brown.tga using Guid(c8514ccf5637e0c4bab8ece6e1684835) Importer(2089858483,0ecaa5967403d082aa24f35e1b516d23) Generated GUIDs only implemented for interfaces!
 -> (artifact id: '61feece88c640642d03359238ad026e8') in 0.180126 seconds
Number of updated asset objects reloaded before import = 0
Number of asset objects unloaded after import = 1
========================================================================
Received Import Request.
  Time since last request: 0.313510 seconds.
  path: Assets/AssetsThirdParty/Cartoon Heroes/Weapons/Sword_2/3D/Materials/Sword_2_Yellow.mat
  artifactKey: Guid(2706ff3c7561e24428805984b884cdc9) Importer(2089858483,0ecaa5967403d082aa24f35e1b516d23)
Start importing Assets/AssetsThirdParty/Cartoon Heroes/Weapons/Sword_2/3D/Materials/Sword_2_Yellow.mat using Guid(2706ff3c7561e24428805984b884cdc9) Importer(2089858483,0ecaa5967403d082aa24f35e1b516d23) Generated GUIDs only implemented for interfaces!
 -> (artifact id: '2ce1f5a2b3d8cb0e34fb2091e62fce3c') in 0.038034 seconds
Number of updated asset objects reloaded before import = 0
Number of asset objects unloaded after import = 3
========================================================================
Received Import Request.
  Time since last request: 0.456055 seconds.
  path: Assets/AssetsThirdParty/Cartoon Heroes/Character Prefabs/Female
  artifactKey: Guid(000becd4411f0ff4492c97b7fc36f590) Importer(2089858483,0ecaa5967403d082aa24f35e1b516d23)
Start importing Assets/AssetsThirdParty/Cartoon Heroes/Character Prefabs/Female using Guid(000becd4411f0ff4492c97b7fc36f590) Importer(2089858483,0ecaa5967403d082aa24f35e1b516d23) Generated GUIDs only implemented for interfaces!
 -> (artifact id: '294ac0da52a59c8fdeddfa44a030f045') in 0.009857 seconds
Number of updated asset objects reloaded before import = 0
Number of asset objects unloaded after import = 1
========================================================================
Received Import Request.
  Time since last request: 0.484232 seconds.
  path: Assets/AssetsThirdParty/Cartoon Heroes/Female/3D/Heads/Head 3/Female_Head_3.FBX
  artifactKey: Guid(78bc7924c8b4fbb4296da625d0f72d3b) Importer(2089858483,0ecaa5967403d082aa24f35e1b516d23)
Start importing Assets/AssetsThirdParty/Cartoon Heroes/Female/3D/Heads/Head 3/Female_Head_3.FBX using Guid(78bc7924c8b4fbb4296da625d0f72d3b) Importer(2089858483,0ecaa5967403d082aa24f35e1b516d23) Generated GUIDs only implemented for interfaces!
 -> (artifact id: 'bdb07c714fd878116c7e7d4c7d8a48bc') in 0.041329 seconds
Number of updated asset objects reloaded before import = 0
Number of asset objects unloaded after import = 12
========================================================================
Received Import Request.
  Time since last request: 1.136921 seconds.
  path: Assets/AssetsThirdParty/Cartoon Heroes/Weapons/Sword_2/Textures/Sword_2_Normals.tga
  artifactKey: Guid(b3b87f7c967c1fe4a918781690f7db74) Importer(2089858483,0ecaa5967403d082aa24f35e1b516d23)
Start importing Assets/AssetsThirdParty/Cartoon Heroes/Weapons/Sword_2/Textures/Sword_2_Normals.tga using Guid(b3b87f7c967c1fe4a918781690f7db74) Importer(2089858483,0ecaa5967403d082aa24f35e1b516d23) Generated GUIDs only implemented for interfaces!
 -> (artifact id: '6b330db59d66f520a336b92093254950') in 0.020807 seconds
Number of updated asset objects reloaded before import = 0
Number of asset objects unloaded after import = 1
========================================================================
Received Import Request.
  Time since last request: 0.488396 seconds.
  path: Assets/AssetsThirdParty/Cartoon Heroes/Male/Textures/Torsos/Torso_3/Male_Torso_3_Normals.tga
  artifactKey: Guid(bbb551d3f2b654042b680962e551ea19) Importer(2089858483,0ecaa5967403d082aa24f35e1b516d23)
Start importing Assets/AssetsThirdParty/Cartoon Heroes/Male/Textures/Torsos/Torso_3/Male_Torso_3_Normals.tga using Guid(bbb551d3f2b654042b680962e551ea19) Importer(2089858483,0ecaa5967403d082aa24f35e1b516d23) Generated GUIDs only implemented for interfaces!
 -> (artifact id: '50fc20007f283f3df0f6864472a21a3b') in 0.020319 seconds
Number of updated asset objects reloaded before import = 0
Number of asset objects unloaded after import = 1
========================================================================
Received Import Request.
  Time since last request: 0.473610 seconds.
  path: Assets/AssetsThirdParty/Cartoon Heroes/Female/Textures/Hairs/Hair_4/Female_Hair_4_Blond.tga
  artifactKey: Guid(b73705a6366f0a44799c363efe72bcd2) Importer(2089858483,0ecaa5967403d082aa24f35e1b516d23)
Start importing Assets/AssetsThirdParty/Cartoon Heroes/Female/Textures/Hairs/Hair_4/Female_Hair_4_Blond.tga using Guid(b73705a6366f0a44799c363efe72bcd2) Importer(2089858483,0ecaa5967403d082aa24f35e1b516d23) Generated GUIDs only implemented for interfaces!
 -> (artifact id: '3debe0ba55cef4701b2ff0117058943e') in 0.024126 seconds
Number of updated asset objects reloaded before import = 0
Number of asset objects unloaded after import = 1
========================================================================
Received Import Request.
  Time since last request: 0.470086 seconds.
  path: Assets/AssetsThirdParty/Cartoon Heroes/Female/Textures/Torsos/Torso_3/Female_Torso_3_Skin_Normals.tga
  artifactKey: Guid(99caac127fef7a142a61b560ec4b179b) Importer(2089858483,0ecaa5967403d082aa24f35e1b516d23)
Start importing Assets/AssetsThirdParty/Cartoon Heroes/Female/Textures/Torsos/Torso_3/Female_Torso_3_Skin_Normals.tga using Guid(99caac127fef7a142a61b560ec4b179b) Importer(2089858483,0ecaa5967403d082aa24f35e1b516d23) Generated GUIDs only implemented for interfaces!
 -> (artifact id: '740b4a7a519042c8a9d1bfc307f92af9') in 0.015243 seconds
Number of updated asset objects reloaded before import = 0
Number of asset objects unloaded after import = 1
========================================================================
Received Import Request.
  Time since last request: 0.478884 seconds.
  path: Assets/AssetsThirdParty/Cartoon Heroes/Male/3D/Animation Skeleton/Animations/Male_Animation@Male_Sword_Sprint.FBX
  artifactKey: Guid(92e13e67a26415646a752312d3ac0230) Importer(2089858483,0ecaa5967403d082aa24f35e1b516d23)
Start importing Assets/AssetsThirdParty/Cartoon Heroes/Male/3D/Animation Skeleton/Animations/Male_Animation@Male_Sword_Sprint.FBX using Guid(92e13e67a26415646a752312d3ac0230) Importer(2089858483,0ecaa5967403d082aa24f35e1b516d23) Generated GUIDs only implemented for interfaces!
 -> (artifact id: '99722cb4dad475a6f7afae05b47af451') in 0.028332 seconds
Number of updated asset objects reloaded before import = 0
Number of asset objects unloaded after import = 112
========================================================================
Received Import Request.
  Time since last request: 0.465407 seconds.
  path: Assets/AssetsThirdParty/Cartoon Heroes/Male/Textures/Heads/Head_1/Male_Head_1.tga
  artifactKey: Guid(b6db225e4f5cca14f9cc339287ee95b5) Importer(2089858483,0ecaa5967403d082aa24f35e1b516d23)
Start importing Assets/AssetsThirdParty/Cartoon Heroes/Male/Textures/Heads/Head_1/Male_Head_1.tga using Guid(b6db225e4f5cca14f9cc339287ee95b5) Importer(2089858483,0ecaa5967403d082aa24f35e1b516d23) Generated GUIDs only implemented for interfaces!
 -> (artifact id: 'b05b4404ce821c32832d1a343052fc01') in 0.018210 seconds
Number of updated asset objects reloaded before import = 0
Number of asset objects unloaded after import = 1
========================================================================
Received Import Request.
  Time since last request: 0.476131 seconds.
  path: Assets/AssetsThirdParty/Cartoon Heroes/Male/Textures/Legs/Legs_3/Male_Legs_3_Brown.tga
  artifactKey: Guid(52c437022ade52346b34ffa5e4786176) Importer(2089858483,0ecaa5967403d082aa24f35e1b516d23)
Start importing Assets/AssetsThirdParty/Cartoon Heroes/Male/Textures/Legs/Legs_3/Male_Legs_3_Brown.tga using Guid(52c437022ade52346b34ffa5e4786176) Importer(2089858483,0ecaa5967403d082aa24f35e1b516d23) Generated GUIDs only implemented for interfaces!
 -> (artifact id: 'db66adcb21ff1933583a9a32971d947a') in 0.016595 seconds
Number of updated asset objects reloaded before import = 0
Number of asset objects unloaded after import = 1
========================================================================
Received Import Request.
  Time since last request: 0.478854 seconds.
  path: Assets/AssetsThirdParty/Cartoon Heroes/Male/Textures/Heads/Head_3/Male_Head_3_Normals.tga
  artifactKey: Guid(8d9dfb25319ed3d4b90ee6b66e669fed) Importer(2089858483,0ecaa5967403d082aa24f35e1b516d23)
Start importing Assets/AssetsThirdParty/Cartoon Heroes/Male/Textures/Heads/Head_3/Male_Head_3_Normals.tga using Guid(8d9dfb25319ed3d4b90ee6b66e669fed) Importer(2089858483,0ecaa5967403d082aa24f35e1b516d23) Generated GUIDs only implemented for interfaces!
 -> (artifact id: '7e613d576be15e2095ae52f3ed5f2dd3') in 0.020622 seconds
Number of updated asset objects reloaded before import = 0
Number of asset objects unloaded after import = 1
========================================================================
Received Import Request.
  Time since last request: 0.470933 seconds.
  path: Packages/com.unity.render-pipelines.core/Editor/LookDev/Icons/Add.png
  artifactKey: Guid(cbaeed03e5416aa4bae23110b63a0c7d) Importer(815301076,1909f56bfc062723c751e8b465ee728b)
Start importing Packages/com.unity.render-pipelines.core/Editor/LookDev/Icons/Add.png using Guid(cbaeed03e5416aa4bae23110b63a0c7d) Importer(815301076,1909f56bfc062723c751e8b465ee728b)  -> (artifact id: '8416407ef347d9d258dc81100b69c1af') in 0.001532 seconds
Number of updated asset objects reloaded before import = 0
Number of asset objects unloaded after import = 2
========================================================================
Received Import Request.
  Time since last request: 0.006830 seconds.
  path: Packages/com.unity.render-pipelines.core/Editor/LookDev/Icons/Add@2x.png
  artifactKey: Guid(79aba0b290c471c4ba3d3f818d4e9b15) Importer(815301076,1909f56bfc062723c751e8b465ee728b)
Start importing Packages/com.unity.render-pipelines.core/Editor/LookDev/Icons/Add@2x.png using Guid(79aba0b290c471c4ba3d3f818d4e9b15) Importer(815301076,1909f56bfc062723c751e8b465ee728b)  -> (artifact id: '7c8238776e4858f39ae8a637abe00c5b') in 0.000815 seconds
Number of updated asset objects reloaded before import = 0
Number of asset objects unloaded after import = 2
========================================================================
Received Import Request.
  Time since last request: 0.000010 seconds.
  path: Packages/com.unity.render-pipelines.universal/Textures/SMAA/AreaTex.tga
  artifactKey: Guid(d1f1048909d55cd4fa1126ab998f617e) Importer(815301076,1909f56bfc062723c751e8b465ee728b)
Start importing Packages/com.unity.render-pipelines.universal/Textures/SMAA/AreaTex.tga using Guid(d1f1048909d55cd4fa1126ab998f617e) Importer(815301076,1909f56bfc062723c751e8b465ee728b)  -> (artifact id: '7355849818b2e4dc757eea5cfc8c4a9b') in 0.000690 seconds
Number of updated asset objects reloaded before import = 0
Number of asset objects unloaded after import = 0
========================================================================
Received Import Request.
  Time since last request: 0.000033 seconds.
  path: Assets/AssetsThirdParty/Multistory Dungeons/Textures/Atlas_Base_01.psd
  artifactKey: Guid(f18ed59019f84ce2abe41e72bb4ac95b) Importer(815301076,1909f56bfc062723c751e8b465ee728b)
Start importing Assets/AssetsThirdParty/Multistory Dungeons/Textures/Atlas_Base_01.psd using Guid(f18ed59019f84ce2abe41e72bb4ac95b) Importer(815301076,1909f56bfc062723c751e8b465ee728b)  -> (artifact id: 'aadd77c242320283330f16bda4b2282f') in 0.032637 seconds
Number of updated asset objects reloaded before import = 0
Number of asset objects unloaded after import = 1
========================================================================
Received Import Request.
  Time since last request: 0.000016 seconds.
  path: Assets/AssetsThirdParty/Cartoon Heroes/Male/Textures/Hairs/Hair_1/Male_Hair_1.tga
  artifactKey: Guid(0ba7a682feabcfa419162ca353ae11cd) Importer(2089858483,0ecaa5967403d082aa24f35e1b516d23)
Start importing Assets/AssetsThirdParty/Cartoon Heroes/Male/Textures/Hairs/Hair_1/Male_Hair_1.tga using Guid(0ba7a682feabcfa419162ca353ae11cd) Importer(2089858483,0ecaa5967403d082aa24f35e1b516d23) Generated GUIDs only implemented for interfaces!
 -> (artifact id: '40459e813285559a5e3704db36cf1a5e') in 0.024929 seconds
Number of updated asset objects reloaded before import = 0
Number of asset objects unloaded after import = 1
========================================================================
Received Import Request.
  Time since last request: 0.000014 seconds.
  path: Assets/AssetsThirdParty/Cartoon Heroes/Male/3D/Heads/Head_3/Male_Head_3.FBX
  artifactKey: Guid(ac9e5936b8a63bf4f977287e27381de6) Importer(2089858483,0ecaa5967403d082aa24f35e1b516d23)
Start importing Assets/AssetsThirdParty/Cartoon Heroes/Male/3D/Heads/Head_3/Male_Head_3.FBX using Guid(ac9e5936b8a63bf4f977287e27381de6) Importer(2089858483,0ecaa5967403d082aa24f35e1b516d23) Generated GUIDs only implemented for interfaces!
 -> (artifact id: '667dd1323bfa6cb846129a4f53a84d24') in 0.020735 seconds
Number of updated asset objects reloaded before import = 0
Number of asset objects unloaded after import = 26
========================================================================
Received Import Request.
  Time since last request: 0.000019 seconds.
  path: Assets/AssetsThirdParty/Cartoon Heroes/Female/3D/Torsos/Torso_3/Materials/Female_Torso_3_Green.mat
  artifactKey: Guid(cb18b88ddbcf5f348842c185ceb496bc) Importer(2089858483,0ecaa5967403d082aa24f35e1b516d23)
Start importing Assets/AssetsThirdParty/Cartoon Heroes/Female/3D/Torsos/Torso_3/Materials/Female_Torso_3_Green.mat using Guid(cb18b88ddbcf5f348842c185ceb496bc) Importer(2089858483,0ecaa5967403d082aa24f35e1b516d23) Generated GUIDs only implemented for interfaces!
 -> (artifact id: '9a92c69ab0fd746bee4490fba68d8b4b') in 0.017593 seconds
Number of updated asset objects reloaded before import = 0
Number of asset objects unloaded after import = 3
========================================================================
Received Import Request.
  Time since last request: 0.369911 seconds.
  path: Assets/AssetsThirdParty/Cartoon Heroes/Female/3D/Torsos/Torso_1/Materials/Female_Torso_1_Red.mat
  artifactKey: Guid(4ba498ce1f827be4f8ee1ff7f788e38e) Importer(2089858483,0ecaa5967403d082aa24f35e1b516d23)
Start importing Assets/AssetsThirdParty/Cartoon Heroes/Female/3D/Torsos/Torso_1/Materials/Female_Torso_1_Red.mat using Guid(4ba498ce1f827be4f8ee1ff7f788e38e) Importer(2089858483,0ecaa5967403d082aa24f35e1b516d23) Generated GUIDs only implemented for interfaces!
 -> (artifact id: '9cfc8510a6a5e1d8e9192700620970d1') in 0.016813 seconds
Number of updated asset objects reloaded before import = 0
Number of asset objects unloaded after import = 3
========================================================================
Received Import Request.
  Time since last request: 0.000021 seconds.
  path: Assets/AssetsThirdParty/Cartoon Heroes/Male/3D/Animation Skeleton/Animations
  artifactKey: Guid(f1f6df6f4d537f645903694d123bf10c) Importer(2089858483,0ecaa5967403d082aa24f35e1b516d23)
Start importing Assets/AssetsThirdParty/Cartoon Heroes/Male/3D/Animation Skeleton/Animations using Guid(f1f6df6f4d537f645903694d123bf10c) Importer(2089858483,0ecaa5967403d082aa24f35e1b516d23) Generated GUIDs only implemented for interfaces!
 -> (artifact id: '8467e5675656197325ef882e32eae534') in 0.008450 seconds
Number of updated asset objects reloaded before import = 0
Number of asset objects unloaded after import = 1
========================================================================
Received Import Request.
  Time since last request: 0.000018 seconds.
  path: Assets/AssetsThirdParty/Cartoon Heroes/Female/3D/Hairs/Hair_1/Materials/Female_Hair_1_Black.mat
  artifactKey: Guid(faf5825e9adafa5408b7ea38d15dad7a) Importer(2089858483,0ecaa5967403d082aa24f35e1b516d23)
Start importing Assets/AssetsThirdParty/Cartoon Heroes/Female/3D/Hairs/Hair_1/Materials/Female_Hair_1_Black.mat using Guid(faf5825e9adafa5408b7ea38d15dad7a) Importer(2089858483,0ecaa5967403d082aa24f35e1b516d23) Generated GUIDs only implemented for interfaces!
 -> (artifact id: '939f71a8e06514ff140519969e67c3cf') in 0.016876 seconds
Number of updated asset objects reloaded before import = 0
Number of asset objects unloaded after import = 3
========================================================================
Received Import Request.
  Time since last request: 0.000013 seconds.
  path: Assets/AssetsThirdParty/Cartoon Heroes/Male/Textures/Torsos/Base Torso/Male_Base_Torso.tga
  artifactKey: Guid(6b161c7ba2772114fbdd70d11bd0b1b5) Importer(2089858483,0ecaa5967403d082aa24f35e1b516d23)
Start importing Assets/AssetsThirdParty/Cartoon Heroes/Male/Textures/Torsos/Base Torso/Male_Base_Torso.tga using Guid(6b161c7ba2772114fbdd70d11bd0b1b5) Importer(2089858483,0ecaa5967403d082aa24f35e1b516d23) Generated GUIDs only implemented for interfaces!
 -> (artifact id: '7a1c1d08e64f0969de2a751c9c976bfe') in 0.019484 seconds
Number of updated asset objects reloaded before import = 0
Number of asset objects unloaded after import = 1
========================================================================
Received Import Request.
  Time since last request: 0.000012 seconds.
  path: Assets/AssetsThirdParty/Cartoon Heroes/Male
  artifactKey: Guid(8b9b6e637e73c5341beaea90346b0718) Importer(2089858483,0ecaa5967403d082aa24f35e1b516d23)
Start importing Assets/AssetsThirdParty/Cartoon Heroes/Male using Guid(8b9b6e637e73c5341beaea90346b0718) Importer(2089858483,0ecaa5967403d082aa24f35e1b516d23) Generated GUIDs only implemented for interfaces!
 -> (artifact id: '626e5389f622e5dbf1749da12a74b7d1') in 0.010041 seconds
Number of updated asset objects reloaded before import = 0
Number of asset objects unloaded after import = 1
========================================================================
Received Import Request.
  Time since last request: 0.000014 seconds.
  path: Assets/AssetsThirdParty/Cartoon Heroes/Female/3D/Heads/Head 3/Materials/Female_Head_3.mat
  artifactKey: Guid(ebfbf2cc34f268047a75db150f7ce610) Importer(2089858483,0ecaa5967403d082aa24f35e1b516d23)
Start importing Assets/AssetsThirdParty/Cartoon Heroes/Female/3D/Heads/Head 3/Materials/Female_Head_3.mat using Guid(ebfbf2cc34f268047a75db150f7ce610) Importer(2089858483,0ecaa5967403d082aa24f35e1b516d23) Generated GUIDs only implemented for interfaces!
 -> (artifact id: '15636b88490f98cf7d0c7d79e1bd961e') in 0.018607 seconds
Number of updated asset objects reloaded before import = 0
Number of asset objects unloaded after import = 3
========================================================================
Received Import Request.
  Time since last request: 0.370461 seconds.
  path: Assets/AssetsThirdParty/Cartoon Heroes/Male/3D/Hairs/Hair_3/Materials/Male_Hair_3_Blond.mat
  artifactKey: Guid(a4c26117dbf37a34a80066325bfb05fd) Importer(2089858483,0ecaa5967403d082aa24f35e1b516d23)
Start importing Assets/AssetsThirdParty/Cartoon Heroes/Male/3D/Hairs/Hair_3/Materials/Male_Hair_3_Blond.mat using Guid(a4c26117dbf37a34a80066325bfb05fd) Importer(2089858483,0ecaa5967403d082aa24f35e1b516d23) Generated GUIDs only implemented for interfaces!
 -> (artifact id: 'd81b7b19d3ac292d72d13b44d945a553') in 0.019710 seconds
Number of updated asset objects reloaded before import = 0
Number of asset objects unloaded after import = 3
========================================================================
Received Import Request.
  Time since last request: 0.000012 seconds.
  path: Assets/AssetsThirdParty/Cartoon Heroes/Male/3D/Legs/Legs_3/Materials
  artifactKey: Guid(b9786f43c49cbd844ad8cc4241714ca3) Importer(2089858483,0ecaa5967403d082aa24f35e1b516d23)
Start importing Assets/AssetsThirdParty/Cartoon Heroes/Male/3D/Legs/Legs_3/Materials using Guid(b9786f43c49cbd844ad8cc4241714ca3) Importer(2089858483,0ecaa5967403d082aa24f35e1b516d23) Generated GUIDs only implemented for interfaces!
 -> (artifact id: 'fddbbd447e371f244c1e0f3e35bcfec7') in 0.009421 seconds
Number of updated asset objects reloaded before import = 0
Number of asset objects unloaded after import = 1
========================================================================
Received Import Request.
  Time since last request: 0.000010 seconds.
  path: Assets/AssetsThirdParty/Cartoon Heroes/Female/3D/Hairs/Hair_1/Materials/Female_Hair_1_Blond.mat
  artifactKey: Guid(2288758dcfc2a1f49bbddb9a8bfa5c85) Importer(2089858483,0ecaa5967403d082aa24f35e1b516d23)
Start importing Assets/AssetsThirdParty/Cartoon Heroes/Female/3D/Hairs/Hair_1/Materials/Female_Hair_1_Blond.mat using Guid(2288758dcfc2a1f49bbddb9a8bfa5c85) Importer(2089858483,0ecaa5967403d082aa24f35e1b516d23) Generated GUIDs only implemented for interfaces!
 -> (artifact id: '82985cc8b5e9a95d7623f56407d7ae64') in 0.013978 seconds
Number of updated asset objects reloaded before import = 0
Number of asset objects unloaded after import = 3
========================================================================
Received Import Request.
  Time since last request: 0.000013 seconds.
  path: Assets/AssetsThirdParty/Cartoon Heroes/Female/Textures/Heads/Head_3/Female_Head_3.tga
  artifactKey: Guid(32963c8796b41144e879a85cb79b2119) Importer(2089858483,0ecaa5967403d082aa24f35e1b516d23)
Start importing Assets/AssetsThirdParty/Cartoon Heroes/Female/Textures/Heads/Head_3/Female_Head_3.tga using Guid(32963c8796b41144e879a85cb79b2119) Importer(2089858483,0ecaa5967403d082aa24f35e1b516d23) Generated GUIDs only implemented for interfaces!
 -> (artifact id: 'c5c7d7eb8ca9d023b5e23a642a50df81') in 0.019214 seconds
Number of updated asset objects reloaded before import = 0
Number of asset objects unloaded after import = 1
========================================================================
Received Import Request.
  Time since last request: 0.000015 seconds.
  path: Assets/AssetsThirdParty/Cartoon Heroes/Female/Textures/Torsos/Torso_1/Female_Torso_1_Skin_Normals.tga
  artifactKey: Guid(e8195eef4366da940a6ed5623e01002b) Importer(2089858483,0ecaa5967403d082aa24f35e1b516d23)
Start importing Assets/AssetsThirdParty/Cartoon Heroes/Female/Textures/Torsos/Torso_1/Female_Torso_1_Skin_Normals.tga using Guid(e8195eef4366da940a6ed5623e01002b) Importer(2089858483,0ecaa5967403d082aa24f35e1b516d23) Generated GUIDs only implemented for interfaces!
 -> (artifact id: '8a7328dc62e9609a82dc0436dcb0ac3d') in 0.015430 seconds
Number of updated asset objects reloaded before import = 0
Number of asset objects unloaded after import = 1
========================================================================
Received Import Request.
  Time since last request: 0.000013 seconds.
  path: Assets/AssetsThirdParty/Cartoon Heroes/Weapons/Sword_4/Textures/Sword_4_Yellow.tga
  artifactKey: Guid(99e082de8a2b2e7429ddcfa6d7c8f335) Importer(2089858483,0ecaa5967403d082aa24f35e1b516d23)
Start importing Assets/AssetsThirdParty/Cartoon Heroes/Weapons/Sword_4/Textures/Sword_4_Yellow.tga using Guid(99e082de8a2b2e7429ddcfa6d7c8f335) Importer(2089858483,0ecaa5967403d082aa24f35e1b516d23) Generated GUIDs only implemented for interfaces!
 -> (artifact id: 'f715e18674700b3594b7243b16c6acf2') in 0.019116 seconds
Number of updated asset objects reloaded before import = 0
Number of asset objects unloaded after import = 1
========================================================================
Received Import Request.
  Time since last request: 3.216754 seconds.
  path: Assets/AssetsThirdParty/Cartoon Heroes/Male/3D/Animation Skeleton/Animations/Male_Animation@Male_Sword_Walk.FBX
  artifactKey: Guid(0f5f811a33031524680b227a45dc9848) Importer(2089858483,0ecaa5967403d082aa24f35e1b516d23)
Start importing Assets/AssetsThirdParty/Cartoon Heroes/Male/3D/Animation Skeleton/Animations/Male_Animation@Male_Sword_Walk.FBX using Guid(0f5f811a33031524680b227a45dc9848) Importer(2089858483,0ecaa5967403d082aa24f35e1b516d23) Generated GUIDs only implemented for interfaces!
 -> (artifact id: 'b890cb6627bfb7f3227ffab4b9b0aa83') in 0.028198 seconds
Number of updated asset objects reloaded before import = 0
Number of asset objects unloaded after import = 112
========================================================================
Received Import Request.
  Time since last request: 0.000013 seconds.
  path: Assets/AssetsThirdParty/Cartoon Heroes/Character Prefabs
  artifactKey: Guid(a027c86982ae9a84db9d9292a2dd2556) Importer(2089858483,0ecaa5967403d082aa24f35e1b516d23)
Start importing Assets/AssetsThirdParty/Cartoon Heroes/Character Prefabs using Guid(a027c86982ae9a84db9d9292a2dd2556) Importer(2089858483,0ecaa5967403d082aa24f35e1b516d23) Generated GUIDs only implemented for interfaces!
 -> (artifact id: 'bcd89ae8d14d0a91d111bc32becab66f') in 0.008629 seconds
Number of updated asset objects reloaded before import = 0
Number of asset objects unloaded after import = 1
========================================================================
Received Import Request.
  Time since last request: 0.000015 seconds.
  path: Assets/AssetsThirdParty/Cartoon Heroes/Male/3D/Animation Skeleton/Animations/Male_Animation@Male_Idle.FBX
  artifactKey: Guid(f03b4671842f14f4b98bfc645df0e1ed) Importer(2089858483,0ecaa5967403d082aa24f35e1b516d23)
Start importing Assets/AssetsThirdParty/Cartoon Heroes/Male/3D/Animation Skeleton/Animations/Male_Animation@Male_Idle.FBX using Guid(f03b4671842f14f4b98bfc645df0e1ed) Importer(2089858483,0ecaa5967403d082aa24f35e1b516d23) Generated GUIDs only implemented for interfaces!
 -> (artifact id: 'a54dba99731c834e184b4418c49663a8') in 0.032645 seconds
Number of updated asset objects reloaded before import = 0
Number of asset objects unloaded after import = 112
========================================================================
Received Import Request.
  Time since last request: 0.000014 seconds.
  path: Assets/AssetsThirdParty/Cartoon Heroes/Male/3D/Hairs/Hair_1/Materials/Male_Hair_1.mat
  artifactKey: Guid(780edec6694115d46b5cedff31487a70) Importer(2089858483,0ecaa5967403d082aa24f35e1b516d23)
Start importing Assets/AssetsThirdParty/Cartoon Heroes/Male/3D/Hairs/Hair_1/Materials/Male_Hair_1.mat using Guid(780edec6694115d46b5cedff31487a70) Importer(2089858483,0ecaa5967403d082aa24f35e1b516d23) Generated GUIDs only implemented for interfaces!
 -> (artifact id: '8e459c37e76d9f0a1c067a4b9ed8ba5d') in 0.011743 seconds
Number of updated asset objects reloaded before import = 0
Number of asset objects unloaded after import = 2
========================================================================
Received Import Request.
  Time since last request: 0.000016 seconds.
  path: Assets/AssetsThirdParty/Cartoon Heroes/Male/3D/Torsos/Torso_3/Materials/Male_Torso_3_Green.mat
  artifactKey: Guid(fdec2c3ab74384b42b9a7599377e1a8a) Importer(2089858483,0ecaa5967403d082aa24f35e1b516d23)
Start importing Assets/AssetsThirdParty/Cartoon Heroes/Male/3D/Torsos/Torso_3/Materials/Male_Torso_3_Green.mat using Guid(fdec2c3ab74384b42b9a7599377e1a8a) Importer(2089858483,0ecaa5967403d082aa24f35e1b516d23) Generated GUIDs only implemented for interfaces!
 -> (artifact id: '09686d2d51e72d8c5a2da945538b3a62') in 0.016464 seconds
Number of updated asset objects reloaded before import = 0
Number of asset objects unloaded after import = 3
========================================================================
Received Import Request.
  Time since last request: 0.000019 seconds.
  path: Assets/AssetsThirdParty/Cartoon Heroes/Male/3D/Legs/Legs_1/Male_Legs_1.FBX
  artifactKey: Guid(d7739944e3990de4bbb0cfdc16f876fa) Importer(2089858483,0ecaa5967403d082aa24f35e1b516d23)
Start importing Assets/AssetsThirdParty/Cartoon Heroes/Male/3D/Legs/Legs_1/Male_Legs_1.FBX using Guid(d7739944e3990de4bbb0cfdc16f876fa) Importer(2089858483,0ecaa5967403d082aa24f35e1b516d23) Generated GUIDs only implemented for interfaces!
 -> (artifact id: 'f0f0666d666a899d0a40da66495662b3') in 0.022028 seconds
Number of updated asset objects reloaded before import = 0
Number of asset objects unloaded after import = 32
========================================================================
Received Import Request.
  Time since last request: 0.000013 seconds.
  path: Assets/AssetsThirdParty/Cartoon Heroes/Male/3D/Torsos/Torso_2/Materials/Male_Torso_2_Yellow.mat
  artifactKey: Guid(6211994c0576b7241a869fd7fc0d206d) Importer(2089858483,0ecaa5967403d082aa24f35e1b516d23)
Start importing Assets/AssetsThirdParty/Cartoon Heroes/Male/3D/Torsos/Torso_2/Materials/Male_Torso_2_Yellow.mat using Guid(6211994c0576b7241a869fd7fc0d206d) Importer(2089858483,0ecaa5967403d082aa24f35e1b516d23) Generated GUIDs only implemented for interfaces!
 -> (artifact id: '1509d672a40428eccd9c3bc8adc4e541') in 0.014372 seconds
Number of updated asset objects reloaded before import = 0
Number of asset objects unloaded after import = 3
========================================================================
Received Import Request.
  Time since last request: 0.000012 seconds.
  path: Assets/AssetsThirdParty/Cartoon Heroes/Male/Textures/Legs/Legs_2/Male_Legs_2_Normals.tga
  artifactKey: Guid(b3690a33194a9b54d97311def026e99e) Importer(2089858483,0ecaa5967403d082aa24f35e1b516d23)
Start importing Assets/AssetsThirdParty/Cartoon Heroes/Male/Textures/Legs/Legs_2/Male_Legs_2_Normals.tga using Guid(b3690a33194a9b54d97311def026e99e) Importer(2089858483,0ecaa5967403d082aa24f35e1b516d23) Generated GUIDs only implemented for interfaces!
 -> (artifact id: '9026364cdaae15d07c1df50f68481c61') in 0.019184 seconds
Number of updated asset objects reloaded before import = 0
Number of asset objects unloaded after import = 1
========================================================================
Received Import Request.
  Time since last request: 0.000016 seconds.
  path: Assets/AssetsThirdParty/Cartoon Heroes/Female/3D/Torsos/Torso_3/Materials/Female_Torso_3_Yellow.mat
  artifactKey: Guid(da7a13480ddb58044980a6563b562d9a) Importer(2089858483,0ecaa5967403d082aa24f35e1b516d23)
Start importing Assets/AssetsThirdParty/Cartoon Heroes/Female/3D/Torsos/Torso_3/Materials/Female_Torso_3_Yellow.mat using Guid(da7a13480ddb58044980a6563b562d9a) Importer(2089858483,0ecaa5967403d082aa24f35e1b516d23) Generated GUIDs only implemented for interfaces!
 -> (artifact id: '9b00a9b34817f66d54953df570b9c586') in 0.021738 seconds
Number of updated asset objects reloaded before import = 0
Number of asset objects unloaded after import = 3
========================================================================
Received Import Request.
  Time since last request: 0.000014 seconds.
  path: Assets/AssetsThirdParty/Cartoon Heroes/Female/3D/Hairs/Hair_3/Materials/Female_Hair_3_Black.mat
  artifactKey: Guid(59961c0bf1dbbef4796d0dafb4ee32cc) Importer(2089858483,0ecaa5967403d082aa24f35e1b516d23)
Start importing Assets/AssetsThirdParty/Cartoon Heroes/Female/3D/Hairs/Hair_3/Materials/Female_Hair_3_Black.mat using Guid(59961c0bf1dbbef4796d0dafb4ee32cc) Importer(2089858483,0ecaa5967403d082aa24f35e1b516d23) Generated GUIDs only implemented for interfaces!
 -> (artifact id: '2ed0af6bac568fbafe860f08c470ad4c') in 0.014660 seconds
Number of updated asset objects reloaded before import = 0
Number of asset objects unloaded after import = 3
========================================================================
Received Import Request.
  Time since last request: 0.000012 seconds.
  path: Assets/AssetsThirdParty/Cartoon Heroes/Female/3D/Torsos/Torso_1/Female_Torso_1.FBX
  artifactKey: Guid(39b18d87990c0a943abfa882ca89e330) Importer(2089858483,0ecaa5967403d082aa24f35e1b516d23)
Start importing Assets/AssetsThirdParty/Cartoon Heroes/Female/3D/Torsos/Torso_1/Female_Torso_1.FBX using Guid(39b18d87990c0a943abfa882ca89e330) Importer(2089858483,0ecaa5967403d082aa24f35e1b516d23) Generated GUIDs only implemented for interfaces!
 -> (artifact id: 'a744f7b7d4367ea0b1d30545a3da6c86') in 0.024642 seconds
Number of updated asset objects reloaded before import = 0
Number of asset objects unloaded after import = 104
========================================================================
Received Import Request.
  Time since last request: 0.000015 seconds.
  path: Assets/AssetsThirdParty/Cartoon Heroes/Male/Textures/Legs/Legs_2/Male_Legs_2_Black.tga
  artifactKey: Guid(2d067327324af2441aeed3920cd67353) Importer(2089858483,0ecaa5967403d082aa24f35e1b516d23)
Start importing Assets/AssetsThirdParty/Cartoon Heroes/Male/Textures/Legs/Legs_2/Male_Legs_2_Black.tga using Guid(2d067327324af2441aeed3920cd67353) Importer(2089858483,0ecaa5967403d082aa24f35e1b516d23) Generated GUIDs only implemented for interfaces!
 -> (artifact id: 'b54c57ba182f9dfdff8747b3f8d2ccea') in 0.485215 seconds
Number of updated asset objects reloaded before import = 0
Number of asset objects unloaded after import = 1
========================================================================
Received Import Request.
  Time since last request: 0.000017 seconds.
  path: Assets/AssetsThirdParty/Cartoon Heroes/Male/3D/Torsos/Torso_1/Male_Torso_1.FBX
  artifactKey: Guid(fba03d136e511a9438a9e19a8c96fc65) Importer(2089858483,0ecaa5967403d082aa24f35e1b516d23)
Start importing Assets/AssetsThirdParty/Cartoon Heroes/Male/3D/Torsos/Torso_1/Male_Torso_1.FBX using Guid(fba03d136e511a9438a9e19a8c96fc65) Importer(2089858483,0ecaa5967403d082aa24f35e1b516d23) Generated GUIDs only implemented for interfaces!
 -> (artifact id: '9b3d830b6cd75890f821242679d174a9') in 0.295506 seconds
Number of updated asset objects reloaded before import = 0
Number of asset objects unloaded after import = 104
========================================================================
Received Import Request.
  Time since last request: 0.000015 seconds.
  path: Assets/AssetsThirdParty/Cartoon Heroes/Male/3D/Heads/Head_3/Materials
  artifactKey: Guid(d6ba2caa3774daf46aefe93fa13cc157) Importer(2089858483,0ecaa5967403d082aa24f35e1b516d23)
Start importing Assets/AssetsThirdParty/Cartoon Heroes/Male/3D/Heads/Head_3/Materials using Guid(d6ba2caa3774daf46aefe93fa13cc157) Importer(2089858483,0ecaa5967403d082aa24f35e1b516d23) Generated GUIDs only implemented for interfaces!
 -> (artifact id: '512466b2c6f6a1267c654a0044ac800f') in 0.009118 seconds
Number of updated asset objects reloaded before import = 0
Number of asset objects unloaded after import = 1
========================================================================
Received Import Request.
  Time since last request: 0.000014 seconds.
  path: Assets/AssetsThirdParty/Cartoon Heroes/Female/Textures/Torsos/Torso_1/Female_Torso_1_Normals.tga
  artifactKey: Guid(c8349fddcac7e9d499d9aac664a14870) Importer(2089858483,0ecaa5967403d082aa24f35e1b516d23)
Start importing Assets/AssetsThirdParty/Cartoon Heroes/Female/Textures/Torsos/Torso_1/Female_Torso_1_Normals.tga using Guid(c8349fddcac7e9d499d9aac664a14870) Importer(2089858483,0ecaa5967403d082aa24f35e1b516d23) Generated GUIDs only implemented for interfaces!
 -> (artifact id: 'f31c9be1df50b59cfdc85b161ba97d2e') in 0.039733 seconds
Number of updated asset objects reloaded before import = 0
Number of asset objects unloaded after import = 1
========================================================================
Received Import Request.
  Time since last request: 0.000016 seconds.
  path: Assets/AssetsThirdParty/Cartoon Heroes/Female
  artifactKey: Guid(8bc30803e0e2fb949a97bcaa8cfbd469) Importer(2089858483,0ecaa5967403d082aa24f35e1b516d23)
Start importing Assets/AssetsThirdParty/Cartoon Heroes/Female using Guid(8bc30803e0e2fb949a97bcaa8cfbd469) Importer(2089858483,0ecaa5967403d082aa24f35e1b516d23) Generated GUIDs only implemented for interfaces!
 -> (artifact id: '072eb668fad22b44df74a9f19e8f109e') in 0.008464 seconds
Number of updated asset objects reloaded before import = 0
Number of asset objects unloaded after import = 1
========================================================================
Received Import Request.
  Time since last request: 0.000014 seconds.
  path: Assets/AssetsThirdParty/Cartoon Heroes/Female/3D/Hairs/Hair_2/Materials/Female_Hair_2.mat
  artifactKey: Guid(c32d0151827fb0f49ba3f88207543e44) Importer(2089858483,0ecaa5967403d082aa24f35e1b516d23)
Start importing Assets/AssetsThirdParty/Cartoon Heroes/Female/3D/Hairs/Hair_2/Materials/Female_Hair_2.mat using Guid(c32d0151827fb0f49ba3f88207543e44) Importer(2089858483,0ecaa5967403d082aa24f35e1b516d23) Generated GUIDs only implemented for interfaces!
 -> (artifact id: '8b6e343f8da51b5c993e8c049ad698be') in 0.015197 seconds
Number of updated asset objects reloaded before import = 0
Number of asset objects unloaded after import = 3
========================================================================
Received Import Request.
  Time since last request: 0.000014 seconds.
  path: Assets/AssetsThirdParty/Cartoon Heroes/Female/Textures/Heads/Head_1/Female_Head_1.tga
  artifactKey: Guid(81783cf145707454fa8e3d534db9ccd8) Importer(2089858483,0ecaa5967403d082aa24f35e1b516d23)
Start importing Assets/AssetsThirdParty/Cartoon Heroes/Female/Textures/Heads/Head_1/Female_Head_1.tga using Guid(81783cf145707454fa8e3d534db9ccd8) Importer(2089858483,0ecaa5967403d082aa24f35e1b516d23) Generated GUIDs only implemented for interfaces!
 -> (artifact id: 'f0b7b6593b3ae64d44928211bd2fda64') in 0.018909 seconds
Number of updated asset objects reloaded before import = 0
Number of asset objects unloaded after import = 1
========================================================================
Received Import Request.
  Time since last request: 0.000014 seconds.
  path: Assets/AssetsThirdParty/Cartoon Heroes/Male/3D/Torsos/Torso_1/Materials/Male_Torso_1_Yellow.mat
  artifactKey: Guid(b144a4a4d26c47b4485eba56fb574713) Importer(2089858483,0ecaa5967403d082aa24f35e1b516d23)
Start importing Assets/AssetsThirdParty/Cartoon Heroes/Male/3D/Torsos/Torso_1/Materials/Male_Torso_1_Yellow.mat using Guid(b144a4a4d26c47b4485eba56fb574713) Importer(2089858483,0ecaa5967403d082aa24f35e1b516d23) Generated GUIDs only implemented for interfaces!
 -> (artifact id: 'bf49ebd45a15a6466287d8d9f36b5bc9') in 0.016473 seconds
Number of updated asset objects reloaded before import = 0
Number of asset objects unloaded after import = 3
========================================================================
Received Import Request.
  Time since last request: 0.000020 seconds.
  path: Assets/AssetsThirdParty/Cartoon Heroes/Weapons/Sword_4
  artifactKey: Guid(fe48f68aaf487dc4f8e0ecbc4cabd472) Importer(2089858483,0ecaa5967403d082aa24f35e1b516d23)
Start importing Assets/AssetsThirdParty/Cartoon Heroes/Weapons/Sword_4 using Guid(fe48f68aaf487dc4f8e0ecbc4cabd472) Importer(2089858483,0ecaa5967403d082aa24f35e1b516d23) Generated GUIDs only implemented for interfaces!
 -> (artifact id: '8df709b322a0a5f9142405dd7bec7516') in 0.009860 seconds
Number of updated asset objects reloaded before import = 0
Number of asset objects unloaded after import = 1
========================================================================
Received Import Request.
  Time since last request: 0.000015 seconds.
  path: Assets/AssetsThirdParty/Cartoon Heroes/Male/3D/Legs
  artifactKey: Guid(a18756644b12475488138e0b273e5006) Importer(2089858483,0ecaa5967403d082aa24f35e1b516d23)
Start importing Assets/AssetsThirdParty/Cartoon Heroes/Male/3D/Legs using Guid(a18756644b12475488138e0b273e5006) Importer(2089858483,0ecaa5967403d082aa24f35e1b516d23) Generated GUIDs only implemented for interfaces!
 -> (artifact id: 'f043e94488a9ab330315364a7374d0ec') in 0.008679 seconds
Number of updated asset objects reloaded before import = 0
Number of asset objects unloaded after import = 1
========================================================================
Received Import Request.
  Time since last request: 0.000016 seconds.
  path: Assets/AssetsThirdParty/Cartoon Heroes/Female/3D/Heads/Head 2
  artifactKey: Guid(55eb6fde1de664c4f93cd3c4bfdba855) Importer(2089858483,0ecaa5967403d082aa24f35e1b516d23)
Start importing Assets/AssetsThirdParty/Cartoon Heroes/Female/3D/Heads/Head 2 using Guid(55eb6fde1de664c4f93cd3c4bfdba855) Importer(2089858483,0ecaa5967403d082aa24f35e1b516d23) Generated GUIDs only implemented for interfaces!
 -> (artifact id: 'c3251d0bd62e32e15c8f3ad9c427c84e') in 0.007005 seconds
Number of updated asset objects reloaded before import = 0
Number of asset objects unloaded after import = 1
========================================================================
Received Import Request.
  Time since last request: 0.000012 seconds.
  path: Assets/AssetsThirdParty/Cartoon Heroes/Female/3D/Legs/Legs_3/Materials/Female_Legs_3_Brown.mat
  artifactKey: Guid(3b179c814ee420f408a2e55464b8b3a8) Importer(2089858483,0ecaa5967403d082aa24f35e1b516d23)
Start importing Assets/AssetsThirdParty/Cartoon Heroes/Female/3D/Legs/Legs_3/Materials/Female_Legs_3_Brown.mat using Guid(3b179c814ee420f408a2e55464b8b3a8) Importer(2089858483,0ecaa5967403d082aa24f35e1b516d23) Generated GUIDs only implemented for interfaces!
 -> (artifact id: 'd95aa66fde8b45f5c20701ac8bde8a2e') in 0.013580 seconds
Number of updated asset objects reloaded before import = 0
Number of asset objects unloaded after import = 3
========================================================================
Received Import Request.
  Time since last request: 0.000028 seconds.
  path: Assets/AssetsThirdParty/Cartoon Heroes/Character Prefabs/Male/Male B.prefab
  artifactKey: Guid(f933c455b886ad644b60dc415ab31bb3) Importer(2089858483,0ecaa5967403d082aa24f35e1b516d23)
Start importing Assets/AssetsThirdParty/Cartoon Heroes/Character Prefabs/Male/Male B.prefab using Guid(f933c455b886ad644b60dc415ab31bb3) Importer(2089858483,0ecaa5967403d082aa24f35e1b516d23) Generated GUIDs only implemented for interfaces!
 -> (artifact id: '09fb308e6ee95e67462eab85d1228052') in 0.060996 seconds
Number of updated asset objects reloaded before import = 0
Number of asset objects unloaded after import = 1028
========================================================================
Received Import Request.
  Time since last request: 0.000018 seconds.
  path: Assets/AssetsThirdParty/Cartoon Heroes/Female/Textures/Legs/Legs_1/Female_Legs_1_Skin.tga
  artifactKey: Guid(83ea376788a6e334fb201a9e0d7f1f0a) Importer(2089858483,0ecaa5967403d082aa24f35e1b516d23)
Start importing Assets/AssetsThirdParty/Cartoon Heroes/Female/Textures/Legs/Legs_1/Female_Legs_1_Skin.tga using Guid(83ea376788a6e334fb201a9e0d7f1f0a) Importer(2089858483,0ecaa5967403d082aa24f35e1b516d23) Generated GUIDs only implemented for interfaces!
 -> (artifact id: '3cfeb1c0c529cbf1e81dca5e936571f6') in 0.022253 seconds
Number of updated asset objects reloaded before import = 0
Number of asset objects unloaded after import = 1
========================================================================
Received Import Request.
  Time since last request: 0.000014 seconds.
  path: Assets/AssetsThirdParty/Cartoon Heroes/Female/3D/Heads/Head 1/Materials/Female_Head_1.mat
  artifactKey: Guid(09440252667b4c342a784b9f0a6feef6) Importer(2089858483,0ecaa5967403d082aa24f35e1b516d23)
Start importing Assets/AssetsThirdParty/Cartoon Heroes/Female/3D/Heads/Head 1/Materials/Female_Head_1.mat using Guid(09440252667b4c342a784b9f0a6feef6) Importer(2089858483,0ecaa5967403d082aa24f35e1b516d23) Generated GUIDs only implemented for interfaces!
 -> (artifact id: '5fb3dd10abb109edb80463a876f24e74') in 0.017247 seconds
Number of updated asset objects reloaded before import = 0
Number of asset objects unloaded after import = 3
========================================================================
Received Import Request.
  Time since last request: 0.000012 seconds.
  path: Assets/AssetsThirdParty/Cartoon Heroes/Male/Textures/Hairs/Hair_2/Male_Hair_2_Blonde.tga
  artifactKey: Guid(ff2e347630337c24fa02eb87e3e47a1d) Importer(2089858483,0ecaa5967403d082aa24f35e1b516d23)
Start importing Assets/AssetsThirdParty/Cartoon Heroes/Male/Textures/Hairs/Hair_2/Male_Hair_2_Blonde.tga using Guid(ff2e347630337c24fa02eb87e3e47a1d) Importer(2089858483,0ecaa5967403d082aa24f35e1b516d23) Generated GUIDs only implemented for interfaces!
 -> (artifact id: 'fffcddc403ffa934a65d084c4e54e9be') in 0.049896 seconds
Number of updated asset objects reloaded before import = 0
Number of asset objects unloaded after import = 1
========================================================================
Received Import Request.
  Time since last request: 0.000014 seconds.
  path: Assets/AssetsThirdParty/Cartoon Heroes/Weapons/Sword_4/Textures/Sword_4_Normals.tga
  artifactKey: Guid(11b8c330b9ce1934a824fa581cd15530) Importer(2089858483,0ecaa5967403d082aa24f35e1b516d23)
Start importing Assets/AssetsThirdParty/Cartoon Heroes/Weapons/Sword_4/Textures/Sword_4_Normals.tga using Guid(11b8c330b9ce1934a824fa581cd15530) Importer(2089858483,0ecaa5967403d082aa24f35e1b516d23) Generated GUIDs only implemented for interfaces!
 -> (artifact id: 'ffce4f0de4f8926eda6ad0be408b3d7c') in 0.019356 seconds
Number of updated asset objects reloaded before import = 0
Number of asset objects unloaded after import = 1
========================================================================
Received Import Request.
  Time since last request: 0.000013 seconds.
  path: Assets/AssetsThirdParty/Cartoon Heroes/Female/Textures/Legs/Legs_1/Female_Legs_1_Skin_Covered.tga
  artifactKey: Guid(ab8631b81522cc4428d8a51cb46b93fc) Importer(2089858483,0ecaa5967403d082aa24f35e1b516d23)
Start importing Assets/AssetsThirdParty/Cartoon Heroes/Female/Textures/Legs/Legs_1/Female_Legs_1_Skin_Covered.tga using Guid(ab8631b81522cc4428d8a51cb46b93fc) Importer(2089858483,0ecaa5967403d082aa24f35e1b516d23) Generated GUIDs only implemented for interfaces!
 -> (artifact id: '46a56abab880eb5bf738a53a030473e8') in 0.019058 seconds
Number of updated asset objects reloaded before import = 0
Number of asset objects unloaded after import = 1
========================================================================
Received Import Request.
  Time since last request: 0.000012 seconds.
  path: Assets/Resources/Enemies/Minotaur/Prefab/Minotaur.prefab
  artifactKey: Guid(aef9a3e063e740f4d8100584de73ceb4) Importer(2089858483,0ecaa5967403d082aa24f35e1b516d23)
Start importing Assets/Resources/Enemies/Minotaur/Prefab/Minotaur.prefab using Guid(aef9a3e063e740f4d8100584de73ceb4) Importer(2089858483,0ecaa5967403d082aa24f35e1b516d23) Generated GUIDs only implemented for interfaces!
 -> (artifact id: '0c4bb5759e119ef23b544128327c2b26') in 0.016667 seconds
Number of updated asset objects reloaded before import = 0
Number of asset objects unloaded after import = 234
========================================================================
Received Import Request.
  Time since last request: 0.000014 seconds.
  path: Assets/CodeBase/Infrastructure/AssetManagement/AssetPath.cs
  artifactKey: Guid(5acdf1b5e62643df84190a381300994f) Importer(2089858483,0ecaa5967403d082aa24f35e1b516d23)
Start importing Assets/CodeBase/Infrastructure/AssetManagement/AssetPath.cs using Guid(5acdf1b5e62643df84190a381300994f) Importer(2089858483,0ecaa5967403d082aa24f35e1b516d23) Generated GUIDs only implemented for interfaces!
 -> (artifact id: '701071014f91b04f0b668be13409c4c9') in 0.010377 seconds
Number of updated asset objects reloaded before import = 0
Number of asset objects unloaded after import = 1
========================================================================
Received Import Request.
  Time since last request: 0.000027 seconds.
  path: Assets/AssetsThirdParty/Cartoon Heroes/Female/Textures/Legs/Legs_3/Female_Legs_3_Skin.tga
  artifactKey: Guid(5cc93020197caff46b6b7fdd927a521d) Importer(2089858483,0ecaa5967403d082aa24f35e1b516d23)
Start importing Assets/AssetsThirdParty/Cartoon Heroes/Female/Textures/Legs/Legs_3/Female_Legs_3_Skin.tga using Guid(5cc93020197caff46b6b7fdd927a521d) Importer(2089858483,0ecaa5967403d082aa24f35e1b516d23) Generated GUIDs only implemented for interfaces!
 -> (artifact id: '31874d40e6a3a32c8a1b0919b09f7042') in 0.017639 seconds
Number of updated asset objects reloaded before import = 0
Number of asset objects unloaded after import = 1
========================================================================
Received Import Request.
  Time since last request: 0.000022 seconds.
  path: Assets/AssetsThirdParty/Cartoon Heroes/Weapons/Sword_3/3D/Sword_3_Short.FBX
  artifactKey: Guid(da3980952f463b448b0d5c4aae46f1a4) Importer(2089858483,0ecaa5967403d082aa24f35e1b516d23)
Start importing Assets/AssetsThirdParty/Cartoon Heroes/Weapons/Sword_3/3D/Sword_3_Short.FBX using Guid(da3980952f463b448b0d5c4aae46f1a4) Importer(2089858483,0ecaa5967403d082aa24f35e1b516d23) Generated GUIDs only implemented for interfaces!
 -> (artifact id: 'efcdbe9f749fe42098db813b470b4f3e') in 0.047157 seconds
Number of updated asset objects reloaded before import = 0
Number of asset objects unloaded after import = 7
========================================================================
Received Import Request.
  Time since last request: 0.000021 seconds.
  path: Assets/Resources/Enemies/Minotaur/Textures/t_minotaur1_axe_Normal.png
  artifactKey: Guid(3b03cf9023fe29946954c99cfdde9f03) Importer(2089858483,0ecaa5967403d082aa24f35e1b516d23)
Start importing Assets/Resources/Enemies/Minotaur/Textures/t_minotaur1_axe_Normal.png using Guid(3b03cf9023fe29946954c99cfdde9f03) Importer(2089858483,0ecaa5967403d082aa24f35e1b516d23) Generated GUIDs only implemented for interfaces!
 -> (artifact id: 'f6f22835ad334dfc2ad74fbf5106e821') in 0.019226 seconds
Number of updated asset objects reloaded before import = 0
Number of asset objects unloaded after import = 1
========================================================================
Received Import Request.
  Time since last request: 0.000028 seconds.
  path: Assets/AssetsThirdParty/Cartoon Heroes/Male/Textures/Heads/Head_1
  artifactKey: Guid(4bd03a56339a7434b9fbd1ec97292cde) Importer(2089858483,0ecaa5967403d082aa24f35e1b516d23)
Start importing Assets/AssetsThirdParty/Cartoon Heroes/Male/Textures/Heads/Head_1 using Guid(4bd03a56339a7434b9fbd1ec97292cde) Importer(2089858483,0ecaa5967403d082aa24f35e1b516d23) Generated GUIDs only implemented for interfaces!
 -> (artifact id: '010041593adac26f80a4fd8b6ef8f5d7') in 0.007941 seconds
Number of updated asset objects reloaded before import = 0
Number of asset objects unloaded after import = 1
========================================================================
Received Import Request.
  Time since last request: 0.000013 seconds.
  path: Assets/AssetsThirdParty/Cartoon Heroes/Weapons/Sword_1/Textures
  artifactKey: Guid(ba8c4b32e7e3d194e939fcbe52f4171c) Importer(2089858483,0ecaa5967403d082aa24f35e1b516d23)
Start importing Assets/AssetsThirdParty/Cartoon Heroes/Weapons/Sword_1/Textures using Guid(ba8c4b32e7e3d194e939fcbe52f4171c) Importer(2089858483,0ecaa5967403d082aa24f35e1b516d23) Generated GUIDs only implemented for interfaces!
 -> (artifact id: '07e2fe5d95a8a6422c94f68eead7d42c') in 0.035480 seconds
Number of updated asset objects reloaded before import = 0
Number of asset objects unloaded after import = 1
========================================================================
Received Import Request.
  Time since last request: 0.000012 seconds.
  path: Assets/Resources/Enemies/Minotaur/Textures/t_minotaur1_AlbedoTransparency.png
  artifactKey: Guid(9e74534a1da011041b85d4be4994166b) Importer(2089858483,0ecaa5967403d082aa24f35e1b516d23)
Start importing Assets/Resources/Enemies/Minotaur/Textures/t_minotaur1_AlbedoTransparency.png using Guid(9e74534a1da011041b85d4be4994166b) Importer(2089858483,0ecaa5967403d082aa24f35e1b516d23) Generated GUIDs only implemented for interfaces!
 -> (artifact id: 'a598f3165db55b39120e60521b7fe046') in 0.022746 seconds
Number of updated asset objects reloaded before import = 0
Number of asset objects unloaded after import = 1
========================================================================
Received Import Request.
  Time since last request: 0.000011 seconds.
  path: Assets/Resources/Levels/Graveyard/raw/Materials/floor_14.mat
  artifactKey: Guid(993bf4bf31ca32d448f977328ae65663) Importer(2089858483,0ecaa5967403d082aa24f35e1b516d23)
Start importing Assets/Resources/Levels/Graveyard/raw/Materials/floor_14.mat using Guid(993bf4bf31ca32d448f977328ae65663) Importer(2089858483,0ecaa5967403d082aa24f35e1b516d23) Generated GUIDs only implemented for interfaces!
 -> (artifact id: 'b86b73a8b6702619d1c43bcb8b208621') in 0.011386 seconds
Number of updated asset objects reloaded before import = 0
Number of asset objects unloaded after import = 1
========================================================================
Received Import Request.
  Time since last request: 0.000012 seconds.
  path: Assets/AssetsThirdParty/Cartoon Heroes/Female/3D/Legs/Legs_2
  artifactKey: Guid(be47a1d9e10c7a244a10d779fc31690c) Importer(2089858483,0ecaa5967403d082aa24f35e1b516d23)
Start importing Assets/AssetsThirdParty/Cartoon Heroes/Female/3D/Legs/Legs_2 using Guid(be47a1d9e10c7a244a10d779fc31690c) Importer(2089858483,0ecaa5967403d082aa24f35e1b516d23) Generated GUIDs only implemented for interfaces!
 -> (artifact id: '3abf0d71e4987206dc0f28685ff27ebf') in 0.010532 seconds
Number of updated asset objects reloaded before import = 0
Number of asset objects unloaded after import = 1
========================================================================
Received Import Request.
  Time since last request: 0.000016 seconds.
  path: Assets/AssetsThirdParty/Cartoon Heroes/Male/3D/Heads
  artifactKey: Guid(866a017fbc7035449863ad7c8a2ab11b) Importer(2089858483,0ecaa5967403d082aa24f35e1b516d23)
Start importing Assets/AssetsThirdParty/Cartoon Heroes/Male/3D/Heads using Guid(866a017fbc7035449863ad7c8a2ab11b) Importer(2089858483,0ecaa5967403d082aa24f35e1b516d23) Generated GUIDs only implemented for interfaces!
 -> (artifact id: 'bb42fd701060d74833caca051b2e7625') in 0.010321 seconds
Number of updated asset objects reloaded before import = 0
Number of asset objects unloaded after import = 1
========================================================================
Received Import Request.
  Time since last request: 0.000013 seconds.
  path: Assets/Resources/Enemies/Minotaur/Materials
  artifactKey: Guid(ce4540fa9fbbc59428311e7fa6850b3a) Importer(2089858483,0ecaa5967403d082aa24f35e1b516d23)
Start importing Assets/Resources/Enemies/Minotaur/Materials using Guid(ce4540fa9fbbc59428311e7fa6850b3a) Importer(2089858483,0ecaa5967403d082aa24f35e1b516d23) Generated GUIDs only implemented for interfaces!
 -> (artifact id: '7b4de62be23989a1ddbdd476eee249ad') in 0.009869 seconds
Number of updated asset objects reloaded before import = 0
Number of asset objects unloaded after import = 1
========================================================================
Received Import Request.
  Time since last request: 0.000015 seconds.
  path: Assets/Resources/Enemies/Minotaur/Materials/mat_minotaur1_body.mat
  artifactKey: Guid(33c9ee4a234365847b2a66694d208c6e) Importer(2089858483,0ecaa5967403d082aa24f35e1b516d23)
Start importing Assets/Resources/Enemies/Minotaur/Materials/mat_minotaur1_body.mat using Guid(33c9ee4a234365847b2a66694d208c6e) Importer(2089858483,0ecaa5967403d082aa24f35e1b516d23) Generated GUIDs only implemented for interfaces!
 -> (artifact id: 'fe8c3a6a16f0ec97435b4a6ef2a97cf4') in 0.056965 seconds
Number of updated asset objects reloaded before import = 0
Number of asset objects unloaded after import = 5
========================================================================
Received Import Request.
  Time since last request: 0.000014 seconds.
  path: Assets/Resources/Enemies/Minotaur/Animations/minotaur1@walk_forward.fbx
  artifactKey: Guid(f9baf7d375c915b41b92848001cb6117) Importer(2089858483,0ecaa5967403d082aa24f35e1b516d23)
Start importing Assets/Resources/Enemies/Minotaur/Animations/minotaur1@walk_forward.fbx using Guid(f9baf7d375c915b41b92848001cb6117) Importer(2089858483,0ecaa5967403d082aa24f35e1b516d23) Generated GUIDs only implemented for interfaces!
 -> (artifact id: '58efb3f9877efce155c1fc09f0173b80') in 0.029599 seconds
Number of updated asset objects reloaded before import = 0
Number of asset objects unloaded after import = 133
========================================================================
Received Import Request.
  Time since last request: 0.000018 seconds.
  path: Assets/AssetsThirdParty/Cartoon Heroes/Weapons/Sword_3/3D
  artifactKey: Guid(800a4a52fa722744a9c3ca98e401af80) Importer(2089858483,0ecaa5967403d082aa24f35e1b516d23)
Start importing Assets/AssetsThirdParty/Cartoon Heroes/Weapons/Sword_3/3D using Guid(800a4a52fa722744a9c3ca98e401af80) Importer(2089858483,0ecaa5967403d082aa24f35e1b516d23) Generated GUIDs only implemented for interfaces!
 -> (artifact id: 'fea232e0423e6740aa99cf3833b4d85e') in 0.010222 seconds
Number of updated asset objects reloaded before import = 0
Number of asset objects unloaded after import = 1
========================================================================
Received Import Request.
  Time since last request: 0.000012 seconds.
  path: Assets/AssetsThirdParty/Cartoon Heroes/Character Prefabs/Male/Male C.prefab
  artifactKey: Guid(60e8218091f83244c9bf9c8c2569a009) Importer(2089858483,0ecaa5967403d082aa24f35e1b516d23)
Start importing Assets/AssetsThirdParty/Cartoon Heroes/Character Prefabs/Male/Male C.prefab using Guid(60e8218091f83244c9bf9c8c2569a009) Importer(2089858483,0ecaa5967403d082aa24f35e1b516d23) Generated GUIDs only implemented for interfaces!
 -> (artifact id: '3f2d3627dc24af9706be96838e2bdbe9') in 0.040606 seconds
Number of updated asset objects reloaded before import = 0
Number of asset objects unloaded after import = 942
========================================================================
Received Import Request.
  Time since last request: 0.000016 seconds.
  path: Assets/AssetsThirdParty/Cartoon Heroes/Male/Textures/Torsos/Torso_2/Male_Torso_2_Skin.tga
  artifactKey: Guid(95fcda66108d0fa4c934063a058575ca) Importer(2089858483,0ecaa5967403d082aa24f35e1b516d23)
Start importing Assets/AssetsThirdParty/Cartoon Heroes/Male/Textures/Torsos/Torso_2/Male_Torso_2_Skin.tga using Guid(95fcda66108d0fa4c934063a058575ca) Importer(2089858483,0ecaa5967403d082aa24f35e1b516d23) Generated GUIDs only implemented for interfaces!
 -> (artifact id: '7707e721460f3f349823ed8ac6549c67') in 0.018999 seconds
Number of updated asset objects reloaded before import = 0
Number of asset objects unloaded after import = 1
========================================================================
Received Import Request.
  Time since last request: 0.000014 seconds.
  path: Assets/AssetsThirdParty/Cartoon Heroes/Female/Textures/Torsos/Torso_2/Female_Torso_2_Red.tga
  artifactKey: Guid(9fe0b4debe6b16640beabad5135f3863) Importer(2089858483,0ecaa5967403d082aa24f35e1b516d23)
Start importing Assets/AssetsThirdParty/Cartoon Heroes/Female/Textures/Torsos/Torso_2/Female_Torso_2_Red.tga using Guid(9fe0b4debe6b16640beabad5135f3863) Importer(2089858483,0ecaa5967403d082aa24f35e1b516d23) Generated GUIDs only implemented for interfaces!
 -> (artifact id: 'a48b7f63d64551635cc339b523d6697e') in 0.023224 seconds
Number of updated asset objects reloaded before import = 0
Number of asset objects unloaded after import = 1
========================================================================
Received Import Request.
  Time since last request: 0.000015 seconds.
  path: Assets/Resources/Enemies/BaseEnemy.prefab
  artifactKey: Guid(274c4c35ed05ea14c87492064b3cadfd) Importer(2089858483,0ecaa5967403d082aa24f35e1b516d23)
Start importing Assets/Resources/Enemies/BaseEnemy.prefab using Guid(274c4c35ed05ea14c87492064b3cadfd) Importer(2089858483,0ecaa5967403d082aa24f35e1b516d23) Generated GUIDs only implemented for interfaces!
 -> (artifact id: 'ce8c0e5766b25c8f2ab218adb7b6df03') in 0.034162 seconds
Number of updated asset objects reloaded before import = 0
Number of asset objects unloaded after import = 100
========================================================================
Received Import Request.
  Time since last request: 0.000013 seconds.
  path: Assets/Resources/Enemies/Minotaur/Animations/minotaur1@idle.fbx
  artifactKey: Guid(a889a04c29b15da44ba21bbb6f35ab61) Importer(2089858483,0ecaa5967403d082aa24f35e1b516d23)
Start importing Assets/Resources/Enemies/Minotaur/Animations/minotaur1@idle.fbx using Guid(a889a04c29b15da44ba21bbb6f35ab61) Importer(2089858483,0ecaa5967403d082aa24f35e1b516d23) Generated GUIDs only implemented for interfaces!
 -> (artifact id: '4fae4428252c3b14c36e287ea2495cb0') in 0.016762 seconds
Number of updated asset objects reloaded before import = 0
Number of asset objects unloaded after import = 133
========================================================================
Received Import Request.
  Time since last request: 0.000012 seconds.
  path: Assets/AssetsThirdParty/Cartoon Heroes/Weapons/Sword_4/3D/Sword_4.FBX
  artifactKey: Guid(daf4cb1cdf7a5164787c39b820a85b93) Importer(2089858483,0ecaa5967403d082aa24f35e1b516d23)
Start importing Assets/AssetsThirdParty/Cartoon Heroes/Weapons/Sword_4/3D/Sword_4.FBX using Guid(daf4cb1cdf7a5164787c39b820a85b93) Importer(2089858483,0ecaa5967403d082aa24f35e1b516d23) Generated GUIDs only implemented for interfaces!
 -> (artifact id: 'c7192a7c989f8e18cb30b4a70e4418f9') in 0.017747 seconds
Number of updated asset objects reloaded before import = 0
Number of asset objects unloaded after import = 7
========================================================================
Received Import Request.
  Time since last request: 0.000017 seconds.
  path: Assets/AssetsThirdParty/Cartoon Heroes/Male/3D/Animation Skeleton/Male_Animation_Skeleton_Default.controller
  artifactKey: Guid(d7c55390ab0320c47b84f63184ecb1b9) Importer(2089858483,0ecaa5967403d082aa24f35e1b516d23)
Start importing Assets/AssetsThirdParty/Cartoon Heroes/Male/3D/Animation Skeleton/Male_Animation_Skeleton_Default.controller using Guid(d7c55390ab0320c47b84f63184ecb1b9) Importer(2089858483,0ecaa5967403d082aa24f35e1b516d23) Generated GUIDs only implemented for interfaces!
 -> (artifact id: 'ee842c04b44b251376d8431bcfa79a09') in 0.017777 seconds
Number of updated asset objects reloaded before import = 0
Number of asset objects unloaded after import = 50
========================================================================
Received Import Request.
  Time since last request: 0.000021 seconds.
  path: Assets/AssetsThirdParty/Cartoon Heroes/Weapons/Sword_4/Textures/Sword_4_Gray.tga
  artifactKey: Guid(708e9f5cf5ec14e47a05b9878e7f199e) Importer(2089858483,0ecaa5967403d082aa24f35e1b516d23)
Start importing Assets/AssetsThirdParty/Cartoon Heroes/Weapons/Sword_4/Textures/Sword_4_Gray.tga using Guid(708e9f5cf5ec14e47a05b9878e7f199e) Importer(2089858483,0ecaa5967403d082aa24f35e1b516d23) Generated GUIDs only implemented for interfaces!
 -> (artifact id: '614c849fe9e181ed38a3d7380d0d14c3') in 0.025035 seconds
Number of updated asset objects reloaded before import = 0
Number of asset objects unloaded after import = 1
========================================================================
Received Import Request.
  Time since last request: 0.000016 seconds.
  path: Assets/AssetsThirdParty/Cartoon Heroes/Male/3D/Heads/Head_3/Materials/Male_Head_3.mat
  artifactKey: Guid(5dcf0ed991d705f49b5f5977b57cb520) Importer(2089858483,0ecaa5967403d082aa24f35e1b516d23)
Start importing Assets/AssetsThirdParty/Cartoon Heroes/Male/3D/Heads/Head_3/Materials/Male_Head_3.mat using Guid(5dcf0ed991d705f49b5f5977b57cb520) Importer(2089858483,0ecaa5967403d082aa24f35e1b516d23) Generated GUIDs only implemented for interfaces!
 -> (artifact id: '14d4db3e320797c8a2c7ea3d71da7a74') in 0.013155 seconds
Number of updated asset objects reloaded before import = 0
Number of asset objects unloaded after import = 3
========================================================================
Received Import Request.
  Time since last request: 0.000014 seconds.
  path: Assets/AssetsThirdParty/Cartoon Heroes/Female/Textures/Torsos/Torso_3/Female_Torso_3_Skin.tga
  artifactKey: Guid(e1a544a448061d745a357e31fe6d8b58) Importer(2089858483,0ecaa5967403d082aa24f35e1b516d23)
Start importing Assets/AssetsThirdParty/Cartoon Heroes/Female/Textures/Torsos/Torso_3/Female_Torso_3_Skin.tga using Guid(e1a544a448061d745a357e31fe6d8b58) Importer(2089858483,0ecaa5967403d082aa24f35e1b516d23) Generated GUIDs only implemented for interfaces!
 -> (artifact id: 'fe400013a26aada06220bbbf675a4f35') in 0.019398 seconds
Number of updated asset objects reloaded before import = 0
Number of asset objects unloaded after import = 1
========================================================================
Received Import Request.
  Time since last request: 0.000015 seconds.
  path: Assets/AssetsThirdParty/Cartoon Heroes/Female/3D/Torsos/Torso_3/Female_Torso_3.FBX
  artifactKey: Guid(283116370a026f048b4d23bd4dbd5b1a) Importer(2089858483,0ecaa5967403d082aa24f35e1b516d23)
Start importing Assets/AssetsThirdParty/Cartoon Heroes/Female/3D/Torsos/Torso_3/Female_Torso_3.FBX using Guid(283116370a026f048b4d23bd4dbd5b1a) Importer(2089858483,0ecaa5967403d082aa24f35e1b516d23) Generated GUIDs only implemented for interfaces!
 -> (artifact id: '9629f85ad5a041daec64d34551ee4233') in 0.022273 seconds
Number of updated asset objects reloaded before import = 0
Number of asset objects unloaded after import = 100
Editor requested this worker to shutdown with reason: Scaling down because of idle timeout
TcpMessagingSession - receive error: operation aborted. errorcode: 995, details: The I/O operation has been aborted because of either a thread exit or an application request.
AssetImportWorker is now disconnected from the server
Process exiting
Exiting without the bug reporter. Application will terminate with return code 0