Using pre-set license
Built from '2022.3/staging' branch; Version is '2022.3.1f1 (f18e0c1b5784) revision 15830540'; Using compiler version '192829333'; Build Type 'Release'
OS: 'Windows 10  (10.0.19045) 64bit Professional' Language: 'en' Physical Memory: 32690 MB
BatchMode: 1, IsHumanControllingUs: 0, StartBugReporterOnCrash: 0, Is64bit: 1, IsPro: 1

COMMAND LINE ARGUMENTS:
A:\Unity\2022.3.1f1\Editor\Unity.exe
-adb2
-batchMode
-noUpm
-name
AssetImportWorker10
-projectPath
D:/Unity репозиторий/Ancient-Lands/Ancient Lands
-logFile
Logs/AssetImportWorker10.log
-srvPort
5754
Successfully changed project path to: D:/Unity репозиторий/Ancient-Lands/Ancient Lands
D:/Unity репозиторий/Ancient-Lands/Ancient Lands
[UnityMemory] Configuration Parameters - Can be set up in boot.config
    "memorysetup-bucket-allocator-granularity=16"
    "memorysetup-bucket-allocator-bucket-count=8"
    "memorysetup-bucket-allocator-block-size=33554432"
    "memorysetup-bucket-allocator-block-count=8"
    "memorysetup-main-allocator-block-size=16777216"
    "memorysetup-thread-allocator-block-size=16777216"
    "memorysetup-gfx-main-allocator-block-size=16777216"
    "memorysetup-gfx-thread-allocator-block-size=16777216"
    "memorysetup-cache-allocator-block-size=4194304"
    "memorysetup-typetree-allocator-block-size=2097152"
    "memorysetup-profiler-bucket-allocator-granularity=16"
    "memorysetup-profiler-bucket-allocator-bucket-count=8"
    "memorysetup-profiler-bucket-allocator-block-size=33554432"
    "memorysetup-profiler-bucket-allocator-block-count=8"
    "memorysetup-profiler-allocator-block-size=16777216"
    "memorysetup-profiler-editor-allocator-block-size=1048576"
    "memorysetup-temp-allocator-size-main=16777216"
    "memorysetup-job-temp-allocator-block-size=2097152"
    "memorysetup-job-temp-allocator-block-size-background=1048576"
    "memorysetup-job-temp-allocator-reduction-small-platforms=262144"
    "memorysetup-allocator-temp-initial-block-size-main=262144"
    "memorysetup-allocator-temp-initial-block-size-worker=262144"
    "memorysetup-temp-allocator-size-background-worker=32768"
    "memorysetup-temp-allocator-size-job-worker=262144"
    "memorysetup-temp-allocator-size-preload-manager=33554432"
    "memorysetup-temp-allocator-size-nav-mesh-worker=65536"
    "memorysetup-temp-allocator-size-audio-worker=65536"
    "memorysetup-temp-allocator-size-cloud-worker=32768"
    "memorysetup-temp-allocator-size-gi-baking-worker=262144"
    "memorysetup-temp-allocator-size-gfx=262144"
Player connection [21856] Host "[IP] 192.168.100.2 [Port] 0 [Flags] 2 [Guid] 1798368026 [EditorId] 1798368026 [Version] 1048832 [Id] WindowsEditor(7,DESKTOP-4VOLOPP) [Debug] 1 [PackageName] WindowsEditor [ProjectName] Editor" joined multi-casting on [225.0.0.222:54997]...

Player connection [21856] Host "[IP] 192.168.100.2 [Port] 0 [Flags] 2 [Guid] 1798368026 [EditorId] 1798368026 [Version] 1048832 [Id] WindowsEditor(7,DESKTOP-4VOLOPP) [Debug] 1 [PackageName] WindowsEditor [ProjectName] Editor" joined alternative multi-casting on [225.0.0.222:34997]...

Refreshing native plugins compatible for Editor in 6.34 ms, found 3 plugins.
Preloading 0 native plugins for Editor in 0.00 ms.
Initialize engine version: 2022.3.1f1 (f18e0c1b5784)
[Subsystems] Discovering subsystems at path A:/Unity/2022.3.1f1/Editor/Data/Resources/UnitySubsystems
[Subsystems] Discovering subsystems at path D:/Unity репозиторий/Ancient-Lands/Ancient Lands/Assets
GfxDevice: creating device client; threaded=0; jobified=0
Direct3D:
    Version:  Direct3D 11.0 [level 11.1]
    Renderer: NVIDIA GeForce RTX 3060 (ID=0x2504)
    Vendor:   NVIDIA
    VRAM:     12129 MB
    Driver:   31.0.15.3179
Initialize mono
Mono path[0] = 'A:/Unity/2022.3.1f1/Editor/Data/Managed'
Mono path[1] = 'A:/Unity/2022.3.1f1/Editor/Data/MonoBleedingEdge/lib/mono/unityjit-win32'
Mono config path = 'A:/Unity/2022.3.1f1/Editor/Data/MonoBleedingEdge/etc'
Using monoOptions --debugger-agent=transport=dt_socket,embedding=1,server=y,suspend=n,address=127.0.0.1:56568
Begin MonoManager ReloadAssembly
Registering precompiled unity dll's ...
Register platform support module: A:/Unity/2022.3.1f1/Editor/Data/PlaybackEngines/AndroidPlayer/UnityEditor.Android.Extensions.dll
Register platform support module: A:/Unity/2022.3.1f1/Editor/Data/PlaybackEngines/WindowsStandaloneSupport/UnityEditor.WindowsStandalone.Extensions.dll
Registered in 0.003067 seconds.
- Loaded All Assemblies, in  0.218 seconds
Native extension for WindowsStandalone target not found
Native extension for Android target not found
Android Extension - Scanning For ADB Devices 191 ms
Mono: successfully reloaded assembly
- Finished resetting the current domain, in  0.411 seconds
Domain Reload Profiling: 629ms
	BeginReloadAssembly (59ms)
		ExecutionOrderSort (0ms)
		DisableScriptedObjects (0ms)
		BackupInstance (0ms)
		ReleaseScriptingObjects (0ms)
		CreateAndSetChildDomain (1ms)
	RebuildCommonClasses (24ms)
	RebuildNativeTypeToScriptingClass (7ms)
	initialDomainReloadingComplete (37ms)
	LoadAllAssembliesAndSetupDomain (92ms)
		LoadAssemblies (58ms)
		RebuildTransferFunctionScriptingTraits (0ms)
		AnalyzeDomain (90ms)
			TypeCache.Refresh (89ms)
				TypeCache.ScanAssembly (82ms)
			ScanForSourceGeneratedMonoScriptInfo (0ms)
			ResolveRequiredComponents (0ms)
	FinalizeReload (412ms)
		ReleaseScriptCaches (0ms)
		RebuildScriptCaches (0ms)
		SetupLoadedEditorAssemblies (370ms)
			LogAssemblyErrors (0ms)
			InitializePlatformSupportModulesInManaged (266ms)
			SetLoadedEditorAssemblies (3ms)
			RefreshPlugins (0ms)
			BeforeProcessingInitializeOnLoad (1ms)
			ProcessInitializeOnLoadAttributes (68ms)
			ProcessInitializeOnLoadMethodAttributes (31ms)
			AfterProcessingInitializeOnLoad (0ms)
			EditorAssembliesLoaded (0ms)
		ExecutionOrderSort2 (0ms)
		AwakeInstancesAfterBackupRestoration (0ms)
========================================================================
Worker process is ready to serve import requests
Begin MonoManager ReloadAssembly
Symbol file LoadedFromMemory doesn't match image D:\Unity репозиторий\Ancient-Lands\Ancient Lands\Library\PackageCache\com.unity.visualscripting@1.8.0\Editor\VisualScripting.Core\Dependencies\YamlDotNet\Unity.VisualScripting.YamlDotNet.dll
Symbol file LoadedFromMemory doesn't match image D:\Unity репозиторий\Ancient-Lands\Ancient Lands\Library\PackageCache\com.unity.visualscripting@1.8.0\Editor\VisualScripting.Core\Dependencies\DotNetZip\Unity.VisualScripting.IonicZip.dll
- Loaded All Assemblies, in  0.499 seconds
Refreshing native plugins compatible for Editor in 2.15 ms, found 3 plugins.
Native extension for WindowsStandalone target not found
Native extension for Android target not found
Mono: successfully reloaded assembly
- Finished resetting the current domain, in  0.490 seconds
Domain Reload Profiling: 989ms
	BeginReloadAssembly (83ms)
		ExecutionOrderSort (0ms)
		DisableScriptedObjects (4ms)
		BackupInstance (0ms)
		ReleaseScriptingObjects (0ms)
		CreateAndSetChildDomain (16ms)
	RebuildCommonClasses (22ms)
	RebuildNativeTypeToScriptingClass (7ms)
	initialDomainReloadingComplete (27ms)
	LoadAllAssembliesAndSetupDomain (359ms)
		LoadAssemblies (185ms)
		RebuildTransferFunctionScriptingTraits (0ms)
		AnalyzeDomain (215ms)
			TypeCache.Refresh (191ms)
				TypeCache.ScanAssembly (181ms)
			ScanForSourceGeneratedMonoScriptInfo (17ms)
			ResolveRequiredComponents (7ms)
	FinalizeReload (490ms)
		ReleaseScriptCaches (0ms)
		RebuildScriptCaches (0ms)
		SetupLoadedEditorAssemblies (369ms)
			LogAssemblyErrors (0ms)
			InitializePlatformSupportModulesInManaged (15ms)
			SetLoadedEditorAssemblies (3ms)
			RefreshPlugins (0ms)
			BeforeProcessingInitializeOnLoad (54ms)
			ProcessInitializeOnLoadAttributes (247ms)
			ProcessInitializeOnLoadMethodAttributes (48ms)
			AfterProcessingInitializeOnLoad (2ms)
			EditorAssembliesLoaded (0ms)
		ExecutionOrderSort2 (0ms)
		AwakeInstancesAfterBackupRestoration (4ms)
Launched and connected shader compiler UnityShaderCompiler.exe after 0.03 seconds
Refreshing native plugins compatible for Editor in 2.39 ms, found 3 plugins.
Preloading 0 native plugins for Editor in 0.00 ms.
Unloading 5577 Unused Serialized files (Serialized files now loaded: 0)
Unloading 85 unused Assets / (421.3 KB). Loaded Objects now: 6055.
Memory consumption went from 223.0 MB to 222.6 MB.
Total: 3.180300 ms (FindLiveObjects: 0.321600 ms CreateObjectMapping: 0.237600 ms MarkObjects: 2.439600 ms  DeleteObjects: 0.180900 ms)

AssetImportParameters requested are different than current active one (requested -> active):
  custom:scripting/monoscript/fileName/SimpleInputDragListener.cs: e70e89b11f10fbbe1f553f68da2c49a6 -> 
  custom:scripting/monoscript/fileName/BaseInput.cs: 5d583b3c06f8372fbc5dcf1039a62ed5 -> 2124093b3f8a7fbb31af4584d7906f17
  custom:scripting/monoscript/fileName/SwipeGestureBase.cs: 90647cc400823b41df847a6cbfc29026 -> 
  custom:container-demuxer-ogg: 62fdf1f143b41e24485cea50d1cbac27 -> 
  custom:scripting/monoscript/fileName/KeyInputUI.cs: 9ced766321c62164f358eb2683dcee24 -> 
  custom:scripting/monoscript/fileName/ISimpleInputDraggableMultiTouch.cs: bad0aae7acfc31886d5d6cd64511bb37 -> 
  custom:scripting/monoscript/fileName/SimpleInputUtils.cs: 2b7179258bf8caef7276524804fd56a8 -> 
  custom:scripting/monoscript/fileName/AxisInputKeyboard.cs: 4c59efc46215873528eb46c47b9a57d8 -> 
  custom:scripting/monoscript/fileName/Touchpad.cs: af8171bd9de94ceab200fecaa797664a -> 
  custom:video-decoder-ogg-theora: a1e56fd34408186e4bbccfd4996cb3dc -> 
  custom:scripting/monoscript/fileName/ButtonInputSwipeGesture.cs: 57fd3587f7d3a1b2753240f33c7f512a -> 
  custom:scripting/monoscript/fileName/PointAndClickManager.cs: ca53010796b4de73fe5b234435c3e078 -> fa32d372a252ee86bcc063642d34517c
  custom:framework-win-MediaFoundation: 216162199b28c13a410421893ffa2e32 -> 
  custom:scripting/monoscript/fileName/ButtonInputUI.cs: 860f7312d94ca0d38c049eb09b4ebb79 -> 
  custom:scripting/monoscript/fileName/Move.cs: 73a45274d592f163b9c1ce89ddb016d1 -> 
  custom:scripting/monoscript/fileName/DisableMeshAtRuntime.cs: cab17774665095244ea56be384dc4693 -> b13d25dcacf5740aa2e5f629bc06acfd
  custom:scripting/monoscript/fileName/ButtonInputDrawer.cs: 14583ec797aaef62041dfb8bacb16bb2 -> 
  custom:scripting/monoscript/fileName/AxisInputUIArrows.cs: 9e4f49dcc0a35cdd28b802d390debcb6 -> 
  custom:container-demuxer-webm: 4f35f7cbe854078d1ac9338744f61a02 -> 
  custom:scripting/monoscript/fileName/SteeringWheel.cs: 56729bf68c4b1cde8857cd3e3fb43441 -> 
  custom:scripting/monoscript/fileName/SetCharacterEditor.cs: f74b6d9fe8fbca0103564d0889d951da -> 8973c7b2cc141a00270ba0c27360d0cc
  custom:scripting/monoscript/fileName/MouseButtonInputDrawer.cs: d3764dae7657d5ecbe906ef6dd0cc964 -> 
  custom:scripting/monoscript/fileName/KeyInputSwipeGesture.cs: 9179e959774cf3fe6ccc5e3d5adea90f -> 
  custom:scripting/monoscript/fileName/NonDrawingGraphic.cs: c2094ae89b103fb99b7fa794d364ee1e -> 
  custom:scripting/monoscript/fileName/CameraFollow.cs: 9b150ee781d2c96881d6021398a5e296 -> 
  custom:scripting/monoscript/fileName/AxisInputUI.cs: 8e9e9e7d81bf0b577b799997060acaa2 -> 
  custom:container-muxer-webm: aa71ff27fc2769a1b78a27578f13a17b -> 
  custom:scripting/monoscript/fileName/ISimpleInputDraggable.cs: 02e2c0f5c4c7b09cca95cd6995751649 -> 
  custom:scripting/monoscript/fileName/SimpleInputHelper.cs: b3a83afe8525559ea8de8bf181ae12d3 -> 
  custom:video-decoder-webm-vp8: 9c59270c3fd7afecdb556c50c9e8de78 -> 
  custom:scripting/monoscript/fileName/ButtonInputKeyboard.cs: ba25923f154a63c5784ce1232d468254 -> 
  custom:scripting/monoscript/fileName/MouseButtonInputSwipeGesture.cs: 7ee8a5727ee40a85fb7fa6a75850aa15 -> 
  custom:scripting/monoscript/fileName/SimpleInput.cs: 19c198c77e4a747ec81d49f894402aeb -> 
  custom:scripting/monoscript/fileName/Dpad.cs: 1d0a65058286db0581ff769384403511 -> 
  custom:SearchIndexIgnoredProperties: e643bd26f0fe6173181afceb89e7c659 -> 
  custom:scripting/monoscript/fileName/AxisInputMouse.cs: e1b8e00523cffe7088e2230fe5dd6251 -> 
  custom:scripting/monoscript/fileName/FpsCounter.cs: b2a88c3520e04eb3d5c5bb2facecf66a -> f7d292bb0de5814b7cbdb34b921784fc
  custom:AudioImporter_EditorPlatform: d09bf68614088b80899f8185d706f6e7 -> 
  custom:scripting/monoscript/fileName/AxisInputDrawer.cs: 1f4474b5d272ca49bf560a178fd66612 -> 
  custom:scripting/monoscript/fileName/AxisInputRotateGesture.cs: c3a9ef0ee267b1c6d5f3a96e5c245615 -> 
  custom:scripting/monoscript/fileName/KeyInputKeyboard.cs: 90fcee54091edb186581d662ee44b0f5 -> 
  custom:scripting/monoscript/fileName/SelectivePointerInput.cs: 5e57eed8b4ce4d406f51c54daa1ec5c9 -> 
  custom:video-encoder-webm-vp8: eb34c28f22e8b96e1ab97ce403110664 -> 
  custom:audio-decoder-ogg-vorbis: bf7c407c2cedff20999df2af8eb42d56 -> 
  custom:scripting/monoscript/fileName/AxisInputSwipeGesture.cs: 3e7798eec0a44491ee75273411e03fa0 -> 
  custom:scripting/monoscript/fileName/AxisInputMoveGesture.cs: 584680ffe2cc03e6d1e18b851724ba96 -> 
  custom:scripting/monoscript/fileName/AxisInputPinchGesture.cs: f546e06ef7b104dd75f56c5ce245c26a -> 
  custom:scripting/monoscript/fileName/MouseButtonInputKeyboard.cs: 1e9725fec1e8520e9e8b6ddf6e9b6216 -> 
  custom:scripting/monoscript/fileName/UnityInputProvider.cs: ace0180975236bb7042cbd4fa7b80d75 -> 
  custom:scripting/monoscript/fileName/BaseInputDrawer.cs: 7a7f4cd8f8028527aa460efb14cf999f -> 
  custom:scripting/monoscript/fileName/Joystick.cs: 291ab2eb02dfb056a8571d14613b9921 -> 1a1d9a9cba7940fed9939f7306abee3f
  custom:scripting/monoscript/fileName/SetCharacter.cs: 8e6ac516b7d92d6b7da39bc386506d1a -> 66000bc1a703bb6f10eb1b49c927df39
  custom:scripting/monoscript/fileName/KeyInputDrawer.cs: 1dfaad815a1c0a7c5aee80ef2c46a549 -> 
  custom:audio-encoder-webm-vorbis: bf7c407c2cedff20999df2af8eb42d56 -> 
  custom:scripting/monoscript/fileName/SimpleInputMultiDragListener.cs: 3367a275164e284edd0600b9f3926f78 -> 
  custom:scripting/monoscript/fileName/MouseButtonInputUI.cs: d89dff9ee068b6592ddeb6d855f78ea5 -> 
========================================================================
Received Prepare
Begin MonoManager ReloadAssembly
Symbol file LoadedFromMemory doesn't match image D:\Unity репозиторий\Ancient-Lands\Ancient Lands\Library\PackageCache\com.unity.visualscripting@1.8.0\Editor\VisualScripting.Core\Dependencies\YamlDotNet\Unity.VisualScripting.YamlDotNet.dll
Symbol file LoadedFromMemory doesn't match image D:\Unity репозиторий\Ancient-Lands\Ancient Lands\Library\PackageCache\com.unity.visualscripting@1.8.0\Editor\VisualScripting.Core\Dependencies\DotNetZip\Unity.VisualScripting.IonicZip.dll
- Loaded All Assemblies, in  0.478 seconds
Refreshing native plugins compatible for Editor in 2.00 ms, found 3 plugins.
Native extension for WindowsStandalone target not found
Native extension for Android target not found
Mono: successfully reloaded assembly
- Finished resetting the current domain, in  0.731 seconds
Domain Reload Profiling: 1208ms
	BeginReloadAssembly (103ms)
		ExecutionOrderSort (0ms)
		DisableScriptedObjects (4ms)
		BackupInstance (0ms)
		ReleaseScriptingObjects (0ms)
		CreateAndSetChildDomain (30ms)
	RebuildCommonClasses (22ms)
	RebuildNativeTypeToScriptingClass (7ms)
	initialDomainReloadingComplete (20ms)
	LoadAllAssembliesAndSetupDomain (325ms)
		LoadAssemblies (176ms)
		RebuildTransferFunctionScriptingTraits (0ms)
		AnalyzeDomain (191ms)
			TypeCache.Refresh (182ms)
				TypeCache.ScanAssembly (174ms)
			ScanForSourceGeneratedMonoScriptInfo (0ms)
			ResolveRequiredComponents (9ms)
	FinalizeReload (731ms)
		ReleaseScriptCaches (0ms)
		RebuildScriptCaches (0ms)
		SetupLoadedEditorAssemblies (348ms)
			LogAssemblyErrors (0ms)
			InitializePlatformSupportModulesInManaged (20ms)
			SetLoadedEditorAssemblies (4ms)
			RefreshPlugins (0ms)
			BeforeProcessingInitializeOnLoad (56ms)
			ProcessInitializeOnLoadAttributes (216ms)
			ProcessInitializeOnLoadMethodAttributes (50ms)
			AfterProcessingInitializeOnLoad (2ms)
			EditorAssembliesLoaded (0ms)
		ExecutionOrderSort2 (0ms)
		AwakeInstancesAfterBackupRestoration (6ms)
Refreshing native plugins compatible for Editor in 1.86 ms, found 3 plugins.
Preloading 0 native plugins for Editor in 0.00 ms.
Unloading 5416 Unused Serialized files (Serialized files now loaded: 0)
Unloading 42 unused Assets / (389.8 KB). Loaded Objects now: 6071.
Memory consumption went from 193.5 MB to 193.1 MB.
Total: 2.979600 ms (FindLiveObjects: 0.343500 ms CreateObjectMapping: 0.226100 ms MarkObjects: 2.316700 ms  DeleteObjects: 0.092400 ms)

Prepare: number of updated asset objects reloaded= 0
AssetImportParameters requested are different than current active one (requested -> active):
  custom:scripting/monoscript/fileName/SimpleInputDragListener.cs: e70e89b11f10fbbe1f553f68da2c49a6 -> 
  custom:scripting/monoscript/fileName/BaseInput.cs: 5d583b3c06f8372fbc5dcf1039a62ed5 -> 2124093b3f8a7fbb31af4584d7906f17
  custom:scripting/monoscript/fileName/SwipeGestureBase.cs: 90647cc400823b41df847a6cbfc29026 -> 
  custom:container-demuxer-ogg: 62fdf1f143b41e24485cea50d1cbac27 -> 
  custom:scripting/monoscript/fileName/KeyInputUI.cs: 9ced766321c62164f358eb2683dcee24 -> 
  custom:scripting/monoscript/fileName/ISimpleInputDraggableMultiTouch.cs: bad0aae7acfc31886d5d6cd64511bb37 -> 
  custom:scripting/monoscript/fileName/SimpleInputUtils.cs: 2b7179258bf8caef7276524804fd56a8 -> 
  custom:scripting/monoscript/fileName/AxisInputKeyboard.cs: 4c59efc46215873528eb46c47b9a57d8 -> 
  custom:scripting/monoscript/fileName/Touchpad.cs: af8171bd9de94ceab200fecaa797664a -> 
  custom:video-decoder-ogg-theora: a1e56fd34408186e4bbccfd4996cb3dc -> 
  custom:scripting/monoscript/fileName/ButtonInputSwipeGesture.cs: 57fd3587f7d3a1b2753240f33c7f512a -> 
  custom:scripting/monoscript/fileName/PointAndClickManager.cs: ca53010796b4de73fe5b234435c3e078 -> fa32d372a252ee86bcc063642d34517c
  custom:framework-win-MediaFoundation: 216162199b28c13a410421893ffa2e32 -> 
  custom:scripting/monoscript/fileName/ButtonInputUI.cs: 860f7312d94ca0d38c049eb09b4ebb79 -> 
  custom:scripting/monoscript/fileName/Move.cs: 73a45274d592f163b9c1ce89ddb016d1 -> 
  custom:scripting/monoscript/fileName/DisableMeshAtRuntime.cs: cab17774665095244ea56be384dc4693 -> b13d25dcacf5740aa2e5f629bc06acfd
  custom:scripting/monoscript/fileName/ButtonInputDrawer.cs: 14583ec797aaef62041dfb8bacb16bb2 -> 
  custom:scripting/monoscript/fileName/AxisInputUIArrows.cs: 9e4f49dcc0a35cdd28b802d390debcb6 -> 
  custom:container-demuxer-webm: 4f35f7cbe854078d1ac9338744f61a02 -> 
  custom:scripting/monoscript/fileName/SteeringWheel.cs: 56729bf68c4b1cde8857cd3e3fb43441 -> 
  custom:scripting/monoscript/fileName/SetCharacterEditor.cs: f74b6d9fe8fbca0103564d0889d951da -> 8973c7b2cc141a00270ba0c27360d0cc
  custom:scripting/monoscript/fileName/MouseButtonInputDrawer.cs: d3764dae7657d5ecbe906ef6dd0cc964 -> 
  custom:scripting/monoscript/fileName/KeyInputSwipeGesture.cs: 9179e959774cf3fe6ccc5e3d5adea90f -> 
  custom:scripting/monoscript/fileName/NonDrawingGraphic.cs: c2094ae89b103fb99b7fa794d364ee1e -> 
  custom:scripting/monoscript/fileName/CameraFollow.cs: 9b150ee781d2c96881d6021398a5e296 -> 
  custom:scripting/monoscript/fileName/AxisInputUI.cs: 8e9e9e7d81bf0b577b799997060acaa2 -> 
  custom:container-muxer-webm: aa71ff27fc2769a1b78a27578f13a17b -> 
  custom:scripting/monoscript/fileName/ISimpleInputDraggable.cs: 02e2c0f5c4c7b09cca95cd6995751649 -> 
  custom:scripting/monoscript/fileName/SimpleInputHelper.cs: b3a83afe8525559ea8de8bf181ae12d3 -> 
  custom:video-decoder-webm-vp8: 9c59270c3fd7afecdb556c50c9e8de78 -> 
  custom:scripting/monoscript/fileName/ButtonInputKeyboard.cs: ba25923f154a63c5784ce1232d468254 -> 
  custom:scripting/monoscript/fileName/MouseButtonInputSwipeGesture.cs: 7ee8a5727ee40a85fb7fa6a75850aa15 -> 
  custom:scripting/monoscript/fileName/SimpleInput.cs: 19c198c77e4a747ec81d49f894402aeb -> 
  custom:scripting/monoscript/fileName/Dpad.cs: 1d0a65058286db0581ff769384403511 -> 
  custom:SearchIndexIgnoredProperties: e643bd26f0fe6173181afceb89e7c659 -> 
  custom:scripting/monoscript/fileName/AxisInputMouse.cs: e1b8e00523cffe7088e2230fe5dd6251 -> 
  custom:scripting/monoscript/fileName/FpsCounter.cs: b2a88c3520e04eb3d5c5bb2facecf66a -> f7d292bb0de5814b7cbdb34b921784fc
  custom:AudioImporter_EditorPlatform: d09bf68614088b80899f8185d706f6e7 -> 
  custom:scripting/monoscript/fileName/AxisInputDrawer.cs: 1f4474b5d272ca49bf560a178fd66612 -> 
  custom:scripting/monoscript/fileName/AxisInputRotateGesture.cs: c3a9ef0ee267b1c6d5f3a96e5c245615 -> 
  custom:scripting/monoscript/fileName/KeyInputKeyboard.cs: 90fcee54091edb186581d662ee44b0f5 -> 
  custom:scripting/monoscript/fileName/SelectivePointerInput.cs: 5e57eed8b4ce4d406f51c54daa1ec5c9 -> 
  custom:video-encoder-webm-vp8: eb34c28f22e8b96e1ab97ce403110664 -> 
  custom:audio-decoder-ogg-vorbis: bf7c407c2cedff20999df2af8eb42d56 -> 
  custom:scripting/monoscript/fileName/AxisInputSwipeGesture.cs: 3e7798eec0a44491ee75273411e03fa0 -> 
  custom:scripting/monoscript/fileName/AxisInputMoveGesture.cs: 584680ffe2cc03e6d1e18b851724ba96 -> 
  custom:scripting/monoscript/fileName/AxisInputPinchGesture.cs: f546e06ef7b104dd75f56c5ce245c26a -> 
  custom:scripting/monoscript/fileName/MouseButtonInputKeyboard.cs: 1e9725fec1e8520e9e8b6ddf6e9b6216 -> 
  custom:scripting/monoscript/fileName/UnityInputProvider.cs: ace0180975236bb7042cbd4fa7b80d75 -> 
  custom:scripting/monoscript/fileName/BaseInputDrawer.cs: 7a7f4cd8f8028527aa460efb14cf999f -> 
  custom:scripting/monoscript/fileName/Joystick.cs: 291ab2eb02dfb056a8571d14613b9921 -> 1a1d9a9cba7940fed9939f7306abee3f
  custom:scripting/monoscript/fileName/SetCharacter.cs: 8e6ac516b7d92d6b7da39bc386506d1a -> 66000bc1a703bb6f10eb1b49c927df39
  custom:scripting/monoscript/fileName/KeyInputDrawer.cs: 1dfaad815a1c0a7c5aee80ef2c46a549 -> 
  custom:audio-encoder-webm-vorbis: bf7c407c2cedff20999df2af8eb42d56 -> 
  custom:scripting/monoscript/fileName/SimpleInputMultiDragListener.cs: 3367a275164e284edd0600b9f3926f78 -> 
  custom:scripting/monoscript/fileName/MouseButtonInputUI.cs: d89dff9ee068b6592ddeb6d855f78ea5 -> 
========================================================================
Received Import Request.
  Time since last request: 13616.049487 seconds.
  path: Assets/Resources/Settings/TouchInputSettings.asset
  artifactKey: Guid(8a01332c27abd2049a16e69bccd9de89) Importer(815301076,1909f56bfc062723c751e8b465ee728b)
Start importing Assets/Resources/Settings/TouchInputSettings.asset using Guid(8a01332c27abd2049a16e69bccd9de89) Importer(815301076,1909f56bfc062723c751e8b465ee728b)  -> (artifact id: 'dcc64e2a3834b5d2e077c1e84c1e34d1') in 0.014318 seconds
Number of updated asset objects reloaded before import = 0
Number of asset objects unloaded after import = 1
========================================================================
Received Import Request.
  Time since last request: 0.312725 seconds.
  path: Assets/Resources/Hud/CFX3_T_Skull.png
  artifactKey: Guid(82b448adfb6601845b465afd5c576d56) Importer(815301076,1909f56bfc062723c751e8b465ee728b)
Start importing Assets/Resources/Hud/CFX3_T_Skull.png using Guid(82b448adfb6601845b465afd5c576d56) Importer(815301076,1909f56bfc062723c751e8b465ee728b)  -> (artifact id: '34c7c89d61e6f9998da2468d54110404') in 0.001907 seconds
Number of updated asset objects reloaded before import = 0
Number of asset objects unloaded after import = 2
========================================================================
Received Import Request.
  Time since last request: 0.003876 seconds.
  path: Assets/Resources/Hud/Curtain.prefab
  artifactKey: Guid(9999f750a9cb62f4e95f2b25c7f6aec2) Importer(815301076,1909f56bfc062723c751e8b465ee728b)
Start importing Assets/Resources/Hud/Curtain.prefab using Guid(9999f750a9cb62f4e95f2b25c7f6aec2) Importer(815301076,1909f56bfc062723c751e8b465ee728b)  -> (artifact id: 'e53379bc564cb56c446afcd825f8e32f') in 0.009862 seconds
Number of updated asset objects reloaded before import = 0
Number of asset objects unloaded after import = 16
========================================================================
Received Prepare
Begin MonoManager ReloadAssembly
Symbol file LoadedFromMemory doesn't match image D:\Unity репозиторий\Ancient-Lands\Ancient Lands\Library\PackageCache\com.unity.visualscripting@1.8.0\Editor\VisualScripting.Core\Dependencies\YamlDotNet\Unity.VisualScripting.YamlDotNet.dll
Symbol file LoadedFromMemory doesn't match image D:\Unity репозиторий\Ancient-Lands\Ancient Lands\Library\PackageCache\com.unity.visualscripting@1.8.0\Editor\VisualScripting.Core\Dependencies\DotNetZip\Unity.VisualScripting.IonicZip.dll
- Loaded All Assemblies, in  0.494 seconds
Refreshing native plugins compatible for Editor in 2.02 ms, found 3 plugins.
Native extension for WindowsStandalone target not found
Native extension for Android target not found
Mono: successfully reloaded assembly
- Finished resetting the current domain, in  0.723 seconds
Domain Reload Profiling: 1216ms
	BeginReloadAssembly (104ms)
		ExecutionOrderSort (0ms)
		DisableScriptedObjects (4ms)
		BackupInstance (0ms)
		ReleaseScriptingObjects (0ms)
		CreateAndSetChildDomain (32ms)
	RebuildCommonClasses (23ms)
	RebuildNativeTypeToScriptingClass (8ms)
	initialDomainReloadingComplete (18ms)
	LoadAllAssembliesAndSetupDomain (340ms)
		LoadAssemblies (188ms)
		RebuildTransferFunctionScriptingTraits (0ms)
		AnalyzeDomain (194ms)
			TypeCache.Refresh (182ms)
				TypeCache.ScanAssembly (174ms)
			ScanForSourceGeneratedMonoScriptInfo (4ms)
			ResolveRequiredComponents (8ms)
	FinalizeReload (723ms)
		ReleaseScriptCaches (0ms)
		RebuildScriptCaches (0ms)
		SetupLoadedEditorAssemblies (357ms)
			LogAssemblyErrors (0ms)
			InitializePlatformSupportModulesInManaged (15ms)
			SetLoadedEditorAssemblies (3ms)
			RefreshPlugins (0ms)
			BeforeProcessingInitializeOnLoad (55ms)
			ProcessInitializeOnLoadAttributes (238ms)
			ProcessInitializeOnLoadMethodAttributes (44ms)
			AfterProcessingInitializeOnLoad (2ms)
			EditorAssembliesLoaded (0ms)
		ExecutionOrderSort2 (0ms)
		AwakeInstancesAfterBackupRestoration (6ms)
Refreshing native plugins compatible for Editor in 2.41 ms, found 3 plugins.
Preloading 0 native plugins for Editor in 0.00 ms.
Unloading 5416 Unused Serialized files (Serialized files now loaded: 0)
Unloading 42 unused Assets / (390.1 KB). Loaded Objects now: 6090.
Memory consumption went from 193.6 MB to 193.2 MB.
Total: 2.960800 ms (FindLiveObjects: 0.318600 ms CreateObjectMapping: 0.231900 ms MarkObjects: 2.310200 ms  DeleteObjects: 0.099200 ms)

Prepare: number of updated asset objects reloaded= 0
AssetImportParameters requested are different than current active one (requested -> active):
  custom:scripting/monoscript/fileName/SimpleInputDragListener.cs: e70e89b11f10fbbe1f553f68da2c49a6 -> 
  custom:scripting/monoscript/fileName/BaseInput.cs: 5d583b3c06f8372fbc5dcf1039a62ed5 -> 2124093b3f8a7fbb31af4584d7906f17
  custom:scripting/monoscript/fileName/SwipeGestureBase.cs: 90647cc400823b41df847a6cbfc29026 -> 
  custom:container-demuxer-ogg: 62fdf1f143b41e24485cea50d1cbac27 -> 
  custom:scripting/monoscript/fileName/KeyInputUI.cs: 9ced766321c62164f358eb2683dcee24 -> 
  custom:scripting/monoscript/fileName/ISimpleInputDraggableMultiTouch.cs: bad0aae7acfc31886d5d6cd64511bb37 -> 
  custom:scripting/monoscript/fileName/SimpleInputUtils.cs: 2b7179258bf8caef7276524804fd56a8 -> 
  custom:scripting/monoscript/fileName/AxisInputKeyboard.cs: 4c59efc46215873528eb46c47b9a57d8 -> 
  custom:scripting/monoscript/fileName/Touchpad.cs: af8171bd9de94ceab200fecaa797664a -> 
  custom:video-decoder-ogg-theora: a1e56fd34408186e4bbccfd4996cb3dc -> 
  custom:scripting/monoscript/fileName/ButtonInputSwipeGesture.cs: 57fd3587f7d3a1b2753240f33c7f512a -> 
  custom:scripting/monoscript/fileName/PointAndClickManager.cs: ca53010796b4de73fe5b234435c3e078 -> fa32d372a252ee86bcc063642d34517c
  custom:framework-win-MediaFoundation: 216162199b28c13a410421893ffa2e32 -> 
  custom:scripting/monoscript/fileName/ButtonInputUI.cs: 860f7312d94ca0d38c049eb09b4ebb79 -> 
  custom:scripting/monoscript/fileName/Move.cs: 73a45274d592f163b9c1ce89ddb016d1 -> 
  custom:scripting/monoscript/fileName/DisableMeshAtRuntime.cs: cab17774665095244ea56be384dc4693 -> b13d25dcacf5740aa2e5f629bc06acfd
  custom:scripting/monoscript/fileName/ButtonInputDrawer.cs: 14583ec797aaef62041dfb8bacb16bb2 -> 
  custom:scripting/monoscript/fileName/AxisInputUIArrows.cs: 9e4f49dcc0a35cdd28b802d390debcb6 -> 
  custom:container-demuxer-webm: 4f35f7cbe854078d1ac9338744f61a02 -> 
  custom:scripting/monoscript/fileName/SteeringWheel.cs: 56729bf68c4b1cde8857cd3e3fb43441 -> 
  custom:scripting/monoscript/fileName/SetCharacterEditor.cs: f74b6d9fe8fbca0103564d0889d951da -> 8973c7b2cc141a00270ba0c27360d0cc
  custom:scripting/monoscript/fileName/MouseButtonInputDrawer.cs: d3764dae7657d5ecbe906ef6dd0cc964 -> 
  custom:scripting/monoscript/fileName/KeyInputSwipeGesture.cs: 9179e959774cf3fe6ccc5e3d5adea90f -> 
  custom:scripting/monoscript/fileName/NonDrawingGraphic.cs: c2094ae89b103fb99b7fa794d364ee1e -> 
  custom:scripting/monoscript/fileName/CameraFollow.cs: 9b150ee781d2c96881d6021398a5e296 -> 
  custom:scripting/monoscript/fileName/AxisInputUI.cs: 8e9e9e7d81bf0b577b799997060acaa2 -> 
  custom:container-muxer-webm: aa71ff27fc2769a1b78a27578f13a17b -> 
  custom:scripting/monoscript/fileName/ISimpleInputDraggable.cs: 02e2c0f5c4c7b09cca95cd6995751649 -> 
  custom:scripting/monoscript/fileName/SimpleInputHelper.cs: b3a83afe8525559ea8de8bf181ae12d3 -> 
  custom:video-decoder-webm-vp8: 9c59270c3fd7afecdb556c50c9e8de78 -> 
  custom:scripting/monoscript/fileName/ButtonInputKeyboard.cs: ba25923f154a63c5784ce1232d468254 -> 
  custom:scripting/monoscript/fileName/MouseButtonInputSwipeGesture.cs: 7ee8a5727ee40a85fb7fa6a75850aa15 -> 
  custom:scripting/monoscript/fileName/SimpleInput.cs: 19c198c77e4a747ec81d49f894402aeb -> 
  custom:scripting/monoscript/fileName/Dpad.cs: 1d0a65058286db0581ff769384403511 -> 
  custom:SearchIndexIgnoredProperties: e643bd26f0fe6173181afceb89e7c659 -> 
  custom:scripting/monoscript/fileName/AxisInputMouse.cs: e1b8e00523cffe7088e2230fe5dd6251 -> 
  custom:scripting/monoscript/fileName/FpsCounter.cs: b2a88c3520e04eb3d5c5bb2facecf66a -> f7d292bb0de5814b7cbdb34b921784fc
  custom:AudioImporter_EditorPlatform: d09bf68614088b80899f8185d706f6e7 -> 
  custom:scripting/monoscript/fileName/AxisInputDrawer.cs: 1f4474b5d272ca49bf560a178fd66612 -> 
  custom:scripting/monoscript/fileName/AxisInputRotateGesture.cs: c3a9ef0ee267b1c6d5f3a96e5c245615 -> 
  custom:scripting/monoscript/fileName/KeyInputKeyboard.cs: 90fcee54091edb186581d662ee44b0f5 -> 
  custom:scripting/monoscript/fileName/SelectivePointerInput.cs: 5e57eed8b4ce4d406f51c54daa1ec5c9 -> 
  custom:video-encoder-webm-vp8: eb34c28f22e8b96e1ab97ce403110664 -> 
  custom:audio-decoder-ogg-vorbis: bf7c407c2cedff20999df2af8eb42d56 -> 
  custom:scripting/monoscript/fileName/AxisInputSwipeGesture.cs: 3e7798eec0a44491ee75273411e03fa0 -> 
  custom:scripting/monoscript/fileName/AxisInputMoveGesture.cs: 584680ffe2cc03e6d1e18b851724ba96 -> 
  custom:scripting/monoscript/fileName/AxisInputPinchGesture.cs: f546e06ef7b104dd75f56c5ce245c26a -> 
  custom:scripting/monoscript/fileName/MouseButtonInputKeyboard.cs: 1e9725fec1e8520e9e8b6ddf6e9b6216 -> 
  custom:scripting/monoscript/fileName/UnityInputProvider.cs: ace0180975236bb7042cbd4fa7b80d75 -> 
  custom:scripting/monoscript/fileName/BaseInputDrawer.cs: 7a7f4cd8f8028527aa460efb14cf999f -> 
  custom:scripting/monoscript/fileName/Joystick.cs: 291ab2eb02dfb056a8571d14613b9921 -> 1a1d9a9cba7940fed9939f7306abee3f
  custom:scripting/monoscript/fileName/SetCharacter.cs: 8e6ac516b7d92d6b7da39bc386506d1a -> 66000bc1a703bb6f10eb1b49c927df39
  custom:scripting/monoscript/fileName/KeyInputDrawer.cs: 1dfaad815a1c0a7c5aee80ef2c46a549 -> 
  custom:audio-encoder-webm-vorbis: bf7c407c2cedff20999df2af8eb42d56 -> 
  custom:scripting/monoscript/fileName/SimpleInputMultiDragListener.cs: 3367a275164e284edd0600b9f3926f78 -> 
  custom:scripting/monoscript/fileName/MouseButtonInputUI.cs: d89dff9ee068b6592ddeb6d855f78ea5 -> 
========================================================================
Received Prepare
Begin MonoManager ReloadAssembly
Symbol file LoadedFromMemory doesn't match image D:\Unity репозиторий\Ancient-Lands\Ancient Lands\Library\PackageCache\com.unity.visualscripting@1.8.0\Editor\VisualScripting.Core\Dependencies\YamlDotNet\Unity.VisualScripting.YamlDotNet.dll
Symbol file LoadedFromMemory doesn't match image D:\Unity репозиторий\Ancient-Lands\Ancient Lands\Library\PackageCache\com.unity.visualscripting@1.8.0\Editor\VisualScripting.Core\Dependencies\DotNetZip\Unity.VisualScripting.IonicZip.dll
- Loaded All Assemblies, in  0.499 seconds
Refreshing native plugins compatible for Editor in 1.94 ms, found 3 plugins.
Native extension for WindowsStandalone target not found
Native extension for Android target not found
Mono: successfully reloaded assembly
- Finished resetting the current domain, in  0.745 seconds
Domain Reload Profiling: 1243ms
	BeginReloadAssembly (105ms)
		ExecutionOrderSort (0ms)
		DisableScriptedObjects (4ms)
		BackupInstance (0ms)
		ReleaseScriptingObjects (0ms)
		CreateAndSetChildDomain (31ms)
	RebuildCommonClasses (21ms)
	RebuildNativeTypeToScriptingClass (7ms)
	initialDomainReloadingComplete (18ms)
	LoadAllAssembliesAndSetupDomain (346ms)
		LoadAssemblies (191ms)
		RebuildTransferFunctionScriptingTraits (0ms)
		AnalyzeDomain (198ms)
			TypeCache.Refresh (190ms)
				TypeCache.ScanAssembly (182ms)
			ScanForSourceGeneratedMonoScriptInfo (0ms)
			ResolveRequiredComponents (8ms)
	FinalizeReload (745ms)
		ReleaseScriptCaches (0ms)
		RebuildScriptCaches (0ms)
		SetupLoadedEditorAssemblies (346ms)
			LogAssemblyErrors (0ms)
			InitializePlatformSupportModulesInManaged (15ms)
			SetLoadedEditorAssemblies (3ms)
			RefreshPlugins (0ms)
			BeforeProcessingInitializeOnLoad (55ms)
			ProcessInitializeOnLoadAttributes (220ms)
			ProcessInitializeOnLoadMethodAttributes (51ms)
			AfterProcessingInitializeOnLoad (2ms)
			EditorAssembliesLoaded (0ms)
		ExecutionOrderSort2 (0ms)
		AwakeInstancesAfterBackupRestoration (6ms)
Refreshing native plugins compatible for Editor in 2.19 ms, found 3 plugins.
Preloading 0 native plugins for Editor in 0.00 ms.
Unloading 5416 Unused Serialized files (Serialized files now loaded: 0)
Unloading 42 unused Assets / (390.0 KB). Loaded Objects now: 6106.
Memory consumption went from 193.6 MB to 193.2 MB.
Total: 3.696500 ms (FindLiveObjects: 0.357200 ms CreateObjectMapping: 0.308800 ms MarkObjects: 2.918500 ms  DeleteObjects: 0.111200 ms)

Prepare: number of updated asset objects reloaded= 0
AssetImportParameters requested are different than current active one (requested -> active):
  custom:scripting/monoscript/fileName/SimpleInputDragListener.cs: e70e89b11f10fbbe1f553f68da2c49a6 -> 
  custom:scripting/monoscript/fileName/BaseInput.cs: 5d583b3c06f8372fbc5dcf1039a62ed5 -> 2124093b3f8a7fbb31af4584d7906f17
  custom:scripting/monoscript/fileName/SwipeGestureBase.cs: 90647cc400823b41df847a6cbfc29026 -> 
  custom:container-demuxer-ogg: 62fdf1f143b41e24485cea50d1cbac27 -> 
  custom:scripting/monoscript/fileName/KeyInputUI.cs: 9ced766321c62164f358eb2683dcee24 -> 
  custom:scripting/monoscript/fileName/ISimpleInputDraggableMultiTouch.cs: bad0aae7acfc31886d5d6cd64511bb37 -> 
  custom:scripting/monoscript/fileName/SimpleInputUtils.cs: 2b7179258bf8caef7276524804fd56a8 -> 
  custom:scripting/monoscript/fileName/AxisInputKeyboard.cs: 4c59efc46215873528eb46c47b9a57d8 -> 
  custom:scripting/monoscript/fileName/Touchpad.cs: af8171bd9de94ceab200fecaa797664a -> 
  custom:video-decoder-ogg-theora: a1e56fd34408186e4bbccfd4996cb3dc -> 
  custom:scripting/monoscript/fileName/ButtonInputSwipeGesture.cs: 57fd3587f7d3a1b2753240f33c7f512a -> 
  custom:scripting/monoscript/fileName/PointAndClickManager.cs: ca53010796b4de73fe5b234435c3e078 -> fa32d372a252ee86bcc063642d34517c
  custom:framework-win-MediaFoundation: 216162199b28c13a410421893ffa2e32 -> 
  custom:scripting/monoscript/fileName/ButtonInputUI.cs: 860f7312d94ca0d38c049eb09b4ebb79 -> 
  custom:scripting/monoscript/fileName/Move.cs: 73a45274d592f163b9c1ce89ddb016d1 -> 
  custom:scripting/monoscript/fileName/DisableMeshAtRuntime.cs: cab17774665095244ea56be384dc4693 -> b13d25dcacf5740aa2e5f629bc06acfd
  custom:scripting/monoscript/fileName/ButtonInputDrawer.cs: 14583ec797aaef62041dfb8bacb16bb2 -> 
  custom:scripting/monoscript/fileName/AxisInputUIArrows.cs: 9e4f49dcc0a35cdd28b802d390debcb6 -> 
  custom:container-demuxer-webm: 4f35f7cbe854078d1ac9338744f61a02 -> 
  custom:scripting/monoscript/fileName/SteeringWheel.cs: 56729bf68c4b1cde8857cd3e3fb43441 -> 
  custom:scripting/monoscript/fileName/SetCharacterEditor.cs: f74b6d9fe8fbca0103564d0889d951da -> 8973c7b2cc141a00270ba0c27360d0cc
  custom:scripting/monoscript/fileName/MouseButtonInputDrawer.cs: d3764dae7657d5ecbe906ef6dd0cc964 -> 
  custom:scripting/monoscript/fileName/KeyInputSwipeGesture.cs: 9179e959774cf3fe6ccc5e3d5adea90f -> 
  custom:scripting/monoscript/fileName/NonDrawingGraphic.cs: c2094ae89b103fb99b7fa794d364ee1e -> 
  custom:scripting/monoscript/fileName/CameraFollow.cs: 9b150ee781d2c96881d6021398a5e296 -> 
  custom:scripting/monoscript/fileName/AxisInputUI.cs: 8e9e9e7d81bf0b577b799997060acaa2 -> 
  custom:container-muxer-webm: aa71ff27fc2769a1b78a27578f13a17b -> 
  custom:scripting/monoscript/fileName/ISimpleInputDraggable.cs: 02e2c0f5c4c7b09cca95cd6995751649 -> 
  custom:scripting/monoscript/fileName/SimpleInputHelper.cs: b3a83afe8525559ea8de8bf181ae12d3 -> 
  custom:video-decoder-webm-vp8: 9c59270c3fd7afecdb556c50c9e8de78 -> 
  custom:scripting/monoscript/fileName/ButtonInputKeyboard.cs: ba25923f154a63c5784ce1232d468254 -> 
  custom:scripting/monoscript/fileName/MouseButtonInputSwipeGesture.cs: 7ee8a5727ee40a85fb7fa6a75850aa15 -> 
  custom:scripting/monoscript/fileName/SimpleInput.cs: 19c198c77e4a747ec81d49f894402aeb -> 
  custom:scripting/monoscript/fileName/Dpad.cs: 1d0a65058286db0581ff769384403511 -> 
  custom:SearchIndexIgnoredProperties: e643bd26f0fe6173181afceb89e7c659 -> 
  custom:scripting/monoscript/fileName/AxisInputMouse.cs: e1b8e00523cffe7088e2230fe5dd6251 -> 
  custom:scripting/monoscript/fileName/FpsCounter.cs: b2a88c3520e04eb3d5c5bb2facecf66a -> f7d292bb0de5814b7cbdb34b921784fc
  custom:AudioImporter_EditorPlatform: d09bf68614088b80899f8185d706f6e7 -> 
  custom:scripting/monoscript/fileName/AxisInputDrawer.cs: 1f4474b5d272ca49bf560a178fd66612 -> 
  custom:scripting/monoscript/fileName/AxisInputRotateGesture.cs: c3a9ef0ee267b1c6d5f3a96e5c245615 -> 
  custom:scripting/monoscript/fileName/KeyInputKeyboard.cs: 90fcee54091edb186581d662ee44b0f5 -> 
  custom:scripting/monoscript/fileName/SelectivePointerInput.cs: 5e57eed8b4ce4d406f51c54daa1ec5c9 -> 
  custom:video-encoder-webm-vp8: eb34c28f22e8b96e1ab97ce403110664 -> 
  custom:audio-decoder-ogg-vorbis: bf7c407c2cedff20999df2af8eb42d56 -> 
  custom:scripting/monoscript/fileName/AxisInputSwipeGesture.cs: 3e7798eec0a44491ee75273411e03fa0 -> 
  custom:scripting/monoscript/fileName/AxisInputMoveGesture.cs: 584680ffe2cc03e6d1e18b851724ba96 -> 
  custom:scripting/monoscript/fileName/AxisInputPinchGesture.cs: f546e06ef7b104dd75f56c5ce245c26a -> 
  custom:scripting/monoscript/fileName/MouseButtonInputKeyboard.cs: 1e9725fec1e8520e9e8b6ddf6e9b6216 -> 
  custom:scripting/monoscript/fileName/UnityInputProvider.cs: ace0180975236bb7042cbd4fa7b80d75 -> 
  custom:scripting/monoscript/fileName/BaseInputDrawer.cs: 7a7f4cd8f8028527aa460efb14cf999f -> 
  custom:scripting/monoscript/fileName/Joystick.cs: 291ab2eb02dfb056a8571d14613b9921 -> 1a1d9a9cba7940fed9939f7306abee3f
  custom:scripting/monoscript/fileName/SetCharacter.cs: 8e6ac516b7d92d6b7da39bc386506d1a -> 66000bc1a703bb6f10eb1b49c927df39
  custom:scripting/monoscript/fileName/KeyInputDrawer.cs: 1dfaad815a1c0a7c5aee80ef2c46a549 -> 
  custom:audio-encoder-webm-vorbis: bf7c407c2cedff20999df2af8eb42d56 -> 
  custom:scripting/monoscript/fileName/SimpleInputMultiDragListener.cs: 3367a275164e284edd0600b9f3926f78 -> 
  custom:scripting/monoscript/fileName/MouseButtonInputUI.cs: d89dff9ee068b6592ddeb6d855f78ea5 -> 
Editor requested this worker to shutdown with reason: Scaling down because of idle timeout
TcpMessagingSession - receive error: operation aborted. errorcode: 995, details: The I/O operation has been aborted because of either a thread exit or an application request.
AssetImportWorker is now disconnected from the server
Process exiting
Exiting without the bug reporter. Application will terminate with return code 0