Using pre-set license
Built from '2022.3/staging' branch; Version is '2022.3.1f1 (f18e0c1b5784) revision 15830540'; Using compiler version '192829333'; Build Type 'Release'
OS: 'Windows 10  (10.0.19045) 64bit Professional' Language: 'en' Physical Memory: 32690 MB
BatchMode: 1, IsHumanControllingUs: 0, StartBugReporterOnCrash: 0, Is64bit: 1, IsPro: 1

COMMAND LINE ARGUMENTS:
A:\Unity\2022.3.1f1\Editor\Unity.exe
-adb2
-batchMode
-noUpm
-name
AssetImportWorker12
-projectPath
D:/Unity репозиторий/Ancient-Lands/Ancient Lands
-logFile
Logs/AssetImportWorker12.log
-srvPort
5754
Successfully changed project path to: D:/Unity репозиторий/Ancient-Lands/Ancient Lands
D:/Unity репозиторий/Ancient-Lands/Ancient Lands
[UnityMemory] Configuration Parameters - Can be set up in boot.config
    "memorysetup-bucket-allocator-granularity=16"
    "memorysetup-bucket-allocator-bucket-count=8"
    "memorysetup-bucket-allocator-block-size=33554432"
    "memorysetup-bucket-allocator-block-count=8"
    "memorysetup-main-allocator-block-size=16777216"
    "memorysetup-thread-allocator-block-size=16777216"
    "memorysetup-gfx-main-allocator-block-size=16777216"
    "memorysetup-gfx-thread-allocator-block-size=16777216"
    "memorysetup-cache-allocator-block-size=4194304"
    "memorysetup-typetree-allocator-block-size=2097152"
    "memorysetup-profiler-bucket-allocator-granularity=16"
    "memorysetup-profiler-bucket-allocator-bucket-count=8"
    "memorysetup-profiler-bucket-allocator-block-size=33554432"
    "memorysetup-profiler-bucket-allocator-block-count=8"
    "memorysetup-profiler-allocator-block-size=16777216"
    "memorysetup-profiler-editor-allocator-block-size=1048576"
    "memorysetup-temp-allocator-size-main=16777216"
    "memorysetup-job-temp-allocator-block-size=2097152"
    "memorysetup-job-temp-allocator-block-size-background=1048576"
    "memorysetup-job-temp-allocator-reduction-small-platforms=262144"
    "memorysetup-allocator-temp-initial-block-size-main=262144"
    "memorysetup-allocator-temp-initial-block-size-worker=262144"
    "memorysetup-temp-allocator-size-background-worker=32768"
    "memorysetup-temp-allocator-size-job-worker=262144"
    "memorysetup-temp-allocator-size-preload-manager=33554432"
    "memorysetup-temp-allocator-size-nav-mesh-worker=65536"
    "memorysetup-temp-allocator-size-audio-worker=65536"
    "memorysetup-temp-allocator-size-cloud-worker=32768"
    "memorysetup-temp-allocator-size-gi-baking-worker=262144"
    "memorysetup-temp-allocator-size-gfx=262144"
Player connection [22868] Host "[IP] 192.168.100.2 [Port] 0 [Flags] 2 [Guid] 1474360277 [EditorId] 1474360277 [Version] 1048832 [Id] WindowsEditor(7,DESKTOP-4VOLOPP) [Debug] 1 [PackageName] WindowsEditor [ProjectName] Editor" joined multi-casting on [225.0.0.222:54997]...

Player connection [22868] Host "[IP] 192.168.100.2 [Port] 0 [Flags] 2 [Guid] 1474360277 [EditorId] 1474360277 [Version] 1048832 [Id] WindowsEditor(7,DESKTOP-4VOLOPP) [Debug] 1 [PackageName] WindowsEditor [ProjectName] Editor" joined alternative multi-casting on [225.0.0.222:34997]...

Refreshing native plugins compatible for Editor in 6.15 ms, found 3 plugins.
Preloading 0 native plugins for Editor in 0.00 ms.
Initialize engine version: 2022.3.1f1 (f18e0c1b5784)
[Subsystems] Discovering subsystems at path A:/Unity/2022.3.1f1/Editor/Data/Resources/UnitySubsystems
[Subsystems] Discovering subsystems at path D:/Unity репозиторий/Ancient-Lands/Ancient Lands/Assets
GfxDevice: creating device client; threaded=0; jobified=0
Direct3D:
    Version:  Direct3D 11.0 [level 11.1]
    Renderer: NVIDIA GeForce RTX 3060 (ID=0x2504)
    Vendor:   NVIDIA
    VRAM:     12129 MB
    Driver:   31.0.15.3179
Initialize mono
Mono path[0] = 'A:/Unity/2022.3.1f1/Editor/Data/Managed'
Mono path[1] = 'A:/Unity/2022.3.1f1/Editor/Data/MonoBleedingEdge/lib/mono/unityjit-win32'
Mono config path = 'A:/Unity/2022.3.1f1/Editor/Data/MonoBleedingEdge/etc'
Using monoOptions --debugger-agent=transport=dt_socket,embedding=1,server=y,suspend=n,address=127.0.0.1:56180
Begin MonoManager ReloadAssembly
Registering precompiled unity dll's ...
Register platform support module: A:/Unity/2022.3.1f1/Editor/Data/PlaybackEngines/AndroidPlayer/UnityEditor.Android.Extensions.dll
Register platform support module: A:/Unity/2022.3.1f1/Editor/Data/PlaybackEngines/WindowsStandaloneSupport/UnityEditor.WindowsStandalone.Extensions.dll
Registered in 0.003163 seconds.
- Loaded All Assemblies, in  0.209 seconds
Native extension for WindowsStandalone target not found
Native extension for Android target not found
Android Extension - Scanning For ADB Devices 186 ms
Mono: successfully reloaded assembly
- Finished resetting the current domain, in  0.403 seconds
Domain Reload Profiling: 612ms
	BeginReloadAssembly (53ms)
		ExecutionOrderSort (0ms)
		DisableScriptedObjects (0ms)
		BackupInstance (0ms)
		ReleaseScriptingObjects (0ms)
		CreateAndSetChildDomain (1ms)
	RebuildCommonClasses (22ms)
	RebuildNativeTypeToScriptingClass (7ms)
	initialDomainReloadingComplete (35ms)
	LoadAllAssembliesAndSetupDomain (92ms)
		LoadAssemblies (53ms)
		RebuildTransferFunctionScriptingTraits (0ms)
		AnalyzeDomain (89ms)
			TypeCache.Refresh (89ms)
				TypeCache.ScanAssembly (81ms)
			ScanForSourceGeneratedMonoScriptInfo (0ms)
			ResolveRequiredComponents (0ms)
	FinalizeReload (403ms)
		ReleaseScriptCaches (0ms)
		RebuildScriptCaches (0ms)
		SetupLoadedEditorAssemblies (363ms)
			LogAssemblyErrors (0ms)
			InitializePlatformSupportModulesInManaged (261ms)
			SetLoadedEditorAssemblies (3ms)
			RefreshPlugins (0ms)
			BeforeProcessingInitializeOnLoad (1ms)
			ProcessInitializeOnLoadAttributes (68ms)
			ProcessInitializeOnLoadMethodAttributes (31ms)
			AfterProcessingInitializeOnLoad (0ms)
			EditorAssembliesLoaded (0ms)
		ExecutionOrderSort2 (0ms)
		AwakeInstancesAfterBackupRestoration (0ms)
========================================================================
Worker process is ready to serve import requests
Begin MonoManager ReloadAssembly
Symbol file LoadedFromMemory doesn't match image D:\Unity репозиторий\Ancient-Lands\Ancient Lands\Library\PackageCache\com.unity.visualscripting@1.8.0\Editor\VisualScripting.Core\Dependencies\YamlDotNet\Unity.VisualScripting.YamlDotNet.dll
Symbol file LoadedFromMemory doesn't match image D:\Unity репозиторий\Ancient-Lands\Ancient Lands\Library\PackageCache\com.unity.visualscripting@1.8.0\Editor\VisualScripting.Core\Dependencies\DotNetZip\Unity.VisualScripting.IonicZip.dll
- Loaded All Assemblies, in  0.476 seconds
Refreshing native plugins compatible for Editor in 1.94 ms, found 3 plugins.
Native extension for WindowsStandalone target not found
Native extension for Android target not found
Mono: successfully reloaded assembly
- Finished resetting the current domain, in  0.479 seconds
Domain Reload Profiling: 956ms
	BeginReloadAssembly (83ms)
		ExecutionOrderSort (0ms)
		DisableScriptedObjects (4ms)
		BackupInstance (0ms)
		ReleaseScriptingObjects (0ms)
		CreateAndSetChildDomain (15ms)
	RebuildCommonClasses (22ms)
	RebuildNativeTypeToScriptingClass (7ms)
	initialDomainReloadingComplete (27ms)
	LoadAllAssembliesAndSetupDomain (338ms)
		LoadAssemblies (173ms)
		RebuildTransferFunctionScriptingTraits (0ms)
		AnalyzeDomain (206ms)
			TypeCache.Refresh (183ms)
				TypeCache.ScanAssembly (174ms)
			ScanForSourceGeneratedMonoScriptInfo (16ms)
			ResolveRequiredComponents (7ms)
	FinalizeReload (480ms)
		ReleaseScriptCaches (0ms)
		RebuildScriptCaches (0ms)
		SetupLoadedEditorAssemblies (366ms)
			LogAssemblyErrors (0ms)
			InitializePlatformSupportModulesInManaged (15ms)
			SetLoadedEditorAssemblies (3ms)
			RefreshPlugins (0ms)
			BeforeProcessingInitializeOnLoad (56ms)
			ProcessInitializeOnLoadAttributes (243ms)
			ProcessInitializeOnLoadMethodAttributes (46ms)
			AfterProcessingInitializeOnLoad (2ms)
			EditorAssembliesLoaded (0ms)
		ExecutionOrderSort2 (0ms)
		AwakeInstancesAfterBackupRestoration (4ms)
Launched and connected shader compiler UnityShaderCompiler.exe after 0.03 seconds
Refreshing native plugins compatible for Editor in 1.95 ms, found 3 plugins.
Preloading 0 native plugins for Editor in 0.00 ms.
Unloading 5577 Unused Serialized files (Serialized files now loaded: 0)
Unloading 85 unused Assets / (422.2 KB). Loaded Objects now: 6055.
Memory consumption went from 223.0 MB to 222.6 MB.
Total: 3.271400 ms (FindLiveObjects: 0.340200 ms CreateObjectMapping: 0.288700 ms MarkObjects: 2.460400 ms  DeleteObjects: 0.181100 ms)

AssetImportParameters requested are different than current active one (requested -> active):
  custom:scripting/monoscript/fileName/SimpleInputDragListener.cs: e70e89b11f10fbbe1f553f68da2c49a6 -> 
  custom:scripting/monoscript/fileName/BaseInput.cs: 5d583b3c06f8372fbc5dcf1039a62ed5 -> 2124093b3f8a7fbb31af4584d7906f17
  custom:scripting/monoscript/fileName/SwipeGestureBase.cs: 90647cc400823b41df847a6cbfc29026 -> 
  custom:container-demuxer-ogg: 62fdf1f143b41e24485cea50d1cbac27 -> 
  custom:scripting/monoscript/fileName/KeyInputUI.cs: 9ced766321c62164f358eb2683dcee24 -> 
  custom:scripting/monoscript/fileName/ISimpleInputDraggableMultiTouch.cs: bad0aae7acfc31886d5d6cd64511bb37 -> 
  custom:scripting/monoscript/fileName/SimpleInputUtils.cs: 2b7179258bf8caef7276524804fd56a8 -> 
  custom:scripting/monoscript/fileName/AxisInputKeyboard.cs: 4c59efc46215873528eb46c47b9a57d8 -> 
  custom:scripting/monoscript/fileName/Touchpad.cs: af8171bd9de94ceab200fecaa797664a -> 
  custom:video-decoder-ogg-theora: a1e56fd34408186e4bbccfd4996cb3dc -> 
  custom:scripting/monoscript/fileName/ButtonInputSwipeGesture.cs: 57fd3587f7d3a1b2753240f33c7f512a -> 
  custom:scripting/monoscript/fileName/PointAndClickManager.cs: ca53010796b4de73fe5b234435c3e078 -> fa32d372a252ee86bcc063642d34517c
  custom:framework-win-MediaFoundation: 216162199b28c13a410421893ffa2e32 -> 
  custom:scripting/monoscript/fileName/ButtonInputUI.cs: 860f7312d94ca0d38c049eb09b4ebb79 -> 
  custom:scripting/monoscript/fileName/Move.cs: 73a45274d592f163b9c1ce89ddb016d1 -> 
  custom:scripting/monoscript/fileName/DisableMeshAtRuntime.cs: cab17774665095244ea56be384dc4693 -> b13d25dcacf5740aa2e5f629bc06acfd
  custom:scripting/monoscript/fileName/ButtonInputDrawer.cs: 14583ec797aaef62041dfb8bacb16bb2 -> 
  custom:scripting/monoscript/fileName/AxisInputUIArrows.cs: 9e4f49dcc0a35cdd28b802d390debcb6 -> 
  custom:container-demuxer-webm: 4f35f7cbe854078d1ac9338744f61a02 -> 
  custom:scripting/monoscript/fileName/SteeringWheel.cs: 56729bf68c4b1cde8857cd3e3fb43441 -> 
  custom:scripting/monoscript/fileName/SetCharacterEditor.cs: f74b6d9fe8fbca0103564d0889d951da -> 8973c7b2cc141a00270ba0c27360d0cc
  custom:scripting/monoscript/fileName/MouseButtonInputDrawer.cs: d3764dae7657d5ecbe906ef6dd0cc964 -> 
  custom:scripting/monoscript/fileName/KeyInputSwipeGesture.cs: 9179e959774cf3fe6ccc5e3d5adea90f -> 
  custom:scripting/monoscript/fileName/NonDrawingGraphic.cs: c2094ae89b103fb99b7fa794d364ee1e -> 
  custom:scripting/monoscript/fileName/CameraFollow.cs: 9b150ee781d2c96881d6021398a5e296 -> 
  custom:scripting/monoscript/fileName/AxisInputUI.cs: 8e9e9e7d81bf0b577b799997060acaa2 -> 
  custom:container-muxer-webm: aa71ff27fc2769a1b78a27578f13a17b -> 
  custom:scripting/monoscript/fileName/ISimpleInputDraggable.cs: 02e2c0f5c4c7b09cca95cd6995751649 -> 
  custom:scripting/monoscript/fileName/SimpleInputHelper.cs: b3a83afe8525559ea8de8bf181ae12d3 -> 
  custom:video-decoder-webm-vp8: 9c59270c3fd7afecdb556c50c9e8de78 -> 
  custom:scripting/monoscript/fileName/ButtonInputKeyboard.cs: ba25923f154a63c5784ce1232d468254 -> 
  custom:scripting/monoscript/fileName/MouseButtonInputSwipeGesture.cs: 7ee8a5727ee40a85fb7fa6a75850aa15 -> 
  custom:scripting/monoscript/fileName/SimpleInput.cs: 19c198c77e4a747ec81d49f894402aeb -> 
  custom:scripting/monoscript/fileName/Dpad.cs: 1d0a65058286db0581ff769384403511 -> 
  custom:SearchIndexIgnoredProperties: e643bd26f0fe6173181afceb89e7c659 -> 
  custom:scripting/monoscript/fileName/AxisInputMouse.cs: e1b8e00523cffe7088e2230fe5dd6251 -> 
  custom:scripting/monoscript/fileName/FpsCounter.cs: b2a88c3520e04eb3d5c5bb2facecf66a -> f7d292bb0de5814b7cbdb34b921784fc
  custom:AudioImporter_EditorPlatform: d09bf68614088b80899f8185d706f6e7 -> 
  custom:scripting/monoscript/fileName/AxisInputDrawer.cs: 1f4474b5d272ca49bf560a178fd66612 -> 
  custom:scripting/monoscript/fileName/AxisInputRotateGesture.cs: c3a9ef0ee267b1c6d5f3a96e5c245615 -> 
  custom:scripting/monoscript/fileName/KeyInputKeyboard.cs: 90fcee54091edb186581d662ee44b0f5 -> 
  custom:scripting/monoscript/fileName/SelectivePointerInput.cs: 5e57eed8b4ce4d406f51c54daa1ec5c9 -> 
  custom:video-encoder-webm-vp8: eb34c28f22e8b96e1ab97ce403110664 -> 
  custom:audio-decoder-ogg-vorbis: bf7c407c2cedff20999df2af8eb42d56 -> 
  custom:scripting/monoscript/fileName/AxisInputSwipeGesture.cs: 3e7798eec0a44491ee75273411e03fa0 -> 
  custom:scripting/monoscript/fileName/AxisInputMoveGesture.cs: 584680ffe2cc03e6d1e18b851724ba96 -> 
  custom:scripting/monoscript/fileName/AxisInputPinchGesture.cs: f546e06ef7b104dd75f56c5ce245c26a -> 
  custom:scripting/monoscript/fileName/MouseButtonInputKeyboard.cs: 1e9725fec1e8520e9e8b6ddf6e9b6216 -> 
  custom:scripting/monoscript/fileName/UnityInputProvider.cs: ace0180975236bb7042cbd4fa7b80d75 -> 
  custom:scripting/monoscript/fileName/BaseInputDrawer.cs: 7a7f4cd8f8028527aa460efb14cf999f -> 
  custom:scripting/monoscript/fileName/Joystick.cs: 291ab2eb02dfb056a8571d14613b9921 -> 1a1d9a9cba7940fed9939f7306abee3f
  custom:scripting/monoscript/fileName/SetCharacter.cs: 8e6ac516b7d92d6b7da39bc386506d1a -> 66000bc1a703bb6f10eb1b49c927df39
  custom:scripting/monoscript/fileName/KeyInputDrawer.cs: 1dfaad815a1c0a7c5aee80ef2c46a549 -> 
  custom:audio-encoder-webm-vorbis: bf7c407c2cedff20999df2af8eb42d56 -> 
  custom:scripting/monoscript/fileName/SimpleInputMultiDragListener.cs: 3367a275164e284edd0600b9f3926f78 -> 
  custom:scripting/monoscript/fileName/MouseButtonInputUI.cs: d89dff9ee068b6592ddeb6d855f78ea5 -> 
========================================================================
Received Prepare
Begin MonoManager ReloadAssembly
Symbol file LoadedFromMemory doesn't match image D:\Unity репозиторий\Ancient-Lands\Ancient Lands\Library\PackageCache\com.unity.visualscripting@1.8.0\Editor\VisualScripting.Core\Dependencies\YamlDotNet\Unity.VisualScripting.YamlDotNet.dll
Symbol file LoadedFromMemory doesn't match image D:\Unity репозиторий\Ancient-Lands\Ancient Lands\Library\PackageCache\com.unity.visualscripting@1.8.0\Editor\VisualScripting.Core\Dependencies\DotNetZip\Unity.VisualScripting.IonicZip.dll
- Loaded All Assemblies, in  0.524 seconds
Refreshing native plugins compatible for Editor in 2.18 ms, found 3 plugins.
Native extension for WindowsStandalone target not found
Native extension for Android target not found
Mono: successfully reloaded assembly
- Finished resetting the current domain, in  0.733 seconds
Domain Reload Profiling: 1256ms
	BeginReloadAssembly (104ms)
		ExecutionOrderSort (0ms)
		DisableScriptedObjects (4ms)
		BackupInstance (0ms)
		ReleaseScriptingObjects (0ms)
		CreateAndSetChildDomain (30ms)
	RebuildCommonClasses (23ms)
	RebuildNativeTypeToScriptingClass (7ms)
	initialDomainReloadingComplete (21ms)
	LoadAllAssembliesAndSetupDomain (368ms)
		LoadAssemblies (194ms)
		RebuildTransferFunctionScriptingTraits (0ms)
		AnalyzeDomain (218ms)
			TypeCache.Refresh (202ms)
				TypeCache.ScanAssembly (193ms)
			ScanForSourceGeneratedMonoScriptInfo (5ms)
			ResolveRequiredComponents (11ms)
	FinalizeReload (733ms)
		ReleaseScriptCaches (0ms)
		RebuildScriptCaches (0ms)
		SetupLoadedEditorAssemblies (363ms)
			LogAssemblyErrors (0ms)
			InitializePlatformSupportModulesInManaged (15ms)
			SetLoadedEditorAssemblies (3ms)
			RefreshPlugins (0ms)
			BeforeProcessingInitializeOnLoad (57ms)
			ProcessInitializeOnLoadAttributes (241ms)
			ProcessInitializeOnLoadMethodAttributes (45ms)
			AfterProcessingInitializeOnLoad (2ms)
			EditorAssembliesLoaded (0ms)
		ExecutionOrderSort2 (0ms)
		AwakeInstancesAfterBackupRestoration (6ms)
Refreshing native plugins compatible for Editor in 1.94 ms, found 3 plugins.
Preloading 0 native plugins for Editor in 0.00 ms.
Unloading 5416 Unused Serialized files (Serialized files now loaded: 0)
Unloading 42 unused Assets / (389.8 KB). Loaded Objects now: 6071.
Memory consumption went from 193.5 MB to 193.1 MB.
Total: 3.115400 ms (FindLiveObjects: 0.333100 ms CreateObjectMapping: 0.270100 ms MarkObjects: 2.409700 ms  DeleteObjects: 0.101600 ms)

Prepare: number of updated asset objects reloaded= 0
AssetImportParameters requested are different than current active one (requested -> active):
  custom:scripting/monoscript/fileName/SimpleInputDragListener.cs: e70e89b11f10fbbe1f553f68da2c49a6 -> 
  custom:scripting/monoscript/fileName/BaseInput.cs: 5d583b3c06f8372fbc5dcf1039a62ed5 -> 2124093b3f8a7fbb31af4584d7906f17
  custom:scripting/monoscript/fileName/SwipeGestureBase.cs: 90647cc400823b41df847a6cbfc29026 -> 
  custom:container-demuxer-ogg: 62fdf1f143b41e24485cea50d1cbac27 -> 
  custom:scripting/monoscript/fileName/KeyInputUI.cs: 9ced766321c62164f358eb2683dcee24 -> 
  custom:scripting/monoscript/fileName/ISimpleInputDraggableMultiTouch.cs: bad0aae7acfc31886d5d6cd64511bb37 -> 
  custom:scripting/monoscript/fileName/SimpleInputUtils.cs: 2b7179258bf8caef7276524804fd56a8 -> 
  custom:scripting/monoscript/fileName/AxisInputKeyboard.cs: 4c59efc46215873528eb46c47b9a57d8 -> 
  custom:scripting/monoscript/fileName/Touchpad.cs: af8171bd9de94ceab200fecaa797664a -> 
  custom:video-decoder-ogg-theora: a1e56fd34408186e4bbccfd4996cb3dc -> 
  custom:scripting/monoscript/fileName/ButtonInputSwipeGesture.cs: 57fd3587f7d3a1b2753240f33c7f512a -> 
  custom:scripting/monoscript/fileName/PointAndClickManager.cs: ca53010796b4de73fe5b234435c3e078 -> fa32d372a252ee86bcc063642d34517c
  custom:framework-win-MediaFoundation: 216162199b28c13a410421893ffa2e32 -> 
  custom:scripting/monoscript/fileName/ButtonInputUI.cs: 860f7312d94ca0d38c049eb09b4ebb79 -> 
  custom:scripting/monoscript/fileName/Move.cs: 73a45274d592f163b9c1ce89ddb016d1 -> 
  custom:scripting/monoscript/fileName/DisableMeshAtRuntime.cs: cab17774665095244ea56be384dc4693 -> b13d25dcacf5740aa2e5f629bc06acfd
  custom:scripting/monoscript/fileName/ButtonInputDrawer.cs: 14583ec797aaef62041dfb8bacb16bb2 -> 
  custom:scripting/monoscript/fileName/AxisInputUIArrows.cs: 9e4f49dcc0a35cdd28b802d390debcb6 -> 
  custom:container-demuxer-webm: 4f35f7cbe854078d1ac9338744f61a02 -> 
  custom:scripting/monoscript/fileName/SteeringWheel.cs: 56729bf68c4b1cde8857cd3e3fb43441 -> 
  custom:scripting/monoscript/fileName/SetCharacterEditor.cs: f74b6d9fe8fbca0103564d0889d951da -> 8973c7b2cc141a00270ba0c27360d0cc
  custom:scripting/monoscript/fileName/MouseButtonInputDrawer.cs: d3764dae7657d5ecbe906ef6dd0cc964 -> 
  custom:scripting/monoscript/fileName/KeyInputSwipeGesture.cs: 9179e959774cf3fe6ccc5e3d5adea90f -> 
  custom:scripting/monoscript/fileName/NonDrawingGraphic.cs: c2094ae89b103fb99b7fa794d364ee1e -> 
  custom:scripting/monoscript/fileName/CameraFollow.cs: 9b150ee781d2c96881d6021398a5e296 -> 
  custom:scripting/monoscript/fileName/AxisInputUI.cs: 8e9e9e7d81bf0b577b799997060acaa2 -> 
  custom:container-muxer-webm: aa71ff27fc2769a1b78a27578f13a17b -> 
  custom:scripting/monoscript/fileName/ISimpleInputDraggable.cs: 02e2c0f5c4c7b09cca95cd6995751649 -> 
  custom:scripting/monoscript/fileName/SimpleInputHelper.cs: b3a83afe8525559ea8de8bf181ae12d3 -> 
  custom:video-decoder-webm-vp8: 9c59270c3fd7afecdb556c50c9e8de78 -> 
  custom:scripting/monoscript/fileName/ButtonInputKeyboard.cs: ba25923f154a63c5784ce1232d468254 -> 
  custom:scripting/monoscript/fileName/MouseButtonInputSwipeGesture.cs: 7ee8a5727ee40a85fb7fa6a75850aa15 -> 
  custom:scripting/monoscript/fileName/SimpleInput.cs: 19c198c77e4a747ec81d49f894402aeb -> 
  custom:scripting/monoscript/fileName/Dpad.cs: 1d0a65058286db0581ff769384403511 -> 
  custom:SearchIndexIgnoredProperties: e643bd26f0fe6173181afceb89e7c659 -> 
  custom:scripting/monoscript/fileName/AxisInputMouse.cs: e1b8e00523cffe7088e2230fe5dd6251 -> 
  custom:scripting/monoscript/fileName/FpsCounter.cs: b2a88c3520e04eb3d5c5bb2facecf66a -> f7d292bb0de5814b7cbdb34b921784fc
  custom:AudioImporter_EditorPlatform: d09bf68614088b80899f8185d706f6e7 -> 
  custom:scripting/monoscript/fileName/AxisInputDrawer.cs: 1f4474b5d272ca49bf560a178fd66612 -> 
  custom:scripting/monoscript/fileName/AxisInputRotateGesture.cs: c3a9ef0ee267b1c6d5f3a96e5c245615 -> 
  custom:scripting/monoscript/fileName/KeyInputKeyboard.cs: 90fcee54091edb186581d662ee44b0f5 -> 
  custom:scripting/monoscript/fileName/SelectivePointerInput.cs: 5e57eed8b4ce4d406f51c54daa1ec5c9 -> 
  custom:video-encoder-webm-vp8: eb34c28f22e8b96e1ab97ce403110664 -> 
  custom:audio-decoder-ogg-vorbis: bf7c407c2cedff20999df2af8eb42d56 -> 
  custom:scripting/monoscript/fileName/AxisInputSwipeGesture.cs: 3e7798eec0a44491ee75273411e03fa0 -> 
  custom:scripting/monoscript/fileName/AxisInputMoveGesture.cs: 584680ffe2cc03e6d1e18b851724ba96 -> 
  custom:scripting/monoscript/fileName/AxisInputPinchGesture.cs: f546e06ef7b104dd75f56c5ce245c26a -> 
  custom:scripting/monoscript/fileName/MouseButtonInputKeyboard.cs: 1e9725fec1e8520e9e8b6ddf6e9b6216 -> 
  custom:scripting/monoscript/fileName/UnityInputProvider.cs: ace0180975236bb7042cbd4fa7b80d75 -> 
  custom:scripting/monoscript/fileName/BaseInputDrawer.cs: 7a7f4cd8f8028527aa460efb14cf999f -> 
  custom:scripting/monoscript/fileName/Joystick.cs: 291ab2eb02dfb056a8571d14613b9921 -> 1a1d9a9cba7940fed9939f7306abee3f
  custom:scripting/monoscript/fileName/SetCharacter.cs: 8e6ac516b7d92d6b7da39bc386506d1a -> 66000bc1a703bb6f10eb1b49c927df39
  custom:scripting/monoscript/fileName/KeyInputDrawer.cs: 1dfaad815a1c0a7c5aee80ef2c46a549 -> 
  custom:audio-encoder-webm-vorbis: bf7c407c2cedff20999df2af8eb42d56 -> 
  custom:scripting/monoscript/fileName/SimpleInputMultiDragListener.cs: 3367a275164e284edd0600b9f3926f78 -> 
  custom:scripting/monoscript/fileName/MouseButtonInputUI.cs: d89dff9ee068b6592ddeb6d855f78ea5 -> 
========================================================================
Received Prepare
Begin MonoManager ReloadAssembly
Symbol file LoadedFromMemory doesn't match image D:\Unity репозиторий\Ancient-Lands\Ancient Lands\Library\PackageCache\com.unity.visualscripting@1.8.0\Editor\VisualScripting.Core\Dependencies\YamlDotNet\Unity.VisualScripting.YamlDotNet.dll
Symbol file LoadedFromMemory doesn't match image D:\Unity репозиторий\Ancient-Lands\Ancient Lands\Library\PackageCache\com.unity.visualscripting@1.8.0\Editor\VisualScripting.Core\Dependencies\DotNetZip\Unity.VisualScripting.IonicZip.dll
- Loaded All Assemblies, in  0.510 seconds
Refreshing native plugins compatible for Editor in 1.87 ms, found 3 plugins.
Native extension for WindowsStandalone target not found
Native extension for Android target not found
Mono: successfully reloaded assembly
- Finished resetting the current domain, in  0.731 seconds
Domain Reload Profiling: 1240ms
	BeginReloadAssembly (108ms)
		ExecutionOrderSort (0ms)
		DisableScriptedObjects (4ms)
		BackupInstance (0ms)
		ReleaseScriptingObjects (0ms)
		CreateAndSetChildDomain (34ms)
	RebuildCommonClasses (22ms)
	RebuildNativeTypeToScriptingClass (7ms)
	initialDomainReloadingComplete (18ms)
	LoadAllAssembliesAndSetupDomain (354ms)
		LoadAssemblies (191ms)
		RebuildTransferFunctionScriptingTraits (0ms)
		AnalyzeDomain (206ms)
			TypeCache.Refresh (198ms)
				TypeCache.ScanAssembly (188ms)
			ScanForSourceGeneratedMonoScriptInfo (0ms)
			ResolveRequiredComponents (8ms)
	FinalizeReload (731ms)
		ReleaseScriptCaches (0ms)
		RebuildScriptCaches (0ms)
		SetupLoadedEditorAssemblies (344ms)
			LogAssemblyErrors (0ms)
			InitializePlatformSupportModulesInManaged (15ms)
			SetLoadedEditorAssemblies (4ms)
			RefreshPlugins (0ms)
			BeforeProcessingInitializeOnLoad (55ms)
			ProcessInitializeOnLoadAttributes (219ms)
			ProcessInitializeOnLoadMethodAttributes (49ms)
			AfterProcessingInitializeOnLoad (2ms)
			EditorAssembliesLoaded (0ms)
		ExecutionOrderSort2 (0ms)
		AwakeInstancesAfterBackupRestoration (7ms)
Refreshing native plugins compatible for Editor in 1.85 ms, found 3 plugins.
Preloading 0 native plugins for Editor in 0.00 ms.
Unloading 5416 Unused Serialized files (Serialized files now loaded: 0)
Unloading 42 unused Assets / (390.0 KB). Loaded Objects now: 6087.
Memory consumption went from 193.5 MB to 193.1 MB.
Total: 3.196000 ms (FindLiveObjects: 0.336500 ms CreateObjectMapping: 0.266500 ms MarkObjects: 2.497100 ms  DeleteObjects: 0.095200 ms)

Prepare: number of updated asset objects reloaded= 0
AssetImportParameters requested are different than current active one (requested -> active):
  custom:scripting/monoscript/fileName/SimpleInputDragListener.cs: e70e89b11f10fbbe1f553f68da2c49a6 -> 
  custom:scripting/monoscript/fileName/BaseInput.cs: 5d583b3c06f8372fbc5dcf1039a62ed5 -> 2124093b3f8a7fbb31af4584d7906f17
  custom:scripting/monoscript/fileName/SwipeGestureBase.cs: 90647cc400823b41df847a6cbfc29026 -> 
  custom:container-demuxer-ogg: 62fdf1f143b41e24485cea50d1cbac27 -> 
  custom:scripting/monoscript/fileName/KeyInputUI.cs: 9ced766321c62164f358eb2683dcee24 -> 
  custom:scripting/monoscript/fileName/ISimpleInputDraggableMultiTouch.cs: bad0aae7acfc31886d5d6cd64511bb37 -> 
  custom:scripting/monoscript/fileName/SimpleInputUtils.cs: 2b7179258bf8caef7276524804fd56a8 -> 
  custom:scripting/monoscript/fileName/AxisInputKeyboard.cs: 4c59efc46215873528eb46c47b9a57d8 -> 
  custom:scripting/monoscript/fileName/Touchpad.cs: af8171bd9de94ceab200fecaa797664a -> 
  custom:video-decoder-ogg-theora: a1e56fd34408186e4bbccfd4996cb3dc -> 
  custom:scripting/monoscript/fileName/ButtonInputSwipeGesture.cs: 57fd3587f7d3a1b2753240f33c7f512a -> 
  custom:scripting/monoscript/fileName/PointAndClickManager.cs: ca53010796b4de73fe5b234435c3e078 -> fa32d372a252ee86bcc063642d34517c
  custom:framework-win-MediaFoundation: 216162199b28c13a410421893ffa2e32 -> 
  custom:scripting/monoscript/fileName/ButtonInputUI.cs: 860f7312d94ca0d38c049eb09b4ebb79 -> 
  custom:scripting/monoscript/fileName/Move.cs: 73a45274d592f163b9c1ce89ddb016d1 -> 
  custom:scripting/monoscript/fileName/DisableMeshAtRuntime.cs: cab17774665095244ea56be384dc4693 -> b13d25dcacf5740aa2e5f629bc06acfd
  custom:scripting/monoscript/fileName/ButtonInputDrawer.cs: 14583ec797aaef62041dfb8bacb16bb2 -> 
  custom:scripting/monoscript/fileName/AxisInputUIArrows.cs: 9e4f49dcc0a35cdd28b802d390debcb6 -> 
  custom:container-demuxer-webm: 4f35f7cbe854078d1ac9338744f61a02 -> 
  custom:scripting/monoscript/fileName/SteeringWheel.cs: 56729bf68c4b1cde8857cd3e3fb43441 -> 
  custom:scripting/monoscript/fileName/SetCharacterEditor.cs: f74b6d9fe8fbca0103564d0889d951da -> 8973c7b2cc141a00270ba0c27360d0cc
  custom:scripting/monoscript/fileName/MouseButtonInputDrawer.cs: d3764dae7657d5ecbe906ef6dd0cc964 -> 
  custom:scripting/monoscript/fileName/KeyInputSwipeGesture.cs: 9179e959774cf3fe6ccc5e3d5adea90f -> 
  custom:scripting/monoscript/fileName/NonDrawingGraphic.cs: c2094ae89b103fb99b7fa794d364ee1e -> 
  custom:scripting/monoscript/fileName/CameraFollow.cs: 9b150ee781d2c96881d6021398a5e296 -> 
  custom:scripting/monoscript/fileName/AxisInputUI.cs: 8e9e9e7d81bf0b577b799997060acaa2 -> 
  custom:container-muxer-webm: aa71ff27fc2769a1b78a27578f13a17b -> 
  custom:scripting/monoscript/fileName/ISimpleInputDraggable.cs: 02e2c0f5c4c7b09cca95cd6995751649 -> 
  custom:scripting/monoscript/fileName/SimpleInputHelper.cs: b3a83afe8525559ea8de8bf181ae12d3 -> 
  custom:video-decoder-webm-vp8: 9c59270c3fd7afecdb556c50c9e8de78 -> 
  custom:scripting/monoscript/fileName/ButtonInputKeyboard.cs: ba25923f154a63c5784ce1232d468254 -> 
  custom:scripting/monoscript/fileName/MouseButtonInputSwipeGesture.cs: 7ee8a5727ee40a85fb7fa6a75850aa15 -> 
  custom:scripting/monoscript/fileName/SimpleInput.cs: 19c198c77e4a747ec81d49f894402aeb -> 
  custom:scripting/monoscript/fileName/Dpad.cs: 1d0a65058286db0581ff769384403511 -> 
  custom:SearchIndexIgnoredProperties: e643bd26f0fe6173181afceb89e7c659 -> 
  custom:scripting/monoscript/fileName/AxisInputMouse.cs: e1b8e00523cffe7088e2230fe5dd6251 -> 
  custom:scripting/monoscript/fileName/FpsCounter.cs: b2a88c3520e04eb3d5c5bb2facecf66a -> f7d292bb0de5814b7cbdb34b921784fc
  custom:AudioImporter_EditorPlatform: d09bf68614088b80899f8185d706f6e7 -> 
  custom:scripting/monoscript/fileName/AxisInputDrawer.cs: 1f4474b5d272ca49bf560a178fd66612 -> 
  custom:scripting/monoscript/fileName/AxisInputRotateGesture.cs: c3a9ef0ee267b1c6d5f3a96e5c245615 -> 
  custom:scripting/monoscript/fileName/KeyInputKeyboard.cs: 90fcee54091edb186581d662ee44b0f5 -> 
  custom:scripting/monoscript/fileName/SelectivePointerInput.cs: 5e57eed8b4ce4d406f51c54daa1ec5c9 -> 
  custom:video-encoder-webm-vp8: eb34c28f22e8b96e1ab97ce403110664 -> 
  custom:audio-decoder-ogg-vorbis: bf7c407c2cedff20999df2af8eb42d56 -> 
  custom:scripting/monoscript/fileName/AxisInputSwipeGesture.cs: 3e7798eec0a44491ee75273411e03fa0 -> 
  custom:scripting/monoscript/fileName/AxisInputMoveGesture.cs: 584680ffe2cc03e6d1e18b851724ba96 -> 
  custom:scripting/monoscript/fileName/AxisInputPinchGesture.cs: f546e06ef7b104dd75f56c5ce245c26a -> 
  custom:scripting/monoscript/fileName/MouseButtonInputKeyboard.cs: 1e9725fec1e8520e9e8b6ddf6e9b6216 -> 
  custom:scripting/monoscript/fileName/UnityInputProvider.cs: ace0180975236bb7042cbd4fa7b80d75 -> 
  custom:scripting/monoscript/fileName/BaseInputDrawer.cs: 7a7f4cd8f8028527aa460efb14cf999f -> 
  custom:scripting/monoscript/fileName/Joystick.cs: 291ab2eb02dfb056a8571d14613b9921 -> 1a1d9a9cba7940fed9939f7306abee3f
  custom:scripting/monoscript/fileName/SetCharacter.cs: 8e6ac516b7d92d6b7da39bc386506d1a -> 66000bc1a703bb6f10eb1b49c927df39
  custom:scripting/monoscript/fileName/KeyInputDrawer.cs: 1dfaad815a1c0a7c5aee80ef2c46a549 -> 
  custom:audio-encoder-webm-vorbis: bf7c407c2cedff20999df2af8eb42d56 -> 
  custom:scripting/monoscript/fileName/SimpleInputMultiDragListener.cs: 3367a275164e284edd0600b9f3926f78 -> 
  custom:scripting/monoscript/fileName/MouseButtonInputUI.cs: d89dff9ee068b6592ddeb6d855f78ea5 -> 
========================================================================
Received Import Request.
  Time since last request: 13717.128280 seconds.
  path: Assets/AssetsThirdParty/Cartoon Heroes/Character Prefabs/Female/Female C.prefab
  artifactKey: Guid(de2a7efe044817e43b49fa819dea7499) Importer(815301076,1909f56bfc062723c751e8b465ee728b)
Start importing Assets/AssetsThirdParty/Cartoon Heroes/Character Prefabs/Female/Female C.prefab using Guid(de2a7efe044817e43b49fa819dea7499) Importer(815301076,1909f56bfc062723c751e8b465ee728b)  -> (artifact id: 'b9a9ae727e6337fa825a1b5133e51a1b') in 0.043438 seconds
Number of updated asset objects reloaded before import = 0
Number of asset objects unloaded after import = 940
========================================================================
Received Prepare
Begin MonoManager ReloadAssembly
Symbol file LoadedFromMemory doesn't match image D:\Unity репозиторий\Ancient-Lands\Ancient Lands\Library\PackageCache\com.unity.visualscripting@1.8.0\Editor\VisualScripting.Core\Dependencies\YamlDotNet\Unity.VisualScripting.YamlDotNet.dll
Symbol file LoadedFromMemory doesn't match image D:\Unity репозиторий\Ancient-Lands\Ancient Lands\Library\PackageCache\com.unity.visualscripting@1.8.0\Editor\VisualScripting.Core\Dependencies\DotNetZip\Unity.VisualScripting.IonicZip.dll
- Loaded All Assemblies, in  0.490 seconds
Refreshing native plugins compatible for Editor in 2.34 ms, found 3 plugins.
Native extension for WindowsStandalone target not found
Native extension for Android target not found
Mono: successfully reloaded assembly
- Finished resetting the current domain, in  0.723 seconds
Domain Reload Profiling: 1212ms
	BeginReloadAssembly (107ms)
		ExecutionOrderSort (0ms)
		DisableScriptedObjects (4ms)
		BackupInstance (0ms)
		ReleaseScriptingObjects (0ms)
		CreateAndSetChildDomain (31ms)
	RebuildCommonClasses (24ms)
	RebuildNativeTypeToScriptingClass (8ms)
	initialDomainReloadingComplete (19ms)
	LoadAllAssembliesAndSetupDomain (332ms)
		LoadAssemblies (179ms)
		RebuildTransferFunctionScriptingTraits (0ms)
		AnalyzeDomain (199ms)
			TypeCache.Refresh (192ms)
				TypeCache.ScanAssembly (184ms)
			ScanForSourceGeneratedMonoScriptInfo (0ms)
			ResolveRequiredComponents (8ms)
	FinalizeReload (723ms)
		ReleaseScriptCaches (0ms)
		RebuildScriptCaches (0ms)
		SetupLoadedEditorAssemblies (341ms)
			LogAssemblyErrors (0ms)
			InitializePlatformSupportModulesInManaged (15ms)
			SetLoadedEditorAssemblies (3ms)
			RefreshPlugins (0ms)
			BeforeProcessingInitializeOnLoad (56ms)
			ProcessInitializeOnLoadAttributes (222ms)
			ProcessInitializeOnLoadMethodAttributes (44ms)
			AfterProcessingInitializeOnLoad (2ms)
			EditorAssembliesLoaded (0ms)
		ExecutionOrderSort2 (0ms)
		AwakeInstancesAfterBackupRestoration (7ms)
Refreshing native plugins compatible for Editor in 2.26 ms, found 3 plugins.
Preloading 0 native plugins for Editor in 0.00 ms.
Unloading 5416 Unused Serialized files (Serialized files now loaded: 0)
Unloading 42 unused Assets / (390.1 KB). Loaded Objects now: 6104.
Memory consumption went from 193.6 MB to 193.2 MB.
Total: 3.065600 ms (FindLiveObjects: 0.333000 ms CreateObjectMapping: 0.153500 ms MarkObjects: 2.481500 ms  DeleteObjects: 0.097000 ms)

Prepare: number of updated asset objects reloaded= 0
AssetImportParameters requested are different than current active one (requested -> active):
  custom:scripting/monoscript/fileName/SimpleInputDragListener.cs: e70e89b11f10fbbe1f553f68da2c49a6 -> 
  custom:scripting/monoscript/fileName/BaseInput.cs: 5d583b3c06f8372fbc5dcf1039a62ed5 -> 2124093b3f8a7fbb31af4584d7906f17
  custom:scripting/monoscript/fileName/SwipeGestureBase.cs: 90647cc400823b41df847a6cbfc29026 -> 
  custom:container-demuxer-ogg: 62fdf1f143b41e24485cea50d1cbac27 -> 
  custom:scripting/monoscript/fileName/KeyInputUI.cs: 9ced766321c62164f358eb2683dcee24 -> 
  custom:scripting/monoscript/fileName/ISimpleInputDraggableMultiTouch.cs: bad0aae7acfc31886d5d6cd64511bb37 -> 
  custom:scripting/monoscript/fileName/SimpleInputUtils.cs: 2b7179258bf8caef7276524804fd56a8 -> 
  custom:scripting/monoscript/fileName/AxisInputKeyboard.cs: 4c59efc46215873528eb46c47b9a57d8 -> 
  custom:scripting/monoscript/fileName/Touchpad.cs: af8171bd9de94ceab200fecaa797664a -> 
  custom:video-decoder-ogg-theora: a1e56fd34408186e4bbccfd4996cb3dc -> 
  custom:scripting/monoscript/fileName/ButtonInputSwipeGesture.cs: 57fd3587f7d3a1b2753240f33c7f512a -> 
  custom:scripting/monoscript/fileName/PointAndClickManager.cs: ca53010796b4de73fe5b234435c3e078 -> fa32d372a252ee86bcc063642d34517c
  custom:framework-win-MediaFoundation: 216162199b28c13a410421893ffa2e32 -> 
  custom:scripting/monoscript/fileName/ButtonInputUI.cs: 860f7312d94ca0d38c049eb09b4ebb79 -> 
  custom:scripting/monoscript/fileName/Move.cs: 73a45274d592f163b9c1ce89ddb016d1 -> 
  custom:scripting/monoscript/fileName/DisableMeshAtRuntime.cs: cab17774665095244ea56be384dc4693 -> b13d25dcacf5740aa2e5f629bc06acfd
  custom:scripting/monoscript/fileName/ButtonInputDrawer.cs: 14583ec797aaef62041dfb8bacb16bb2 -> 
  custom:scripting/monoscript/fileName/AxisInputUIArrows.cs: 9e4f49dcc0a35cdd28b802d390debcb6 -> 
  custom:container-demuxer-webm: 4f35f7cbe854078d1ac9338744f61a02 -> 
  custom:scripting/monoscript/fileName/SteeringWheel.cs: 56729bf68c4b1cde8857cd3e3fb43441 -> 
  custom:scripting/monoscript/fileName/SetCharacterEditor.cs: f74b6d9fe8fbca0103564d0889d951da -> 8973c7b2cc141a00270ba0c27360d0cc
  custom:scripting/monoscript/fileName/MouseButtonInputDrawer.cs: d3764dae7657d5ecbe906ef6dd0cc964 -> 
  custom:scripting/monoscript/fileName/KeyInputSwipeGesture.cs: 9179e959774cf3fe6ccc5e3d5adea90f -> 
  custom:scripting/monoscript/fileName/NonDrawingGraphic.cs: c2094ae89b103fb99b7fa794d364ee1e -> 
  custom:scripting/monoscript/fileName/CameraFollow.cs: 9b150ee781d2c96881d6021398a5e296 -> 
  custom:scripting/monoscript/fileName/AxisInputUI.cs: 8e9e9e7d81bf0b577b799997060acaa2 -> 
  custom:container-muxer-webm: aa71ff27fc2769a1b78a27578f13a17b -> 
  custom:scripting/monoscript/fileName/ISimpleInputDraggable.cs: 02e2c0f5c4c7b09cca95cd6995751649 -> 
  custom:scripting/monoscript/fileName/SimpleInputHelper.cs: b3a83afe8525559ea8de8bf181ae12d3 -> 
  custom:video-decoder-webm-vp8: 9c59270c3fd7afecdb556c50c9e8de78 -> 
  custom:scripting/monoscript/fileName/ButtonInputKeyboard.cs: ba25923f154a63c5784ce1232d468254 -> 
  custom:scripting/monoscript/fileName/MouseButtonInputSwipeGesture.cs: 7ee8a5727ee40a85fb7fa6a75850aa15 -> 
  custom:scripting/monoscript/fileName/SimpleInput.cs: 19c198c77e4a747ec81d49f894402aeb -> 
  custom:scripting/monoscript/fileName/Dpad.cs: 1d0a65058286db0581ff769384403511 -> 
  custom:SearchIndexIgnoredProperties: e643bd26f0fe6173181afceb89e7c659 -> 
  custom:scripting/monoscript/fileName/AxisInputMouse.cs: e1b8e00523cffe7088e2230fe5dd6251 -> 
  custom:scripting/monoscript/fileName/FpsCounter.cs: b2a88c3520e04eb3d5c5bb2facecf66a -> f7d292bb0de5814b7cbdb34b921784fc
  custom:AudioImporter_EditorPlatform: d09bf68614088b80899f8185d706f6e7 -> 
  custom:scripting/monoscript/fileName/AxisInputDrawer.cs: 1f4474b5d272ca49bf560a178fd66612 -> 
  custom:scripting/monoscript/fileName/AxisInputRotateGesture.cs: c3a9ef0ee267b1c6d5f3a96e5c245615 -> 
  custom:scripting/monoscript/fileName/KeyInputKeyboard.cs: 90fcee54091edb186581d662ee44b0f5 -> 
  custom:scripting/monoscript/fileName/SelectivePointerInput.cs: 5e57eed8b4ce4d406f51c54daa1ec5c9 -> 
  custom:video-encoder-webm-vp8: eb34c28f22e8b96e1ab97ce403110664 -> 
  custom:audio-decoder-ogg-vorbis: bf7c407c2cedff20999df2af8eb42d56 -> 
  custom:scripting/monoscript/fileName/AxisInputSwipeGesture.cs: 3e7798eec0a44491ee75273411e03fa0 -> 
  custom:scripting/monoscript/fileName/AxisInputMoveGesture.cs: 584680ffe2cc03e6d1e18b851724ba96 -> 
  custom:scripting/monoscript/fileName/AxisInputPinchGesture.cs: f546e06ef7b104dd75f56c5ce245c26a -> 
  custom:scripting/monoscript/fileName/MouseButtonInputKeyboard.cs: 1e9725fec1e8520e9e8b6ddf6e9b6216 -> 
  custom:scripting/monoscript/fileName/UnityInputProvider.cs: ace0180975236bb7042cbd4fa7b80d75 -> 
  custom:scripting/monoscript/fileName/BaseInputDrawer.cs: 7a7f4cd8f8028527aa460efb14cf999f -> 
  custom:scripting/monoscript/fileName/Joystick.cs: 291ab2eb02dfb056a8571d14613b9921 -> 1a1d9a9cba7940fed9939f7306abee3f
  custom:scripting/monoscript/fileName/SetCharacter.cs: 8e6ac516b7d92d6b7da39bc386506d1a -> 66000bc1a703bb6f10eb1b49c927df39
  custom:scripting/monoscript/fileName/KeyInputDrawer.cs: 1dfaad815a1c0a7c5aee80ef2c46a549 -> 
  custom:audio-encoder-webm-vorbis: bf7c407c2cedff20999df2af8eb42d56 -> 
  custom:scripting/monoscript/fileName/SimpleInputMultiDragListener.cs: 3367a275164e284edd0600b9f3926f78 -> 
  custom:scripting/monoscript/fileName/MouseButtonInputUI.cs: d89dff9ee068b6592ddeb6d855f78ea5 -> 
========================================================================
Received Prepare
Begin MonoManager ReloadAssembly
Symbol file LoadedFromMemory doesn't match image D:\Unity репозиторий\Ancient-Lands\Ancient Lands\Library\PackageCache\com.unity.visualscripting@1.8.0\Editor\VisualScripting.Core\Dependencies\YamlDotNet\Unity.VisualScripting.YamlDotNet.dll
Symbol file LoadedFromMemory doesn't match image D:\Unity репозиторий\Ancient-Lands\Ancient Lands\Library\PackageCache\com.unity.visualscripting@1.8.0\Editor\VisualScripting.Core\Dependencies\DotNetZip\Unity.VisualScripting.IonicZip.dll
- Loaded All Assemblies, in  0.479 seconds
Refreshing native plugins compatible for Editor in 1.87 ms, found 3 plugins.
Native extension for WindowsStandalone target not found
Native extension for Android target not found
Mono: successfully reloaded assembly
- Finished resetting the current domain, in  0.713 seconds
Domain Reload Profiling: 1192ms
	BeginReloadAssembly (103ms)
		ExecutionOrderSort (0ms)
		DisableScriptedObjects (4ms)
		BackupInstance (0ms)
		ReleaseScriptingObjects (0ms)
		CreateAndSetChildDomain (31ms)
	RebuildCommonClasses (22ms)
	RebuildNativeTypeToScriptingClass (7ms)
	initialDomainReloadingComplete (18ms)
	LoadAllAssembliesAndSetupDomain (328ms)
		LoadAssemblies (183ms)
		RebuildTransferFunctionScriptingTraits (0ms)
		AnalyzeDomain (187ms)
			TypeCache.Refresh (180ms)
				TypeCache.ScanAssembly (172ms)
			ScanForSourceGeneratedMonoScriptInfo (0ms)
			ResolveRequiredComponents (8ms)
	FinalizeReload (713ms)
		ReleaseScriptCaches (0ms)
		RebuildScriptCaches (0ms)
		SetupLoadedEditorAssemblies (335ms)
			LogAssemblyErrors (0ms)
			InitializePlatformSupportModulesInManaged (16ms)
			SetLoadedEditorAssemblies (3ms)
			RefreshPlugins (0ms)
			BeforeProcessingInitializeOnLoad (54ms)
			ProcessInitializeOnLoadAttributes (214ms)
			ProcessInitializeOnLoadMethodAttributes (45ms)
			AfterProcessingInitializeOnLoad (2ms)
			EditorAssembliesLoaded (0ms)
		ExecutionOrderSort2 (0ms)
		AwakeInstancesAfterBackupRestoration (6ms)
Refreshing native plugins compatible for Editor in 1.88 ms, found 3 plugins.
Preloading 0 native plugins for Editor in 0.00 ms.
Unloading 5416 Unused Serialized files (Serialized files now loaded: 0)
Unloading 42 unused Assets / (389.9 KB). Loaded Objects now: 6120.
Memory consumption went from 193.6 MB to 193.2 MB.
Total: 4.026000 ms (FindLiveObjects: 0.336200 ms CreateObjectMapping: 0.276600 ms MarkObjects: 3.292000 ms  DeleteObjects: 0.120400 ms)

Prepare: number of updated asset objects reloaded= 0
AssetImportParameters requested are different than current active one (requested -> active):
  custom:scripting/monoscript/fileName/SimpleInputDragListener.cs: e70e89b11f10fbbe1f553f68da2c49a6 -> 
  custom:scripting/monoscript/fileName/BaseInput.cs: 5d583b3c06f8372fbc5dcf1039a62ed5 -> 2124093b3f8a7fbb31af4584d7906f17
  custom:scripting/monoscript/fileName/SwipeGestureBase.cs: 90647cc400823b41df847a6cbfc29026 -> 
  custom:container-demuxer-ogg: 62fdf1f143b41e24485cea50d1cbac27 -> 
  custom:scripting/monoscript/fileName/KeyInputUI.cs: 9ced766321c62164f358eb2683dcee24 -> 
  custom:scripting/monoscript/fileName/ISimpleInputDraggableMultiTouch.cs: bad0aae7acfc31886d5d6cd64511bb37 -> 
  custom:scripting/monoscript/fileName/SimpleInputUtils.cs: 2b7179258bf8caef7276524804fd56a8 -> 
  custom:scripting/monoscript/fileName/AxisInputKeyboard.cs: 4c59efc46215873528eb46c47b9a57d8 -> 
  custom:scripting/monoscript/fileName/Touchpad.cs: af8171bd9de94ceab200fecaa797664a -> 
  custom:video-decoder-ogg-theora: a1e56fd34408186e4bbccfd4996cb3dc -> 
  custom:scripting/monoscript/fileName/ButtonInputSwipeGesture.cs: 57fd3587f7d3a1b2753240f33c7f512a -> 
  custom:scripting/monoscript/fileName/PointAndClickManager.cs: ca53010796b4de73fe5b234435c3e078 -> fa32d372a252ee86bcc063642d34517c
  custom:framework-win-MediaFoundation: 216162199b28c13a410421893ffa2e32 -> 
  custom:scripting/monoscript/fileName/ButtonInputUI.cs: 860f7312d94ca0d38c049eb09b4ebb79 -> 
  custom:scripting/monoscript/fileName/Move.cs: 73a45274d592f163b9c1ce89ddb016d1 -> 
  custom:scripting/monoscript/fileName/DisableMeshAtRuntime.cs: cab17774665095244ea56be384dc4693 -> b13d25dcacf5740aa2e5f629bc06acfd
  custom:scripting/monoscript/fileName/ButtonInputDrawer.cs: 14583ec797aaef62041dfb8bacb16bb2 -> 
  custom:scripting/monoscript/fileName/AxisInputUIArrows.cs: 9e4f49dcc0a35cdd28b802d390debcb6 -> 
  custom:container-demuxer-webm: 4f35f7cbe854078d1ac9338744f61a02 -> 
  custom:scripting/monoscript/fileName/SteeringWheel.cs: 56729bf68c4b1cde8857cd3e3fb43441 -> 
  custom:scripting/monoscript/fileName/SetCharacterEditor.cs: f74b6d9fe8fbca0103564d0889d951da -> 8973c7b2cc141a00270ba0c27360d0cc
  custom:scripting/monoscript/fileName/MouseButtonInputDrawer.cs: d3764dae7657d5ecbe906ef6dd0cc964 -> 
  custom:scripting/monoscript/fileName/KeyInputSwipeGesture.cs: 9179e959774cf3fe6ccc5e3d5adea90f -> 
  custom:scripting/monoscript/fileName/NonDrawingGraphic.cs: c2094ae89b103fb99b7fa794d364ee1e -> 
  custom:scripting/monoscript/fileName/CameraFollow.cs: 9b150ee781d2c96881d6021398a5e296 -> 
  custom:scripting/monoscript/fileName/AxisInputUI.cs: 8e9e9e7d81bf0b577b799997060acaa2 -> 
  custom:container-muxer-webm: aa71ff27fc2769a1b78a27578f13a17b -> 
  custom:scripting/monoscript/fileName/ISimpleInputDraggable.cs: 02e2c0f5c4c7b09cca95cd6995751649 -> 
  custom:scripting/monoscript/fileName/SimpleInputHelper.cs: b3a83afe8525559ea8de8bf181ae12d3 -> 
  custom:video-decoder-webm-vp8: 9c59270c3fd7afecdb556c50c9e8de78 -> 
  custom:scripting/monoscript/fileName/ButtonInputKeyboard.cs: ba25923f154a63c5784ce1232d468254 -> 
  custom:scripting/monoscript/fileName/MouseButtonInputSwipeGesture.cs: 7ee8a5727ee40a85fb7fa6a75850aa15 -> 
  custom:scripting/monoscript/fileName/SimpleInput.cs: 19c198c77e4a747ec81d49f894402aeb -> 
  custom:scripting/monoscript/fileName/Dpad.cs: 1d0a65058286db0581ff769384403511 -> 
  custom:SearchIndexIgnoredProperties: e643bd26f0fe6173181afceb89e7c659 -> 
  custom:scripting/monoscript/fileName/AxisInputMouse.cs: e1b8e00523cffe7088e2230fe5dd6251 -> 
  custom:scripting/monoscript/fileName/FpsCounter.cs: b2a88c3520e04eb3d5c5bb2facecf66a -> f7d292bb0de5814b7cbdb34b921784fc
  custom:AudioImporter_EditorPlatform: d09bf68614088b80899f8185d706f6e7 -> 
  custom:scripting/monoscript/fileName/AxisInputDrawer.cs: 1f4474b5d272ca49bf560a178fd66612 -> 
  custom:scripting/monoscript/fileName/AxisInputRotateGesture.cs: c3a9ef0ee267b1c6d5f3a96e5c245615 -> 
  custom:scripting/monoscript/fileName/KeyInputKeyboard.cs: 90fcee54091edb186581d662ee44b0f5 -> 
  custom:scripting/monoscript/fileName/SelectivePointerInput.cs: 5e57eed8b4ce4d406f51c54daa1ec5c9 -> 
  custom:video-encoder-webm-vp8: eb34c28f22e8b96e1ab97ce403110664 -> 
  custom:audio-decoder-ogg-vorbis: bf7c407c2cedff20999df2af8eb42d56 -> 
  custom:scripting/monoscript/fileName/AxisInputSwipeGesture.cs: 3e7798eec0a44491ee75273411e03fa0 -> 
  custom:scripting/monoscript/fileName/AxisInputMoveGesture.cs: 584680ffe2cc03e6d1e18b851724ba96 -> 
  custom:scripting/monoscript/fileName/AxisInputPinchGesture.cs: f546e06ef7b104dd75f56c5ce245c26a -> 
  custom:scripting/monoscript/fileName/MouseButtonInputKeyboard.cs: 1e9725fec1e8520e9e8b6ddf6e9b6216 -> 
  custom:scripting/monoscript/fileName/UnityInputProvider.cs: ace0180975236bb7042cbd4fa7b80d75 -> 
  custom:scripting/monoscript/fileName/BaseInputDrawer.cs: 7a7f4cd8f8028527aa460efb14cf999f -> 
  custom:scripting/monoscript/fileName/Joystick.cs: 291ab2eb02dfb056a8571d14613b9921 -> 1a1d9a9cba7940fed9939f7306abee3f
  custom:scripting/monoscript/fileName/SetCharacter.cs: 8e6ac516b7d92d6b7da39bc386506d1a -> 66000bc1a703bb6f10eb1b49c927df39
  custom:scripting/monoscript/fileName/KeyInputDrawer.cs: 1dfaad815a1c0a7c5aee80ef2c46a549 -> 
  custom:audio-encoder-webm-vorbis: bf7c407c2cedff20999df2af8eb42d56 -> 
  custom:scripting/monoscript/fileName/SimpleInputMultiDragListener.cs: 3367a275164e284edd0600b9f3926f78 -> 
  custom:scripting/monoscript/fileName/MouseButtonInputUI.cs: d89dff9ee068b6592ddeb6d855f78ea5 -> 
========================================================================
Received Import Request.
  Time since last request: 214.656356 seconds.
  path: Assets/Resources/Loot/Loot.prefab
  artifactKey: Guid(d587ba2fd38b20449986c007d26d2b8a) Importer(815301076,1909f56bfc062723c751e8b465ee728b)
Start importing Assets/Resources/Loot/Loot.prefab using Guid(d587ba2fd38b20449986c007d26d2b8a) Importer(815301076,1909f56bfc062723c751e8b465ee728b)  -> (artifact id: '7b2b3c062f0ab1f9ba1a08d2803ad1a4') in 0.040294 seconds
Number of updated asset objects reloaded before import = 0
Number of asset objects unloaded after import = 53
========================================================================
Received Import Request.
  Time since last request: 118.216038 seconds.
  path: Assets/Resources/Controls/Joystick.prefab
  artifactKey: Guid(e0815e227ed46e445b99930271e8942c) Importer(815301076,1909f56bfc062723c751e8b465ee728b)
Start importing Assets/Resources/Controls/Joystick.prefab using Guid(e0815e227ed46e445b99930271e8942c) Importer(815301076,1909f56bfc062723c751e8b465ee728b)  -> (artifact id: 'c76f46f92e4537e4fadacc010e4e49d6') in 0.002521 seconds
Number of updated asset objects reloaded before import = 0
Number of asset objects unloaded after import = 12
========================================================================
Received Import Request.
  Time since last request: 5.671997 seconds.
  path: Assets/Resources/Levels/Graveyard/BonePile.prefab
  artifactKey: Guid(3a12abfecb116834ab4453920e0357f2) Importer(815301076,1909f56bfc062723c751e8b465ee728b)
Start importing Assets/Resources/Levels/Graveyard/BonePile.prefab using Guid(3a12abfecb116834ab4453920e0357f2) Importer(815301076,1909f56bfc062723c751e8b465ee728b)  -> (artifact id: '5571d7de665a163a83390e95210e5821') in 0.004324 seconds
Number of updated asset objects reloaded before import = 0
Number of asset objects unloaded after import = 8
========================================================================
Received Import Request.
  Time since last request: 0.000009 seconds.
  path: Assets/Resources/Levels/Graveyard/deadly_tree.prefab
  artifactKey: Guid(21d7779dd14db404fb09452bd9ef3c9f) Importer(815301076,1909f56bfc062723c751e8b465ee728b)
Start importing Assets/Resources/Levels/Graveyard/deadly_tree.prefab using Guid(21d7779dd14db404fb09452bd9ef3c9f) Importer(815301076,1909f56bfc062723c751e8b465ee728b)  -> (artifact id: 'b783a0431375d88d63743b1412a60847') in 0.004897 seconds
Number of updated asset objects reloaded before import = 0
Number of asset objects unloaded after import = 6
========================================================================
Received Import Request.
  Time since last request: 0.002325 seconds.
  path: Assets/Resources/Levels/Graveyard/Fence_1.prefab
  artifactKey: Guid(9d0d04b9d0aaca14eb9a6b3067bcdb36) Importer(815301076,1909f56bfc062723c751e8b465ee728b)
Start importing Assets/Resources/Levels/Graveyard/Fence_1.prefab using Guid(9d0d04b9d0aaca14eb9a6b3067bcdb36) Importer(815301076,1909f56bfc062723c751e8b465ee728b)  -> (artifact id: '00d88855d25d3f9323ff672a749564c1') in 0.004215 seconds
Number of updated asset objects reloaded before import = 0
Number of asset objects unloaded after import = 17
========================================================================
Received Import Request.
  Time since last request: 0.005781 seconds.
  path: Assets/Resources/Levels/Graveyard/fence_pillar_05.prefab
  artifactKey: Guid(4c191200ac4117749994a275c908a7f3) Importer(815301076,1909f56bfc062723c751e8b465ee728b)
Start importing Assets/Resources/Levels/Graveyard/fence_pillar_05.prefab using Guid(4c191200ac4117749994a275c908a7f3) Importer(815301076,1909f56bfc062723c751e8b465ee728b)  -> (artifact id: '798b572bae7556554dea48eefb4eecf8') in 0.004435 seconds
Number of updated asset objects reloaded before import = 0
Number of asset objects unloaded after import = 8
========================================================================
Received Import Request.
  Time since last request: 0.000010 seconds.
  path: Assets/Resources/Levels/Graveyard/fence_pillar_08.prefab
  artifactKey: Guid(d984b555f304d604bbb1c71b0c4b214a) Importer(815301076,1909f56bfc062723c751e8b465ee728b)
Start importing Assets/Resources/Levels/Graveyard/fence_pillar_08.prefab using Guid(d984b555f304d604bbb1c71b0c4b214a) Importer(815301076,1909f56bfc062723c751e8b465ee728b)  -> (artifact id: 'feeefbd868ca518baad48ce8e43571cc') in 0.004286 seconds
Number of updated asset objects reloaded before import = 0
Number of asset objects unloaded after import = 8
========================================================================
Received Import Request.
  Time since last request: 0.000011 seconds.
  path: Assets/Resources/Levels/Graveyard/fence_tile_07.prefab
  artifactKey: Guid(03ca71882a8c5914aa32820d45ac60cb) Importer(815301076,1909f56bfc062723c751e8b465ee728b)
Start importing Assets/Resources/Levels/Graveyard/fence_tile_07.prefab using Guid(03ca71882a8c5914aa32820d45ac60cb) Importer(815301076,1909f56bfc062723c751e8b465ee728b)  -> (artifact id: '60f4c482c4494353467e66e1e5fd86f8') in 0.000903 seconds
Number of updated asset objects reloaded before import = 0
Number of asset objects unloaded after import = 8
========================================================================
Received Import Request.
  Time since last request: 0.000009 seconds.
  path: Assets/Resources/Levels/Graveyard/fence_pillar_07.prefab
  artifactKey: Guid(2626a9c4f8700c249b1bf128cac8cc0a) Importer(815301076,1909f56bfc062723c751e8b465ee728b)
Start importing Assets/Resources/Levels/Graveyard/fence_pillar_07.prefab using Guid(2626a9c4f8700c249b1bf128cac8cc0a) Importer(815301076,1909f56bfc062723c751e8b465ee728b)  -> (artifact id: '45b368635737663384c59cefaf9027dd') in 0.001210 seconds
Number of updated asset objects reloaded before import = 0
Number of asset objects unloaded after import = 8
========================================================================
Received Import Request.
  Time since last request: 0.000012 seconds.
  path: Assets/Resources/Levels/Graveyard/fence_tile_10.prefab
  artifactKey: Guid(564ec54bbb1c93b4897d933d2cb780ea) Importer(815301076,1909f56bfc062723c751e8b465ee728b)
Start importing Assets/Resources/Levels/Graveyard/fence_tile_10.prefab using Guid(564ec54bbb1c93b4897d933d2cb780ea) Importer(815301076,1909f56bfc062723c751e8b465ee728b)  -> (artifact id: 'a2f72ee112b9f3c6e9e577df1c1418fc') in 0.000966 seconds
Number of updated asset objects reloaded before import = 0
Number of asset objects unloaded after import = 8
========================================================================
Received Import Request.
  Time since last request: 0.000009 seconds.
  path: Assets/Resources/Levels/Graveyard/Fence_2.prefab
  artifactKey: Guid(b570a34381847014d89395d69eecbee9) Importer(815301076,1909f56bfc062723c751e8b465ee728b)
Start importing Assets/Resources/Levels/Graveyard/Fence_2.prefab using Guid(b570a34381847014d89395d69eecbee9) Importer(815301076,1909f56bfc062723c751e8b465ee728b)  -> (artifact id: 'ea1e87589252cdd2650cf6c7d62422e6') in 0.001809 seconds
Number of updated asset objects reloaded before import = 0
Number of asset objects unloaded after import = 17
========================================================================
Received Import Request.
  Time since last request: 1.981152 seconds.
  path: Assets/Resources/Levels/Graveyard/FenceCorner_2.prefab
  artifactKey: Guid(ab20e6304361260438c59183cc712e35) Importer(815301076,1909f56bfc062723c751e8b465ee728b)
Start importing Assets/Resources/Levels/Graveyard/FenceCorner_2.prefab using Guid(ab20e6304361260438c59183cc712e35) Importer(815301076,1909f56bfc062723c751e8b465ee728b)  -> (artifact id: 'f34183697f24516d829172431d87e093') in 0.001537 seconds
Number of updated asset objects reloaded before import = 0
Number of asset objects unloaded after import = 24
========================================================================
Received Import Request.
  Time since last request: 0.024375 seconds.
  path: Assets/Resources/Levels/Graveyard/gate_03.prefab
  artifactKey: Guid(237b215c1124dd049b251dade41508a4) Importer(815301076,1909f56bfc062723c751e8b465ee728b)
Start importing Assets/Resources/Levels/Graveyard/gate_03.prefab using Guid(237b215c1124dd049b251dade41508a4) Importer(815301076,1909f56bfc062723c751e8b465ee728b)  -> (artifact id: 'f07185d25126e7d8002774ae7aeb2f2e') in 0.004624 seconds
Number of updated asset objects reloaded before import = 0
Number of asset objects unloaded after import = 28
========================================================================
Received Import Request.
  Time since last request: 0.000012 seconds.
  path: Assets/Resources/Levels/Graveyard/Geometry.prefab
  artifactKey: Guid(3297eed11d903454b8d9cb12724e20cb) Importer(815301076,1909f56bfc062723c751e8b465ee728b)
Start importing Assets/Resources/Levels/Graveyard/Geometry.prefab using Guid(3297eed11d903454b8d9cb12724e20cb) Importer(815301076,1909f56bfc062723c751e8b465ee728b)  -> (artifact id: '3e0a79f8f9af197840936a4814e980d4') in 0.093428 seconds
Number of updated asset objects reloaded before import = 0
Number of asset objects unloaded after import = 3218
========================================================================
Received Import Request.
  Time since last request: 2.561622 seconds.
  path: Assets/Resources/Levels/Graveyard/raw/mobile_models/fence_pillar_02.fbx
  artifactKey: Guid(3a98453870e76104b840931d8311529d) Importer(815301076,1909f56bfc062723c751e8b465ee728b)
Start importing Assets/Resources/Levels/Graveyard/raw/mobile_models/fence_pillar_02.fbx using Guid(3a98453870e76104b840931d8311529d) Importer(815301076,1909f56bfc062723c751e8b465ee728b)  -> (artifact id: '845e5a6db04ba546eb744d6b9d16741a') in 0.001097 seconds
Number of updated asset objects reloaded before import = 0
Number of asset objects unloaded after import = 7
========================================================================
Received Import Request.
  Time since last request: 0.000010 seconds.
  path: Assets/Resources/Levels/Graveyard/raw/mobile_models/mobile_bush_01.FBX
  artifactKey: Guid(61a63333d3e7ba34fa01aef237d3d87a) Importer(815301076,1909f56bfc062723c751e8b465ee728b)
Start importing Assets/Resources/Levels/Graveyard/raw/mobile_models/mobile_bush_01.FBX using Guid(61a63333d3e7ba34fa01aef237d3d87a) Importer(815301076,1909f56bfc062723c751e8b465ee728b)  -> (artifact id: 'b8e297d1339f4295e6af85e3e7217349') in 0.001227 seconds
Number of updated asset objects reloaded before import = 0
Number of asset objects unloaded after import = 7
========================================================================
Received Import Request.
  Time since last request: 0.000010 seconds.
  path: Assets/Resources/Levels/Graveyard/raw/mobile_models/mobile_dead_tree_01.prefab
  artifactKey: Guid(722a52c7ec5f59b498093c79916f5e9c) Importer(815301076,1909f56bfc062723c751e8b465ee728b)
Start importing Assets/Resources/Levels/Graveyard/raw/mobile_models/mobile_dead_tree_01.prefab using Guid(722a52c7ec5f59b498093c79916f5e9c) Importer(815301076,1909f56bfc062723c751e8b465ee728b)  -> (artifact id: '1e245b4f5ab49e70ac12a7f60ff2e6df') in 0.000882 seconds
Number of updated asset objects reloaded before import = 0
Number of asset objects unloaded after import = 6
========================================================================
Received Import Request.
  Time since last request: 0.000010 seconds.
  path: Assets/Resources/Levels/Graveyard/raw/mobile_models/mobile_dead_tree_02.FBX
  artifactKey: Guid(1c8246c59d99d2948bc67f2f6aced547) Importer(815301076,1909f56bfc062723c751e8b465ee728b)
Start importing Assets/Resources/Levels/Graveyard/raw/mobile_models/mobile_dead_tree_02.FBX using Guid(1c8246c59d99d2948bc67f2f6aced547) Importer(815301076,1909f56bfc062723c751e8b465ee728b)  -> (artifact id: 'adbc37940d8d48b0c04a5133cfa32797') in 0.000943 seconds
Number of updated asset objects reloaded before import = 0
Number of asset objects unloaded after import = 14
========================================================================
Received Import Request.
  Time since last request: 0.000009 seconds.
  path: Assets/Resources/Levels/Graveyard/raw/mobile_models/mobile_bush_03.FBX
  artifactKey: Guid(cfa8049bdfd0f1149939838334cec508) Importer(815301076,1909f56bfc062723c751e8b465ee728b)
Start importing Assets/Resources/Levels/Graveyard/raw/mobile_models/mobile_bush_03.FBX using Guid(cfa8049bdfd0f1149939838334cec508) Importer(815301076,1909f56bfc062723c751e8b465ee728b)  -> (artifact id: '1df88f087e520451b02e89612763a83a') in 0.000883 seconds
Number of updated asset objects reloaded before import = 0
Number of asset objects unloaded after import = 7
Editor requested this worker to shutdown with reason: Scaling down because of idle timeout
TcpMessagingSession - receive error: operation aborted. errorcode: 995, details: The I/O operation has been aborted because of either a thread exit or an application request.
AssetImportWorker is now disconnected from the server
Process exiting
Exiting without the bug reporter. Application will terminate with return code 0