Using pre-set license
Built from '2022.3/staging' branch; Version is '2022.3.1f1 (f18e0c1b5784) revision 15830540'; Using compiler version '192829333'; Build Type 'Release'
OS: 'Windows 10  (10.0.19045) 64bit Professional' Language: 'en' Physical Memory: 32690 MB
BatchMode: 1, IsHumanControllingUs: 0, StartBugReporterOnCrash: 0, Is64bit: 1, IsPro: 1

COMMAND LINE ARGUMENTS:
A:\Unity\2022.3.1f1\Editor\Unity.exe
-adb2
-batchMode
-noUpm
-name
AssetImportWorker25
-projectPath
D:/Unity репозиторий/Ancient-Lands/Ancient Lands
-logFile
Logs/AssetImportWorker25.log
-srvPort
5754
Successfully changed project path to: D:/Unity репозиторий/Ancient-Lands/Ancient Lands
D:/Unity репозиторий/Ancient-Lands/Ancient Lands
[UnityMemory] Configuration Parameters - Can be set up in boot.config
    "memorysetup-bucket-allocator-granularity=16"
    "memorysetup-bucket-allocator-bucket-count=8"
    "memorysetup-bucket-allocator-block-size=33554432"
    "memorysetup-bucket-allocator-block-count=8"
    "memorysetup-main-allocator-block-size=16777216"
    "memorysetup-thread-allocator-block-size=16777216"
    "memorysetup-gfx-main-allocator-block-size=16777216"
    "memorysetup-gfx-thread-allocator-block-size=16777216"
    "memorysetup-cache-allocator-block-size=4194304"
    "memorysetup-typetree-allocator-block-size=2097152"
    "memorysetup-profiler-bucket-allocator-granularity=16"
    "memorysetup-profiler-bucket-allocator-bucket-count=8"
    "memorysetup-profiler-bucket-allocator-block-size=33554432"
    "memorysetup-profiler-bucket-allocator-block-count=8"
    "memorysetup-profiler-allocator-block-size=16777216"
    "memorysetup-profiler-editor-allocator-block-size=1048576"
    "memorysetup-temp-allocator-size-main=16777216"
    "memorysetup-job-temp-allocator-block-size=2097152"
    "memorysetup-job-temp-allocator-block-size-background=1048576"
    "memorysetup-job-temp-allocator-reduction-small-platforms=262144"
    "memorysetup-allocator-temp-initial-block-size-main=262144"
    "memorysetup-allocator-temp-initial-block-size-worker=262144"
    "memorysetup-temp-allocator-size-background-worker=32768"
    "memorysetup-temp-allocator-size-job-worker=262144"
    "memorysetup-temp-allocator-size-preload-manager=33554432"
    "memorysetup-temp-allocator-size-nav-mesh-worker=65536"
    "memorysetup-temp-allocator-size-audio-worker=65536"
    "memorysetup-temp-allocator-size-cloud-worker=32768"
    "memorysetup-temp-allocator-size-gi-baking-worker=262144"
    "memorysetup-temp-allocator-size-gfx=262144"
Player connection [22784] Host "[IP] 192.168.100.2 [Port] 0 [Flags] 2 [Guid] 3406233016 [EditorId] 3406233016 [Version] 1048832 [Id] WindowsEditor(7,DESKTOP-4VOLOPP) [Debug] 1 [PackageName] WindowsEditor [ProjectName] Editor" joined multi-casting on [225.0.0.222:54997]...

Player connection [22784] Host "[IP] 192.168.100.2 [Port] 0 [Flags] 2 [Guid] 3406233016 [EditorId] 3406233016 [Version] 1048832 [Id] WindowsEditor(7,DESKTOP-4VOLOPP) [Debug] 1 [PackageName] WindowsEditor [ProjectName] Editor" joined alternative multi-casting on [225.0.0.222:34997]...

Refreshing native plugins compatible for Editor in 6.12 ms, found 3 plugins.
Preloading 0 native plugins for Editor in 0.00 ms.
Initialize engine version: 2022.3.1f1 (f18e0c1b5784)
[Subsystems] Discovering subsystems at path A:/Unity/2022.3.1f1/Editor/Data/Resources/UnitySubsystems
[Subsystems] Discovering subsystems at path D:/Unity репозиторий/Ancient-Lands/Ancient Lands/Assets
GfxDevice: creating device client; threaded=0; jobified=0
Direct3D:
    Version:  Direct3D 11.0 [level 11.1]
    Renderer: NVIDIA GeForce RTX 3060 (ID=0x2504)
    Vendor:   NVIDIA
    VRAM:     12129 MB
    Driver:   31.0.15.3179
Initialize mono
Mono path[0] = 'A:/Unity/2022.3.1f1/Editor/Data/Managed'
Mono path[1] = 'A:/Unity/2022.3.1f1/Editor/Data/MonoBleedingEdge/lib/mono/unityjit-win32'
Mono config path = 'A:/Unity/2022.3.1f1/Editor/Data/MonoBleedingEdge/etc'
Using monoOptions --debugger-agent=transport=dt_socket,embedding=1,server=y,suspend=n,address=127.0.0.1:56356
Begin MonoManager ReloadAssembly
Registering precompiled unity dll's ...
Register platform support module: A:/Unity/2022.3.1f1/Editor/Data/PlaybackEngines/AndroidPlayer/UnityEditor.Android.Extensions.dll
Register platform support module: A:/Unity/2022.3.1f1/Editor/Data/PlaybackEngines/WindowsStandaloneSupport/UnityEditor.WindowsStandalone.Extensions.dll
Registered in 0.003672 seconds.
- Loaded All Assemblies, in  0.223 seconds
Native extension for WindowsStandalone target not found
Native extension for Android target not found
Android Extension - Scanning For ADB Devices 197 ms
Mono: successfully reloaded assembly
- Finished resetting the current domain, in  0.417 seconds
Domain Reload Profiling: 640ms
	BeginReloadAssembly (55ms)
		ExecutionOrderSort (0ms)
		DisableScriptedObjects (0ms)
		BackupInstance (0ms)
		ReleaseScriptingObjects (0ms)
		CreateAndSetChildDomain (0ms)
	RebuildCommonClasses (22ms)
	RebuildNativeTypeToScriptingClass (7ms)
	initialDomainReloadingComplete (40ms)
	LoadAllAssembliesAndSetupDomain (99ms)
		LoadAssemblies (54ms)
		RebuildTransferFunctionScriptingTraits (0ms)
		AnalyzeDomain (97ms)
			TypeCache.Refresh (96ms)
				TypeCache.ScanAssembly (89ms)
			ScanForSourceGeneratedMonoScriptInfo (0ms)
			ResolveRequiredComponents (0ms)
	FinalizeReload (417ms)
		ReleaseScriptCaches (0ms)
		RebuildScriptCaches (0ms)
		SetupLoadedEditorAssemblies (378ms)
			LogAssemblyErrors (0ms)
			InitializePlatformSupportModulesInManaged (273ms)
			SetLoadedEditorAssemblies (3ms)
			RefreshPlugins (0ms)
			BeforeProcessingInitializeOnLoad (2ms)
			ProcessInitializeOnLoadAttributes (66ms)
			ProcessInitializeOnLoadMethodAttributes (35ms)
			AfterProcessingInitializeOnLoad (0ms)
			EditorAssembliesLoaded (0ms)
		ExecutionOrderSort2 (0ms)
		AwakeInstancesAfterBackupRestoration (0ms)
========================================================================
Worker process is ready to serve import requests
Begin MonoManager ReloadAssembly
Symbol file LoadedFromMemory doesn't match image D:\Unity репозиторий\Ancient-Lands\Ancient Lands\Library\PackageCache\com.unity.visualscripting@1.8.0\Editor\VisualScripting.Core\Dependencies\YamlDotNet\Unity.VisualScripting.YamlDotNet.dll
Symbol file LoadedFromMemory doesn't match image D:\Unity репозиторий\Ancient-Lands\Ancient Lands\Library\PackageCache\com.unity.visualscripting@1.8.0\Editor\VisualScripting.Core\Dependencies\DotNetZip\Unity.VisualScripting.IonicZip.dll
- Loaded All Assemblies, in  0.579 seconds
Refreshing native plugins compatible for Editor in 2.56 ms, found 3 plugins.
Native extension for WindowsStandalone target not found
Native extension for Android target not found
Mono: successfully reloaded assembly
- Finished resetting the current domain, in  0.540 seconds
Domain Reload Profiling: 1119ms
	BeginReloadAssembly (85ms)
		ExecutionOrderSort (0ms)
		DisableScriptedObjects (4ms)
		BackupInstance (0ms)
		ReleaseScriptingObjects (0ms)
		CreateAndSetChildDomain (17ms)
	RebuildCommonClasses (22ms)
	RebuildNativeTypeToScriptingClass (7ms)
	initialDomainReloadingComplete (26ms)
	LoadAllAssembliesAndSetupDomain (439ms)
		LoadAssemblies (203ms)
		RebuildTransferFunctionScriptingTraits (0ms)
		AnalyzeDomain (276ms)
			TypeCache.Refresh (244ms)
				TypeCache.ScanAssembly (232ms)
			ScanForSourceGeneratedMonoScriptInfo (21ms)
			ResolveRequiredComponents (10ms)
	FinalizeReload (541ms)
		ReleaseScriptCaches (0ms)
		RebuildScriptCaches (0ms)
		SetupLoadedEditorAssemblies (414ms)
			LogAssemblyErrors (0ms)
			InitializePlatformSupportModulesInManaged (14ms)
			SetLoadedEditorAssemblies (3ms)
			RefreshPlugins (0ms)
			BeforeProcessingInitializeOnLoad (54ms)
			ProcessInitializeOnLoadAttributes (281ms)
			ProcessInitializeOnLoadMethodAttributes (59ms)
			AfterProcessingInitializeOnLoad (2ms)
			EditorAssembliesLoaded (0ms)
		ExecutionOrderSort2 (0ms)
		AwakeInstancesAfterBackupRestoration (5ms)
Launched and connected shader compiler UnityShaderCompiler.exe after 0.04 seconds
Refreshing native plugins compatible for Editor in 1.84 ms, found 3 plugins.
Preloading 0 native plugins for Editor in 0.00 ms.
Unloading 5577 Unused Serialized files (Serialized files now loaded: 0)
Unloading 85 unused Assets / (422.9 KB). Loaded Objects now: 6057.
Memory consumption went from 223.0 MB to 222.5 MB.
Total: 2.982000 ms (FindLiveObjects: 0.313600 ms CreateObjectMapping: 0.225600 ms MarkObjects: 2.272500 ms  DeleteObjects: 0.169600 ms)

AssetImportParameters requested are different than current active one (requested -> active):
  custom:scripting/monoscript/fileName/SimpleInputDragListener.cs: e70e89b11f10fbbe1f553f68da2c49a6 -> 
  custom:scripting/monoscript/fileName/BaseInput.cs: 5d583b3c06f8372fbc5dcf1039a62ed5 -> 2124093b3f8a7fbb31af4584d7906f17
  custom:scripting/monoscript/fileName/SwipeGestureBase.cs: 90647cc400823b41df847a6cbfc29026 -> 
  custom:container-demuxer-ogg: 62fdf1f143b41e24485cea50d1cbac27 -> 
  custom:scripting/monoscript/fileName/KeyInputUI.cs: 9ced766321c62164f358eb2683dcee24 -> 
  custom:scripting/monoscript/fileName/ISimpleInputDraggableMultiTouch.cs: bad0aae7acfc31886d5d6cd64511bb37 -> 
  custom:scripting/monoscript/fileName/SimpleInputUtils.cs: 2b7179258bf8caef7276524804fd56a8 -> 
  custom:scripting/monoscript/fileName/AxisInputKeyboard.cs: 4c59efc46215873528eb46c47b9a57d8 -> 
  custom:scripting/monoscript/fileName/Touchpad.cs: af8171bd9de94ceab200fecaa797664a -> 
  custom:video-decoder-ogg-theora: a1e56fd34408186e4bbccfd4996cb3dc -> 
  custom:scripting/monoscript/fileName/ButtonInputSwipeGesture.cs: 57fd3587f7d3a1b2753240f33c7f512a -> 
  custom:scripting/monoscript/fileName/PointAndClickManager.cs: ca53010796b4de73fe5b234435c3e078 -> fa32d372a252ee86bcc063642d34517c
  custom:framework-win-MediaFoundation: 216162199b28c13a410421893ffa2e32 -> 
  custom:scripting/monoscript/fileName/ButtonInputUI.cs: 860f7312d94ca0d38c049eb09b4ebb79 -> 
  custom:scripting/monoscript/fileName/Move.cs: 73a45274d592f163b9c1ce89ddb016d1 -> 
  custom:scripting/monoscript/fileName/DisableMeshAtRuntime.cs: cab17774665095244ea56be384dc4693 -> b13d25dcacf5740aa2e5f629bc06acfd
  custom:scripting/monoscript/fileName/ButtonInputDrawer.cs: 14583ec797aaef62041dfb8bacb16bb2 -> 
  custom:scripting/monoscript/fileName/AxisInputUIArrows.cs: 9e4f49dcc0a35cdd28b802d390debcb6 -> 
  custom:container-demuxer-webm: 4f35f7cbe854078d1ac9338744f61a02 -> 
  custom:scripting/monoscript/fileName/SteeringWheel.cs: 56729bf68c4b1cde8857cd3e3fb43441 -> 
  custom:scripting/monoscript/fileName/SetCharacterEditor.cs: f74b6d9fe8fbca0103564d0889d951da -> 8973c7b2cc141a00270ba0c27360d0cc
  custom:scripting/monoscript/fileName/MouseButtonInputDrawer.cs: d3764dae7657d5ecbe906ef6dd0cc964 -> 
  custom:scripting/monoscript/fileName/KeyInputSwipeGesture.cs: 9179e959774cf3fe6ccc5e3d5adea90f -> 
  custom:scripting/monoscript/fileName/NonDrawingGraphic.cs: c2094ae89b103fb99b7fa794d364ee1e -> 
  custom:scripting/monoscript/fileName/CameraFollow.cs: 9b150ee781d2c96881d6021398a5e296 -> 
  custom:scripting/monoscript/fileName/AxisInputUI.cs: 8e9e9e7d81bf0b577b799997060acaa2 -> 
  custom:container-muxer-webm: aa71ff27fc2769a1b78a27578f13a17b -> 
  custom:scripting/monoscript/fileName/ISimpleInputDraggable.cs: 02e2c0f5c4c7b09cca95cd6995751649 -> 
  custom:scripting/monoscript/fileName/SimpleInputHelper.cs: b3a83afe8525559ea8de8bf181ae12d3 -> 
  custom:video-decoder-webm-vp8: 9c59270c3fd7afecdb556c50c9e8de78 -> 
  custom:scripting/monoscript/fileName/ButtonInputKeyboard.cs: ba25923f154a63c5784ce1232d468254 -> 
  custom:scripting/monoscript/fileName/MouseButtonInputSwipeGesture.cs: 7ee8a5727ee40a85fb7fa6a75850aa15 -> 
  custom:scripting/monoscript/fileName/SimpleInput.cs: 19c198c77e4a747ec81d49f894402aeb -> 
  custom:scripting/monoscript/fileName/Dpad.cs: 1d0a65058286db0581ff769384403511 -> 
  custom:SearchIndexIgnoredProperties: e643bd26f0fe6173181afceb89e7c659 -> 
  custom:scripting/monoscript/fileName/AxisInputMouse.cs: e1b8e00523cffe7088e2230fe5dd6251 -> 
  custom:scripting/monoscript/fileName/FpsCounter.cs: b2a88c3520e04eb3d5c5bb2facecf66a -> f7d292bb0de5814b7cbdb34b921784fc
  custom:AudioImporter_EditorPlatform: d09bf68614088b80899f8185d706f6e7 -> 
  custom:scripting/monoscript/fileName/AxisInputDrawer.cs: 1f4474b5d272ca49bf560a178fd66612 -> 
  custom:scripting/monoscript/fileName/AxisInputRotateGesture.cs: c3a9ef0ee267b1c6d5f3a96e5c245615 -> 
  custom:scripting/monoscript/fileName/KeyInputKeyboard.cs: 90fcee54091edb186581d662ee44b0f5 -> 
  custom:scripting/monoscript/fileName/SelectivePointerInput.cs: 5e57eed8b4ce4d406f51c54daa1ec5c9 -> 
  custom:video-encoder-webm-vp8: eb34c28f22e8b96e1ab97ce403110664 -> 
  custom:audio-decoder-ogg-vorbis: bf7c407c2cedff20999df2af8eb42d56 -> 
  custom:scripting/monoscript/fileName/AxisInputSwipeGesture.cs: 3e7798eec0a44491ee75273411e03fa0 -> 
  custom:scripting/monoscript/fileName/AxisInputMoveGesture.cs: 584680ffe2cc03e6d1e18b851724ba96 -> 
  custom:scripting/monoscript/fileName/AxisInputPinchGesture.cs: f546e06ef7b104dd75f56c5ce245c26a -> 
  custom:scripting/monoscript/fileName/MouseButtonInputKeyboard.cs: 1e9725fec1e8520e9e8b6ddf6e9b6216 -> 
  custom:scripting/monoscript/fileName/UnityInputProvider.cs: ace0180975236bb7042cbd4fa7b80d75 -> 
  custom:scripting/monoscript/fileName/BaseInputDrawer.cs: 7a7f4cd8f8028527aa460efb14cf999f -> 
  custom:scripting/monoscript/fileName/Joystick.cs: 291ab2eb02dfb056a8571d14613b9921 -> 1a1d9a9cba7940fed9939f7306abee3f
  custom:scripting/monoscript/fileName/SetCharacter.cs: 8e6ac516b7d92d6b7da39bc386506d1a -> 66000bc1a703bb6f10eb1b49c927df39
  custom:scripting/monoscript/fileName/KeyInputDrawer.cs: 1dfaad815a1c0a7c5aee80ef2c46a549 -> 
  custom:audio-encoder-webm-vorbis: bf7c407c2cedff20999df2af8eb42d56 -> 
  custom:scripting/monoscript/fileName/SimpleInputMultiDragListener.cs: 3367a275164e284edd0600b9f3926f78 -> 
  custom:scripting/monoscript/fileName/MouseButtonInputUI.cs: d89dff9ee068b6592ddeb6d855f78ea5 -> 
========================================================================
Received Import Request.
  Time since last request: 22951.654922 seconds.
  path: Assets/Resources/Hud/rock_bar.png
  artifactKey: Guid(ec59b5f898b48b44988c6dd3e49bb8a0) Importer(815301076,1909f56bfc062723c751e8b465ee728b)
Start importing Assets/Resources/Hud/rock_bar.png using Guid(ec59b5f898b48b44988c6dd3e49bb8a0) Importer(815301076,1909f56bfc062723c751e8b465ee728b)  -> (artifact id: 'f1b7ad7412c275ae7fb8b0a4d62735aa') in 0.010986 seconds
Number of updated asset objects reloaded before import = 0
Number of asset objects unloaded after import = 2
========================================================================
Received Import Request.
  Time since last request: 0.078358 seconds.
  path: Assets/SceneAssets/Fx/Ambient/Fog/ParticleCloudWhite.png
  artifactKey: Guid(5b303ff28ad9368468a2edd759cf458d) Importer(815301076,1909f56bfc062723c751e8b465ee728b)
Start importing Assets/SceneAssets/Fx/Ambient/Fog/ParticleCloudWhite.png using Guid(5b303ff28ad9368468a2edd759cf458d) Importer(815301076,1909f56bfc062723c751e8b465ee728b)  -> (artifact id: '29f26a0706554b99fb4f3b66d3ae1188') in 0.001272 seconds
Number of updated asset objects reloaded before import = 0
Number of asset objects unloaded after import = 1
========================================================================
Received Import Request.
  Time since last request: 0.070262 seconds.
  path: Assets/AssetsThirdParty/Cartoon Heroes/Male/Textures/Torsos/Torso_3/Male_Torso_3_Skin_Normals.tga
  artifactKey: Guid(d285c2215cd56b642a0238fc277f1387) Importer(815301076,1909f56bfc062723c751e8b465ee728b)
Start importing Assets/AssetsThirdParty/Cartoon Heroes/Male/Textures/Torsos/Torso_3/Male_Torso_3_Skin_Normals.tga using Guid(d285c2215cd56b642a0238fc277f1387) Importer(815301076,1909f56bfc062723c751e8b465ee728b)  -> (artifact id: 'e7ea188c86b94783106ea35a86ec9824') in 0.001645 seconds
Number of updated asset objects reloaded before import = 0
Number of asset objects unloaded after import = 1
========================================================================
Received Import Request.
  Time since last request: 25.791510 seconds.
  path: Assets/Scenes/Main/Lightmap-0_comp_dir.png
  artifactKey: Guid(c0b900beebefa464885c9dee5b502013) Importer(2089858483,0ecaa5967403d082aa24f35e1b516d23)
Start importing Assets/Scenes/Main/Lightmap-0_comp_dir.png using Guid(c0b900beebefa464885c9dee5b502013) Importer(2089858483,0ecaa5967403d082aa24f35e1b516d23) Generated GUIDs only implemented for interfaces!
 -> (artifact id: '90e64c1db359bef6a91c65cac917fc45') in 0.173980 seconds
Number of updated asset objects reloaded before import = 0
Number of asset objects unloaded after import = 1
========================================================================
Received Import Request.
  Time since last request: 39.558141 seconds.
  path: Assets/Scenes/Main/Lightmap-0_comp_dir.png
  artifactKey: Guid(c0b900beebefa464885c9dee5b502013) Importer(2089858483,0ecaa5967403d082aa24f35e1b516d23)
Start importing Assets/Scenes/Main/Lightmap-0_comp_dir.png using Guid(c0b900beebefa464885c9dee5b502013) Importer(2089858483,0ecaa5967403d082aa24f35e1b516d23) Generated GUIDs only implemented for interfaces!
 -> (artifact id: 'c4a434052ad5cee0c84b915fa7d55823') in 0.017336 seconds
Number of updated asset objects reloaded before import = 0
Number of asset objects unloaded after import = 1
========================================================================
Received Import Request.
  Time since last request: 0.000011 seconds.
  path: Assets/Scenes/Main/Lightmap-0_comp_light.exr
  artifactKey: Guid(d0c74d8929ce16b449c589b1c9b55417) Importer(2089858483,0ecaa5967403d082aa24f35e1b516d23)
Start importing Assets/Scenes/Main/Lightmap-0_comp_light.exr using Guid(d0c74d8929ce16b449c589b1c9b55417) Importer(2089858483,0ecaa5967403d082aa24f35e1b516d23) Generated GUIDs only implemented for interfaces!
 -> (artifact id: 'b7311703bbf26da74e864cb67b9c90e6') in 0.016594 seconds
Number of updated asset objects reloaded before import = 0
Number of asset objects unloaded after import = 1
========================================================================
Received Import Request.
  Time since last request: 6.199634 seconds.
  path: Assets/Resources/Enemies/BaseEnemy.prefab
  artifactKey: Guid(274c4c35ed05ea14c87492064b3cadfd) Importer(815301076,1909f56bfc062723c751e8b465ee728b)
Start importing Assets/Resources/Enemies/BaseEnemy.prefab using Guid(274c4c35ed05ea14c87492064b3cadfd) Importer(815301076,1909f56bfc062723c751e8b465ee728b)  -> (artifact id: '8c6ed7ddb86cad80b2fca4c29f7ab871') in 0.008243 seconds
Number of updated asset objects reloaded before import = 0
Number of asset objects unloaded after import = 69
========================================================================
Received Import Request.
  Time since last request: 23.035437 seconds.
  path: Assets/Scenes/Main.unity
  artifactKey: Guid(f0f16b494c6a4cf19735ef524bafed4f) Importer(2089858483,0ecaa5967403d082aa24f35e1b516d23)
Start importing Assets/Scenes/Main.unity using Guid(f0f16b494c6a4cf19735ef524bafed4f) Importer(2089858483,0ecaa5967403d082aa24f35e1b516d23) Generated GUIDs only implemented for interfaces!
 -> (artifact id: '2db5180cff251d5dba762084a1536e6e') in 0.009938 seconds
Number of updated asset objects reloaded before import = 0
Number of asset objects unloaded after import = 1
========================================================================
Received Prepare
Refreshing native plugins compatible for Editor in 1.79 ms, found 3 plugins.
Preloading 0 native plugins for Editor in 0.00 ms.
Unloading 3 Unused Serialized files (Serialized files now loaded: 0)
Unloading 3 unused Assets / (88.6 KB). Loaded Objects now: 6058.
Memory consumption went from 106.8 MB to 106.7 MB.
Total: 3.429800 ms (FindLiveObjects: 0.320300 ms CreateObjectMapping: 0.304500 ms MarkObjects: 2.761900 ms  DeleteObjects: 0.042500 ms)

Prepare: number of updated asset objects reloaded= 119
AssetImportParameters requested are different than current active one (requested -> active):
  custom:scripting/monoscript/fileName/SimpleInputDragListener.cs: e70e89b11f10fbbe1f553f68da2c49a6 -> 
  custom:scripting/monoscript/fileName/BaseInput.cs: 5d583b3c06f8372fbc5dcf1039a62ed5 -> 2124093b3f8a7fbb31af4584d7906f17
  custom:scripting/monoscript/fileName/SwipeGestureBase.cs: 90647cc400823b41df847a6cbfc29026 -> 
  custom:container-demuxer-ogg: 62fdf1f143b41e24485cea50d1cbac27 -> 
  custom:scripting/monoscript/fileName/KeyInputUI.cs: 9ced766321c62164f358eb2683dcee24 -> 
  custom:scripting/monoscript/fileName/ISimpleInputDraggableMultiTouch.cs: bad0aae7acfc31886d5d6cd64511bb37 -> 
  custom:scripting/monoscript/fileName/SimpleInputUtils.cs: 2b7179258bf8caef7276524804fd56a8 -> 
  custom:scripting/monoscript/fileName/AxisInputKeyboard.cs: 4c59efc46215873528eb46c47b9a57d8 -> 
  custom:scripting/monoscript/fileName/Touchpad.cs: af8171bd9de94ceab200fecaa797664a -> 
  custom:video-decoder-ogg-theora: a1e56fd34408186e4bbccfd4996cb3dc -> 
  custom:scripting/monoscript/fileName/ButtonInputSwipeGesture.cs: 57fd3587f7d3a1b2753240f33c7f512a -> 
  custom:scripting/monoscript/fileName/PointAndClickManager.cs: ca53010796b4de73fe5b234435c3e078 -> fa32d372a252ee86bcc063642d34517c
  custom:framework-win-MediaFoundation: 216162199b28c13a410421893ffa2e32 -> 
  custom:scripting/monoscript/fileName/ButtonInputUI.cs: 860f7312d94ca0d38c049eb09b4ebb79 -> 
  custom:scripting/monoscript/fileName/Move.cs: 73a45274d592f163b9c1ce89ddb016d1 -> 
  custom:scripting/monoscript/fileName/DisableMeshAtRuntime.cs: cab17774665095244ea56be384dc4693 -> b13d25dcacf5740aa2e5f629bc06acfd
  custom:scripting/monoscript/fileName/ButtonInputDrawer.cs: 14583ec797aaef62041dfb8bacb16bb2 -> 
  custom:scripting/monoscript/fileName/AxisInputUIArrows.cs: 9e4f49dcc0a35cdd28b802d390debcb6 -> 
  custom:container-demuxer-webm: 4f35f7cbe854078d1ac9338744f61a02 -> 
  custom:scripting/monoscript/fileName/SteeringWheel.cs: 56729bf68c4b1cde8857cd3e3fb43441 -> 
  custom:scripting/monoscript/fileName/SetCharacterEditor.cs: f74b6d9fe8fbca0103564d0889d951da -> 8973c7b2cc141a00270ba0c27360d0cc
  custom:scripting/monoscript/fileName/MouseButtonInputDrawer.cs: d3764dae7657d5ecbe906ef6dd0cc964 -> 
  custom:scripting/monoscript/fileName/KeyInputSwipeGesture.cs: 9179e959774cf3fe6ccc5e3d5adea90f -> 
  custom:scripting/monoscript/fileName/NonDrawingGraphic.cs: c2094ae89b103fb99b7fa794d364ee1e -> 
  custom:scripting/monoscript/fileName/CameraFollow.cs: 9b150ee781d2c96881d6021398a5e296 -> 
  custom:scripting/monoscript/fileName/AxisInputUI.cs: 8e9e9e7d81bf0b577b799997060acaa2 -> 
  custom:container-muxer-webm: aa71ff27fc2769a1b78a27578f13a17b -> 
  custom:scripting/monoscript/fileName/ISimpleInputDraggable.cs: 02e2c0f5c4c7b09cca95cd6995751649 -> 
  custom:scripting/monoscript/fileName/SimpleInputHelper.cs: b3a83afe8525559ea8de8bf181ae12d3 -> 
  custom:video-decoder-webm-vp8: 9c59270c3fd7afecdb556c50c9e8de78 -> 
  custom:scripting/monoscript/fileName/ButtonInputKeyboard.cs: ba25923f154a63c5784ce1232d468254 -> 
  custom:scripting/monoscript/fileName/MouseButtonInputSwipeGesture.cs: 7ee8a5727ee40a85fb7fa6a75850aa15 -> 
  custom:scripting/monoscript/fileName/SimpleInput.cs: 19c198c77e4a747ec81d49f894402aeb -> 
  custom:scripting/monoscript/fileName/Dpad.cs: 1d0a65058286db0581ff769384403511 -> 
  custom:SearchIndexIgnoredProperties: e643bd26f0fe6173181afceb89e7c659 -> 
  custom:scripting/monoscript/fileName/AxisInputMouse.cs: e1b8e00523cffe7088e2230fe5dd6251 -> 
  custom:scripting/monoscript/fileName/FpsCounter.cs: b2a88c3520e04eb3d5c5bb2facecf66a -> f7d292bb0de5814b7cbdb34b921784fc
  custom:AudioImporter_EditorPlatform: d09bf68614088b80899f8185d706f6e7 -> 
  custom:scripting/monoscript/fileName/AxisInputDrawer.cs: 1f4474b5d272ca49bf560a178fd66612 -> 
  custom:scripting/monoscript/fileName/AxisInputRotateGesture.cs: c3a9ef0ee267b1c6d5f3a96e5c245615 -> 
  custom:scripting/monoscript/fileName/KeyInputKeyboard.cs: 90fcee54091edb186581d662ee44b0f5 -> 
  custom:scripting/monoscript/fileName/SelectivePointerInput.cs: 5e57eed8b4ce4d406f51c54daa1ec5c9 -> 
  custom:video-encoder-webm-vp8: eb34c28f22e8b96e1ab97ce403110664 -> 
  custom:audio-decoder-ogg-vorbis: bf7c407c2cedff20999df2af8eb42d56 -> 
  custom:scripting/monoscript/fileName/AxisInputSwipeGesture.cs: 3e7798eec0a44491ee75273411e03fa0 -> 
  custom:scripting/monoscript/fileName/AxisInputMoveGesture.cs: 584680ffe2cc03e6d1e18b851724ba96 -> 
  custom:scripting/monoscript/fileName/AxisInputPinchGesture.cs: f546e06ef7b104dd75f56c5ce245c26a -> 
  custom:scripting/monoscript/fileName/MouseButtonInputKeyboard.cs: 1e9725fec1e8520e9e8b6ddf6e9b6216 -> 
  custom:scripting/monoscript/fileName/UnityInputProvider.cs: ace0180975236bb7042cbd4fa7b80d75 -> 
  custom:scripting/monoscript/fileName/BaseInputDrawer.cs: 7a7f4cd8f8028527aa460efb14cf999f -> 
  custom:scripting/monoscript/fileName/Joystick.cs: 291ab2eb02dfb056a8571d14613b9921 -> 1a1d9a9cba7940fed9939f7306abee3f
  custom:scripting/monoscript/fileName/SetCharacter.cs: 8e6ac516b7d92d6b7da39bc386506d1a -> 66000bc1a703bb6f10eb1b49c927df39
  custom:scripting/monoscript/fileName/KeyInputDrawer.cs: 1dfaad815a1c0a7c5aee80ef2c46a549 -> 
  custom:audio-encoder-webm-vorbis: bf7c407c2cedff20999df2af8eb42d56 -> 
  custom:scripting/monoscript/fileName/SimpleInputMultiDragListener.cs: 3367a275164e284edd0600b9f3926f78 -> 
  custom:scripting/monoscript/fileName/MouseButtonInputUI.cs: d89dff9ee068b6592ddeb6d855f78ea5 -> 
========================================================================
Received Prepare
Refreshing native plugins compatible for Editor in 2.36 ms, found 3 plugins.
Preloading 0 native plugins for Editor in 0.00 ms.
Unloading 3 Unused Serialized files (Serialized files now loaded: 0)
Unloading 3 unused Assets / (88.5 KB). Loaded Objects now: 6058.
Memory consumption went from 106.8 MB to 106.7 MB.
Total: 3.128900 ms (FindLiveObjects: 0.344200 ms CreateObjectMapping: 0.135900 ms MarkObjects: 2.616600 ms  DeleteObjects: 0.031700 ms)

Prepare: number of updated asset objects reloaded= 0
AssetImportParameters requested are different than current active one (requested -> active):
  custom:scripting/monoscript/fileName/SimpleInputDragListener.cs: e70e89b11f10fbbe1f553f68da2c49a6 -> 
  custom:scripting/monoscript/fileName/BaseInput.cs: 5d583b3c06f8372fbc5dcf1039a62ed5 -> 2124093b3f8a7fbb31af4584d7906f17
  custom:scripting/monoscript/fileName/SwipeGestureBase.cs: 90647cc400823b41df847a6cbfc29026 -> 
  custom:container-demuxer-ogg: 62fdf1f143b41e24485cea50d1cbac27 -> 
  custom:scripting/monoscript/fileName/KeyInputUI.cs: 9ced766321c62164f358eb2683dcee24 -> 
  custom:scripting/monoscript/fileName/ISimpleInputDraggableMultiTouch.cs: bad0aae7acfc31886d5d6cd64511bb37 -> 
  custom:scripting/monoscript/fileName/SimpleInputUtils.cs: 2b7179258bf8caef7276524804fd56a8 -> 
  custom:scripting/monoscript/fileName/AxisInputKeyboard.cs: 4c59efc46215873528eb46c47b9a57d8 -> 
  custom:scripting/monoscript/fileName/Touchpad.cs: af8171bd9de94ceab200fecaa797664a -> 
  custom:video-decoder-ogg-theora: a1e56fd34408186e4bbccfd4996cb3dc -> 
  custom:scripting/monoscript/fileName/ButtonInputSwipeGesture.cs: 57fd3587f7d3a1b2753240f33c7f512a -> 
  custom:scripting/monoscript/fileName/PointAndClickManager.cs: ca53010796b4de73fe5b234435c3e078 -> fa32d372a252ee86bcc063642d34517c
  custom:framework-win-MediaFoundation: 216162199b28c13a410421893ffa2e32 -> 
  custom:scripting/monoscript/fileName/ButtonInputUI.cs: 860f7312d94ca0d38c049eb09b4ebb79 -> 
  custom:scripting/monoscript/fileName/Move.cs: 73a45274d592f163b9c1ce89ddb016d1 -> 
  custom:scripting/monoscript/fileName/DisableMeshAtRuntime.cs: cab17774665095244ea56be384dc4693 -> b13d25dcacf5740aa2e5f629bc06acfd
  custom:scripting/monoscript/fileName/ButtonInputDrawer.cs: 14583ec797aaef62041dfb8bacb16bb2 -> 
  custom:scripting/monoscript/fileName/AxisInputUIArrows.cs: 9e4f49dcc0a35cdd28b802d390debcb6 -> 
  custom:container-demuxer-webm: 4f35f7cbe854078d1ac9338744f61a02 -> 
  custom:scripting/monoscript/fileName/SteeringWheel.cs: 56729bf68c4b1cde8857cd3e3fb43441 -> 
  custom:scripting/monoscript/fileName/SetCharacterEditor.cs: f74b6d9fe8fbca0103564d0889d951da -> 8973c7b2cc141a00270ba0c27360d0cc
  custom:scripting/monoscript/fileName/MouseButtonInputDrawer.cs: d3764dae7657d5ecbe906ef6dd0cc964 -> 
  custom:scripting/monoscript/fileName/KeyInputSwipeGesture.cs: 9179e959774cf3fe6ccc5e3d5adea90f -> 
  custom:scripting/monoscript/fileName/NonDrawingGraphic.cs: c2094ae89b103fb99b7fa794d364ee1e -> 
  custom:scripting/monoscript/fileName/CameraFollow.cs: 9b150ee781d2c96881d6021398a5e296 -> 
  custom:scripting/monoscript/fileName/AxisInputUI.cs: 8e9e9e7d81bf0b577b799997060acaa2 -> 
  custom:container-muxer-webm: aa71ff27fc2769a1b78a27578f13a17b -> 
  custom:scripting/monoscript/fileName/ISimpleInputDraggable.cs: 02e2c0f5c4c7b09cca95cd6995751649 -> 
  custom:scripting/monoscript/fileName/SimpleInputHelper.cs: b3a83afe8525559ea8de8bf181ae12d3 -> 
  custom:video-decoder-webm-vp8: 9c59270c3fd7afecdb556c50c9e8de78 -> 
  custom:scripting/monoscript/fileName/ButtonInputKeyboard.cs: ba25923f154a63c5784ce1232d468254 -> 
  custom:scripting/monoscript/fileName/MouseButtonInputSwipeGesture.cs: 7ee8a5727ee40a85fb7fa6a75850aa15 -> 
  custom:scripting/monoscript/fileName/SimpleInput.cs: 19c198c77e4a747ec81d49f894402aeb -> 
  custom:scripting/monoscript/fileName/Dpad.cs: 1d0a65058286db0581ff769384403511 -> 
  custom:SearchIndexIgnoredProperties: e643bd26f0fe6173181afceb89e7c659 -> 
  custom:scripting/monoscript/fileName/AxisInputMouse.cs: e1b8e00523cffe7088e2230fe5dd6251 -> 
  custom:scripting/monoscript/fileName/FpsCounter.cs: b2a88c3520e04eb3d5c5bb2facecf66a -> f7d292bb0de5814b7cbdb34b921784fc
  custom:AudioImporter_EditorPlatform: d09bf68614088b80899f8185d706f6e7 -> 
  custom:scripting/monoscript/fileName/AxisInputDrawer.cs: 1f4474b5d272ca49bf560a178fd66612 -> 
  custom:scripting/monoscript/fileName/AxisInputRotateGesture.cs: c3a9ef0ee267b1c6d5f3a96e5c245615 -> 
  custom:scripting/monoscript/fileName/KeyInputKeyboard.cs: 90fcee54091edb186581d662ee44b0f5 -> 
  custom:scripting/monoscript/fileName/SelectivePointerInput.cs: 5e57eed8b4ce4d406f51c54daa1ec5c9 -> 
  custom:video-encoder-webm-vp8: eb34c28f22e8b96e1ab97ce403110664 -> 
  custom:audio-decoder-ogg-vorbis: bf7c407c2cedff20999df2af8eb42d56 -> 
  custom:scripting/monoscript/fileName/AxisInputSwipeGesture.cs: 3e7798eec0a44491ee75273411e03fa0 -> 
  custom:scripting/monoscript/fileName/AxisInputMoveGesture.cs: 584680ffe2cc03e6d1e18b851724ba96 -> 
  custom:scripting/monoscript/fileName/AxisInputPinchGesture.cs: f546e06ef7b104dd75f56c5ce245c26a -> 
  custom:scripting/monoscript/fileName/MouseButtonInputKeyboard.cs: 1e9725fec1e8520e9e8b6ddf6e9b6216 -> 
  custom:scripting/monoscript/fileName/UnityInputProvider.cs: ace0180975236bb7042cbd4fa7b80d75 -> 
  custom:scripting/monoscript/fileName/BaseInputDrawer.cs: 7a7f4cd8f8028527aa460efb14cf999f -> 
  custom:scripting/monoscript/fileName/Joystick.cs: 291ab2eb02dfb056a8571d14613b9921 -> 1a1d9a9cba7940fed9939f7306abee3f
  custom:scripting/monoscript/fileName/SetCharacter.cs: 8e6ac516b7d92d6b7da39bc386506d1a -> 66000bc1a703bb6f10eb1b49c927df39
  custom:scripting/monoscript/fileName/KeyInputDrawer.cs: 1dfaad815a1c0a7c5aee80ef2c46a549 -> 
  custom:audio-encoder-webm-vorbis: bf7c407c2cedff20999df2af8eb42d56 -> 
  custom:scripting/monoscript/fileName/SimpleInputMultiDragListener.cs: 3367a275164e284edd0600b9f3926f78 -> 
  custom:scripting/monoscript/fileName/MouseButtonInputUI.cs: d89dff9ee068b6592ddeb6d855f78ea5 -> 
========================================================================
Received Import Request.
  Time since last request: 50.588789 seconds.
  path: Assets/Scenes/Main/ReflectionProbe-0.exr
  artifactKey: Guid(4095a17cbf331ef4b8fa6522ff0969c6) Importer(2089858483,0ecaa5967403d082aa24f35e1b516d23)
Start importing Assets/Scenes/Main/ReflectionProbe-0.exr using Guid(4095a17cbf331ef4b8fa6522ff0969c6) Importer(2089858483,0ecaa5967403d082aa24f35e1b516d23) Generated GUIDs only implemented for interfaces!
 -> (artifact id: '36e4f16c36c15707b3e81a3afafde056') in 0.023795 seconds
Number of updated asset objects reloaded before import = 0
Number of asset objects unloaded after import = 1
========================================================================
Received Import Request.
  Time since last request: 0.127156 seconds.
  path: Assets/Plugins/JMO Assets/Cartoon FX/Textures/CFX_T_Star Add.png
  artifactKey: Guid(df9dab791d4192b4694f9a442f64b18d) Importer(815301076,1909f56bfc062723c751e8b465ee728b)
Start importing Assets/Plugins/JMO Assets/Cartoon FX/Textures/CFX_T_Star Add.png using Guid(df9dab791d4192b4694f9a442f64b18d) Importer(815301076,1909f56bfc062723c751e8b465ee728b)  -> (artifact id: '317f043a98e96b536701c68cddd65fc4') in 0.001365 seconds
Number of updated asset objects reloaded before import = 0
Number of asset objects unloaded after import = 1
========================================================================
Received Prepare
Begin MonoManager ReloadAssembly
Symbol file LoadedFromMemory doesn't match image D:\Unity репозиторий\Ancient-Lands\Ancient Lands\Library\PackageCache\com.unity.visualscripting@1.8.0\Editor\VisualScripting.Core\Dependencies\YamlDotNet\Unity.VisualScripting.YamlDotNet.dll
Symbol file LoadedFromMemory doesn't match image D:\Unity репозиторий\Ancient-Lands\Ancient Lands\Library\PackageCache\com.unity.visualscripting@1.8.0\Editor\VisualScripting.Core\Dependencies\DotNetZip\Unity.VisualScripting.IonicZip.dll
- Loaded All Assemblies, in  0.511 seconds
Refreshing native plugins compatible for Editor in 1.78 ms, found 3 plugins.
Native extension for WindowsStandalone target not found
Native extension for Android target not found
Mono: successfully reloaded assembly
- Finished resetting the current domain, in  0.721 seconds
Domain Reload Profiling: 1232ms
	BeginReloadAssembly (115ms)
		ExecutionOrderSort (0ms)
		DisableScriptedObjects (4ms)
		BackupInstance (0ms)
		ReleaseScriptingObjects (0ms)
		CreateAndSetChildDomain (41ms)
	RebuildCommonClasses (23ms)
	RebuildNativeTypeToScriptingClass (7ms)
	initialDomainReloadingComplete (19ms)
	LoadAllAssembliesAndSetupDomain (348ms)
		LoadAssemblies (180ms)
		RebuildTransferFunctionScriptingTraits (0ms)
		AnalyzeDomain (212ms)
			TypeCache.Refresh (188ms)
				TypeCache.ScanAssembly (179ms)
			ScanForSourceGeneratedMonoScriptInfo (14ms)
			ResolveRequiredComponents (9ms)
	FinalizeReload (722ms)
		ReleaseScriptCaches (0ms)
		RebuildScriptCaches (0ms)
		SetupLoadedEditorAssemblies (338ms)
			LogAssemblyErrors (0ms)
			InitializePlatformSupportModulesInManaged (14ms)
			SetLoadedEditorAssemblies (3ms)
			RefreshPlugins (0ms)
			BeforeProcessingInitializeOnLoad (55ms)
			ProcessInitializeOnLoadAttributes (218ms)
			ProcessInitializeOnLoadMethodAttributes (45ms)
			AfterProcessingInitializeOnLoad (2ms)
			EditorAssembliesLoaded (0ms)
		ExecutionOrderSort2 (0ms)
		AwakeInstancesAfterBackupRestoration (7ms)
Refreshing native plugins compatible for Editor in 1.89 ms, found 3 plugins.
Preloading 0 native plugins for Editor in 0.00 ms.
Unloading 5416 Unused Serialized files (Serialized files now loaded: 0)
Unloading 42 unused Assets / (114.3 KB). Loaded Objects now: 6074.
Memory consumption went from 190.6 MB to 190.5 MB.
Total: 3.288000 ms (FindLiveObjects: 0.381400 ms CreateObjectMapping: 0.299100 ms MarkObjects: 2.542500 ms  DeleteObjects: 0.064600 ms)

Prepare: number of updated asset objects reloaded= 0
AssetImportParameters requested are different than current active one (requested -> active):
  custom:scripting/monoscript/fileName/SimpleInputDragListener.cs: e70e89b11f10fbbe1f553f68da2c49a6 -> 
  custom:scripting/monoscript/fileName/BaseInput.cs: 5d583b3c06f8372fbc5dcf1039a62ed5 -> 2124093b3f8a7fbb31af4584d7906f17
  custom:scripting/monoscript/fileName/SwipeGestureBase.cs: 90647cc400823b41df847a6cbfc29026 -> 
  custom:container-demuxer-ogg: 62fdf1f143b41e24485cea50d1cbac27 -> 
  custom:scripting/monoscript/fileName/KeyInputUI.cs: 9ced766321c62164f358eb2683dcee24 -> 
  custom:scripting/monoscript/fileName/ISimpleInputDraggableMultiTouch.cs: bad0aae7acfc31886d5d6cd64511bb37 -> 
  custom:scripting/monoscript/fileName/SimpleInputUtils.cs: 2b7179258bf8caef7276524804fd56a8 -> 
  custom:scripting/monoscript/fileName/AxisInputKeyboard.cs: 4c59efc46215873528eb46c47b9a57d8 -> 
  custom:scripting/monoscript/fileName/Touchpad.cs: af8171bd9de94ceab200fecaa797664a -> 
  custom:video-decoder-ogg-theora: a1e56fd34408186e4bbccfd4996cb3dc -> 
  custom:scripting/monoscript/fileName/ButtonInputSwipeGesture.cs: 57fd3587f7d3a1b2753240f33c7f512a -> 
  custom:scripting/monoscript/fileName/PointAndClickManager.cs: ca53010796b4de73fe5b234435c3e078 -> fa32d372a252ee86bcc063642d34517c
  custom:framework-win-MediaFoundation: 216162199b28c13a410421893ffa2e32 -> 
  custom:scripting/monoscript/fileName/ButtonInputUI.cs: 860f7312d94ca0d38c049eb09b4ebb79 -> 
  custom:scripting/monoscript/fileName/Move.cs: 73a45274d592f163b9c1ce89ddb016d1 -> 
  custom:scripting/monoscript/fileName/DisableMeshAtRuntime.cs: cab17774665095244ea56be384dc4693 -> b13d25dcacf5740aa2e5f629bc06acfd
  custom:scripting/monoscript/fileName/ButtonInputDrawer.cs: 14583ec797aaef62041dfb8bacb16bb2 -> 
  custom:scripting/monoscript/fileName/AxisInputUIArrows.cs: 9e4f49dcc0a35cdd28b802d390debcb6 -> 
  custom:container-demuxer-webm: 4f35f7cbe854078d1ac9338744f61a02 -> 
  custom:scripting/monoscript/fileName/SteeringWheel.cs: 56729bf68c4b1cde8857cd3e3fb43441 -> 
  custom:scripting/monoscript/fileName/SetCharacterEditor.cs: f74b6d9fe8fbca0103564d0889d951da -> 8973c7b2cc141a00270ba0c27360d0cc
  custom:scripting/monoscript/fileName/MouseButtonInputDrawer.cs: d3764dae7657d5ecbe906ef6dd0cc964 -> 
  custom:scripting/monoscript/fileName/KeyInputSwipeGesture.cs: 9179e959774cf3fe6ccc5e3d5adea90f -> 
  custom:scripting/monoscript/fileName/NonDrawingGraphic.cs: c2094ae89b103fb99b7fa794d364ee1e -> 
  custom:scripting/monoscript/fileName/CameraFollow.cs: 9b150ee781d2c96881d6021398a5e296 -> 
  custom:scripting/monoscript/fileName/AxisInputUI.cs: 8e9e9e7d81bf0b577b799997060acaa2 -> 
  custom:container-muxer-webm: aa71ff27fc2769a1b78a27578f13a17b -> 
  custom:scripting/monoscript/fileName/ISimpleInputDraggable.cs: 02e2c0f5c4c7b09cca95cd6995751649 -> 
  custom:scripting/monoscript/fileName/SimpleInputHelper.cs: b3a83afe8525559ea8de8bf181ae12d3 -> 
  custom:video-decoder-webm-vp8: 9c59270c3fd7afecdb556c50c9e8de78 -> 
  custom:scripting/monoscript/fileName/ButtonInputKeyboard.cs: ba25923f154a63c5784ce1232d468254 -> 
  custom:scripting/monoscript/fileName/MouseButtonInputSwipeGesture.cs: 7ee8a5727ee40a85fb7fa6a75850aa15 -> 
  custom:scripting/monoscript/fileName/SimpleInput.cs: 19c198c77e4a747ec81d49f894402aeb -> 
  custom:scripting/monoscript/fileName/Dpad.cs: 1d0a65058286db0581ff769384403511 -> 
  custom:SearchIndexIgnoredProperties: e643bd26f0fe6173181afceb89e7c659 -> 
  custom:scripting/monoscript/fileName/AxisInputMouse.cs: e1b8e00523cffe7088e2230fe5dd6251 -> 
  custom:scripting/monoscript/fileName/FpsCounter.cs: b2a88c3520e04eb3d5c5bb2facecf66a -> f7d292bb0de5814b7cbdb34b921784fc
  custom:AudioImporter_EditorPlatform: d09bf68614088b80899f8185d706f6e7 -> 
  custom:scripting/monoscript/fileName/AxisInputDrawer.cs: 1f4474b5d272ca49bf560a178fd66612 -> 
  custom:scripting/monoscript/fileName/AxisInputRotateGesture.cs: c3a9ef0ee267b1c6d5f3a96e5c245615 -> 
  custom:scripting/monoscript/fileName/KeyInputKeyboard.cs: 90fcee54091edb186581d662ee44b0f5 -> 
  custom:scripting/monoscript/fileName/SelectivePointerInput.cs: 5e57eed8b4ce4d406f51c54daa1ec5c9 -> 
  custom:video-encoder-webm-vp8: eb34c28f22e8b96e1ab97ce403110664 -> 
  custom:audio-decoder-ogg-vorbis: bf7c407c2cedff20999df2af8eb42d56 -> 
  custom:scripting/monoscript/fileName/AxisInputSwipeGesture.cs: 3e7798eec0a44491ee75273411e03fa0 -> 
  custom:scripting/monoscript/fileName/AxisInputMoveGesture.cs: 584680ffe2cc03e6d1e18b851724ba96 -> 
  custom:scripting/monoscript/fileName/AxisInputPinchGesture.cs: f546e06ef7b104dd75f56c5ce245c26a -> 
  custom:scripting/monoscript/fileName/MouseButtonInputKeyboard.cs: 1e9725fec1e8520e9e8b6ddf6e9b6216 -> 
  custom:scripting/monoscript/fileName/UnityInputProvider.cs: ace0180975236bb7042cbd4fa7b80d75 -> 
  custom:scripting/monoscript/fileName/BaseInputDrawer.cs: 7a7f4cd8f8028527aa460efb14cf999f -> 
  custom:scripting/monoscript/fileName/Joystick.cs: 291ab2eb02dfb056a8571d14613b9921 -> 1a1d9a9cba7940fed9939f7306abee3f
  custom:scripting/monoscript/fileName/SetCharacter.cs: 8e6ac516b7d92d6b7da39bc386506d1a -> 66000bc1a703bb6f10eb1b49c927df39
  custom:scripting/monoscript/fileName/KeyInputDrawer.cs: 1dfaad815a1c0a7c5aee80ef2c46a549 -> 
  custom:audio-encoder-webm-vorbis: bf7c407c2cedff20999df2af8eb42d56 -> 
  custom:scripting/monoscript/fileName/SimpleInputMultiDragListener.cs: 3367a275164e284edd0600b9f3926f78 -> 
  custom:scripting/monoscript/fileName/MouseButtonInputUI.cs: d89dff9ee068b6592ddeb6d855f78ea5 -> 
========================================================================
Received Prepare
Begin MonoManager ReloadAssembly
Symbol file LoadedFromMemory doesn't match image D:\Unity репозиторий\Ancient-Lands\Ancient Lands\Library\PackageCache\com.unity.visualscripting@1.8.0\Editor\VisualScripting.Core\Dependencies\YamlDotNet\Unity.VisualScripting.YamlDotNet.dll
Symbol file LoadedFromMemory doesn't match image D:\Unity репозиторий\Ancient-Lands\Ancient Lands\Library\PackageCache\com.unity.visualscripting@1.8.0\Editor\VisualScripting.Core\Dependencies\DotNetZip\Unity.VisualScripting.IonicZip.dll
- Loaded All Assemblies, in  0.465 seconds
Refreshing native plugins compatible for Editor in 1.96 ms, found 3 plugins.
Native extension for WindowsStandalone target not found
Native extension for Android target not found
Mono: successfully reloaded assembly
- Finished resetting the current domain, in  0.711 seconds
Domain Reload Profiling: 1177ms
	BeginReloadAssembly (105ms)
		ExecutionOrderSort (0ms)
		DisableScriptedObjects (4ms)
		BackupInstance (0ms)
		ReleaseScriptingObjects (0ms)
		CreateAndSetChildDomain (33ms)
	RebuildCommonClasses (21ms)
	RebuildNativeTypeToScriptingClass (8ms)
	initialDomainReloadingComplete (18ms)
	LoadAllAssembliesAndSetupDomain (313ms)
		LoadAssemblies (178ms)
		RebuildTransferFunctionScriptingTraits (0ms)
		AnalyzeDomain (177ms)
			TypeCache.Refresh (169ms)
				TypeCache.ScanAssembly (162ms)
			ScanForSourceGeneratedMonoScriptInfo (0ms)
			ResolveRequiredComponents (8ms)
	FinalizeReload (712ms)
		ReleaseScriptCaches (0ms)
		RebuildScriptCaches (0ms)
		SetupLoadedEditorAssemblies (353ms)
			LogAssemblyErrors (0ms)
			InitializePlatformSupportModulesInManaged (14ms)
			SetLoadedEditorAssemblies (3ms)
			RefreshPlugins (0ms)
			BeforeProcessingInitializeOnLoad (59ms)
			ProcessInitializeOnLoadAttributes (221ms)
			ProcessInitializeOnLoadMethodAttributes (53ms)
			AfterProcessingInitializeOnLoad (2ms)
			EditorAssembliesLoaded (0ms)
		ExecutionOrderSort2 (0ms)
		AwakeInstancesAfterBackupRestoration (6ms)
Refreshing native plugins compatible for Editor in 1.86 ms, found 3 plugins.
Preloading 0 native plugins for Editor in 0.00 ms.
Unloading 5416 Unused Serialized files (Serialized files now loaded: 0)
Unloading 42 unused Assets / (114.5 KB). Loaded Objects now: 6090.
Memory consumption went from 190.7 MB to 190.5 MB.
Total: 2.838300 ms (FindLiveObjects: 0.329600 ms CreateObjectMapping: 0.242200 ms MarkObjects: 2.206900 ms  DeleteObjects: 0.058900 ms)

Prepare: number of updated asset objects reloaded= 0
AssetImportParameters requested are different than current active one (requested -> active):
  custom:scripting/monoscript/fileName/SimpleInputDragListener.cs: e70e89b11f10fbbe1f553f68da2c49a6 -> 
  custom:scripting/monoscript/fileName/BaseInput.cs: 5d583b3c06f8372fbc5dcf1039a62ed5 -> 2124093b3f8a7fbb31af4584d7906f17
  custom:scripting/monoscript/fileName/SwipeGestureBase.cs: 90647cc400823b41df847a6cbfc29026 -> 
  custom:container-demuxer-ogg: 62fdf1f143b41e24485cea50d1cbac27 -> 
  custom:scripting/monoscript/fileName/KeyInputUI.cs: 9ced766321c62164f358eb2683dcee24 -> 
  custom:scripting/monoscript/fileName/ISimpleInputDraggableMultiTouch.cs: bad0aae7acfc31886d5d6cd64511bb37 -> 
  custom:scripting/monoscript/fileName/SimpleInputUtils.cs: 2b7179258bf8caef7276524804fd56a8 -> 
  custom:scripting/monoscript/fileName/AxisInputKeyboard.cs: 4c59efc46215873528eb46c47b9a57d8 -> 
  custom:scripting/monoscript/fileName/Touchpad.cs: af8171bd9de94ceab200fecaa797664a -> 
  custom:video-decoder-ogg-theora: a1e56fd34408186e4bbccfd4996cb3dc -> 
  custom:scripting/monoscript/fileName/ButtonInputSwipeGesture.cs: 57fd3587f7d3a1b2753240f33c7f512a -> 
  custom:scripting/monoscript/fileName/PointAndClickManager.cs: ca53010796b4de73fe5b234435c3e078 -> fa32d372a252ee86bcc063642d34517c
  custom:framework-win-MediaFoundation: 216162199b28c13a410421893ffa2e32 -> 
  custom:scripting/monoscript/fileName/ButtonInputUI.cs: 860f7312d94ca0d38c049eb09b4ebb79 -> 
  custom:scripting/monoscript/fileName/Move.cs: 73a45274d592f163b9c1ce89ddb016d1 -> 
  custom:scripting/monoscript/fileName/DisableMeshAtRuntime.cs: cab17774665095244ea56be384dc4693 -> b13d25dcacf5740aa2e5f629bc06acfd
  custom:scripting/monoscript/fileName/ButtonInputDrawer.cs: 14583ec797aaef62041dfb8bacb16bb2 -> 
  custom:scripting/monoscript/fileName/AxisInputUIArrows.cs: 9e4f49dcc0a35cdd28b802d390debcb6 -> 
  custom:container-demuxer-webm: 4f35f7cbe854078d1ac9338744f61a02 -> 
  custom:scripting/monoscript/fileName/SteeringWheel.cs: 56729bf68c4b1cde8857cd3e3fb43441 -> 
  custom:scripting/monoscript/fileName/SetCharacterEditor.cs: f74b6d9fe8fbca0103564d0889d951da -> 8973c7b2cc141a00270ba0c27360d0cc
  custom:scripting/monoscript/fileName/MouseButtonInputDrawer.cs: d3764dae7657d5ecbe906ef6dd0cc964 -> 
  custom:scripting/monoscript/fileName/KeyInputSwipeGesture.cs: 9179e959774cf3fe6ccc5e3d5adea90f -> 
  custom:scripting/monoscript/fileName/NonDrawingGraphic.cs: c2094ae89b103fb99b7fa794d364ee1e -> 
  custom:scripting/monoscript/fileName/CameraFollow.cs: 9b150ee781d2c96881d6021398a5e296 -> 
  custom:scripting/monoscript/fileName/AxisInputUI.cs: 8e9e9e7d81bf0b577b799997060acaa2 -> 
  custom:container-muxer-webm: aa71ff27fc2769a1b78a27578f13a17b -> 
  custom:scripting/monoscript/fileName/ISimpleInputDraggable.cs: 02e2c0f5c4c7b09cca95cd6995751649 -> 
  custom:scripting/monoscript/fileName/SimpleInputHelper.cs: b3a83afe8525559ea8de8bf181ae12d3 -> 
  custom:video-decoder-webm-vp8: 9c59270c3fd7afecdb556c50c9e8de78 -> 
  custom:scripting/monoscript/fileName/ButtonInputKeyboard.cs: ba25923f154a63c5784ce1232d468254 -> 
  custom:scripting/monoscript/fileName/MouseButtonInputSwipeGesture.cs: 7ee8a5727ee40a85fb7fa6a75850aa15 -> 
  custom:scripting/monoscript/fileName/SimpleInput.cs: 19c198c77e4a747ec81d49f894402aeb -> 
  custom:scripting/monoscript/fileName/Dpad.cs: 1d0a65058286db0581ff769384403511 -> 
  custom:SearchIndexIgnoredProperties: e643bd26f0fe6173181afceb89e7c659 -> 
  custom:scripting/monoscript/fileName/AxisInputMouse.cs: e1b8e00523cffe7088e2230fe5dd6251 -> 
  custom:scripting/monoscript/fileName/FpsCounter.cs: b2a88c3520e04eb3d5c5bb2facecf66a -> f7d292bb0de5814b7cbdb34b921784fc
  custom:AudioImporter_EditorPlatform: d09bf68614088b80899f8185d706f6e7 -> 
  custom:scripting/monoscript/fileName/AxisInputDrawer.cs: 1f4474b5d272ca49bf560a178fd66612 -> 
  custom:scripting/monoscript/fileName/AxisInputRotateGesture.cs: c3a9ef0ee267b1c6d5f3a96e5c245615 -> 
  custom:scripting/monoscript/fileName/KeyInputKeyboard.cs: 90fcee54091edb186581d662ee44b0f5 -> 
  custom:scripting/monoscript/fileName/SelectivePointerInput.cs: 5e57eed8b4ce4d406f51c54daa1ec5c9 -> 
  custom:video-encoder-webm-vp8: eb34c28f22e8b96e1ab97ce403110664 -> 
  custom:audio-decoder-ogg-vorbis: bf7c407c2cedff20999df2af8eb42d56 -> 
  custom:scripting/monoscript/fileName/AxisInputSwipeGesture.cs: 3e7798eec0a44491ee75273411e03fa0 -> 
  custom:scripting/monoscript/fileName/AxisInputMoveGesture.cs: 584680ffe2cc03e6d1e18b851724ba96 -> 
  custom:scripting/monoscript/fileName/AxisInputPinchGesture.cs: f546e06ef7b104dd75f56c5ce245c26a -> 
  custom:scripting/monoscript/fileName/MouseButtonInputKeyboard.cs: 1e9725fec1e8520e9e8b6ddf6e9b6216 -> 
  custom:scripting/monoscript/fileName/UnityInputProvider.cs: ace0180975236bb7042cbd4fa7b80d75 -> 
  custom:scripting/monoscript/fileName/BaseInputDrawer.cs: 7a7f4cd8f8028527aa460efb14cf999f -> 
  custom:scripting/monoscript/fileName/Joystick.cs: 291ab2eb02dfb056a8571d14613b9921 -> 1a1d9a9cba7940fed9939f7306abee3f
  custom:scripting/monoscript/fileName/SetCharacter.cs: 8e6ac516b7d92d6b7da39bc386506d1a -> 66000bc1a703bb6f10eb1b49c927df39
  custom:scripting/monoscript/fileName/KeyInputDrawer.cs: 1dfaad815a1c0a7c5aee80ef2c46a549 -> 
  custom:audio-encoder-webm-vorbis: bf7c407c2cedff20999df2af8eb42d56 -> 
  custom:scripting/monoscript/fileName/SimpleInputMultiDragListener.cs: 3367a275164e284edd0600b9f3926f78 -> 
  custom:scripting/monoscript/fileName/MouseButtonInputUI.cs: d89dff9ee068b6592ddeb6d855f78ea5 -> 
========================================================================
Received Prepare
Begin MonoManager ReloadAssembly
Symbol file LoadedFromMemory doesn't match image D:\Unity репозиторий\Ancient-Lands\Ancient Lands\Library\PackageCache\com.unity.visualscripting@1.8.0\Editor\VisualScripting.Core\Dependencies\YamlDotNet\Unity.VisualScripting.YamlDotNet.dll
Symbol file LoadedFromMemory doesn't match image D:\Unity репозиторий\Ancient-Lands\Ancient Lands\Library\PackageCache\com.unity.visualscripting@1.8.0\Editor\VisualScripting.Core\Dependencies\DotNetZip\Unity.VisualScripting.IonicZip.dll
- Loaded All Assemblies, in  0.477 seconds
Refreshing native plugins compatible for Editor in 2.27 ms, found 3 plugins.
Native extension for WindowsStandalone target not found
Native extension for Android target not found
Mono: successfully reloaded assembly
- Finished resetting the current domain, in  0.712 seconds
Domain Reload Profiling: 1188ms
	BeginReloadAssembly (105ms)
		ExecutionOrderSort (0ms)
		DisableScriptedObjects (4ms)
		BackupInstance (0ms)
		ReleaseScriptingObjects (0ms)
		CreateAndSetChildDomain (31ms)
	RebuildCommonClasses (21ms)
	RebuildNativeTypeToScriptingClass (7ms)
	initialDomainReloadingComplete (18ms)
	LoadAllAssembliesAndSetupDomain (326ms)
		LoadAssemblies (176ms)
		RebuildTransferFunctionScriptingTraits (0ms)
		AnalyzeDomain (193ms)
			TypeCache.Refresh (185ms)
				TypeCache.ScanAssembly (177ms)
			ScanForSourceGeneratedMonoScriptInfo (0ms)
			ResolveRequiredComponents (8ms)
	FinalizeReload (712ms)
		ReleaseScriptCaches (0ms)
		RebuildScriptCaches (0ms)
		SetupLoadedEditorAssemblies (357ms)
			LogAssemblyErrors (0ms)
			InitializePlatformSupportModulesInManaged (18ms)
			SetLoadedEditorAssemblies (3ms)
			RefreshPlugins (0ms)
			BeforeProcessingInitializeOnLoad (57ms)
			ProcessInitializeOnLoadAttributes (235ms)
			ProcessInitializeOnLoadMethodAttributes (43ms)
			AfterProcessingInitializeOnLoad (2ms)
			EditorAssembliesLoaded (0ms)
		ExecutionOrderSort2 (0ms)
		AwakeInstancesAfterBackupRestoration (6ms)
Refreshing native plugins compatible for Editor in 1.79 ms, found 3 plugins.
Preloading 0 native plugins for Editor in 0.00 ms.
Unloading 5416 Unused Serialized files (Serialized files now loaded: 0)
Unloading 42 unused Assets / (114.5 KB). Loaded Objects now: 6106.
Memory consumption went from 190.7 MB to 190.6 MB.
Total: 2.917300 ms (FindLiveObjects: 0.339700 ms CreateObjectMapping: 0.307500 ms MarkObjects: 2.211800 ms  DeleteObjects: 0.057800 ms)

Prepare: number of updated asset objects reloaded= 0
AssetImportParameters requested are different than current active one (requested -> active):
  custom:scripting/monoscript/fileName/SimpleInputDragListener.cs: e70e89b11f10fbbe1f553f68da2c49a6 -> 
  custom:scripting/monoscript/fileName/BaseInput.cs: 5d583b3c06f8372fbc5dcf1039a62ed5 -> 2124093b3f8a7fbb31af4584d7906f17
  custom:scripting/monoscript/fileName/SwipeGestureBase.cs: 90647cc400823b41df847a6cbfc29026 -> 
  custom:container-demuxer-ogg: 62fdf1f143b41e24485cea50d1cbac27 -> 
  custom:scripting/monoscript/fileName/KeyInputUI.cs: 9ced766321c62164f358eb2683dcee24 -> 
  custom:scripting/monoscript/fileName/ISimpleInputDraggableMultiTouch.cs: bad0aae7acfc31886d5d6cd64511bb37 -> 
  custom:scripting/monoscript/fileName/SimpleInputUtils.cs: 2b7179258bf8caef7276524804fd56a8 -> 
  custom:scripting/monoscript/fileName/AxisInputKeyboard.cs: 4c59efc46215873528eb46c47b9a57d8 -> 
  custom:scripting/monoscript/fileName/Touchpad.cs: af8171bd9de94ceab200fecaa797664a -> 
  custom:video-decoder-ogg-theora: a1e56fd34408186e4bbccfd4996cb3dc -> 
  custom:scripting/monoscript/fileName/ButtonInputSwipeGesture.cs: 57fd3587f7d3a1b2753240f33c7f512a -> 
  custom:scripting/monoscript/fileName/PointAndClickManager.cs: ca53010796b4de73fe5b234435c3e078 -> fa32d372a252ee86bcc063642d34517c
  custom:framework-win-MediaFoundation: 216162199b28c13a410421893ffa2e32 -> 
  custom:scripting/monoscript/fileName/ButtonInputUI.cs: 860f7312d94ca0d38c049eb09b4ebb79 -> 
  custom:scripting/monoscript/fileName/Move.cs: 73a45274d592f163b9c1ce89ddb016d1 -> 
  custom:scripting/monoscript/fileName/DisableMeshAtRuntime.cs: cab17774665095244ea56be384dc4693 -> b13d25dcacf5740aa2e5f629bc06acfd
  custom:scripting/monoscript/fileName/ButtonInputDrawer.cs: 14583ec797aaef62041dfb8bacb16bb2 -> 
  custom:scripting/monoscript/fileName/AxisInputUIArrows.cs: 9e4f49dcc0a35cdd28b802d390debcb6 -> 
  custom:container-demuxer-webm: 4f35f7cbe854078d1ac9338744f61a02 -> 
  custom:scripting/monoscript/fileName/SteeringWheel.cs: 56729bf68c4b1cde8857cd3e3fb43441 -> 
  custom:scripting/monoscript/fileName/SetCharacterEditor.cs: f74b6d9fe8fbca0103564d0889d951da -> 8973c7b2cc141a00270ba0c27360d0cc
  custom:scripting/monoscript/fileName/MouseButtonInputDrawer.cs: d3764dae7657d5ecbe906ef6dd0cc964 -> 
  custom:scripting/monoscript/fileName/KeyInputSwipeGesture.cs: 9179e959774cf3fe6ccc5e3d5adea90f -> 
  custom:scripting/monoscript/fileName/NonDrawingGraphic.cs: c2094ae89b103fb99b7fa794d364ee1e -> 
  custom:scripting/monoscript/fileName/CameraFollow.cs: 9b150ee781d2c96881d6021398a5e296 -> 
  custom:scripting/monoscript/fileName/AxisInputUI.cs: 8e9e9e7d81bf0b577b799997060acaa2 -> 
  custom:container-muxer-webm: aa71ff27fc2769a1b78a27578f13a17b -> 
  custom:scripting/monoscript/fileName/ISimpleInputDraggable.cs: 02e2c0f5c4c7b09cca95cd6995751649 -> 
  custom:scripting/monoscript/fileName/SimpleInputHelper.cs: b3a83afe8525559ea8de8bf181ae12d3 -> 
  custom:video-decoder-webm-vp8: 9c59270c3fd7afecdb556c50c9e8de78 -> 
  custom:scripting/monoscript/fileName/ButtonInputKeyboard.cs: ba25923f154a63c5784ce1232d468254 -> 
  custom:scripting/monoscript/fileName/MouseButtonInputSwipeGesture.cs: 7ee8a5727ee40a85fb7fa6a75850aa15 -> 
  custom:scripting/monoscript/fileName/SimpleInput.cs: 19c198c77e4a747ec81d49f894402aeb -> 
  custom:scripting/monoscript/fileName/Dpad.cs: 1d0a65058286db0581ff769384403511 -> 
  custom:SearchIndexIgnoredProperties: e643bd26f0fe6173181afceb89e7c659 -> 
  custom:scripting/monoscript/fileName/AxisInputMouse.cs: e1b8e00523cffe7088e2230fe5dd6251 -> 
  custom:scripting/monoscript/fileName/FpsCounter.cs: b2a88c3520e04eb3d5c5bb2facecf66a -> f7d292bb0de5814b7cbdb34b921784fc
  custom:AudioImporter_EditorPlatform: d09bf68614088b80899f8185d706f6e7 -> 
  custom:scripting/monoscript/fileName/AxisInputDrawer.cs: 1f4474b5d272ca49bf560a178fd66612 -> 
  custom:scripting/monoscript/fileName/AxisInputRotateGesture.cs: c3a9ef0ee267b1c6d5f3a96e5c245615 -> 
  custom:scripting/monoscript/fileName/KeyInputKeyboard.cs: 90fcee54091edb186581d662ee44b0f5 -> 
  custom:scripting/monoscript/fileName/SelectivePointerInput.cs: 5e57eed8b4ce4d406f51c54daa1ec5c9 -> 
  custom:video-encoder-webm-vp8: eb34c28f22e8b96e1ab97ce403110664 -> 
  custom:audio-decoder-ogg-vorbis: bf7c407c2cedff20999df2af8eb42d56 -> 
  custom:scripting/monoscript/fileName/AxisInputSwipeGesture.cs: 3e7798eec0a44491ee75273411e03fa0 -> 
  custom:scripting/monoscript/fileName/AxisInputMoveGesture.cs: 584680ffe2cc03e6d1e18b851724ba96 -> 
  custom:scripting/monoscript/fileName/AxisInputPinchGesture.cs: f546e06ef7b104dd75f56c5ce245c26a -> 
  custom:scripting/monoscript/fileName/MouseButtonInputKeyboard.cs: 1e9725fec1e8520e9e8b6ddf6e9b6216 -> 
  custom:scripting/monoscript/fileName/UnityInputProvider.cs: ace0180975236bb7042cbd4fa7b80d75 -> 
  custom:scripting/monoscript/fileName/BaseInputDrawer.cs: 7a7f4cd8f8028527aa460efb14cf999f -> 
  custom:scripting/monoscript/fileName/Joystick.cs: 291ab2eb02dfb056a8571d14613b9921 -> 1a1d9a9cba7940fed9939f7306abee3f
  custom:scripting/monoscript/fileName/SetCharacter.cs: 8e6ac516b7d92d6b7da39bc386506d1a -> 66000bc1a703bb6f10eb1b49c927df39
  custom:scripting/monoscript/fileName/KeyInputDrawer.cs: 1dfaad815a1c0a7c5aee80ef2c46a549 -> 
  custom:audio-encoder-webm-vorbis: bf7c407c2cedff20999df2af8eb42d56 -> 
  custom:scripting/monoscript/fileName/SimpleInputMultiDragListener.cs: 3367a275164e284edd0600b9f3926f78 -> 
  custom:scripting/monoscript/fileName/MouseButtonInputUI.cs: d89dff9ee068b6592ddeb6d855f78ea5 -> 
========================================================================
Received Import Request.
  Time since last request: 138.200295 seconds.
  path: Assets/Resources/Hud/blood_bar.png
  artifactKey: Guid(9c62b57dd5a0f8b4290a5b86ca47c961) Importer(815301076,1909f56bfc062723c751e8b465ee728b)
Start importing Assets/Resources/Hud/blood_bar.png using Guid(9c62b57dd5a0f8b4290a5b86ca47c961) Importer(815301076,1909f56bfc062723c751e8b465ee728b)  -> (artifact id: '2dfe7031539c032175c39d2bd5e655d1') in 0.010063 seconds
Number of updated asset objects reloaded before import = 0
Number of asset objects unloaded after import = 2
========================================================================
Received Import Request.
  Time since last request: 0.000013 seconds.
  path: Assets/Resources/Hud/rock_bar.png
  artifactKey: Guid(ec59b5f898b48b44988c6dd3e49bb8a0) Importer(815301076,1909f56bfc062723c751e8b465ee728b)
Start importing Assets/Resources/Hud/rock_bar.png using Guid(ec59b5f898b48b44988c6dd3e49bb8a0) Importer(815301076,1909f56bfc062723c751e8b465ee728b)  -> (artifact id: '2fc06b4da4f7fda1dbc5d9e252384dd3') in 0.003504 seconds
Number of updated asset objects reloaded before import = 0
Number of asset objects unloaded after import = 2
========================================================================
Received Import Request.
  Time since last request: 57.497685 seconds.
  path: Assets/Resources/Hud/Hud.prefab
  artifactKey: Guid(f6395af14c6ae2d4ea00c7e97e633ad3) Importer(815301076,1909f56bfc062723c751e8b465ee728b)
Start importing Assets/Resources/Hud/Hud.prefab using Guid(f6395af14c6ae2d4ea00c7e97e633ad3) Importer(815301076,1909f56bfc062723c751e8b465ee728b)  -> (artifact id: '315ae24f90fc061cf0ffe7d5b71c6a02') in 0.028285 seconds
Number of updated asset objects reloaded before import = 0
Number of asset objects unloaded after import = 46
========================================================================
Received Import Request.
  Time since last request: 55.985928 seconds.
  path: Assets/Resources/Hud/Joystick.png
  artifactKey: Guid(5fbc03f053cf3c8429e19c11414ae1b4) Importer(815301076,1909f56bfc062723c751e8b465ee728b)
Start importing Assets/Resources/Hud/Joystick.png using Guid(5fbc03f053cf3c8429e19c11414ae1b4) Importer(815301076,1909f56bfc062723c751e8b465ee728b)  -> (artifact id: '95c9543b66fd4f5986deab86daa147b2') in 0.001710 seconds
Number of updated asset objects reloaded before import = 0
Number of asset objects unloaded after import = 1
========================================================================
Received Import Request.
  Time since last request: 0.007947 seconds.
  path: Assets/Resources/Hud/JoystickPack Preview.png
  artifactKey: Guid(8e9b655f451854e42ae082d5714f9b61) Importer(815301076,1909f56bfc062723c751e8b465ee728b)
Start importing Assets/Resources/Hud/JoystickPack Preview.png using Guid(8e9b655f451854e42ae082d5714f9b61) Importer(815301076,1909f56bfc062723c751e8b465ee728b)  -> (artifact id: '685184761b0d21cb3d377290ffa61a91') in 0.013863 seconds
Number of updated asset objects reloaded before import = 0
Number of asset objects unloaded after import = 1
========================================================================
Received Import Request.
  Time since last request: 0.000015 seconds.
  path: Assets/Resources/Hud/JoystickSplitted.png
  artifactKey: Guid(3610b46f6279f204ba0a0c5808534a92) Importer(815301076,1909f56bfc062723c751e8b465ee728b)
Start importing Assets/Resources/Hud/JoystickSplitted.png using Guid(3610b46f6279f204ba0a0c5808534a92) Importer(815301076,1909f56bfc062723c751e8b465ee728b)  -> (artifact id: 'd38bced046cd172a50465c0c57b21782') in 0.001569 seconds
Number of updated asset objects reloaded before import = 0
Number of asset objects unloaded after import = 1
========================================================================
Received Import Request.
  Time since last request: 0.000013 seconds.
  path: Assets/Resources/Hud/SmallHandleFilledGrey.png
  artifactKey: Guid(0537f4ae52c8a214fa6eea652401f8b6) Importer(815301076,1909f56bfc062723c751e8b465ee728b)
Start importing Assets/Resources/Hud/SmallHandleFilledGrey.png using Guid(0537f4ae52c8a214fa6eea652401f8b6) Importer(815301076,1909f56bfc062723c751e8b465ee728b)  -> (artifact id: 'efd772da115ab55a278d1ef48fec100a') in 0.000789 seconds
Number of updated asset objects reloaded before import = 0
Number of asset objects unloaded after import = 1
========================================================================
Received Import Request.
  Time since last request: 21.079817 seconds.
  path: Assets/Resources/Hud/New Folder
  artifactKey: Guid(d1aa0077a30d2234cb2634063848dc42) Importer(815301076,1909f56bfc062723c751e8b465ee728b)
Start importing Assets/Resources/Hud/New Folder using Guid(d1aa0077a30d2234cb2634063848dc42) Importer(815301076,1909f56bfc062723c751e8b465ee728b)  -> (artifact id: 'da856aa793b0f53cb7f3a21fca2acc5c') in 0.000368 seconds
Number of updated asset objects reloaded before import = 0
Number of asset objects unloaded after import = 0
========================================================================
Received Import Request.
  Time since last request: 15.658383 seconds.
  path: Assets/Resources/Hud/Joystick
  artifactKey: Guid(d1aa0077a30d2234cb2634063848dc42) Importer(815301076,1909f56bfc062723c751e8b465ee728b)
Start importing Assets/Resources/Hud/Joystick using Guid(d1aa0077a30d2234cb2634063848dc42) Importer(815301076,1909f56bfc062723c751e8b465ee728b)  -> (artifact id: 'f026bdf44b2da35a33d900cafcbcdbe1') in 0.000359 seconds
Number of updated asset objects reloaded before import = 0
Number of asset objects unloaded after import = 0
========================================================================
Received Import Request.
  Time since last request: 7.611991 seconds.
  path: Assets/Resources/Hud/Joystick/Joystick.png
  artifactKey: Guid(5fbc03f053cf3c8429e19c11414ae1b4) Importer(815301076,1909f56bfc062723c751e8b465ee728b)
Start importing Assets/Resources/Hud/Joystick/Joystick.png using Guid(5fbc03f053cf3c8429e19c11414ae1b4) Importer(815301076,1909f56bfc062723c751e8b465ee728b)  -> (artifact id: 'f286d803157e96659bd88513ec809cde') in 0.001603 seconds
Number of updated asset objects reloaded before import = 0
Number of asset objects unloaded after import = 2
========================================================================
Received Import Request.
  Time since last request: 0.000010 seconds.
  path: Assets/Resources/Hud/Joystick/LargeHandleFilledGrey.png
  artifactKey: Guid(c8034a3643fa0664dbda516f8d3abd18) Importer(815301076,1909f56bfc062723c751e8b465ee728b)
Start importing Assets/Resources/Hud/Joystick/LargeHandleFilledGrey.png using Guid(c8034a3643fa0664dbda516f8d3abd18) Importer(815301076,1909f56bfc062723c751e8b465ee728b)  -> (artifact id: '1bfdac09a1c227cced735bda93cc2ace') in 0.001646 seconds
Number of updated asset objects reloaded before import = 0
Number of asset objects unloaded after import = 2
========================================================================
Received Import Request.
  Time since last request: 0.000014 seconds.
  path: Assets/Resources/Hud/Joystick/SmallHandleFilled.png
  artifactKey: Guid(b2c08f2f290b98741b3878f2471ab82c) Importer(815301076,1909f56bfc062723c751e8b465ee728b)
Start importing Assets/Resources/Hud/Joystick/SmallHandleFilled.png using Guid(b2c08f2f290b98741b3878f2471ab82c) Importer(815301076,1909f56bfc062723c751e8b465ee728b)  -> (artifact id: '3e75cd22fbebf3d07ac9c0041e53a7d5') in 0.001037 seconds
Number of updated asset objects reloaded before import = 0
Number of asset objects unloaded after import = 2
Editor requested this worker to shutdown with reason: Scaling down because of idle timeout
TcpMessagingSession - receive error: operation aborted. errorcode: 995, details: The I/O operation has been aborted because of either a thread exit or an application request.
AssetImportWorker is now disconnected from the server
Process exiting
Exiting without the bug reporter. Application will terminate with return code 0