Using pre-set license
Built from '2022.3/staging' branch; Version is '2022.3.1f1 (f18e0c1b5784) revision 15830540'; Using compiler version '192829333'; Build Type 'Release'
OS: 'Windows 10  (10.0.19045) 64bit Professional' Language: 'en' Physical Memory: 32690 MB
BatchMode: 1, IsHumanControllingUs: 0, StartBugReporterOnCrash: 0, Is64bit: 1, IsPro: 1

COMMAND LINE ARGUMENTS:
A:\Unity\2022.3.1f1\Editor\Unity.exe
-adb2
-batchMode
-noUpm
-name
AssetImportWorker21
-projectPath
D:/Unity репозиторий/Ancient-Lands/Ancient Lands
-logFile
Logs/AssetImportWorker21.log
-srvPort
5754
Successfully changed project path to: D:/Unity репозиторий/Ancient-Lands/Ancient Lands
D:/Unity репозиторий/Ancient-Lands/Ancient Lands
[UnityMemory] Configuration Parameters - Can be set up in boot.config
    "memorysetup-bucket-allocator-granularity=16"
    "memorysetup-bucket-allocator-bucket-count=8"
    "memorysetup-bucket-allocator-block-size=33554432"
    "memorysetup-bucket-allocator-block-count=8"
    "memorysetup-main-allocator-block-size=16777216"
    "memorysetup-thread-allocator-block-size=16777216"
    "memorysetup-gfx-main-allocator-block-size=16777216"
    "memorysetup-gfx-thread-allocator-block-size=16777216"
    "memorysetup-cache-allocator-block-size=4194304"
    "memorysetup-typetree-allocator-block-size=2097152"
    "memorysetup-profiler-bucket-allocator-granularity=16"
    "memorysetup-profiler-bucket-allocator-bucket-count=8"
    "memorysetup-profiler-bucket-allocator-block-size=33554432"
    "memorysetup-profiler-bucket-allocator-block-count=8"
    "memorysetup-profiler-allocator-block-size=16777216"
    "memorysetup-profiler-editor-allocator-block-size=1048576"
    "memorysetup-temp-allocator-size-main=16777216"
    "memorysetup-job-temp-allocator-block-size=2097152"
    "memorysetup-job-temp-allocator-block-size-background=1048576"
    "memorysetup-job-temp-allocator-reduction-small-platforms=262144"
    "memorysetup-allocator-temp-initial-block-size-main=262144"
    "memorysetup-allocator-temp-initial-block-size-worker=262144"
    "memorysetup-temp-allocator-size-background-worker=32768"
    "memorysetup-temp-allocator-size-job-worker=262144"
    "memorysetup-temp-allocator-size-preload-manager=33554432"
    "memorysetup-temp-allocator-size-nav-mesh-worker=65536"
    "memorysetup-temp-allocator-size-audio-worker=65536"
    "memorysetup-temp-allocator-size-cloud-worker=32768"
    "memorysetup-temp-allocator-size-gi-baking-worker=262144"
    "memorysetup-temp-allocator-size-gfx=262144"
Player connection [23512] Host "[IP] 192.168.100.2 [Port] 0 [Flags] 2 [Guid] 3644397921 [EditorId] 3644397921 [Version] 1048832 [Id] WindowsEditor(7,DESKTOP-4VOLOPP) [Debug] 1 [PackageName] WindowsEditor [ProjectName] Editor" joined multi-casting on [225.0.0.222:54997]...

Player connection [23512] Host "[IP] 192.168.100.2 [Port] 0 [Flags] 2 [Guid] 3644397921 [EditorId] 3644397921 [Version] 1048832 [Id] WindowsEditor(7,DESKTOP-4VOLOPP) [Debug] 1 [PackageName] WindowsEditor [ProjectName] Editor" joined alternative multi-casting on [225.0.0.222:34997]...

Refreshing native plugins compatible for Editor in 6.12 ms, found 3 plugins.
Preloading 0 native plugins for Editor in 0.00 ms.
Initialize engine version: 2022.3.1f1 (f18e0c1b5784)
[Subsystems] Discovering subsystems at path A:/Unity/2022.3.1f1/Editor/Data/Resources/UnitySubsystems
[Subsystems] Discovering subsystems at path D:/Unity репозиторий/Ancient-Lands/Ancient Lands/Assets
GfxDevice: creating device client; threaded=0; jobified=0
Direct3D:
    Version:  Direct3D 11.0 [level 11.1]
    Renderer: NVIDIA GeForce RTX 3060 (ID=0x2504)
    Vendor:   NVIDIA
    VRAM:     12129 MB
    Driver:   31.0.15.3179
Initialize mono
Mono path[0] = 'A:/Unity/2022.3.1f1/Editor/Data/Managed'
Mono path[1] = 'A:/Unity/2022.3.1f1/Editor/Data/MonoBleedingEdge/lib/mono/unityjit-win32'
Mono config path = 'A:/Unity/2022.3.1f1/Editor/Data/MonoBleedingEdge/etc'
Using monoOptions --debugger-agent=transport=dt_socket,embedding=1,server=y,suspend=n,address=127.0.0.1:56840
Begin MonoManager ReloadAssembly
Registering precompiled unity dll's ...
Register platform support module: A:/Unity/2022.3.1f1/Editor/Data/PlaybackEngines/AndroidPlayer/UnityEditor.Android.Extensions.dll
Register platform support module: A:/Unity/2022.3.1f1/Editor/Data/PlaybackEngines/WindowsStandaloneSupport/UnityEditor.WindowsStandalone.Extensions.dll
Registered in 0.004599 seconds.
- Loaded All Assemblies, in  0.283 seconds
Native extension for WindowsStandalone target not found
Native extension for Android target not found
Android Extension - Scanning For ADB Devices 239 ms
Mono: successfully reloaded assembly
- Finished resetting the current domain, in  0.495 seconds
Domain Reload Profiling: 778ms
	BeginReloadAssembly (68ms)
		ExecutionOrderSort (0ms)
		DisableScriptedObjects (0ms)
		BackupInstance (0ms)
		ReleaseScriptingObjects (0ms)
		CreateAndSetChildDomain (1ms)
	RebuildCommonClasses (31ms)
	RebuildNativeTypeToScriptingClass (10ms)
	initialDomainReloadingComplete (47ms)
	LoadAllAssembliesAndSetupDomain (127ms)
		LoadAssemblies (68ms)
		RebuildTransferFunctionScriptingTraits (0ms)
		AnalyzeDomain (124ms)
			TypeCache.Refresh (123ms)
				TypeCache.ScanAssembly (113ms)
			ScanForSourceGeneratedMonoScriptInfo (0ms)
			ResolveRequiredComponents (0ms)
	FinalizeReload (495ms)
		ReleaseScriptCaches (0ms)
		RebuildScriptCaches (0ms)
		SetupLoadedEditorAssemblies (448ms)
			LogAssemblyErrors (0ms)
			InitializePlatformSupportModulesInManaged (331ms)
			SetLoadedEditorAssemblies (3ms)
			RefreshPlugins (0ms)
			BeforeProcessingInitializeOnLoad (2ms)
			ProcessInitializeOnLoadAttributes (78ms)
			ProcessInitializeOnLoadMethodAttributes (35ms)
			AfterProcessingInitializeOnLoad (0ms)
			EditorAssembliesLoaded (0ms)
		ExecutionOrderSort2 (0ms)
		AwakeInstancesAfterBackupRestoration (0ms)
========================================================================
Worker process is ready to serve import requests
Begin MonoManager ReloadAssembly
Symbol file LoadedFromMemory doesn't match image D:\Unity репозиторий\Ancient-Lands\Ancient Lands\Library\PackageCache\com.unity.visualscripting@1.8.0\Editor\VisualScripting.Core\Dependencies\YamlDotNet\Unity.VisualScripting.YamlDotNet.dll
Symbol file LoadedFromMemory doesn't match image D:\Unity репозиторий\Ancient-Lands\Ancient Lands\Library\PackageCache\com.unity.visualscripting@1.8.0\Editor\VisualScripting.Core\Dependencies\DotNetZip\Unity.VisualScripting.IonicZip.dll
- Loaded All Assemblies, in  0.516 seconds
Refreshing native plugins compatible for Editor in 1.80 ms, found 3 plugins.
Native extension for WindowsStandalone target not found
Native extension for Android target not found
Mono: successfully reloaded assembly
- Finished resetting the current domain, in  0.484 seconds
Domain Reload Profiling: 1001ms
	BeginReloadAssembly (85ms)
		ExecutionOrderSort (0ms)
		DisableScriptedObjects (4ms)
		BackupInstance (0ms)
		ReleaseScriptingObjects (0ms)
		CreateAndSetChildDomain (16ms)
	RebuildCommonClasses (23ms)
	RebuildNativeTypeToScriptingClass (8ms)
	initialDomainReloadingComplete (27ms)
	LoadAllAssembliesAndSetupDomain (373ms)
		LoadAssemblies (192ms)
		RebuildTransferFunctionScriptingTraits (0ms)
		AnalyzeDomain (223ms)
			TypeCache.Refresh (199ms)
				TypeCache.ScanAssembly (189ms)
			ScanForSourceGeneratedMonoScriptInfo (17ms)
			ResolveRequiredComponents (8ms)
	FinalizeReload (485ms)
		ReleaseScriptCaches (0ms)
		RebuildScriptCaches (0ms)
		SetupLoadedEditorAssemblies (371ms)
			LogAssemblyErrors (0ms)
			InitializePlatformSupportModulesInManaged (17ms)
			SetLoadedEditorAssemblies (4ms)
			RefreshPlugins (0ms)
			BeforeProcessingInitializeOnLoad (58ms)
			ProcessInitializeOnLoadAttributes (244ms)
			ProcessInitializeOnLoadMethodAttributes (47ms)
			AfterProcessingInitializeOnLoad (2ms)
			EditorAssembliesLoaded (0ms)
		ExecutionOrderSort2 (0ms)
		AwakeInstancesAfterBackupRestoration (4ms)
Launched and connected shader compiler UnityShaderCompiler.exe after 0.03 seconds
Refreshing native plugins compatible for Editor in 2.03 ms, found 3 plugins.
Preloading 0 native plugins for Editor in 0.00 ms.
Unloading 5577 Unused Serialized files (Serialized files now loaded: 0)
Unloading 85 unused Assets / (421.5 KB). Loaded Objects now: 6055.
Memory consumption went from 223.0 MB to 222.6 MB.
Total: 3.112800 ms (FindLiveObjects: 0.335300 ms CreateObjectMapping: 0.204700 ms MarkObjects: 2.393600 ms  DeleteObjects: 0.178700 ms)

AssetImportParameters requested are different than current active one (requested -> active):
  custom:scripting/monoscript/fileName/SimpleInputDragListener.cs: e70e89b11f10fbbe1f553f68da2c49a6 -> 
  custom:scripting/monoscript/fileName/BaseInput.cs: 5d583b3c06f8372fbc5dcf1039a62ed5 -> 2124093b3f8a7fbb31af4584d7906f17
  custom:scripting/monoscript/fileName/SwipeGestureBase.cs: 90647cc400823b41df847a6cbfc29026 -> 
  custom:container-demuxer-ogg: 62fdf1f143b41e24485cea50d1cbac27 -> 
  custom:scripting/monoscript/fileName/KeyInputUI.cs: 9ced766321c62164f358eb2683dcee24 -> 
  custom:scripting/monoscript/fileName/ISimpleInputDraggableMultiTouch.cs: bad0aae7acfc31886d5d6cd64511bb37 -> 
  custom:scripting/monoscript/fileName/SimpleInputUtils.cs: 2b7179258bf8caef7276524804fd56a8 -> 
  custom:scripting/monoscript/fileName/AxisInputKeyboard.cs: 4c59efc46215873528eb46c47b9a57d8 -> 
  custom:scripting/monoscript/fileName/Touchpad.cs: af8171bd9de94ceab200fecaa797664a -> 
  custom:video-decoder-ogg-theora: a1e56fd34408186e4bbccfd4996cb3dc -> 
  custom:scripting/monoscript/fileName/ButtonInputSwipeGesture.cs: 57fd3587f7d3a1b2753240f33c7f512a -> 
  custom:scripting/monoscript/fileName/PointAndClickManager.cs: ca53010796b4de73fe5b234435c3e078 -> fa32d372a252ee86bcc063642d34517c
  custom:framework-win-MediaFoundation: 216162199b28c13a410421893ffa2e32 -> 
  custom:scripting/monoscript/fileName/ButtonInputUI.cs: 860f7312d94ca0d38c049eb09b4ebb79 -> 
  custom:scripting/monoscript/fileName/Move.cs: 73a45274d592f163b9c1ce89ddb016d1 -> 
  custom:scripting/monoscript/fileName/DisableMeshAtRuntime.cs: cab17774665095244ea56be384dc4693 -> b13d25dcacf5740aa2e5f629bc06acfd
  custom:scripting/monoscript/fileName/ButtonInputDrawer.cs: 14583ec797aaef62041dfb8bacb16bb2 -> 
  custom:scripting/monoscript/fileName/AxisInputUIArrows.cs: 9e4f49dcc0a35cdd28b802d390debcb6 -> 
  custom:container-demuxer-webm: 4f35f7cbe854078d1ac9338744f61a02 -> 
  custom:scripting/monoscript/fileName/SteeringWheel.cs: 56729bf68c4b1cde8857cd3e3fb43441 -> 
  custom:scripting/monoscript/fileName/SetCharacterEditor.cs: f74b6d9fe8fbca0103564d0889d951da -> 8973c7b2cc141a00270ba0c27360d0cc
  custom:scripting/monoscript/fileName/MouseButtonInputDrawer.cs: d3764dae7657d5ecbe906ef6dd0cc964 -> 
  custom:scripting/monoscript/fileName/KeyInputSwipeGesture.cs: 9179e959774cf3fe6ccc5e3d5adea90f -> 
  custom:scripting/monoscript/fileName/NonDrawingGraphic.cs: c2094ae89b103fb99b7fa794d364ee1e -> 
  custom:scripting/monoscript/fileName/CameraFollow.cs: 9b150ee781d2c96881d6021398a5e296 -> 
  custom:scripting/monoscript/fileName/AxisInputUI.cs: 8e9e9e7d81bf0b577b799997060acaa2 -> 
  custom:container-muxer-webm: aa71ff27fc2769a1b78a27578f13a17b -> 
  custom:scripting/monoscript/fileName/ISimpleInputDraggable.cs: 02e2c0f5c4c7b09cca95cd6995751649 -> 
  custom:scripting/monoscript/fileName/SimpleInputHelper.cs: b3a83afe8525559ea8de8bf181ae12d3 -> 
  custom:video-decoder-webm-vp8: 9c59270c3fd7afecdb556c50c9e8de78 -> 
  custom:scripting/monoscript/fileName/ButtonInputKeyboard.cs: ba25923f154a63c5784ce1232d468254 -> 
  custom:scripting/monoscript/fileName/MouseButtonInputSwipeGesture.cs: 7ee8a5727ee40a85fb7fa6a75850aa15 -> 
  custom:scripting/monoscript/fileName/SimpleInput.cs: 19c198c77e4a747ec81d49f894402aeb -> 
  custom:scripting/monoscript/fileName/Dpad.cs: 1d0a65058286db0581ff769384403511 -> 
  custom:SearchIndexIgnoredProperties: e643bd26f0fe6173181afceb89e7c659 -> 
  custom:scripting/monoscript/fileName/AxisInputMouse.cs: e1b8e00523cffe7088e2230fe5dd6251 -> 
  custom:scripting/monoscript/fileName/FpsCounter.cs: b2a88c3520e04eb3d5c5bb2facecf66a -> f7d292bb0de5814b7cbdb34b921784fc
  custom:AudioImporter_EditorPlatform: d09bf68614088b80899f8185d706f6e7 -> 
  custom:scripting/monoscript/fileName/AxisInputDrawer.cs: 1f4474b5d272ca49bf560a178fd66612 -> 
  custom:scripting/monoscript/fileName/AxisInputRotateGesture.cs: c3a9ef0ee267b1c6d5f3a96e5c245615 -> 
  custom:scripting/monoscript/fileName/KeyInputKeyboard.cs: 90fcee54091edb186581d662ee44b0f5 -> 
  custom:scripting/monoscript/fileName/SelectivePointerInput.cs: 5e57eed8b4ce4d406f51c54daa1ec5c9 -> 
  custom:video-encoder-webm-vp8: eb34c28f22e8b96e1ab97ce403110664 -> 
  custom:audio-decoder-ogg-vorbis: bf7c407c2cedff20999df2af8eb42d56 -> 
  custom:scripting/monoscript/fileName/AxisInputSwipeGesture.cs: 3e7798eec0a44491ee75273411e03fa0 -> 
  custom:scripting/monoscript/fileName/AxisInputMoveGesture.cs: 584680ffe2cc03e6d1e18b851724ba96 -> 
  custom:scripting/monoscript/fileName/AxisInputPinchGesture.cs: f546e06ef7b104dd75f56c5ce245c26a -> 
  custom:scripting/monoscript/fileName/MouseButtonInputKeyboard.cs: 1e9725fec1e8520e9e8b6ddf6e9b6216 -> 
  custom:scripting/monoscript/fileName/UnityInputProvider.cs: ace0180975236bb7042cbd4fa7b80d75 -> 
  custom:scripting/monoscript/fileName/BaseInputDrawer.cs: 7a7f4cd8f8028527aa460efb14cf999f -> 
  custom:scripting/monoscript/fileName/Joystick.cs: 291ab2eb02dfb056a8571d14613b9921 -> 1a1d9a9cba7940fed9939f7306abee3f
  custom:scripting/monoscript/fileName/SetCharacter.cs: 8e6ac516b7d92d6b7da39bc386506d1a -> 66000bc1a703bb6f10eb1b49c927df39
  custom:scripting/monoscript/fileName/KeyInputDrawer.cs: 1dfaad815a1c0a7c5aee80ef2c46a549 -> 
  custom:audio-encoder-webm-vorbis: bf7c407c2cedff20999df2af8eb42d56 -> 
  custom:scripting/monoscript/fileName/SimpleInputMultiDragListener.cs: 3367a275164e284edd0600b9f3926f78 -> 
  custom:scripting/monoscript/fileName/MouseButtonInputUI.cs: d89dff9ee068b6592ddeb6d855f78ea5 -> 
========================================================================
Received Import Request.
  Time since last request: 22632.115114 seconds.
  path: Assets/AssetsThirdParty/Cartoon Heroes/Female/Textures/Torsos/Torso_3/Female_Torso_3_Red.tga
  artifactKey: Guid(3057fd2a75f0a6e45b2d2a333aef543c) Importer(2089858483,0ecaa5967403d082aa24f35e1b516d23)
Start importing Assets/AssetsThirdParty/Cartoon Heroes/Female/Textures/Torsos/Torso_3/Female_Torso_3_Red.tga using Guid(3057fd2a75f0a6e45b2d2a333aef543c) Importer(2089858483,0ecaa5967403d082aa24f35e1b516d23) Generated GUIDs only implemented for interfaces!
 -> (artifact id: 'ecc9dfa48dab4ee6cdc7ab0bfe8b286f') in 0.179324 seconds
Number of updated asset objects reloaded before import = 0
Number of asset objects unloaded after import = 1
========================================================================
Received Import Request.
  Time since last request: 0.314316 seconds.
  path: Assets/AssetsThirdParty/Cartoon Heroes/Male/3D/Hairs/Hair_2/Materials
  artifactKey: Guid(62ecd3d2a66a40a4ebba14c9334acb8d) Importer(2089858483,0ecaa5967403d082aa24f35e1b516d23)
Start importing Assets/AssetsThirdParty/Cartoon Heroes/Male/3D/Hairs/Hair_2/Materials using Guid(62ecd3d2a66a40a4ebba14c9334acb8d) Importer(2089858483,0ecaa5967403d082aa24f35e1b516d23) Generated GUIDs only implemented for interfaces!
 -> (artifact id: 'f23470cbbf107d3fcbf393f1cb3fd7f2') in 0.011666 seconds
Number of updated asset objects reloaded before import = 0
Number of asset objects unloaded after import = 1
========================================================================
Received Import Request.
  Time since last request: 0.483191 seconds.
  path: Assets/AssetsThirdParty/Cartoon Heroes/Male/3D/Animation Skeleton/Animations/Male_Animation@Male_Sword_Stance.FBX
  artifactKey: Guid(8a646e73f32d5ab46be5ca7d3ebb4f3d) Importer(2089858483,0ecaa5967403d082aa24f35e1b516d23)
Start importing Assets/AssetsThirdParty/Cartoon Heroes/Male/3D/Animation Skeleton/Animations/Male_Animation@Male_Sword_Stance.FBX using Guid(8a646e73f32d5ab46be5ca7d3ebb4f3d) Importer(2089858483,0ecaa5967403d082aa24f35e1b516d23) Generated GUIDs only implemented for interfaces!
 -> (artifact id: '3386bc3b99b00455a3a3410b23ad940e') in 0.042139 seconds
Number of updated asset objects reloaded before import = 0
Number of asset objects unloaded after import = 112
========================================================================
Received Import Request.
  Time since last request: 0.452738 seconds.
  path: Assets/AssetsThirdParty/Cartoon Heroes/Male/3D/Heads/Head_1/Materials/Male_Head_1.mat
  artifactKey: Guid(25e381a33d04932429a8bd13baaefaee) Importer(2089858483,0ecaa5967403d082aa24f35e1b516d23)
Start importing Assets/AssetsThirdParty/Cartoon Heroes/Male/3D/Heads/Head_1/Materials/Male_Head_1.mat using Guid(25e381a33d04932429a8bd13baaefaee) Importer(2089858483,0ecaa5967403d082aa24f35e1b516d23) Generated GUIDs only implemented for interfaces!
 -> (artifact id: 'ef9b1af7c2b1d8b1e1af309dd9af9512') in 0.041568 seconds
Number of updated asset objects reloaded before import = 0
Number of asset objects unloaded after import = 3
========================================================================
Received Import Request.
  Time since last request: 1.136829 seconds.
  path: Assets/AssetsThirdParty/Cartoon Heroes/Female/Textures/Legs/Legs_1/Female_Legs_1_Skin_Covered_Normals.tga
  artifactKey: Guid(eed0e9d5df2605549906a7667e470965) Importer(2089858483,0ecaa5967403d082aa24f35e1b516d23)
Start importing Assets/AssetsThirdParty/Cartoon Heroes/Female/Textures/Legs/Legs_1/Female_Legs_1_Skin_Covered_Normals.tga using Guid(eed0e9d5df2605549906a7667e470965) Importer(2089858483,0ecaa5967403d082aa24f35e1b516d23) Generated GUIDs only implemented for interfaces!
 -> (artifact id: 'dc1a79820597786c08fbe347fa643955') in 0.020159 seconds
Number of updated asset objects reloaded before import = 0
Number of asset objects unloaded after import = 1
========================================================================
Received Import Request.
  Time since last request: 0.488250 seconds.
  path: Assets/AssetsThirdParty/Cartoon Heroes/Female/3D/Hairs/Hair_3/Female_Hair_3.FBX
  artifactKey: Guid(451e9f0b87d3c0c4f845c8a021a1c608) Importer(2089858483,0ecaa5967403d082aa24f35e1b516d23)
Start importing Assets/AssetsThirdParty/Cartoon Heroes/Female/3D/Hairs/Hair_3/Female_Hair_3.FBX using Guid(451e9f0b87d3c0c4f845c8a021a1c608) Importer(2089858483,0ecaa5967403d082aa24f35e1b516d23) Generated GUIDs only implemented for interfaces!
 -> (artifact id: 'b7c7d2c4c034567043d8029377b6cc9c') in 0.019158 seconds
Number of updated asset objects reloaded before import = 0
Number of asset objects unloaded after import = 12
========================================================================
Received Import Request.
  Time since last request: 0.473963 seconds.
  path: Assets/AssetsThirdParty/Cartoon Heroes/Male/3D/Legs/Legs_1/Materials
  artifactKey: Guid(78b704a3400419b4c83a72ffe28eb1ec) Importer(2089858483,0ecaa5967403d082aa24f35e1b516d23)
Start importing Assets/AssetsThirdParty/Cartoon Heroes/Male/3D/Legs/Legs_1/Materials using Guid(78b704a3400419b4c83a72ffe28eb1ec) Importer(2089858483,0ecaa5967403d082aa24f35e1b516d23) Generated GUIDs only implemented for interfaces!
 -> (artifact id: '90d5400726765a4788de81341cde79d8') in 0.011395 seconds
Number of updated asset objects reloaded before import = 0
Number of asset objects unloaded after import = 1
========================================================================
Received Import Request.
  Time since last request: 0.483023 seconds.
  path: Assets/AssetsThirdParty/Cartoon Heroes/Male/Textures/Hairs/Hair_3/Male_Hair_3_Normals.tga
  artifactKey: Guid(802577ce50bc8994d8bfcebacb33abe9) Importer(2089858483,0ecaa5967403d082aa24f35e1b516d23)
Start importing Assets/AssetsThirdParty/Cartoon Heroes/Male/Textures/Hairs/Hair_3/Male_Hair_3_Normals.tga using Guid(802577ce50bc8994d8bfcebacb33abe9) Importer(2089858483,0ecaa5967403d082aa24f35e1b516d23) Generated GUIDs only implemented for interfaces!
 -> (artifact id: '48be4f10bb01cf599a40eb486db5aa45') in 0.016076 seconds
Number of updated asset objects reloaded before import = 0
Number of asset objects unloaded after import = 1
========================================================================
Received Import Request.
  Time since last request: 0.478805 seconds.
  path: Assets/AssetsThirdParty/Cartoon Heroes/Female/Textures/Legs/Legs_1/Female_Legs_1_Normals.tga
  artifactKey: Guid(ce609b68f9b608f4583de060bef9c550) Importer(2089858483,0ecaa5967403d082aa24f35e1b516d23)
Start importing Assets/AssetsThirdParty/Cartoon Heroes/Female/Textures/Legs/Legs_1/Female_Legs_1_Normals.tga using Guid(ce609b68f9b608f4583de060bef9c550) Importer(2089858483,0ecaa5967403d082aa24f35e1b516d23) Generated GUIDs only implemented for interfaces!
 -> (artifact id: 'bca9d5e3f14fcddf73e58354b8ead499') in 0.018080 seconds
Number of updated asset objects reloaded before import = 0
Number of asset objects unloaded after import = 1
========================================================================
Received Import Request.
  Time since last request: 0.474486 seconds.
  path: Assets/AssetsThirdParty/Cartoon Heroes/Male/3D/Torsos/Base Torso/Materials/Male_Base_Torso.mat
  artifactKey: Guid(dad6ecf4df825004897244446133fa7d) Importer(2089858483,0ecaa5967403d082aa24f35e1b516d23)
Start importing Assets/AssetsThirdParty/Cartoon Heroes/Male/3D/Torsos/Base Torso/Materials/Male_Base_Torso.mat using Guid(dad6ecf4df825004897244446133fa7d) Importer(2089858483,0ecaa5967403d082aa24f35e1b516d23) Generated GUIDs only implemented for interfaces!
 -> (artifact id: 'c92fba50ab5203eac8749f74eb82c1dc') in 0.017902 seconds
Number of updated asset objects reloaded before import = 0
Number of asset objects unloaded after import = 3
========================================================================
Received Import Request.
  Time since last request: 0.475953 seconds.
  path: Assets/AssetsThirdParty/Cartoon Heroes/Male/3D/Legs/Legs_1/Materials/Male_Legs_1_Black.mat
  artifactKey: Guid(04d5ac432965eca47a69656ac9c69338) Importer(2089858483,0ecaa5967403d082aa24f35e1b516d23)
Start importing Assets/AssetsThirdParty/Cartoon Heroes/Male/3D/Legs/Legs_1/Materials/Male_Legs_1_Black.mat using Guid(04d5ac432965eca47a69656ac9c69338) Importer(2089858483,0ecaa5967403d082aa24f35e1b516d23) Generated GUIDs only implemented for interfaces!
 -> (artifact id: '3536348caca0eead10e0810f5214b572') in 0.014624 seconds
Number of updated asset objects reloaded before import = 0
Number of asset objects unloaded after import = 3
========================================================================
Received Import Request.
  Time since last request: 0.481508 seconds.
  path: Assets/AssetsThirdParty/Cartoon Heroes/Male/Textures/Legs/Legs_3/Male_Legs_3_Normals.tga
  artifactKey: Guid(0962ab2b41c9aeb408eef85fdc2a1c34) Importer(2089858483,0ecaa5967403d082aa24f35e1b516d23)
Start importing Assets/AssetsThirdParty/Cartoon Heroes/Male/Textures/Legs/Legs_3/Male_Legs_3_Normals.tga using Guid(0962ab2b41c9aeb408eef85fdc2a1c34) Importer(2089858483,0ecaa5967403d082aa24f35e1b516d23) Generated GUIDs only implemented for interfaces!
 -> (artifact id: '6faebd00ff817e77e999f58efc0aba60') in 0.017609 seconds
Number of updated asset objects reloaded before import = 0
Number of asset objects unloaded after import = 1
========================================================================
Received Import Request.
  Time since last request: 0.491234 seconds.
  path: Packages/com.unity.render-pipelines.core/Editor/Lighting/Icons/Advanced_Pressed_mini.png
  artifactKey: Guid(c1d870384c7ed3c49b30d01278bf3949) Importer(815301076,1909f56bfc062723c751e8b465ee728b)
Start importing Packages/com.unity.render-pipelines.core/Editor/Lighting/Icons/Advanced_Pressed_mini.png using Guid(c1d870384c7ed3c49b30d01278bf3949) Importer(815301076,1909f56bfc062723c751e8b465ee728b)  -> (artifact id: '5292662a2bbd87d0c3ea6cd74d2793a8') in 0.001338 seconds
Number of updated asset objects reloaded before import = 0
Number of asset objects unloaded after import = 1
========================================================================
Received Import Request.
  Time since last request: 0.000009 seconds.
  path: Assets/AssetsThirdParty/Cartoon Heroes/Scripts/SetCharacter
  artifactKey: Guid(e1aee3585636d9b49af0cfcf5ad9c520) Importer(2089858483,0ecaa5967403d082aa24f35e1b516d23)
Start importing Assets/AssetsThirdParty/Cartoon Heroes/Scripts/SetCharacter using Guid(e1aee3585636d9b49af0cfcf5ad9c520) Importer(2089858483,0ecaa5967403d082aa24f35e1b516d23) Generated GUIDs only implemented for interfaces!
 -> (artifact id: '1abc59e7fd71a0f98c91896f7690132a') in 0.011440 seconds
Number of updated asset objects reloaded before import = 0
Number of asset objects unloaded after import = 1
========================================================================
Received Import Request.
  Time since last request: 0.000018 seconds.
  path: Assets/AssetsThirdParty/Multistory Dungeons/Textures/Atlas_Base_01_Specular.psd
  artifactKey: Guid(f16cfb1b681147dd9a2a3798e7876a2e) Importer(815301076,1909f56bfc062723c751e8b465ee728b)
Start importing Assets/AssetsThirdParty/Multistory Dungeons/Textures/Atlas_Base_01_Specular.psd using Guid(f16cfb1b681147dd9a2a3798e7876a2e) Importer(815301076,1909f56bfc062723c751e8b465ee728b)  -> (artifact id: 'c7fe8c61aa7d425bf84ad8dc27e5e82e') in 0.005119 seconds
Number of updated asset objects reloaded before import = 0
Number of asset objects unloaded after import = 1
========================================================================
Received Import Request.
  Time since last request: 0.000018 seconds.
  path: Assets/AssetsThirdParty/Cartoon Heroes/Male/Textures/Hairs
  artifactKey: Guid(19aa22fbc1ab5d9468a344975220aa70) Importer(2089858483,0ecaa5967403d082aa24f35e1b516d23)
Start importing Assets/AssetsThirdParty/Cartoon Heroes/Male/Textures/Hairs using Guid(19aa22fbc1ab5d9468a344975220aa70) Importer(2089858483,0ecaa5967403d082aa24f35e1b516d23) Generated GUIDs only implemented for interfaces!
 -> (artifact id: '5cb2a554f1e5d412fd5b4bddadc4340d') in 0.011923 seconds
Number of updated asset objects reloaded before import = 0
Number of asset objects unloaded after import = 1
========================================================================
Received Import Request.
  Time since last request: 0.000013 seconds.
  path: Assets/AssetsThirdParty/Cartoon Heroes/Male/3D/Torsos/Torso_3/Materials/Male_Torso_3_Skin_Dark.mat
  artifactKey: Guid(e5aa232d9b500f94b8045befbcdfc609) Importer(2089858483,0ecaa5967403d082aa24f35e1b516d23)
Start importing Assets/AssetsThirdParty/Cartoon Heroes/Male/3D/Torsos/Torso_3/Materials/Male_Torso_3_Skin_Dark.mat using Guid(e5aa232d9b500f94b8045befbcdfc609) Importer(2089858483,0ecaa5967403d082aa24f35e1b516d23) Generated GUIDs only implemented for interfaces!
 -> (artifact id: '39b7938cc9d8ff960957782af1890c8c') in 0.014368 seconds
Number of updated asset objects reloaded before import = 0
Number of asset objects unloaded after import = 3
========================================================================
Received Import Request.
  Time since last request: 0.000012 seconds.
  path: Assets/AssetsThirdParty/Cartoon Heroes/Female/3D/Torsos/Torso_3/Materials/Female_Torso_3_Skin.mat
  artifactKey: Guid(a20148f9afdb1a741a2cb99fee42ee51) Importer(2089858483,0ecaa5967403d082aa24f35e1b516d23)
Start importing Assets/AssetsThirdParty/Cartoon Heroes/Female/3D/Torsos/Torso_3/Materials/Female_Torso_3_Skin.mat using Guid(a20148f9afdb1a741a2cb99fee42ee51) Importer(2089858483,0ecaa5967403d082aa24f35e1b516d23) Generated GUIDs only implemented for interfaces!
 -> (artifact id: 'b260b5e05c486c97532db4a2c0317ac5') in 0.012964 seconds
Number of updated asset objects reloaded before import = 0
Number of asset objects unloaded after import = 3
========================================================================
Received Import Request.
  Time since last request: 0.000016 seconds.
  path: Assets/AssetsThirdParty/Cartoon Heroes/Weapons/Sword_3/3D/Materials/Sword_3_Yellow.mat
  artifactKey: Guid(5b426fb14380310499c150739fa7612e) Importer(2089858483,0ecaa5967403d082aa24f35e1b516d23)
Start importing Assets/AssetsThirdParty/Cartoon Heroes/Weapons/Sword_3/3D/Materials/Sword_3_Yellow.mat using Guid(5b426fb14380310499c150739fa7612e) Importer(2089858483,0ecaa5967403d082aa24f35e1b516d23) Generated GUIDs only implemented for interfaces!
 -> (artifact id: '9d6f7ba4e46db9946f915a0fbcf30733') in 0.032256 seconds
Number of updated asset objects reloaded before import = 0
Number of asset objects unloaded after import = 3
========================================================================
Received Import Request.
  Time since last request: 0.362629 seconds.
  path: Assets/AssetsThirdParty/Cartoon Heroes/Male/3D/Animation Skeleton/Animations/Male_Animation@Male_Sword_Roll.FBX
  artifactKey: Guid(512db7c09f1ecd24aa783375a03e5964) Importer(2089858483,0ecaa5967403d082aa24f35e1b516d23)
Start importing Assets/AssetsThirdParty/Cartoon Heroes/Male/3D/Animation Skeleton/Animations/Male_Animation@Male_Sword_Roll.FBX using Guid(512db7c09f1ecd24aa783375a03e5964) Importer(2089858483,0ecaa5967403d082aa24f35e1b516d23) Generated GUIDs only implemented for interfaces!
 -> (artifact id: '32705118beee3e00f579065de7ed8b99') in 0.025614 seconds
Number of updated asset objects reloaded before import = 0
Number of asset objects unloaded after import = 112
========================================================================
Received Import Request.
  Time since last request: 0.000012 seconds.
  path: Assets/AssetsThirdParty/Cartoon Heroes/Female/3D/Hairs/Hair_3/Materials
  artifactKey: Guid(ea4cf144cf278d64cbdddc9925480497) Importer(2089858483,0ecaa5967403d082aa24f35e1b516d23)
Start importing Assets/AssetsThirdParty/Cartoon Heroes/Female/3D/Hairs/Hair_3/Materials using Guid(ea4cf144cf278d64cbdddc9925480497) Importer(2089858483,0ecaa5967403d082aa24f35e1b516d23) Generated GUIDs only implemented for interfaces!
 -> (artifact id: 'f64ce655aa0fe7501106f7a197a9f090') in 0.010672 seconds
Number of updated asset objects reloaded before import = 0
Number of asset objects unloaded after import = 1
========================================================================
Received Import Request.
  Time since last request: 0.000017 seconds.
  path: Assets/AssetsThirdParty/Cartoon Heroes/Female/3D/Torsos/Torso_1
  artifactKey: Guid(d3e8ad047a60b1442bfa683fc16a7db2) Importer(2089858483,0ecaa5967403d082aa24f35e1b516d23)
Start importing Assets/AssetsThirdParty/Cartoon Heroes/Female/3D/Torsos/Torso_1 using Guid(d3e8ad047a60b1442bfa683fc16a7db2) Importer(2089858483,0ecaa5967403d082aa24f35e1b516d23) Generated GUIDs only implemented for interfaces!
 -> (artifact id: '2bc6910f1c8de340afdf1f8e47b75a48') in 0.009857 seconds
Number of updated asset objects reloaded before import = 0
Number of asset objects unloaded after import = 1
========================================================================
Received Import Request.
  Time since last request: 0.000027 seconds.
  path: Assets/AssetsThirdParty/Cartoon Heroes/Female/3D/Hairs/Hair_3/Materials/Female_Hair_3.mat
  artifactKey: Guid(d4a665c1b451f914d96aef2217d8fbf4) Importer(2089858483,0ecaa5967403d082aa24f35e1b516d23)
Start importing Assets/AssetsThirdParty/Cartoon Heroes/Female/3D/Hairs/Hair_3/Materials/Female_Hair_3.mat using Guid(d4a665c1b451f914d96aef2217d8fbf4) Importer(2089858483,0ecaa5967403d082aa24f35e1b516d23) Generated GUIDs only implemented for interfaces!
 -> (artifact id: 'd509af27d4ba77763180416064676f7a') in 0.018410 seconds
Number of updated asset objects reloaded before import = 0
Number of asset objects unloaded after import = 3
========================================================================
Received Import Request.
  Time since last request: 0.000012 seconds.
  path: Assets/AssetsThirdParty/Cartoon Heroes/Female/Textures/Torsos/Base Torso/Female_Base_Torso.tga
  artifactKey: Guid(fb4eb6267ecaa5048a299c0f5a4e7c00) Importer(2089858483,0ecaa5967403d082aa24f35e1b516d23)
Start importing Assets/AssetsThirdParty/Cartoon Heroes/Female/Textures/Torsos/Base Torso/Female_Base_Torso.tga using Guid(fb4eb6267ecaa5048a299c0f5a4e7c00) Importer(2089858483,0ecaa5967403d082aa24f35e1b516d23) Generated GUIDs only implemented for interfaces!
 -> (artifact id: '48ac141874fbd993955046a485eb40eb') in 0.021427 seconds
Number of updated asset objects reloaded before import = 0
Number of asset objects unloaded after import = 1
========================================================================
Received Import Request.
  Time since last request: 0.000017 seconds.
  path: Assets/AssetsThirdParty/Cartoon Heroes/Male/3D/Torsos/Torso_3/Materials
  artifactKey: Guid(1f218fa7d301ef14b88631433bc86fe1) Importer(2089858483,0ecaa5967403d082aa24f35e1b516d23)
Start importing Assets/AssetsThirdParty/Cartoon Heroes/Male/3D/Torsos/Torso_3/Materials using Guid(1f218fa7d301ef14b88631433bc86fe1) Importer(2089858483,0ecaa5967403d082aa24f35e1b516d23) Generated GUIDs only implemented for interfaces!
 -> (artifact id: '1c0686bf38fe0b88520cbf42a185b648') in 0.007588 seconds
Number of updated asset objects reloaded before import = 0
Number of asset objects unloaded after import = 1
========================================================================
Received Import Request.
  Time since last request: 0.367645 seconds.
  path: Assets/AssetsThirdParty/Cartoon Heroes/Weapons/Sword_2/3D/Sword_2_Long.FBX
  artifactKey: Guid(33d713fc22667954ba9af3f9422003f2) Importer(2089858483,0ecaa5967403d082aa24f35e1b516d23)
Start importing Assets/AssetsThirdParty/Cartoon Heroes/Weapons/Sword_2/3D/Sword_2_Long.FBX using Guid(33d713fc22667954ba9af3f9422003f2) Importer(2089858483,0ecaa5967403d082aa24f35e1b516d23) Generated GUIDs only implemented for interfaces!
 -> (artifact id: '51bf605c353b43befee7fe281c32a526') in 0.022548 seconds
Number of updated asset objects reloaded before import = 0
Number of asset objects unloaded after import = 7
========================================================================
Received Import Request.
  Time since last request: 0.000013 seconds.
  path: Assets/AssetsThirdParty/Cartoon Heroes/Female/Textures/Legs
  artifactKey: Guid(368038f43b601f042953540246195760) Importer(2089858483,0ecaa5967403d082aa24f35e1b516d23)
Start importing Assets/AssetsThirdParty/Cartoon Heroes/Female/Textures/Legs using Guid(368038f43b601f042953540246195760) Importer(2089858483,0ecaa5967403d082aa24f35e1b516d23) Generated GUIDs only implemented for interfaces!
 -> (artifact id: 'f5d7ae08c85e37eed27b00f7ccf89183') in 0.007031 seconds
Number of updated asset objects reloaded before import = 0
Number of asset objects unloaded after import = 1
========================================================================
Received Import Request.
  Time since last request: 0.000013 seconds.
  path: Assets/AssetsThirdParty/Cartoon Heroes/Female/3D/Legs/Legs_3/Materials/Female_Legs_3_White.mat
  artifactKey: Guid(99c3634b11543fa409a72a1266473ff7) Importer(2089858483,0ecaa5967403d082aa24f35e1b516d23)
Start importing Assets/AssetsThirdParty/Cartoon Heroes/Female/3D/Legs/Legs_3/Materials/Female_Legs_3_White.mat using Guid(99c3634b11543fa409a72a1266473ff7) Importer(2089858483,0ecaa5967403d082aa24f35e1b516d23) Generated GUIDs only implemented for interfaces!
 -> (artifact id: '359428a0096cf7f6710f81fffeebcca6') in 0.025349 seconds
Number of updated asset objects reloaded before import = 0
Number of asset objects unloaded after import = 3
========================================================================
Received Import Request.
  Time since last request: 0.000015 seconds.
  path: Assets/AssetsThirdParty/Cartoon Heroes/Male/3D/Legs/Base Legs/Materials
  artifactKey: Guid(0fc4624b80e51bd44b76e0c296a6c351) Importer(2089858483,0ecaa5967403d082aa24f35e1b516d23)
Start importing Assets/AssetsThirdParty/Cartoon Heroes/Male/3D/Legs/Base Legs/Materials using Guid(0fc4624b80e51bd44b76e0c296a6c351) Importer(2089858483,0ecaa5967403d082aa24f35e1b516d23) Generated GUIDs only implemented for interfaces!
 -> (artifact id: 'bbdb9e288a32a6bb79ba2e6c0aa45465') in 0.009885 seconds
Number of updated asset objects reloaded before import = 0
Number of asset objects unloaded after import = 1
========================================================================
Received Import Request.
  Time since last request: 0.000012 seconds.
  path: Assets/AssetsThirdParty/Cartoon Heroes/Female/3D/Hairs/Hair_4/Materials/Female_Hair_4_Black.mat
  artifactKey: Guid(6164e9094bb262044b435a6b01d50c9c) Importer(2089858483,0ecaa5967403d082aa24f35e1b516d23)
Start importing Assets/AssetsThirdParty/Cartoon Heroes/Female/3D/Hairs/Hair_4/Materials/Female_Hair_4_Black.mat using Guid(6164e9094bb262044b435a6b01d50c9c) Importer(2089858483,0ecaa5967403d082aa24f35e1b516d23) Generated GUIDs only implemented for interfaces!
 -> (artifact id: '604c089bc9d3cd9e4a5df7f11b09f0ef') in 0.013833 seconds
Number of updated asset objects reloaded before import = 0
Number of asset objects unloaded after import = 3
========================================================================
Received Import Request.
  Time since last request: 0.000011 seconds.
  path: Assets/AssetsThirdParty/Cartoon Heroes/Male/Textures/Hairs/Hair_1
  artifactKey: Guid(d5faba05280237c4390f247ba843e912) Importer(2089858483,0ecaa5967403d082aa24f35e1b516d23)
Start importing Assets/AssetsThirdParty/Cartoon Heroes/Male/Textures/Hairs/Hair_1 using Guid(d5faba05280237c4390f247ba843e912) Importer(2089858483,0ecaa5967403d082aa24f35e1b516d23) Generated GUIDs only implemented for interfaces!
 -> (artifact id: 'f2205e92a01d519aa87174b12770b51e') in 0.010580 seconds
Number of updated asset objects reloaded before import = 0
Number of asset objects unloaded after import = 1
========================================================================
Received Import Request.
  Time since last request: 0.000013 seconds.
  path: Assets/AssetsThirdParty/Cartoon Heroes/Female/3D/Torsos/Torso_2/Materials/Female_Torso_2_Skin_Light.mat
  artifactKey: Guid(4db3ffa650972f6449d0aac6f69b200e) Importer(2089858483,0ecaa5967403d082aa24f35e1b516d23)
Start importing Assets/AssetsThirdParty/Cartoon Heroes/Female/3D/Torsos/Torso_2/Materials/Female_Torso_2_Skin_Light.mat using Guid(4db3ffa650972f6449d0aac6f69b200e) Importer(2089858483,0ecaa5967403d082aa24f35e1b516d23) Generated GUIDs only implemented for interfaces!
 -> (artifact id: '5b2394e86d8bc8da9cf09953cbddb0b2') in 0.013926 seconds
Number of updated asset objects reloaded before import = 0
Number of asset objects unloaded after import = 3
========================================================================
Received Import Request.
  Time since last request: 3.205717 seconds.
  path: Assets/AssetsThirdParty/Cartoon Heroes/Female/3D/Animation Skeleton/Animations/Female_Animation@Female_Sword_Attacks.FBX
  artifactKey: Guid(470701484e352274bbde411212de5515) Importer(2089858483,0ecaa5967403d082aa24f35e1b516d23)
Start importing Assets/AssetsThirdParty/Cartoon Heroes/Female/3D/Animation Skeleton/Animations/Female_Animation@Female_Sword_Attacks.FBX using Guid(470701484e352274bbde411212de5515) Importer(2089858483,0ecaa5967403d082aa24f35e1b516d23) Generated GUIDs only implemented for interfaces!
 -> (artifact id: '908cd63a68cc504aa06f3f45c50d8578') in 0.038655 seconds
Number of updated asset objects reloaded before import = 0
Number of asset objects unloaded after import = 114
========================================================================
Received Import Request.
  Time since last request: 0.000014 seconds.
  path: Assets/AssetsThirdParty/Cartoon Heroes/Weapons/Sword_2/3D/Materials/Sword_2_Gray.mat
  artifactKey: Guid(5284465724a051a468950ae23b8e1186) Importer(2089858483,0ecaa5967403d082aa24f35e1b516d23)
Start importing Assets/AssetsThirdParty/Cartoon Heroes/Weapons/Sword_2/3D/Materials/Sword_2_Gray.mat using Guid(5284465724a051a468950ae23b8e1186) Importer(2089858483,0ecaa5967403d082aa24f35e1b516d23) Generated GUIDs only implemented for interfaces!
 -> (artifact id: '08783c1e36ab223652cbcbd899815e13') in 0.015172 seconds
Number of updated asset objects reloaded before import = 0
Number of asset objects unloaded after import = 3
========================================================================
Received Import Request.
  Time since last request: 0.000017 seconds.
  path: Assets/AssetsThirdParty/Cartoon Heroes/Female/3D/Hairs/Hair_4/Materials/Female_Hair_4.mat
  artifactKey: Guid(8a658d40236949e4c9b21c3720591c35) Importer(2089858483,0ecaa5967403d082aa24f35e1b516d23)
Start importing Assets/AssetsThirdParty/Cartoon Heroes/Female/3D/Hairs/Hair_4/Materials/Female_Hair_4.mat using Guid(8a658d40236949e4c9b21c3720591c35) Importer(2089858483,0ecaa5967403d082aa24f35e1b516d23) Generated GUIDs only implemented for interfaces!
 -> (artifact id: 'b58aa1cfa196243c0b5b8ad0ebbb651c') in 0.014324 seconds
Number of updated asset objects reloaded before import = 0
Number of asset objects unloaded after import = 3
========================================================================
Received Import Request.
  Time since last request: 0.000014 seconds.
  path: Assets/AssetsThirdParty/Cartoon Heroes/Male/3D/Torsos/Torso_2/Materials/Male_Torso_2_Skin_Dark.mat
  artifactKey: Guid(55134133c3091444787da717cce68fa6) Importer(2089858483,0ecaa5967403d082aa24f35e1b516d23)
Start importing Assets/AssetsThirdParty/Cartoon Heroes/Male/3D/Torsos/Torso_2/Materials/Male_Torso_2_Skin_Dark.mat using Guid(55134133c3091444787da717cce68fa6) Importer(2089858483,0ecaa5967403d082aa24f35e1b516d23) Generated GUIDs only implemented for interfaces!
 -> (artifact id: '229e881766ee4746429d827be0187ef7') in 0.013040 seconds
Number of updated asset objects reloaded before import = 0
Number of asset objects unloaded after import = 3
========================================================================
Received Import Request.
  Time since last request: 0.000018 seconds.
  path: Assets/AssetsThirdParty/Cartoon Heroes/Male/3D/Legs/Legs_2/Materials/Male_Legs_2_Brown.mat
  artifactKey: Guid(a8da38c631b457644976e7c700997dfa) Importer(2089858483,0ecaa5967403d082aa24f35e1b516d23)
Start importing Assets/AssetsThirdParty/Cartoon Heroes/Male/3D/Legs/Legs_2/Materials/Male_Legs_2_Brown.mat using Guid(a8da38c631b457644976e7c700997dfa) Importer(2089858483,0ecaa5967403d082aa24f35e1b516d23) Generated GUIDs only implemented for interfaces!
 -> (artifact id: '98fc57d95c7bf8b0e3c404769b46d814') in 0.016719 seconds
Number of updated asset objects reloaded before import = 0
Number of asset objects unloaded after import = 3
========================================================================
Received Import Request.
  Time since last request: 0.000019 seconds.
  path: Assets/AssetsThirdParty/Cartoon Heroes/Weapons/Sword_3
  artifactKey: Guid(7e23f20e238063e45bbb5cf4d35f4f5f) Importer(2089858483,0ecaa5967403d082aa24f35e1b516d23)
Start importing Assets/AssetsThirdParty/Cartoon Heroes/Weapons/Sword_3 using Guid(7e23f20e238063e45bbb5cf4d35f4f5f) Importer(2089858483,0ecaa5967403d082aa24f35e1b516d23) Generated GUIDs only implemented for interfaces!
 -> (artifact id: 'f98488bd109a636f8fa078a38cb5cef2') in 0.010271 seconds
Number of updated asset objects reloaded before import = 0
Number of asset objects unloaded after import = 1
========================================================================
Received Import Request.
  Time since last request: 0.000025 seconds.
  path: Assets/AssetsThirdParty/Cartoon Heroes/Female/Textures/Heads/Head_1/Female_Head_1_Normals.tga
  artifactKey: Guid(3db5bacef9acf3e448c765822f50dd33) Importer(2089858483,0ecaa5967403d082aa24f35e1b516d23)
Start importing Assets/AssetsThirdParty/Cartoon Heroes/Female/Textures/Heads/Head_1/Female_Head_1_Normals.tga using Guid(3db5bacef9acf3e448c765822f50dd33) Importer(2089858483,0ecaa5967403d082aa24f35e1b516d23) Generated GUIDs only implemented for interfaces!
 -> (artifact id: 'f808b1592573a8178588989e5471368a') in 0.032009 seconds
Number of updated asset objects reloaded before import = 0
Number of asset objects unloaded after import = 1
========================================================================
Received Import Request.
  Time since last request: 0.000014 seconds.
  path: Assets/AssetsThirdParty/Cartoon Heroes/Female/Textures/Hairs/Hair_2/Female_Hair_2.tga
  artifactKey: Guid(af9015c1682d6b04bb6c622b53f4e9b8) Importer(2089858483,0ecaa5967403d082aa24f35e1b516d23)
Start importing Assets/AssetsThirdParty/Cartoon Heroes/Female/Textures/Hairs/Hair_2/Female_Hair_2.tga using Guid(af9015c1682d6b04bb6c622b53f4e9b8) Importer(2089858483,0ecaa5967403d082aa24f35e1b516d23) Generated GUIDs only implemented for interfaces!
 -> (artifact id: '87ac90a6fa09597b6e5eedb44f148875') in 0.018215 seconds
Number of updated asset objects reloaded before import = 0
Number of asset objects unloaded after import = 1
========================================================================
Received Import Request.
  Time since last request: 0.000013 seconds.
  path: Assets/AssetsThirdParty/Cartoon Heroes/Male/3D/Animation Skeleton/Animations/Male_Animation@Male_Damage.FBX
  artifactKey: Guid(1b31cb902429704429a2c2584363dd59) Importer(2089858483,0ecaa5967403d082aa24f35e1b516d23)
Start importing Assets/AssetsThirdParty/Cartoon Heroes/Male/3D/Animation Skeleton/Animations/Male_Animation@Male_Damage.FBX using Guid(1b31cb902429704429a2c2584363dd59) Importer(2089858483,0ecaa5967403d082aa24f35e1b516d23) Generated GUIDs only implemented for interfaces!
 -> (artifact id: 'ebe946e337207b385e011de5a90e4776') in 0.031987 seconds
Number of updated asset objects reloaded before import = 0
Number of asset objects unloaded after import = 113
========================================================================
Received Import Request.
  Time since last request: 0.000025 seconds.
  path: Assets/AssetsThirdParty/Cartoon Heroes/Male/Textures/Torsos/Torso_2/Male_Torso_2_Skin_Normals.tga
  artifactKey: Guid(6d5535b92d0ac1a488d5a9526ffe5681) Importer(2089858483,0ecaa5967403d082aa24f35e1b516d23)
Start importing Assets/AssetsThirdParty/Cartoon Heroes/Male/Textures/Torsos/Torso_2/Male_Torso_2_Skin_Normals.tga using Guid(6d5535b92d0ac1a488d5a9526ffe5681) Importer(2089858483,0ecaa5967403d082aa24f35e1b516d23) Generated GUIDs only implemented for interfaces!
 -> (artifact id: 'aecda1646f623f87267e6189d5a16d7c') in 0.018541 seconds
Number of updated asset objects reloaded before import = 0
Number of asset objects unloaded after import = 1
========================================================================
Received Import Request.
  Time since last request: 0.000014 seconds.
  path: Assets/AssetsThirdParty/Cartoon Heroes/Male/Textures/Torsos
  artifactKey: Guid(a394be45aa7462e40bbc0ac56507ab39) Importer(2089858483,0ecaa5967403d082aa24f35e1b516d23)
Start importing Assets/AssetsThirdParty/Cartoon Heroes/Male/Textures/Torsos using Guid(a394be45aa7462e40bbc0ac56507ab39) Importer(2089858483,0ecaa5967403d082aa24f35e1b516d23) Generated GUIDs only implemented for interfaces!
 -> (artifact id: '5b0135b269fd0745abbd3411dc288493') in 0.007177 seconds
Number of updated asset objects reloaded before import = 0
Number of asset objects unloaded after import = 1
========================================================================
Received Import Request.
  Time since last request: 0.000012 seconds.
  path: Assets/AssetsThirdParty/Cartoon Heroes/Weapons/Sword_1/3D/Materials/Sword_1_Gray.mat
  artifactKey: Guid(17245f7e3705df848b9194a91683de5f) Importer(2089858483,0ecaa5967403d082aa24f35e1b516d23)
Start importing Assets/AssetsThirdParty/Cartoon Heroes/Weapons/Sword_1/3D/Materials/Sword_1_Gray.mat using Guid(17245f7e3705df848b9194a91683de5f) Importer(2089858483,0ecaa5967403d082aa24f35e1b516d23) Generated GUIDs only implemented for interfaces!
 -> (artifact id: '902174c1f32292fe53eba54509ccad06') in 0.483649 seconds
Number of updated asset objects reloaded before import = 0
Number of asset objects unloaded after import = 3
========================================================================
Received Import Request.
  Time since last request: 0.000019 seconds.
  path: Assets/AssetsThirdParty/Cartoon Heroes/Weapons/Sword_4/3D/Sword_4_Short.FBX
  artifactKey: Guid(cccf6118661e37e499602b684994509b) Importer(2089858483,0ecaa5967403d082aa24f35e1b516d23)
Start importing Assets/AssetsThirdParty/Cartoon Heroes/Weapons/Sword_4/3D/Sword_4_Short.FBX using Guid(cccf6118661e37e499602b684994509b) Importer(2089858483,0ecaa5967403d082aa24f35e1b516d23) Generated GUIDs only implemented for interfaces!
 -> (artifact id: 'b31eda11aa6d8fcc9262d441e113eb1e') in 0.294911 seconds
Number of updated asset objects reloaded before import = 0
Number of asset objects unloaded after import = 7
========================================================================
Received Import Request.
  Time since last request: 0.000019 seconds.
  path: Assets/AssetsThirdParty/Cartoon Heroes/Male/3D/Hairs/Hair_3/Male_Hair_3.FBX
  artifactKey: Guid(ba81bc73c9f97274688f3affce011d50) Importer(2089858483,0ecaa5967403d082aa24f35e1b516d23)
Start importing Assets/AssetsThirdParty/Cartoon Heroes/Male/3D/Hairs/Hair_3/Male_Hair_3.FBX using Guid(ba81bc73c9f97274688f3affce011d50) Importer(2089858483,0ecaa5967403d082aa24f35e1b516d23) Generated GUIDs only implemented for interfaces!
 -> (artifact id: '438a288de15a70dba5c4942592fc5598') in 0.046615 seconds
Number of updated asset objects reloaded before import = 0
Number of asset objects unloaded after import = 12
========================================================================
Received Import Request.
  Time since last request: 0.000013 seconds.
  path: Assets/AssetsThirdParty/Cartoon Heroes/Female/3D/Legs/Legs_2/Materials
  artifactKey: Guid(be429dd5aaf5b9a4e8d09dcab413b24b) Importer(2089858483,0ecaa5967403d082aa24f35e1b516d23)
Start importing Assets/AssetsThirdParty/Cartoon Heroes/Female/3D/Legs/Legs_2/Materials using Guid(be429dd5aaf5b9a4e8d09dcab413b24b) Importer(2089858483,0ecaa5967403d082aa24f35e1b516d23) Generated GUIDs only implemented for interfaces!
 -> (artifact id: '2443e16067a7d2235fd390a7dd3f3666') in 0.008359 seconds
Number of updated asset objects reloaded before import = 0
Number of asset objects unloaded after import = 1
========================================================================
Received Import Request.
  Time since last request: 0.000015 seconds.
  path: Assets/AssetsThirdParty/Cartoon Heroes/Female/3D/Animation Skeleton/Animations/Female_Animation@Female_Idle.FBX
  artifactKey: Guid(d006983dbee91f84bb273fa4bf9d68ac) Importer(2089858483,0ecaa5967403d082aa24f35e1b516d23)
Start importing Assets/AssetsThirdParty/Cartoon Heroes/Female/3D/Animation Skeleton/Animations/Female_Animation@Female_Idle.FBX using Guid(d006983dbee91f84bb273fa4bf9d68ac) Importer(2089858483,0ecaa5967403d082aa24f35e1b516d23) Generated GUIDs only implemented for interfaces!
 -> (artifact id: '708b8246552c5701eaeb87d20fd1b496') in 0.026752 seconds
Number of updated asset objects reloaded before import = 0
Number of asset objects unloaded after import = 112
========================================================================
Received Import Request.
  Time since last request: 0.000012 seconds.
  path: Assets/AssetsThirdParty/Cartoon Heroes/Male/3D/Legs/Legs_3/Male_Legs_3.FBX
  artifactKey: Guid(a21dffdbb678b38439d8c5954c371701) Importer(2089858483,0ecaa5967403d082aa24f35e1b516d23)
Start importing Assets/AssetsThirdParty/Cartoon Heroes/Male/3D/Legs/Legs_3/Male_Legs_3.FBX using Guid(a21dffdbb678b38439d8c5954c371701) Importer(2089858483,0ecaa5967403d082aa24f35e1b516d23) Generated GUIDs only implemented for interfaces!
 -> (artifact id: '4136a696134d7b742f74dd8b72419c8c') in 0.019592 seconds
Number of updated asset objects reloaded before import = 0
Number of asset objects unloaded after import = 32
========================================================================
Received Import Request.
  Time since last request: 0.000013 seconds.
  path: Assets/AssetsThirdParty/Cartoon Heroes/Female/3D/Torsos/Torso_2/Materials/Female_Torso_2_Green.mat
  artifactKey: Guid(36e85cc99a1790b41a147803cc76eb4d) Importer(2089858483,0ecaa5967403d082aa24f35e1b516d23)
Start importing Assets/AssetsThirdParty/Cartoon Heroes/Female/3D/Torsos/Torso_2/Materials/Female_Torso_2_Green.mat using Guid(36e85cc99a1790b41a147803cc76eb4d) Importer(2089858483,0ecaa5967403d082aa24f35e1b516d23) Generated GUIDs only implemented for interfaces!
 -> (artifact id: '90807905031095109eddaa5bbc66b305') in 0.013733 seconds
Number of updated asset objects reloaded before import = 0
Number of asset objects unloaded after import = 3
========================================================================
Received Import Request.
  Time since last request: 0.000012 seconds.
  path: Assets/AssetsThirdParty/Cartoon Heroes/Male/3D/Torsos/Torso_2/Materials/Male_Torso_2_Red.mat
  artifactKey: Guid(8f8cf135fad1074439bca6bcf1ff6ed5) Importer(2089858483,0ecaa5967403d082aa24f35e1b516d23)
Start importing Assets/AssetsThirdParty/Cartoon Heroes/Male/3D/Torsos/Torso_2/Materials/Male_Torso_2_Red.mat using Guid(8f8cf135fad1074439bca6bcf1ff6ed5) Importer(2089858483,0ecaa5967403d082aa24f35e1b516d23) Generated GUIDs only implemented for interfaces!
 -> (artifact id: '8b3fa4c6777d407bde1d9a2a20e29cbe') in 0.014215 seconds
Number of updated asset objects reloaded before import = 0
Number of asset objects unloaded after import = 3
========================================================================
Received Import Request.
  Time since last request: 0.000013 seconds.
  path: Assets/AssetsThirdParty/Cartoon Heroes/Female/3D/Legs/Legs_1/Materials/Female_Legs_1_Skin_Light.mat
  artifactKey: Guid(350a99ec045aeee4fa6fa4bbe322891a) Importer(2089858483,0ecaa5967403d082aa24f35e1b516d23)
Start importing Assets/AssetsThirdParty/Cartoon Heroes/Female/3D/Legs/Legs_1/Materials/Female_Legs_1_Skin_Light.mat using Guid(350a99ec045aeee4fa6fa4bbe322891a) Importer(2089858483,0ecaa5967403d082aa24f35e1b516d23) Generated GUIDs only implemented for interfaces!
 -> (artifact id: '7cf88754004be8355919402161d424fa') in 0.013433 seconds
Number of updated asset objects reloaded before import = 0
Number of asset objects unloaded after import = 3
========================================================================
Received Import Request.
  Time since last request: 0.000018 seconds.
  path: Assets/AssetsThirdParty/Cartoon Heroes/Female/Textures/Torsos/Torso_2/Female_Torso_2_Skin.tga
  artifactKey: Guid(317c5a6acd6087846be2b21d4e677167) Importer(2089858483,0ecaa5967403d082aa24f35e1b516d23)
Start importing Assets/AssetsThirdParty/Cartoon Heroes/Female/Textures/Torsos/Torso_2/Female_Torso_2_Skin.tga using Guid(317c5a6acd6087846be2b21d4e677167) Importer(2089858483,0ecaa5967403d082aa24f35e1b516d23) Generated GUIDs only implemented for interfaces!
 -> (artifact id: 'e026ae159c79a87917f7bea9c336475f') in 0.018575 seconds
Number of updated asset objects reloaded before import = 0
Number of asset objects unloaded after import = 1
========================================================================
Received Import Request.
  Time since last request: 0.000019 seconds.
  path: Assets/AssetsThirdParty/Cartoon Heroes/Male/3D/Torsos/Torso_2
  artifactKey: Guid(3f31d73d28a558647b51cb9f5398435f) Importer(2089858483,0ecaa5967403d082aa24f35e1b516d23)
Start importing Assets/AssetsThirdParty/Cartoon Heroes/Male/3D/Torsos/Torso_2 using Guid(3f31d73d28a558647b51cb9f5398435f) Importer(2089858483,0ecaa5967403d082aa24f35e1b516d23) Generated GUIDs only implemented for interfaces!
 -> (artifact id: '64f3fa5a690eb7bbc6d7059f53af4602') in 0.008999 seconds
Number of updated asset objects reloaded before import = 0
Number of asset objects unloaded after import = 1
========================================================================
Received Import Request.
  Time since last request: 0.000020 seconds.
  path: Assets/AssetsThirdParty/Cartoon Heroes/Female/3D/Hairs/Hair_1/Materials
  artifactKey: Guid(d0fd9dafdb4a0b64fb73cf5ac7626761) Importer(2089858483,0ecaa5967403d082aa24f35e1b516d23)
Start importing Assets/AssetsThirdParty/Cartoon Heroes/Female/3D/Hairs/Hair_1/Materials using Guid(d0fd9dafdb4a0b64fb73cf5ac7626761) Importer(2089858483,0ecaa5967403d082aa24f35e1b516d23) Generated GUIDs only implemented for interfaces!
 -> (artifact id: '3b3076c27a6703a1a874017f59216587') in 0.035825 seconds
Number of updated asset objects reloaded before import = 0
Number of asset objects unloaded after import = 1
========================================================================
Received Import Request.
  Time since last request: 0.000013 seconds.
  path: Assets/AssetsThirdParty/Cartoon Heroes/Male/Textures/Hairs/Hair_4/Male_Hair_4_Normals.tga
  artifactKey: Guid(9298e356c40cb534793bd809c21da97e) Importer(2089858483,0ecaa5967403d082aa24f35e1b516d23)
Start importing Assets/AssetsThirdParty/Cartoon Heroes/Male/Textures/Hairs/Hair_4/Male_Hair_4_Normals.tga using Guid(9298e356c40cb534793bd809c21da97e) Importer(2089858483,0ecaa5967403d082aa24f35e1b516d23) Generated GUIDs only implemented for interfaces!
 -> (artifact id: '9ac968867e453474c260eee1271e4795') in 0.019332 seconds
Number of updated asset objects reloaded before import = 0
Number of asset objects unloaded after import = 1
========================================================================
Received Import Request.
  Time since last request: 0.000012 seconds.
  path: Assets/AssetsThirdParty/Cartoon Heroes/Female/3D/Legs/Legs_1/Materials/Female_Base_Legs.mat
  artifactKey: Guid(12a3f199e1082df408484795add5ab5d) Importer(2089858483,0ecaa5967403d082aa24f35e1b516d23)
Start importing Assets/AssetsThirdParty/Cartoon Heroes/Female/3D/Legs/Legs_1/Materials/Female_Base_Legs.mat using Guid(12a3f199e1082df408484795add5ab5d) Importer(2089858483,0ecaa5967403d082aa24f35e1b516d23) Generated GUIDs only implemented for interfaces!
 -> (artifact id: 'c75d408a96d07d4f1813ca661c6c28ec') in 0.014743 seconds
Number of updated asset objects reloaded before import = 0
Number of asset objects unloaded after import = 3
========================================================================
Received Import Request.
  Time since last request: 0.000013 seconds.
  path: Assets/AssetsThirdParty/Cartoon Heroes/Male/Textures/Heads/Head_3
  artifactKey: Guid(17f581c4571d0374e98678421b00b8d8) Importer(2089858483,0ecaa5967403d082aa24f35e1b516d23)
Start importing Assets/AssetsThirdParty/Cartoon Heroes/Male/Textures/Heads/Head_3 using Guid(17f581c4571d0374e98678421b00b8d8) Importer(2089858483,0ecaa5967403d082aa24f35e1b516d23) Generated GUIDs only implemented for interfaces!
 -> (artifact id: '9aa0a6cf8eee9bfe8989b31d6bebeef2') in 0.009576 seconds
Number of updated asset objects reloaded before import = 0
Number of asset objects unloaded after import = 1
========================================================================
Received Import Request.
  Time since last request: 0.000015 seconds.
  path: Assets/AssetsThirdParty/Cartoon Heroes/Male/Textures/Heads/Head_3/Male_Head_3.tga
  artifactKey: Guid(42e7299d1cc08fe4e9ace5fb1d9c2405) Importer(2089858483,0ecaa5967403d082aa24f35e1b516d23)
Start importing Assets/AssetsThirdParty/Cartoon Heroes/Male/Textures/Heads/Head_3/Male_Head_3.tga using Guid(42e7299d1cc08fe4e9ace5fb1d9c2405) Importer(2089858483,0ecaa5967403d082aa24f35e1b516d23) Generated GUIDs only implemented for interfaces!
 -> (artifact id: '81482713b466104341364df956b091ee') in 0.018520 seconds
Number of updated asset objects reloaded before import = 0
Number of asset objects unloaded after import = 1
========================================================================
Received Import Request.
  Time since last request: 0.000015 seconds.
  path: Assets/AssetsThirdParty/Cartoon Heroes/Female/3D/Torsos/Torso_1/Materials/Female_Torso_1_Blue.mat
  artifactKey: Guid(3133fd49998134d468b65d0d0208fb5e) Importer(2089858483,0ecaa5967403d082aa24f35e1b516d23)
Start importing Assets/AssetsThirdParty/Cartoon Heroes/Female/3D/Torsos/Torso_1/Materials/Female_Torso_1_Blue.mat using Guid(3133fd49998134d468b65d0d0208fb5e) Importer(2089858483,0ecaa5967403d082aa24f35e1b516d23) Generated GUIDs only implemented for interfaces!
 -> (artifact id: 'dd3a64f708d45f58646120172ace7c74') in 0.034238 seconds
Number of updated asset objects reloaded before import = 0
Number of asset objects unloaded after import = 3
========================================================================
Received Import Request.
  Time since last request: 0.000019 seconds.
  path: Assets/AssetsThirdParty/Cartoon Heroes/Female/Textures/Legs/Base Legs/Female_Base_Legs_Normals.tga
  artifactKey: Guid(034dbf9f105a95446a18e3c2983b1188) Importer(2089858483,0ecaa5967403d082aa24f35e1b516d23)
Start importing Assets/AssetsThirdParty/Cartoon Heroes/Female/Textures/Legs/Base Legs/Female_Base_Legs_Normals.tga using Guid(034dbf9f105a95446a18e3c2983b1188) Importer(2089858483,0ecaa5967403d082aa24f35e1b516d23) Generated GUIDs only implemented for interfaces!
 -> (artifact id: '114e4aed5647ef16e4c24d789991e7f5') in 0.018599 seconds
Number of updated asset objects reloaded before import = 0
Number of asset objects unloaded after import = 1
========================================================================
Received Import Request.
  Time since last request: 0.000014 seconds.
  path: Assets/AssetsThirdParty/Cartoon Heroes/Female/Textures/Legs/Legs_3/Female_Legs_3_White.tga
  artifactKey: Guid(941f9f28590e04e4e88dcd2a32d64ae6) Importer(2089858483,0ecaa5967403d082aa24f35e1b516d23)
Start importing Assets/AssetsThirdParty/Cartoon Heroes/Female/Textures/Legs/Legs_3/Female_Legs_3_White.tga using Guid(941f9f28590e04e4e88dcd2a32d64ae6) Importer(2089858483,0ecaa5967403d082aa24f35e1b516d23) Generated GUIDs only implemented for interfaces!
 -> (artifact id: '69ff05bda56ea3b64c62f023d9e2135f') in 0.020002 seconds
Number of updated asset objects reloaded before import = 0
Number of asset objects unloaded after import = 1
========================================================================
Received Import Request.
  Time since last request: 0.000017 seconds.
  path: Assets/Resources/Enemies/Minotaur/Animations/minotaur1@walk_strafe_right45.fbx
  artifactKey: Guid(b68bf00b532c9444c9caa40411435233) Importer(2089858483,0ecaa5967403d082aa24f35e1b516d23)
Start importing Assets/Resources/Enemies/Minotaur/Animations/minotaur1@walk_strafe_right45.fbx using Guid(b68bf00b532c9444c9caa40411435233) Importer(2089858483,0ecaa5967403d082aa24f35e1b516d23) Generated GUIDs only implemented for interfaces!
 -> (artifact id: 'ef932aa3f3f03a3e0334a4775bb553b5') in 0.022102 seconds
Number of updated asset objects reloaded before import = 0
Number of asset objects unloaded after import = 133
========================================================================
Received Import Request.
  Time since last request: 0.000026 seconds.
  path: Assets/Resources/Enemies/Minotaur/Textures/t_minotaur1_axe_MetallicSmoothness.png
  artifactKey: Guid(3d5570156ceab16419f17613a23f2186) Importer(2089858483,0ecaa5967403d082aa24f35e1b516d23)
Start importing Assets/Resources/Enemies/Minotaur/Textures/t_minotaur1_axe_MetallicSmoothness.png using Guid(3d5570156ceab16419f17613a23f2186) Importer(2089858483,0ecaa5967403d082aa24f35e1b516d23) Generated GUIDs only implemented for interfaces!
 -> (artifact id: '2443a8be76f14c0388798ef8ab20bfda') in 0.017915 seconds
Number of updated asset objects reloaded before import = 0
Number of asset objects unloaded after import = 1
========================================================================
Received Import Request.
  Time since last request: 0.000013 seconds.
  path: Assets/AssetsThirdParty/Cartoon Heroes/Male/3D/Hairs/Hair_4/Materials
  artifactKey: Guid(1c2327603c499ff4eb82fee7453f8461) Importer(2089858483,0ecaa5967403d082aa24f35e1b516d23)
Start importing Assets/AssetsThirdParty/Cartoon Heroes/Male/3D/Hairs/Hair_4/Materials using Guid(1c2327603c499ff4eb82fee7453f8461) Importer(2089858483,0ecaa5967403d082aa24f35e1b516d23) Generated GUIDs only implemented for interfaces!
 -> (artifact id: '89b7040a1c9e2eb9009407a90629b53b') in 0.008777 seconds
Number of updated asset objects reloaded before import = 0
Number of asset objects unloaded after import = 1
========================================================================
Received Import Request.
  Time since last request: 0.000013 seconds.
  path: Assets/AssetsThirdParty/Cartoon Heroes/Male/Textures/Torsos/Torso_3/Male_Torso_3_Blue.tga
  artifactKey: Guid(502c3c29ee50b7943a9cd75d35ce3c3c) Importer(2089858483,0ecaa5967403d082aa24f35e1b516d23)
Start importing Assets/AssetsThirdParty/Cartoon Heroes/Male/Textures/Torsos/Torso_3/Male_Torso_3_Blue.tga using Guid(502c3c29ee50b7943a9cd75d35ce3c3c) Importer(2089858483,0ecaa5967403d082aa24f35e1b516d23) Generated GUIDs only implemented for interfaces!
 -> (artifact id: '4f4037db498dd987b128a952748b1094') in 0.037736 seconds
Number of updated asset objects reloaded before import = 0
Number of asset objects unloaded after import = 1
========================================================================
Received Import Request.
  Time since last request: 0.000012 seconds.
  path: Assets/Resources/Enemies/Minotaur/Textures/t_minotaur1_axe_AO.png
  artifactKey: Guid(fe10a7ed72635404c94e75c635eda853) Importer(2089858483,0ecaa5967403d082aa24f35e1b516d23)
Start importing Assets/Resources/Enemies/Minotaur/Textures/t_minotaur1_axe_AO.png using Guid(fe10a7ed72635404c94e75c635eda853) Importer(2089858483,0ecaa5967403d082aa24f35e1b516d23) Generated GUIDs only implemented for interfaces!
 -> (artifact id: '057473a505e3fcc7480ce29c395d785f') in 0.018935 seconds
Number of updated asset objects reloaded before import = 0
Number of asset objects unloaded after import = 1
========================================================================
Received Import Request.
  Time since last request: 0.000013 seconds.
  path: Assets/Resources/Enemies/Minotaur/Animations/minotaur1@attack4_kick.fbx
  artifactKey: Guid(2266cfaabe6e767489b2331a158fe7d5) Importer(2089858483,0ecaa5967403d082aa24f35e1b516d23)
Start importing Assets/Resources/Enemies/Minotaur/Animations/minotaur1@attack4_kick.fbx using Guid(2266cfaabe6e767489b2331a158fe7d5) Importer(2089858483,0ecaa5967403d082aa24f35e1b516d23) Generated GUIDs only implemented for interfaces!
 -> (artifact id: 'bad141451ff3e56d3156affebb61f814') in 0.050968 seconds
Number of updated asset objects reloaded before import = 0
Number of asset objects unloaded after import = 137
========================================================================
Received Import Request.
  Time since last request: 0.000012 seconds.
  path: Assets/AssetsThirdParty/Cartoon Heroes/Female/Textures/Legs/Legs_3/Female_Legs_3_Brown.tga
  artifactKey: Guid(dbdc3a9d98e0f244281917a90ad22b83) Importer(2089858483,0ecaa5967403d082aa24f35e1b516d23)
Start importing Assets/AssetsThirdParty/Cartoon Heroes/Female/Textures/Legs/Legs_3/Female_Legs_3_Brown.tga using Guid(dbdc3a9d98e0f244281917a90ad22b83) Importer(2089858483,0ecaa5967403d082aa24f35e1b516d23) Generated GUIDs only implemented for interfaces!
 -> (artifact id: '1b7a38a350c6f00cf04937c0c6560e63') in 0.020004 seconds
Number of updated asset objects reloaded before import = 0
Number of asset objects unloaded after import = 1
========================================================================
Received Import Request.
  Time since last request: 0.000016 seconds.
  path: Assets/Resources/Enemies/Minotaur/Animations/minotaur1@death.fbx
  artifactKey: Guid(fcefcb225af888d48a34ad59a46f1be4) Importer(2089858483,0ecaa5967403d082aa24f35e1b516d23)
Start importing Assets/Resources/Enemies/Minotaur/Animations/minotaur1@death.fbx using Guid(fcefcb225af888d48a34ad59a46f1be4) Importer(2089858483,0ecaa5967403d082aa24f35e1b516d23) Generated GUIDs only implemented for interfaces!
 -> (artifact id: '9717e46ebd0c3ef769aff08590738c13') in 0.017838 seconds
Number of updated asset objects reloaded before import = 0
Number of asset objects unloaded after import = 133
========================================================================
Received Import Request.
  Time since last request: 0.000013 seconds.
  path: Assets/Resources/Enemies/Minotaur/Base mesh/minotaur1.fbx
  artifactKey: Guid(63e974d9ec82619419e69ae2287be94e) Importer(2089858483,0ecaa5967403d082aa24f35e1b516d23)
Start importing Assets/Resources/Enemies/Minotaur/Base mesh/minotaur1.fbx using Guid(63e974d9ec82619419e69ae2287be94e) Importer(2089858483,0ecaa5967403d082aa24f35e1b516d23) Generated GUIDs only implemented for interfaces!
 -> (artifact id: 'ac111ca1b3f488b27addc2eb36c4f73b') in 0.025508 seconds
Number of updated asset objects reloaded before import = 0
Number of asset objects unloaded after import = 204
========================================================================
Received Import Request.
  Time since last request: 0.000018 seconds.
  path: Assets/AssetsThirdParty/Cartoon Heroes/Male/3D/Torsos/Torso_3/Materials/Male_Torso_3_Red.mat
  artifactKey: Guid(25f2cceb2a04952488e0ca7a42f2411a) Importer(2089858483,0ecaa5967403d082aa24f35e1b516d23)
Start importing Assets/AssetsThirdParty/Cartoon Heroes/Male/3D/Torsos/Torso_3/Materials/Male_Torso_3_Red.mat using Guid(25f2cceb2a04952488e0ca7a42f2411a) Importer(2089858483,0ecaa5967403d082aa24f35e1b516d23) Generated GUIDs only implemented for interfaces!
 -> (artifact id: '0ce0a534bb4cd0a45c99c40b45b8315c') in 0.012573 seconds
Number of updated asset objects reloaded before import = 0
Number of asset objects unloaded after import = 3
========================================================================
Received Import Request.
  Time since last request: 0.000012 seconds.
  path: Assets/Resources/Levels/Graveyard/raw/Demo/Materials/cemetery_halloween_atlas.mat
  artifactKey: Guid(b7216991a8c6f3e4296da80304cda7dc) Importer(2089858483,0ecaa5967403d082aa24f35e1b516d23)
Start importing Assets/Resources/Levels/Graveyard/raw/Demo/Materials/cemetery_halloween_atlas.mat using Guid(b7216991a8c6f3e4296da80304cda7dc) Importer(2089858483,0ecaa5967403d082aa24f35e1b516d23) Generated GUIDs only implemented for interfaces!
 -> (artifact id: 'e8250e78466af249f4e405b1e6babc20') in 0.035113 seconds
Number of updated asset objects reloaded before import = 0
Number of asset objects unloaded after import = 2
========================================================================
Received Import Request.
  Time since last request: 0.000018 seconds.
  path: Assets/AssetsThirdParty/Cartoon Heroes/Male/3D/Hairs/Hair_3/Materials
  artifactKey: Guid(5af3a4da236a0cc4295490d8e6badc12) Importer(2089858483,0ecaa5967403d082aa24f35e1b516d23)
Start importing Assets/AssetsThirdParty/Cartoon Heroes/Male/3D/Hairs/Hair_3/Materials using Guid(5af3a4da236a0cc4295490d8e6badc12) Importer(2089858483,0ecaa5967403d082aa24f35e1b516d23) Generated GUIDs only implemented for interfaces!
 -> (artifact id: 'a6a048e779c28f8ea566048a177694e1') in 0.009194 seconds
Number of updated asset objects reloaded before import = 0
Number of asset objects unloaded after import = 1
========================================================================
Received Import Request.
  Time since last request: 0.000014 seconds.
  path: Assets/Resources/Levels/Graveyard/raw/mobile_models/Materials/cemetery_halloween_atlas.mat
  artifactKey: Guid(9d0a81bb8fa023b4a99eefc2d7f23131) Importer(2089858483,0ecaa5967403d082aa24f35e1b516d23)
Start importing Assets/Resources/Levels/Graveyard/raw/mobile_models/Materials/cemetery_halloween_atlas.mat using Guid(9d0a81bb8fa023b4a99eefc2d7f23131) Importer(2089858483,0ecaa5967403d082aa24f35e1b516d23) Generated GUIDs only implemented for interfaces!
 -> (artifact id: '92b383a0f6df62ae9279cc47c2595baf') in 0.027883 seconds
Number of updated asset objects reloaded before import = 0
Number of asset objects unloaded after import = 2
========================================================================
Received Import Request.
  Time since last request: 0.000015 seconds.
  path: Assets/Resources/Enemies/Minotaur/Textures
  artifactKey: Guid(d2567afd7a448fc48a0cf8d5dc77b58e) Importer(2089858483,0ecaa5967403d082aa24f35e1b516d23)
Start importing Assets/Resources/Enemies/Minotaur/Textures using Guid(d2567afd7a448fc48a0cf8d5dc77b58e) Importer(2089858483,0ecaa5967403d082aa24f35e1b516d23) Generated GUIDs only implemented for interfaces!
 -> (artifact id: '1cd92c973426a8cc936a6de87af3a909') in 0.009447 seconds
Number of updated asset objects reloaded before import = 0
Number of asset objects unloaded after import = 1
========================================================================
Received Import Request.
  Time since last request: 0.000016 seconds.
  path: Assets/Resources/Enemies/Minotaur/Animations
  artifactKey: Guid(6c91dc81d7e6a94429258357da163192) Importer(2089858483,0ecaa5967403d082aa24f35e1b516d23)
Start importing Assets/Resources/Enemies/Minotaur/Animations using Guid(6c91dc81d7e6a94429258357da163192) Importer(2089858483,0ecaa5967403d082aa24f35e1b516d23) Generated GUIDs only implemented for interfaces!
 -> (artifact id: '1e17fce191c962a6c47690cc79662eb7') in 0.009652 seconds
Number of updated asset objects reloaded before import = 0
Number of asset objects unloaded after import = 1
========================================================================
Received Import Request.
  Time since last request: 0.000013 seconds.
  path: Assets/Resources/Hero/Hero.prefab
  artifactKey: Guid(b24fda9bb9eb08d49992ffb57951c158) Importer(2089858483,0ecaa5967403d082aa24f35e1b516d23)
Start importing Assets/Resources/Hero/Hero.prefab using Guid(b24fda9bb9eb08d49992ffb57951c158) Importer(2089858483,0ecaa5967403d082aa24f35e1b516d23) Generated GUIDs only implemented for interfaces!
 -> (artifact id: 'bb24856c712ecfcdd41d043c4240361c') in 0.033167 seconds
Number of updated asset objects reloaded before import = 0
Number of asset objects unloaded after import = 316
========================================================================
Received Import Request.
  Time since last request: 0.000013 seconds.
  path: Assets/AssetsThirdParty/Cartoon Heroes/Female/3D/Legs/Legs_2/Materials/Female_Legs_2_Black.mat
  artifactKey: Guid(49d03cf711496d8419fb8ac3845b77df) Importer(2089858483,0ecaa5967403d082aa24f35e1b516d23)
Start importing Assets/AssetsThirdParty/Cartoon Heroes/Female/3D/Legs/Legs_2/Materials/Female_Legs_2_Black.mat using Guid(49d03cf711496d8419fb8ac3845b77df) Importer(2089858483,0ecaa5967403d082aa24f35e1b516d23) Generated GUIDs only implemented for interfaces!
 -> (artifact id: '858aa299ecd37a41d20f29bd4912f30a') in 0.015172 seconds
Number of updated asset objects reloaded before import = 0
Number of asset objects unloaded after import = 3
========================================================================
Received Import Request.
  Time since last request: 0.000017 seconds.
  path: Assets/AssetsThirdParty/Cartoon Heroes/Weapons/Sword_1/3D
  artifactKey: Guid(0c6ad755bfa06bf409470f3c8d37913a) Importer(2089858483,0ecaa5967403d082aa24f35e1b516d23)
Start importing Assets/AssetsThirdParty/Cartoon Heroes/Weapons/Sword_1/3D using Guid(0c6ad755bfa06bf409470f3c8d37913a) Importer(2089858483,0ecaa5967403d082aa24f35e1b516d23) Generated GUIDs only implemented for interfaces!
 -> (artifact id: '93f7a4c4646da63953189458e14e8a65') in 0.008250 seconds
Number of updated asset objects reloaded before import = 0
Number of asset objects unloaded after import = 1
========================================================================
Received Import Request.
  Time since last request: 0.000012 seconds.
  path: Assets/Rendering/Mobile.asset
  artifactKey: Guid(d046152b2937c6e478adeee624d07031) Importer(2089858483,0ecaa5967403d082aa24f35e1b516d23)
Start importing Assets/Rendering/Mobile.asset using Guid(d046152b2937c6e478adeee624d07031) Importer(2089858483,0ecaa5967403d082aa24f35e1b516d23) Generated GUIDs only implemented for interfaces!
 -> (artifact id: '25840469821672db0ae70ee8b9031329') in 0.028736 seconds
Number of updated asset objects reloaded before import = 0
Number of asset objects unloaded after import = 1
========================================================================
Received Import Request.
  Time since last request: 0.000020 seconds.
  path: Assets/Resources/Enemies/EnemyAnimatorController.controller
  artifactKey: Guid(93fc243d755a4e54fa91237aeeb8263a) Importer(2089858483,0ecaa5967403d082aa24f35e1b516d23)
Start importing Assets/Resources/Enemies/EnemyAnimatorController.controller using Guid(93fc243d755a4e54fa91237aeeb8263a) Importer(2089858483,0ecaa5967403d082aa24f35e1b516d23) Generated GUIDs only implemented for interfaces!
 -> (artifact id: '4de4963dbd3302322d100a303f24512d') in 0.017245 seconds
Number of updated asset objects reloaded before import = 0
Number of asset objects unloaded after import = 29
========================================================================
Received Import Request.
  Time since last request: 0.000022 seconds.
  path: Assets/Resources/Enemies/Minotaur
  artifactKey: Guid(549cebbce23116049a287e1c704adb8b) Importer(2089858483,0ecaa5967403d082aa24f35e1b516d23)
Start importing Assets/Resources/Enemies/Minotaur using Guid(549cebbce23116049a287e1c704adb8b) Importer(2089858483,0ecaa5967403d082aa24f35e1b516d23) Generated GUIDs only implemented for interfaces!
 -> (artifact id: 'b5e33ec48712607621a876afc41fd82d') in 0.011929 seconds
Number of updated asset objects reloaded before import = 0
Number of asset objects unloaded after import = 1
========================================================================
Received Import Request.
  Time since last request: 0.000013 seconds.
  path: Assets/CodeBase/Enemy/Attack.cs
  artifactKey: Guid(3b875a25f50449119ceb2fc83734fe91) Importer(2089858483,0ecaa5967403d082aa24f35e1b516d23)
Start importing Assets/CodeBase/Enemy/Attack.cs using Guid(3b875a25f50449119ceb2fc83734fe91) Importer(2089858483,0ecaa5967403d082aa24f35e1b516d23) Generated GUIDs only implemented for interfaces!
 -> (artifact id: 'c0cd7856475e38d09053132688fc5d2f') in 0.009640 seconds
Number of updated asset objects reloaded before import = 0
Number of asset objects unloaded after import = 1
========================================================================
Received Import Request.
  Time since last request: 0.000022 seconds.
  path: Assets/AssetsThirdParty/Cartoon Heroes/Female/3D/Hairs/Hair_2/Female_Hair_2.FBX
  artifactKey: Guid(4eb7344e4bf8a3e48b8f9dfaf77c996a) Importer(2089858483,0ecaa5967403d082aa24f35e1b516d23)
Start importing Assets/AssetsThirdParty/Cartoon Heroes/Female/3D/Hairs/Hair_2/Female_Hair_2.FBX using Guid(4eb7344e4bf8a3e48b8f9dfaf77c996a) Importer(2089858483,0ecaa5967403d082aa24f35e1b516d23) Generated GUIDs only implemented for interfaces!
 -> (artifact id: '722f29705dd3876b661b60117c3b7651') in 0.019709 seconds
Number of updated asset objects reloaded before import = 0
Number of asset objects unloaded after import = 12
========================================================================
Received Import Request.
  Time since last request: 0.000029 seconds.
  path: Assets/AssetsThirdParty/Cartoon Heroes/Weapons/Sword_1/3D/Sword_1.FBX
  artifactKey: Guid(ffa463f78df756248bd71544ae012994) Importer(2089858483,0ecaa5967403d082aa24f35e1b516d23)
Start importing Assets/AssetsThirdParty/Cartoon Heroes/Weapons/Sword_1/3D/Sword_1.FBX using Guid(ffa463f78df756248bd71544ae012994) Importer(2089858483,0ecaa5967403d082aa24f35e1b516d23) Generated GUIDs only implemented for interfaces!
 -> (artifact id: 'aa9157cc937d74eb33fa69268b34ab83') in 0.017001 seconds
Number of updated asset objects reloaded before import = 0
Number of asset objects unloaded after import = 7
========================================================================
Received Import Request.
  Time since last request: 0.000015 seconds.
  path: Assets/AssetsThirdParty/Cartoon Heroes/Female/3D/Legs/Legs_1/Female_Legs_1.FBX
  artifactKey: Guid(d655bfaf1d23bb74a9154d7ce2eb6e7f) Importer(2089858483,0ecaa5967403d082aa24f35e1b516d23)
Start importing Assets/AssetsThirdParty/Cartoon Heroes/Female/3D/Legs/Legs_1/Female_Legs_1.FBX using Guid(d655bfaf1d23bb74a9154d7ce2eb6e7f) Importer(2089858483,0ecaa5967403d082aa24f35e1b516d23) Generated GUIDs only implemented for interfaces!
 -> (artifact id: '60bfcfbdd92bbe334fdce335919628fc') in 0.023416 seconds
Number of updated asset objects reloaded before import = 0
Number of asset objects unloaded after import = 32
========================================================================
Received Import Request.
  Time since last request: 0.000020 seconds.
  path: Assets/Resources/Enemies/Minotaur/Materials/mat_minotaur1_axe.mat
  artifactKey: Guid(7554a7af0586986438ea09adb8e77d86) Importer(2089858483,0ecaa5967403d082aa24f35e1b516d23)
Start importing Assets/Resources/Enemies/Minotaur/Materials/mat_minotaur1_axe.mat using Guid(7554a7af0586986438ea09adb8e77d86) Importer(2089858483,0ecaa5967403d082aa24f35e1b516d23) Generated GUIDs only implemented for interfaces!
 -> (artifact id: 'a802859dbf70e5f51f83c6033fadb084') in 0.017211 seconds
Number of updated asset objects reloaded before import = 0
Number of asset objects unloaded after import = 5
========================================================================
Received Import Request.
  Time since last request: 0.000015 seconds.
  path: Assets/AssetsThirdParty/Cartoon Heroes/Male/3D/Hairs
  artifactKey: Guid(09faeacb94cce5a488c0f7bb3b175a44) Importer(2089858483,0ecaa5967403d082aa24f35e1b516d23)
Start importing Assets/AssetsThirdParty/Cartoon Heroes/Male/3D/Hairs using Guid(09faeacb94cce5a488c0f7bb3b175a44) Importer(2089858483,0ecaa5967403d082aa24f35e1b516d23) Generated GUIDs only implemented for interfaces!
 -> (artifact id: '78ea87e5d150dbaa6823f7d109ad425a') in 0.009698 seconds
Number of updated asset objects reloaded before import = 0
Number of asset objects unloaded after import = 1
========================================================================
Received Import Request.
  Time since last request: 0.000012 seconds.
  path: Assets/AssetsThirdParty/Cartoon Heroes/Female/Textures/Heads/Head_2/Female_Head_2_Normals.tga
  artifactKey: Guid(e08c4158e9f33e24fabb65e0630748c4) Importer(2089858483,0ecaa5967403d082aa24f35e1b516d23)
Start importing Assets/AssetsThirdParty/Cartoon Heroes/Female/Textures/Heads/Head_2/Female_Head_2_Normals.tga using Guid(e08c4158e9f33e24fabb65e0630748c4) Importer(2089858483,0ecaa5967403d082aa24f35e1b516d23) Generated GUIDs only implemented for interfaces!
 -> (artifact id: '2aaaa430a677fac92237e4ef16c1ef3e') in 0.025147 seconds
Number of updated asset objects reloaded before import = 0
Number of asset objects unloaded after import = 1
Editor requested this worker to shutdown with reason: Scaling down because of idle timeout
TcpMessagingSession - receive error: operation aborted. errorcode: 995, details: The I/O operation has been aborted because of either a thread exit or an application request.
AssetImportWorker is now disconnected from the server
Process exiting
Exiting without the bug reporter. Application will terminate with return code 0