Using pre-set license
Built from '2022.3/staging' branch; Version is '2022.3.1f1 (f18e0c1b5784) revision 15830540'; Using compiler version '192829333'; Build Type 'Release'
OS: 'Windows 10  (10.0.19045) 64bit Professional' Language: 'en' Physical Memory: 32690 MB
BatchMode: 1, IsHumanControllingUs: 0, StartBugReporterOnCrash: 0, Is64bit: 1, IsPro: 1

COMMAND LINE ARGUMENTS:
A:\Unity\2022.3.1f1\Editor\Unity.exe
-adb2
-batchMode
-noUpm
-name
AssetImportWorker4
-projectPath
D:/Unity репозиторий/Ancient-Lands/Ancient Lands
-logFile
Logs/AssetImportWorker4.log
-srvPort
1545
Successfully changed project path to: D:/Unity репозиторий/Ancient-Lands/Ancient Lands
D:/Unity репозиторий/Ancient-Lands/Ancient Lands
[UnityMemory] Configuration Parameters - Can be set up in boot.config
    "memorysetup-bucket-allocator-granularity=16"
    "memorysetup-bucket-allocator-bucket-count=8"
    "memorysetup-bucket-allocator-block-size=33554432"
    "memorysetup-bucket-allocator-block-count=8"
    "memorysetup-main-allocator-block-size=16777216"
    "memorysetup-thread-allocator-block-size=16777216"
    "memorysetup-gfx-main-allocator-block-size=16777216"
    "memorysetup-gfx-thread-allocator-block-size=16777216"
    "memorysetup-cache-allocator-block-size=4194304"
    "memorysetup-typetree-allocator-block-size=2097152"
    "memorysetup-profiler-bucket-allocator-granularity=16"
    "memorysetup-profiler-bucket-allocator-bucket-count=8"
    "memorysetup-profiler-bucket-allocator-block-size=33554432"
    "memorysetup-profiler-bucket-allocator-block-count=8"
    "memorysetup-profiler-allocator-block-size=16777216"
    "memorysetup-profiler-editor-allocator-block-size=1048576"
    "memorysetup-temp-allocator-size-main=16777216"
    "memorysetup-job-temp-allocator-block-size=2097152"
    "memorysetup-job-temp-allocator-block-size-background=1048576"
    "memorysetup-job-temp-allocator-reduction-small-platforms=262144"
    "memorysetup-allocator-temp-initial-block-size-main=262144"
    "memorysetup-allocator-temp-initial-block-size-worker=262144"
    "memorysetup-temp-allocator-size-background-worker=32768"
    "memorysetup-temp-allocator-size-job-worker=262144"
    "memorysetup-temp-allocator-size-preload-manager=33554432"
    "memorysetup-temp-allocator-size-nav-mesh-worker=65536"
    "memorysetup-temp-allocator-size-audio-worker=65536"
    "memorysetup-temp-allocator-size-cloud-worker=32768"
    "memorysetup-temp-allocator-size-gi-baking-worker=262144"
    "memorysetup-temp-allocator-size-gfx=262144"
Player connection [11208] Host "[IP] 192.168.100.2 [Port] 0 [Flags] 2 [Guid] 2876485980 [EditorId] 2876485980 [Version] 1048832 [Id] WindowsEditor(7,DESKTOP-4VOLOPP) [Debug] 1 [PackageName] WindowsEditor [ProjectName] Editor" joined multi-casting on [225.0.0.222:54997]...

Player connection [11208] Host "[IP] 192.168.100.2 [Port] 0 [Flags] 2 [Guid] 2876485980 [EditorId] 2876485980 [Version] 1048832 [Id] WindowsEditor(7,DESKTOP-4VOLOPP) [Debug] 1 [PackageName] WindowsEditor [ProjectName] Editor" joined alternative multi-casting on [225.0.0.222:34997]...

Refreshing native plugins compatible for Editor in 5.71 ms, found 3 plugins.
Preloading 0 native plugins for Editor in 0.00 ms.
Initialize engine version: 2022.3.1f1 (f18e0c1b5784)
[Subsystems] Discovering subsystems at path A:/Unity/2022.3.1f1/Editor/Data/Resources/UnitySubsystems
[Subsystems] Discovering subsystems at path D:/Unity репозиторий/Ancient-Lands/Ancient Lands/Assets
GfxDevice: creating device client; threaded=0; jobified=0
Direct3D:
    Version:  Direct3D 11.0 [level 11.1]
    Renderer: NVIDIA GeForce RTX 3060 (ID=0x2504)
    Vendor:   NVIDIA
    VRAM:     12129 MB
    Driver:   31.0.15.3179
Initialize mono
Mono path[0] = 'A:/Unity/2022.3.1f1/Editor/Data/Managed'
Mono path[1] = 'A:/Unity/2022.3.1f1/Editor/Data/MonoBleedingEdge/lib/mono/unityjit-win32'
Mono config path = 'A:/Unity/2022.3.1f1/Editor/Data/MonoBleedingEdge/etc'
Using monoOptions --debugger-agent=transport=dt_socket,embedding=1,server=y,suspend=n,address=127.0.0.1:56780
Begin MonoManager ReloadAssembly
Registering precompiled unity dll's ...
Register platform support module: A:/Unity/2022.3.1f1/Editor/Data/PlaybackEngines/AndroidPlayer/UnityEditor.Android.Extensions.dll
Register platform support module: A:/Unity/2022.3.1f1/Editor/Data/PlaybackEngines/WindowsStandaloneSupport/UnityEditor.WindowsStandalone.Extensions.dll
Registered in 0.003627 seconds.
- Loaded All Assemblies, in  0.219 seconds
Native extension for WindowsStandalone target not found
Native extension for Android target not found
Android Extension - Scanning For ADB Devices 186 ms
Mono: successfully reloaded assembly
- Finished resetting the current domain, in  0.409 seconds
Domain Reload Profiling: 628ms
	BeginReloadAssembly (60ms)
		ExecutionOrderSort (0ms)
		DisableScriptedObjects (0ms)
		BackupInstance (0ms)
		ReleaseScriptingObjects (0ms)
		CreateAndSetChildDomain (1ms)
	RebuildCommonClasses (22ms)
	RebuildNativeTypeToScriptingClass (7ms)
	initialDomainReloadingComplete (36ms)
	LoadAllAssembliesAndSetupDomain (95ms)
		LoadAssemblies (59ms)
		RebuildTransferFunctionScriptingTraits (0ms)
		AnalyzeDomain (92ms)
			TypeCache.Refresh (92ms)
				TypeCache.ScanAssembly (85ms)
			ScanForSourceGeneratedMonoScriptInfo (0ms)
			ResolveRequiredComponents (0ms)
	FinalizeReload (409ms)
		ReleaseScriptCaches (0ms)
		RebuildScriptCaches (0ms)
		SetupLoadedEditorAssemblies (369ms)
			LogAssemblyErrors (0ms)
			InitializePlatformSupportModulesInManaged (261ms)
			SetLoadedEditorAssemblies (3ms)
			RefreshPlugins (0ms)
			BeforeProcessingInitializeOnLoad (2ms)
			ProcessInitializeOnLoadAttributes (71ms)
			ProcessInitializeOnLoadMethodAttributes (33ms)
			AfterProcessingInitializeOnLoad (0ms)
			EditorAssembliesLoaded (0ms)
		ExecutionOrderSort2 (0ms)
		AwakeInstancesAfterBackupRestoration (0ms)
========================================================================
Worker process is ready to serve import requests
Begin MonoManager ReloadAssembly
Symbol file LoadedFromMemory doesn't match image D:\Unity репозиторий\Ancient-Lands\Ancient Lands\Library\PackageCache\com.unity.visualscripting@1.8.0\Editor\VisualScripting.Core\Dependencies\YamlDotNet\Unity.VisualScripting.YamlDotNet.dll
Symbol file LoadedFromMemory doesn't match image D:\Unity репозиторий\Ancient-Lands\Ancient Lands\Library\PackageCache\com.unity.visualscripting@1.8.0\Editor\VisualScripting.Core\Dependencies\DotNetZip\Unity.VisualScripting.IonicZip.dll
- Loaded All Assemblies, in  0.507 seconds
Refreshing native plugins compatible for Editor in 1.97 ms, found 3 plugins.
Native extension for WindowsStandalone target not found
Native extension for Android target not found
Mono: successfully reloaded assembly
- Finished resetting the current domain, in  0.486 seconds
Domain Reload Profiling: 993ms
	BeginReloadAssembly (87ms)
		ExecutionOrderSort (0ms)
		DisableScriptedObjects (4ms)
		BackupInstance (0ms)
		ReleaseScriptingObjects (0ms)
		CreateAndSetChildDomain (15ms)
	RebuildCommonClasses (21ms)
	RebuildNativeTypeToScriptingClass (8ms)
	initialDomainReloadingComplete (30ms)
	LoadAllAssembliesAndSetupDomain (361ms)
		LoadAssemblies (190ms)
		RebuildTransferFunctionScriptingTraits (0ms)
		AnalyzeDomain (215ms)
			TypeCache.Refresh (191ms)
				TypeCache.ScanAssembly (181ms)
			ScanForSourceGeneratedMonoScriptInfo (17ms)
			ResolveRequiredComponents (8ms)
	FinalizeReload (486ms)
		ReleaseScriptCaches (0ms)
		RebuildScriptCaches (0ms)
		SetupLoadedEditorAssemblies (370ms)
			LogAssemblyErrors (0ms)
			InitializePlatformSupportModulesInManaged (16ms)
			SetLoadedEditorAssemblies (3ms)
			RefreshPlugins (0ms)
			BeforeProcessingInitializeOnLoad (54ms)
			ProcessInitializeOnLoadAttributes (249ms)
			ProcessInitializeOnLoadMethodAttributes (46ms)
			AfterProcessingInitializeOnLoad (2ms)
			EditorAssembliesLoaded (0ms)
		ExecutionOrderSort2 (0ms)
		AwakeInstancesAfterBackupRestoration (4ms)
Launched and connected shader compiler UnityShaderCompiler.exe after 0.03 seconds
Refreshing native plugins compatible for Editor in 2.01 ms, found 3 plugins.
Preloading 0 native plugins for Editor in 0.00 ms.
Unloading 5581 Unused Serialized files (Serialized files now loaded: 0)
Unloading 85 unused Assets / (144.8 KB). Loaded Objects now: 6061.
Memory consumption went from 222.2 MB to 222.1 MB.
Total: 2.961200 ms (FindLiveObjects: 0.347400 ms CreateObjectMapping: 0.143100 ms MarkObjects: 2.347200 ms  DeleteObjects: 0.123000 ms)

AssetImportParameters requested are different than current active one (requested -> active):
  custom:container-demuxer-ogg: 62fdf1f143b41e24485cea50d1cbac27 -> 
  custom:video-decoder-ogg-theora: a1e56fd34408186e4bbccfd4996cb3dc -> 
  custom:framework-win-MediaFoundation: 216162199b28c13a410421893ffa2e32 -> 
  custom:container-demuxer-webm: 4f35f7cbe854078d1ac9338744f61a02 -> 
  custom:scripting/monoscript/fileName/IStaticDataService.cs: a840bc9291b36c92d96c6db73874988a -> 79181a673e5b66868248d6156a6113f2
  custom:container-muxer-webm: aa71ff27fc2769a1b78a27578f13a17b -> 
  custom:video-decoder-webm-vp8: 9c59270c3fd7afecdb556c50c9e8de78 -> 
  custom:scripting/monoscript/fileName/StaticDataService.cs: edfa8209d0ab8d36fa49427a95ee7ed4 -> d7341bf525f31782f5c65728233e7608
  custom:AudioImporter_EditorPlatform: d09bf68614088b80899f8185d706f6e7 -> 
  custom:scripting/monoscript/fileName/EnemySpawnerEditor.cs: be5f8eac405e597ee07a5725852b4b2b -> 
  custom:video-encoder-webm-vp8: eb34c28f22e8b96e1ab97ce403110664 -> 
  custom:audio-decoder-ogg-vorbis: bf7c407c2cedff20999df2af8eb42d56 -> 
  custom:audio-encoder-webm-vorbis: bf7c407c2cedff20999df2af8eb42d56 -> 
  custom:scripting/monoscript/fileName/EnemySpawner.cs: 8f64a4c508149747d8d29b464cdaf1b5 -> 
========================================================================
Received Import Request.
  Time since last request: 20194.588221 seconds.
  path: Assets/AssetsThirdParty/GUI_Parts/Gui_parts/name_bar.png
  artifactKey: Guid(7491a4e8767295b409ec7ee0eed9d694) Importer(815301076,1909f56bfc062723c751e8b465ee728b)
Start importing Assets/AssetsThirdParty/GUI_Parts/Gui_parts/name_bar.png using Guid(7491a4e8767295b409ec7ee0eed9d694) Importer(815301076,1909f56bfc062723c751e8b465ee728b)  -> (artifact id: '56334bd4c4cad72eb7b07b283f9c9505') in 0.015978 seconds
Number of updated asset objects reloaded before import = 0
Number of asset objects unloaded after import = 2
========================================================================
Received Import Request.
  Time since last request: 0.000013 seconds.
  path: Assets/AssetsThirdParty/GUI_Parts/Gui_parts/name_bar3.png
  artifactKey: Guid(12eaceb7341922b4398ff20c8bbcff90) Importer(815301076,1909f56bfc062723c751e8b465ee728b)
Start importing Assets/AssetsThirdParty/GUI_Parts/Gui_parts/name_bar3.png using Guid(12eaceb7341922b4398ff20c8bbcff90) Importer(815301076,1909f56bfc062723c751e8b465ee728b)  -> (artifact id: '263f134b41ea38bc6f0b748a11037817') in 0.003682 seconds
Number of updated asset objects reloaded before import = 0
Number of asset objects unloaded after import = 2
========================================================================
Received Import Request.
  Time since last request: 0.024068 seconds.
  path: Assets/AssetsThirdParty/GUI_Parts/Gui_parts/warrior_silhouette_man.png
  artifactKey: Guid(cc8e2be9532fbc543af51c6932181466) Importer(815301076,1909f56bfc062723c751e8b465ee728b)
Start importing Assets/AssetsThirdParty/GUI_Parts/Gui_parts/warrior_silhouette_man.png using Guid(cc8e2be9532fbc543af51c6932181466) Importer(815301076,1909f56bfc062723c751e8b465ee728b)  -> (artifact id: 'ac69111e32ba43bd917673b096d82ef9') in 0.021462 seconds
Number of updated asset objects reloaded before import = 0
Number of asset objects unloaded after import = 2
========================================================================
Received Import Request.
  Time since last request: 44.932182 seconds.
  path: Assets/AssetsThirdParty/GUI_Parts/Gui_parts/bar_ready.png
  artifactKey: Guid(c241e847af767d148b898393a975bb22) Importer(815301076,1909f56bfc062723c751e8b465ee728b)
Start importing Assets/AssetsThirdParty/GUI_Parts/Gui_parts/bar_ready.png using Guid(c241e847af767d148b898393a975bb22) Importer(815301076,1909f56bfc062723c751e8b465ee728b)  -> (artifact id: '31f3308ce83a119a3e2be3462d217bcf') in 0.011018 seconds
Number of updated asset objects reloaded before import = 0
Number of asset objects unloaded after import = 2
========================================================================
Received Import Request.
  Time since last request: 0.003090 seconds.
  path: Assets/AssetsThirdParty/GUI_Parts/Gui_parts/big_roundframe.png
  artifactKey: Guid(6403afd719acd2b4dbb0dfae7add33cb) Importer(815301076,1909f56bfc062723c751e8b465ee728b)
Start importing Assets/AssetsThirdParty/GUI_Parts/Gui_parts/big_roundframe.png using Guid(6403afd719acd2b4dbb0dfae7add33cb) Importer(815301076,1909f56bfc062723c751e8b465ee728b)  -> (artifact id: 'ffcb5be46a5ef23a55546b6dd8d633dc') in 0.008206 seconds
Number of updated asset objects reloaded before import = 0
Number of asset objects unloaded after import = 2
========================================================================
Received Import Request.
  Time since last request: 0.000014 seconds.
  path: Assets/AssetsThirdParty/GUI_Parts/Gui_parts/Hp_frame.png
  artifactKey: Guid(9d5f6625b0b035841a1153f7e5466a94) Importer(815301076,1909f56bfc062723c751e8b465ee728b)
Start importing Assets/AssetsThirdParty/GUI_Parts/Gui_parts/Hp_frame.png using Guid(9d5f6625b0b035841a1153f7e5466a94) Importer(815301076,1909f56bfc062723c751e8b465ee728b)  -> (artifact id: 'b78a74730440523d62790420242835bc') in 0.001353 seconds
Number of updated asset objects reloaded before import = 0
Number of asset objects unloaded after import = 2
========================================================================
Received Import Request.
  Time since last request: 0.000010 seconds.
  path: Assets/AssetsThirdParty/GUI_Parts/Gui_parts/Frame_mid_2.png
  artifactKey: Guid(9b886b001545f4f4798d6e3b78a3cfa2) Importer(815301076,1909f56bfc062723c751e8b465ee728b)
Start importing Assets/AssetsThirdParty/GUI_Parts/Gui_parts/Frame_mid_2.png using Guid(9b886b001545f4f4798d6e3b78a3cfa2) Importer(815301076,1909f56bfc062723c751e8b465ee728b)  -> (artifact id: 'de4174c5fbf4cc4dcde70c010a8d7100') in 0.013049 seconds
Number of updated asset objects reloaded before import = 0
Number of asset objects unloaded after import = 2
========================================================================
Received Import Request.
  Time since last request: 0.000012 seconds.
  path: Assets/AssetsThirdParty/GUI_Parts/Gui_parts/button_agree.png
  artifactKey: Guid(33cd3b491748050418115b4d3a0b6534) Importer(815301076,1909f56bfc062723c751e8b465ee728b)
Start importing Assets/AssetsThirdParty/GUI_Parts/Gui_parts/button_agree.png using Guid(33cd3b491748050418115b4d3a0b6534) Importer(815301076,1909f56bfc062723c751e8b465ee728b)  -> (artifact id: '3c4223ce775ea4fa8f19525f40ac1089') in 0.001175 seconds
Number of updated asset objects reloaded before import = 0
Number of asset objects unloaded after import = 2
========================================================================
Received Import Request.
  Time since last request: 0.000012 seconds.
  path: Assets/AssetsThirdParty/GUI_Parts/Gui_parts/button.png
  artifactKey: Guid(485cd2ab0486a8e4aaa55e94ec27c6b6) Importer(815301076,1909f56bfc062723c751e8b465ee728b)
Start importing Assets/AssetsThirdParty/GUI_Parts/Gui_parts/button.png using Guid(485cd2ab0486a8e4aaa55e94ec27c6b6) Importer(815301076,1909f56bfc062723c751e8b465ee728b)  -> (artifact id: '9001f6b3ce7367f8de68d33518dfa1ac') in 0.001783 seconds
Number of updated asset objects reloaded before import = 0
Number of asset objects unloaded after import = 2
========================================================================
Received Import Request.
  Time since last request: 0.000011 seconds.
  path: Assets/AssetsThirdParty/GUI_Parts/Gui_parts/button_frame.png
  artifactKey: Guid(7364a4590b0bc38428e39dd6dc8e7a65) Importer(815301076,1909f56bfc062723c751e8b465ee728b)
Start importing Assets/AssetsThirdParty/GUI_Parts/Gui_parts/button_frame.png using Guid(7364a4590b0bc38428e39dd6dc8e7a65) Importer(815301076,1909f56bfc062723c751e8b465ee728b)  -> (artifact id: '94ecc2a51b995caa1eb10f6fa586be66') in 0.001621 seconds
Number of updated asset objects reloaded before import = 0
Number of asset objects unloaded after import = 2
========================================================================
Received Import Request.
  Time since last request: 0.000010 seconds.
  path: Assets/AssetsThirdParty/GUI_Parts/Gui_parts/button2_ready_on.png
  artifactKey: Guid(6b8728d20b5d4c540b335c3789517218) Importer(815301076,1909f56bfc062723c751e8b465ee728b)
Start importing Assets/AssetsThirdParty/GUI_Parts/Gui_parts/button2_ready_on.png using Guid(6b8728d20b5d4c540b335c3789517218) Importer(815301076,1909f56bfc062723c751e8b465ee728b)  -> (artifact id: 'ddbd34ee48b5770cbc7f400471b7905c') in 0.001248 seconds
Number of updated asset objects reloaded before import = 0
Number of asset objects unloaded after import = 2
========================================================================
Received Import Request.
  Time since last request: 0.000008 seconds.
  path: Assets/AssetsThirdParty/GUI_Parts/Gui_parts/button_ready_on.png
  artifactKey: Guid(c9006339b2156b142934eac2999ef67c) Importer(815301076,1909f56bfc062723c751e8b465ee728b)
Start importing Assets/AssetsThirdParty/GUI_Parts/Gui_parts/button_ready_on.png using Guid(c9006339b2156b142934eac2999ef67c) Importer(815301076,1909f56bfc062723c751e8b465ee728b)  -> (artifact id: 'b008de6ab8fc796d1f5049d5d524b1cc') in 0.001427 seconds
Number of updated asset objects reloaded before import = 0
Number of asset objects unloaded after import = 2
========================================================================
Received Import Request.
  Time since last request: 0.000014 seconds.
  path: Assets/AssetsThirdParty/GUI_Parts/Gui_parts/button2_ready_off.png
  artifactKey: Guid(4b3d2095baccc2041b973b66b786b9d0) Importer(815301076,1909f56bfc062723c751e8b465ee728b)
Start importing Assets/AssetsThirdParty/GUI_Parts/Gui_parts/button2_ready_off.png using Guid(4b3d2095baccc2041b973b66b786b9d0) Importer(815301076,1909f56bfc062723c751e8b465ee728b)  -> (artifact id: 'd1f2984897ac1d100b9d7713a7f4a54c') in 0.001385 seconds
Number of updated asset objects reloaded before import = 0
Number of asset objects unloaded after import = 2
Editor requested this worker to shutdown with reason: Scaling down because of idle timeout
TcpMessagingSession - receive error: operation aborted. errorcode: 995, details: The I/O operation has been aborted because of either a thread exit or an application request.
AssetImportWorker is now disconnected from the server
Process exiting
Exiting without the bug reporter. Application will terminate with return code 0