Using pre-set license
Built from '2022.3/staging' branch; Version is '2022.3.1f1 (f18e0c1b5784) revision 15830540'; Using compiler version '192829333'; Build Type 'Release'
OS: 'Windows 10  (10.0.19045) 64bit Professional' Language: 'en' Physical Memory: 32690 MB
BatchMode: 1, IsHumanControllingUs: 0, StartBugReporterOnCrash: 0, Is64bit: 1, IsPro: 1

COMMAND LINE ARGUMENTS:
A:\Unity\2022.3.1f1\Editor\Unity.exe
-adb2
-batchMode
-noUpm
-name
AssetImportWorker4
-projectPath
D:/Unity репозиторий/Ancient-Lands/Ancient Lands
-logFile
Logs/AssetImportWorker4.log
-srvPort
5502
Successfully changed project path to: D:/Unity репозиторий/Ancient-Lands/Ancient Lands
D:/Unity репозиторий/Ancient-Lands/Ancient Lands
[UnityMemory] Configuration Parameters - Can be set up in boot.config
    "memorysetup-bucket-allocator-granularity=16"
    "memorysetup-bucket-allocator-bucket-count=8"
    "memorysetup-bucket-allocator-block-size=33554432"
    "memorysetup-bucket-allocator-block-count=8"
    "memorysetup-main-allocator-block-size=16777216"
    "memorysetup-thread-allocator-block-size=16777216"
    "memorysetup-gfx-main-allocator-block-size=16777216"
    "memorysetup-gfx-thread-allocator-block-size=16777216"
    "memorysetup-cache-allocator-block-size=4194304"
    "memorysetup-typetree-allocator-block-size=2097152"
    "memorysetup-profiler-bucket-allocator-granularity=16"
    "memorysetup-profiler-bucket-allocator-bucket-count=8"
    "memorysetup-profiler-bucket-allocator-block-size=33554432"
    "memorysetup-profiler-bucket-allocator-block-count=8"
    "memorysetup-profiler-allocator-block-size=16777216"
    "memorysetup-profiler-editor-allocator-block-size=1048576"
    "memorysetup-temp-allocator-size-main=16777216"
    "memorysetup-job-temp-allocator-block-size=2097152"
    "memorysetup-job-temp-allocator-block-size-background=1048576"
    "memorysetup-job-temp-allocator-reduction-small-platforms=262144"
    "memorysetup-allocator-temp-initial-block-size-main=262144"
    "memorysetup-allocator-temp-initial-block-size-worker=262144"
    "memorysetup-temp-allocator-size-background-worker=32768"
    "memorysetup-temp-allocator-size-job-worker=262144"
    "memorysetup-temp-allocator-size-preload-manager=33554432"
    "memorysetup-temp-allocator-size-nav-mesh-worker=65536"
    "memorysetup-temp-allocator-size-audio-worker=65536"
    "memorysetup-temp-allocator-size-cloud-worker=32768"
    "memorysetup-temp-allocator-size-gi-baking-worker=262144"
    "memorysetup-temp-allocator-size-gfx=262144"
Player connection [1664] Host "[IP] 192.168.100.2 [Port] 0 [Flags] 2 [Guid] 2804563767 [EditorId] 2804563767 [Version] 1048832 [Id] WindowsEditor(7,DESKTOP-4VOLOPP) [Debug] 1 [PackageName] WindowsEditor [ProjectName] Editor" joined multi-casting on [225.0.0.222:54997]...

Player connection [1664] Host "[IP] 192.168.100.2 [Port] 0 [Flags] 2 [Guid] 2804563767 [EditorId] 2804563767 [Version] 1048832 [Id] WindowsEditor(7,DESKTOP-4VOLOPP) [Debug] 1 [PackageName] WindowsEditor [ProjectName] Editor" joined alternative multi-casting on [225.0.0.222:34997]...

Refreshing native plugins compatible for Editor in 7.96 ms, found 4 plugins.
Preloading 0 native plugins for Editor in 0.00 ms.
Initialize engine version: 2022.3.1f1 (f18e0c1b5784)
[Subsystems] Discovering subsystems at path A:/Unity/2022.3.1f1/Editor/Data/Resources/UnitySubsystems
[Subsystems] Discovering subsystems at path D:/Unity репозиторий/Ancient-Lands/Ancient Lands/Assets
GfxDevice: creating device client; threaded=0; jobified=0
Direct3D:
    Version:  Direct3D 11.0 [level 11.1]
    Renderer: NVIDIA GeForce RTX 3060 (ID=0x2504)
    Vendor:   NVIDIA
    VRAM:     12129 MB
    Driver:   31.0.15.3179
Initialize mono
Mono path[0] = 'A:/Unity/2022.3.1f1/Editor/Data/Managed'
Mono path[1] = 'A:/Unity/2022.3.1f1/Editor/Data/MonoBleedingEdge/lib/mono/unityjit-win32'
Mono config path = 'A:/Unity/2022.3.1f1/Editor/Data/MonoBleedingEdge/etc'
Using monoOptions --debugger-agent=transport=dt_socket,embedding=1,server=y,suspend=n,address=127.0.0.1:56124
Begin MonoManager ReloadAssembly
Registering precompiled unity dll's ...
Register platform support module: A:/Unity/2022.3.1f1/Editor/Data/PlaybackEngines/AndroidPlayer/UnityEditor.Android.Extensions.dll
Register platform support module: A:/Unity/2022.3.1f1/Editor/Data/PlaybackEngines/WindowsStandaloneSupport/UnityEditor.WindowsStandalone.Extensions.dll
Registered in 0.003775 seconds.
- Loaded All Assemblies, in  0.219 seconds
Native extension for WindowsStandalone target not found
Native extension for Android target not found
Android Extension - Scanning For ADB Devices 204 ms
Mono: successfully reloaded assembly
- Finished resetting the current domain, in  0.435 seconds
Domain Reload Profiling: 654ms
	BeginReloadAssembly (55ms)
		ExecutionOrderSort (0ms)
		DisableScriptedObjects (0ms)
		BackupInstance (0ms)
		ReleaseScriptingObjects (0ms)
		CreateAndSetChildDomain (0ms)
	RebuildCommonClasses (23ms)
	RebuildNativeTypeToScriptingClass (7ms)
	initialDomainReloadingComplete (36ms)
	LoadAllAssembliesAndSetupDomain (98ms)
		LoadAssemblies (55ms)
		RebuildTransferFunctionScriptingTraits (0ms)
		AnalyzeDomain (95ms)
			TypeCache.Refresh (95ms)
				TypeCache.ScanAssembly (87ms)
			ScanForSourceGeneratedMonoScriptInfo (0ms)
			ResolveRequiredComponents (0ms)
	FinalizeReload (435ms)
		ReleaseScriptCaches (0ms)
		RebuildScriptCaches (0ms)
		SetupLoadedEditorAssemblies (395ms)
			LogAssemblyErrors (0ms)
			InitializePlatformSupportModulesInManaged (283ms)
			SetLoadedEditorAssemblies (3ms)
			RefreshPlugins (0ms)
			BeforeProcessingInitializeOnLoad (2ms)
			ProcessInitializeOnLoadAttributes (72ms)
			ProcessInitializeOnLoadMethodAttributes (35ms)
			AfterProcessingInitializeOnLoad (0ms)
			EditorAssembliesLoaded (0ms)
		ExecutionOrderSort2 (0ms)
		AwakeInstancesAfterBackupRestoration (0ms)
========================================================================
Worker process is ready to serve import requests
Begin MonoManager ReloadAssembly
Symbol file LoadedFromMemory doesn't match image D:\Unity репозиторий\Ancient-Lands\Ancient Lands\Library\PackageCache\com.unity.visualscripting@1.8.0\Editor\VisualScripting.Core\Dependencies\YamlDotNet\Unity.VisualScripting.YamlDotNet.dll
Symbol file LoadedFromMemory doesn't match image D:\Unity репозиторий\Ancient-Lands\Ancient Lands\Library\PackageCache\com.unity.visualscripting@1.8.0\Editor\VisualScripting.Core\Dependencies\DotNetZip\Unity.VisualScripting.IonicZip.dll
- Loaded All Assemblies, in  0.567 seconds
Refreshing native plugins compatible for Editor in 3.56 ms, found 4 plugins.
Native extension for WindowsStandalone target not found
Native extension for Android target not found
Mono: successfully reloaded assembly
- Finished resetting the current domain, in  0.600 seconds
Domain Reload Profiling: 1167ms
	BeginReloadAssembly (90ms)
		ExecutionOrderSort (0ms)
		DisableScriptedObjects (5ms)
		BackupInstance (0ms)
		ReleaseScriptingObjects (0ms)
		CreateAndSetChildDomain (16ms)
	RebuildCommonClasses (23ms)
	RebuildNativeTypeToScriptingClass (7ms)
	initialDomainReloadingComplete (28ms)
	LoadAllAssembliesAndSetupDomain (419ms)
		LoadAssemblies (212ms)
		RebuildTransferFunctionScriptingTraits (0ms)
		AnalyzeDomain (252ms)
			TypeCache.Refresh (220ms)
				TypeCache.ScanAssembly (210ms)
			ScanForSourceGeneratedMonoScriptInfo (24ms)
			ResolveRequiredComponents (8ms)
	FinalizeReload (601ms)
		ReleaseScriptCaches (0ms)
		RebuildScriptCaches (0ms)
		SetupLoadedEditorAssemblies (468ms)
			LogAssemblyErrors (0ms)
			InitializePlatformSupportModulesInManaged (17ms)
			SetLoadedEditorAssemblies (4ms)
			RefreshPlugins (0ms)
			BeforeProcessingInitializeOnLoad (76ms)
			ProcessInitializeOnLoadAttributes (280ms)
			ProcessInitializeOnLoadMethodAttributes (89ms)
			AfterProcessingInitializeOnLoad (2ms)
			EditorAssembliesLoaded (0ms)
		ExecutionOrderSort2 (0ms)
		AwakeInstancesAfterBackupRestoration (4ms)
Launched and connected shader compiler UnityShaderCompiler.exe after 0.04 seconds
Refreshing native plugins compatible for Editor in 3.39 ms, found 4 plugins.
Preloading 0 native plugins for Editor in 0.00 ms.
Unloading 7008 Unused Serialized files (Serialized files now loaded: 0)
Unloading 119 unused Assets / (429.8 KB). Loaded Objects now: 7470.
Memory consumption went from 260.5 MB to 260.0 MB.
Total: 3.423700 ms (FindLiveObjects: 0.371100 ms CreateObjectMapping: 0.174800 ms MarkObjects: 2.691300 ms  DeleteObjects: 0.185500 ms)

AssetImportParameters requested are different than current active one (requested -> active):
  custom:container-demuxer-ogg: 62fdf1f143b41e24485cea50d1cbac27 -> 
  custom:framework-win-MediaFoundation: 216162199b28c13a410421893ffa2e32 -> 
  custom:container-muxer-webm: aa71ff27fc2769a1b78a27578f13a17b -> 
  custom:video-decoder-webm-vp8: 9c59270c3fd7afecdb556c50c9e8de78 -> 
  custom:AudioImporter_EditorPlatform: d09bf68614088b80899f8185d706f6e7 -> 
  custom:audio-decoder-ogg-vorbis: bf7c407c2cedff20999df2af8eb42d56 -> 
  custom:audio-encoder-webm-vorbis: bf7c407c2cedff20999df2af8eb42d56 -> 
  custom:video-decoder-ogg-theora: a1e56fd34408186e4bbccfd4996cb3dc -> 
  custom:container-demuxer-webm: 4f35f7cbe854078d1ac9338744f61a02 -> 
  custom:video-encoder-webm-vp8: eb34c28f22e8b96e1ab97ce403110664 -> 
========================================================================
Received Import Request.
  Time since last request: 17858.869833 seconds.
  path: Assets/Scenes/Castle.unity
  artifactKey: Guid(094fee2592364db8a5b15e0dfe3f452c) Importer(815301076,1909f56bfc062723c751e8b465ee728b)
Start importing Assets/Scenes/Castle.unity using Guid(094fee2592364db8a5b15e0dfe3f452c) Importer(815301076,1909f56bfc062723c751e8b465ee728b)  -> (artifact id: '7bb0b2cc641c4f9d16c7ce236bf4dd21') in 0.002383 seconds
Number of updated asset objects reloaded before import = 0
Number of asset objects unloaded after import = 0
========================================================================
Received Import Request.
  Time since last request: 1.403630 seconds.
  path: Assets/Scenes/Main.unity
  artifactKey: Guid(f0f16b494c6a4cf19735ef524bafed4f) Importer(815301076,1909f56bfc062723c751e8b465ee728b)
Start importing Assets/Scenes/Main.unity using Guid(f0f16b494c6a4cf19735ef524bafed4f) Importer(815301076,1909f56bfc062723c751e8b465ee728b)  -> (artifact id: '1fd0566c8a48db13ca68bc7b7cf89dd1') in 0.000363 seconds
Number of updated asset objects reloaded before import = 0
Number of asset objects unloaded after import = 0
========================================================================
Received Import Request.
  Time since last request: 11.943102 seconds.
  path: Assets/AssetsThirdParty/FourEvilDragonsPBR/Prefab/DragonNightmare/Albino.prefab
  artifactKey: Guid(8252519d2c6fd014bb5f75765a8c4fda) Importer(815301076,1909f56bfc062723c751e8b465ee728b)
Start importing Assets/AssetsThirdParty/FourEvilDragonsPBR/Prefab/DragonNightmare/Albino.prefab using Guid(8252519d2c6fd014bb5f75765a8c4fda) Importer(815301076,1909f56bfc062723c751e8b465ee728b)  -> (artifact id: '5f8d2b7343059f668f62420431feb00c') in 0.003560 seconds
Number of updated asset objects reloaded before import = 0
Number of asset objects unloaded after import = 152
========================================================================
Received Import Request.
  Time since last request: 2.993184 seconds.
  path: Assets/AssetsThirdParty/FourEvilDragonsPBR/Prefab/DragonTerrorBringer
  artifactKey: Guid(318ed8b844006974bafd7411323cfa4a) Importer(815301076,1909f56bfc062723c751e8b465ee728b)
Start importing Assets/AssetsThirdParty/FourEvilDragonsPBR/Prefab/DragonTerrorBringer using Guid(318ed8b844006974bafd7411323cfa4a) Importer(815301076,1909f56bfc062723c751e8b465ee728b)  -> (artifact id: '33ed30f952600a5fb54fde9e94ccb64d') in 0.000484 seconds
Number of updated asset objects reloaded before import = 0
Number of asset objects unloaded after import = 0
========================================================================
Received Import Request.
  Time since last request: 9.802736 seconds.
  path: Assets/AssetsThirdParty/FourEvilDragonsPBR/Prefab/DragonTerrorBringer/Albino.prefab
  artifactKey: Guid(8e302007cba46d94b970c6a0955b9628) Importer(815301076,1909f56bfc062723c751e8b465ee728b)
Start importing Assets/AssetsThirdParty/FourEvilDragonsPBR/Prefab/DragonTerrorBringer/Albino.prefab using Guid(8e302007cba46d94b970c6a0955b9628) Importer(815301076,1909f56bfc062723c751e8b465ee728b)  -> (artifact id: 'db7918c994c5031b86d78b0a47ac8c70') in 0.002092 seconds
Number of updated asset objects reloaded before import = 0
Number of asset objects unloaded after import = 174
========================================================================
Received Import Request.
  Time since last request: 1.789603 seconds.
  path: Assets/AssetsThirdParty/FourEvilDragonsPBR/Prefab/DragonUsurper/Albino.prefab
  artifactKey: Guid(aeb4794909bc89d43b72ad784903e0f5) Importer(815301076,1909f56bfc062723c751e8b465ee728b)
Start importing Assets/AssetsThirdParty/FourEvilDragonsPBR/Prefab/DragonUsurper/Albino.prefab using Guid(aeb4794909bc89d43b72ad784903e0f5) Importer(815301076,1909f56bfc062723c751e8b465ee728b)  -> (artifact id: '9974102e76dd16b73d9dc17762bbf67c') in 0.002282 seconds
Number of updated asset objects reloaded before import = 0
Number of asset objects unloaded after import = 246
========================================================================
Received Import Request.
  Time since last request: 15.454118 seconds.
  path: Assets/AssetsThirdParty/FourEvilDragonsPBR/Texture/DragonNightmare
  artifactKey: Guid(ca31e7e920cf2b54b8ee9bc980b80888) Importer(815301076,1909f56bfc062723c751e8b465ee728b)
Start importing Assets/AssetsThirdParty/FourEvilDragonsPBR/Texture/DragonNightmare using Guid(ca31e7e920cf2b54b8ee9bc980b80888) Importer(815301076,1909f56bfc062723c751e8b465ee728b)  -> (artifact id: 'f8e1d769c94fce4cc5d33bf3cb4d2e8b') in 0.000474 seconds
Number of updated asset objects reloaded before import = 0
Number of asset objects unloaded after import = 0
========================================================================
Received Import Request.
  Time since last request: 1.953245 seconds.
  path: Assets/AssetsThirdParty/FourEvilDragonsPBR/Texture/DragonTerrorBringer
  artifactKey: Guid(a31e3a64dd9aa104d803723e365a760b) Importer(815301076,1909f56bfc062723c751e8b465ee728b)
Start importing Assets/AssetsThirdParty/FourEvilDragonsPBR/Texture/DragonTerrorBringer using Guid(a31e3a64dd9aa104d803723e365a760b) Importer(815301076,1909f56bfc062723c751e8b465ee728b)  -> (artifact id: 'c26c073234ae71b53c53dd887c9d5b04') in 0.000376 seconds
Number of updated asset objects reloaded before import = 0
Number of asset objects unloaded after import = 0
========================================================================
Received Import Request.
  Time since last request: 0.238136 seconds.
  path: Assets/AssetsThirdParty/FourEvilDragonsPBR/Texture/DragonUsurper
  artifactKey: Guid(02aa1ef24e8e46d49b320918a2be3278) Importer(815301076,1909f56bfc062723c751e8b465ee728b)
Start importing Assets/AssetsThirdParty/FourEvilDragonsPBR/Texture/DragonUsurper using Guid(02aa1ef24e8e46d49b320918a2be3278) Importer(815301076,1909f56bfc062723c751e8b465ee728b)  -> (artifact id: 'f21e4e67d8efab3106ee8e745ace95e4') in 0.000495 seconds
Number of updated asset objects reloaded before import = 0
Number of asset objects unloaded after import = 0
========================================================================
Received Import Request.
  Time since last request: 8.036198 seconds.
  path: Assets/AssetsThirdParty/FourEvilDragonsPBR/Animations/DragonNightMare
  artifactKey: Guid(6a8b5480e0c64544a912f4218b0519bc) Importer(815301076,1909f56bfc062723c751e8b465ee728b)
Start importing Assets/AssetsThirdParty/FourEvilDragonsPBR/Animations/DragonNightMare using Guid(6a8b5480e0c64544a912f4218b0519bc) Importer(815301076,1909f56bfc062723c751e8b465ee728b)  -> (artifact id: 'bd8af929c41ccd7aa6dba4f26a876f47') in 0.000391 seconds
Number of updated asset objects reloaded before import = 0
Number of asset objects unloaded after import = 0
========================================================================
Received Import Request.
  Time since last request: 1.172265 seconds.
  path: Assets/AssetsThirdParty/FourEvilDragonsPBR/Animations/DragonTerrorBringer
  artifactKey: Guid(051d2d49ef2fb8a4ea41d718ec47235d) Importer(815301076,1909f56bfc062723c751e8b465ee728b)
Start importing Assets/AssetsThirdParty/FourEvilDragonsPBR/Animations/DragonTerrorBringer using Guid(051d2d49ef2fb8a4ea41d718ec47235d) Importer(815301076,1909f56bfc062723c751e8b465ee728b)  -> (artifact id: '01934ba5618ddfc5a7fe927ccb5d17fc') in 0.000480 seconds
Number of updated asset objects reloaded before import = 0
Number of asset objects unloaded after import = 0
========================================================================
Received Import Request.
  Time since last request: 3.924619 seconds.
  path: Assets/AssetsThirdParty/FourEvilDragonsPBR/Animators/NightmareCTRL.controller
  artifactKey: Guid(08f6634017a8e784a8807f193b72bec9) Importer(815301076,1909f56bfc062723c751e8b465ee728b)
Start importing Assets/AssetsThirdParty/FourEvilDragonsPBR/Animators/NightmareCTRL.controller using Guid(08f6634017a8e784a8807f193b72bec9) Importer(815301076,1909f56bfc062723c751e8b465ee728b)  -> (artifact id: '8ab1da443717d840b3dd727ecc9f8118') in 0.004394 seconds
Number of updated asset objects reloaded before import = 0
Number of asset objects unloaded after import = 34
========================================================================
Received Import Request.
  Time since last request: 1.461454 seconds.
  path: Assets/AssetsThirdParty/FourEvilDragonsPBR/Animators/UsurperCTRL.controller
  artifactKey: Guid(5bd61d42e42f44b4a922495212e06f3f) Importer(815301076,1909f56bfc062723c751e8b465ee728b)
Start importing Assets/AssetsThirdParty/FourEvilDragonsPBR/Animators/UsurperCTRL.controller using Guid(5bd61d42e42f44b4a922495212e06f3f) Importer(815301076,1909f56bfc062723c751e8b465ee728b)  -> (artifact id: '56707dc61c1a53bb236ffe6d8a5586ad') in 0.003368 seconds
Number of updated asset objects reloaded before import = 0
Number of asset objects unloaded after import = 38
========================================================================
Received Import Request.
  Time since last request: 1.114353 seconds.
  path: Assets/AssetsThirdParty/FourEvilDragonsPBR/Animators/TerrorbringerCTRL.controller
  artifactKey: Guid(d44a18fbb4c18cb40b8732baf53d96fd) Importer(815301076,1909f56bfc062723c751e8b465ee728b)
Start importing Assets/AssetsThirdParty/FourEvilDragonsPBR/Animators/TerrorbringerCTRL.controller using Guid(d44a18fbb4c18cb40b8732baf53d96fd) Importer(815301076,1909f56bfc062723c751e8b465ee728b)  -> (artifact id: '33c4d6b9643b884eb3b0f7fad7ac5efd') in 0.003282 seconds
Number of updated asset objects reloaded before import = 0
Number of asset objects unloaded after import = 38
========================================================================
Received Import Request.
  Time since last request: 1.951421 seconds.
  path: Assets/AssetsThirdParty/FourEvilDragonsPBR/Animators/SouleaterCTRL.controller
  artifactKey: Guid(3705d3d72efc1104fa7fa5b1ae6aa552) Importer(815301076,1909f56bfc062723c751e8b465ee728b)
Start importing Assets/AssetsThirdParty/FourEvilDragonsPBR/Animators/SouleaterCTRL.controller using Guid(3705d3d72efc1104fa7fa5b1ae6aa552) Importer(815301076,1909f56bfc062723c751e8b465ee728b)  -> (artifact id: 'c297b672250d8edacbb219d996bfda67') in 0.019205 seconds
Number of updated asset objects reloaded before import = 0
Number of asset objects unloaded after import = 53
========================================================================
Received Import Request.
  Time since last request: 6.601467 seconds.
  path: Assets/AssetsThirdParty/FourEvilDragonsPBR/Materials/DragonNightmare
  artifactKey: Guid(8951681ce11f2c740af714951bdd1ad5) Importer(815301076,1909f56bfc062723c751e8b465ee728b)
Start importing Assets/AssetsThirdParty/FourEvilDragonsPBR/Materials/DragonNightmare using Guid(8951681ce11f2c740af714951bdd1ad5) Importer(815301076,1909f56bfc062723c751e8b465ee728b)  -> (artifact id: '48cda7224492b518c52336aad29faae5') in 0.000387 seconds
Number of updated asset objects reloaded before import = 0
Number of asset objects unloaded after import = 0
========================================================================
Received Import Request.
  Time since last request: 0.462747 seconds.
  path: Assets/AssetsThirdParty/FourEvilDragonsPBR/Materials/DragonTerrorBringer
  artifactKey: Guid(4623ff13a8b77514e915c6871927fbd2) Importer(815301076,1909f56bfc062723c751e8b465ee728b)
Start importing Assets/AssetsThirdParty/FourEvilDragonsPBR/Materials/DragonTerrorBringer using Guid(4623ff13a8b77514e915c6871927fbd2) Importer(815301076,1909f56bfc062723c751e8b465ee728b)  -> (artifact id: '671f9e7cfef1035604fc966f30588a64') in 0.000506 seconds
Number of updated asset objects reloaded before import = 0
Number of asset objects unloaded after import = 0
========================================================================
Received Import Request.
  Time since last request: 0.267227 seconds.
  path: Assets/AssetsThirdParty/FourEvilDragonsPBR/Materials/DragonUsurper
  artifactKey: Guid(266c8b22508d1b84397cfd1f98dad5da) Importer(815301076,1909f56bfc062723c751e8b465ee728b)
Start importing Assets/AssetsThirdParty/FourEvilDragonsPBR/Materials/DragonUsurper using Guid(266c8b22508d1b84397cfd1f98dad5da) Importer(815301076,1909f56bfc062723c751e8b465ee728b)  -> (artifact id: '64f568e32509ac553b30298ce94327f6') in 0.000408 seconds
Number of updated asset objects reloaded before import = 0
Number of asset objects unloaded after import = 0
========================================================================
Received Import Request.
  Time since last request: 2.769340 seconds.
  path: Assets/AssetsThirdParty/FourEvilDragonsPBR/Mesh/DragonSoulEaterMesh.fbx
  artifactKey: Guid(063e65bf9ea59ea44bb459f4b7490fd3) Importer(815301076,1909f56bfc062723c751e8b465ee728b)
Start importing Assets/AssetsThirdParty/FourEvilDragonsPBR/Mesh/DragonSoulEaterMesh.fbx using Guid(063e65bf9ea59ea44bb459f4b7490fd3) Importer(815301076,1909f56bfc062723c751e8b465ee728b)  -> (artifact id: '0151cc05a4e31f3e56caf9ebcded2d9f') in 0.002079 seconds
Number of updated asset objects reloaded before import = 0
Number of asset objects unloaded after import = 131
========================================================================
Received Import Request.
  Time since last request: 0.000009 seconds.
  path: Assets/AssetsThirdParty/FourEvilDragonsPBR/Mesh/Stage.fbx
  artifactKey: Guid(2897399b8106c274f9e41904f19945b0) Importer(815301076,1909f56bfc062723c751e8b465ee728b)
Start importing Assets/AssetsThirdParty/FourEvilDragonsPBR/Mesh/Stage.fbx using Guid(2897399b8106c274f9e41904f19945b0) Importer(815301076,1909f56bfc062723c751e8b465ee728b)  -> (artifact id: '37ebc9c926fe5c8aff9af409f9374f48') in 0.001112 seconds
Number of updated asset objects reloaded before import = 0
Number of asset objects unloaded after import = 6
========================================================================
Received Import Request.
  Time since last request: 37.669452 seconds.
  path: Assets/Resources/Enemies/BaseEnemy.prefab
  artifactKey: Guid(274c4c35ed05ea14c87492064b3cadfd) Importer(815301076,1909f56bfc062723c751e8b465ee728b)
Start importing Assets/Resources/Enemies/BaseEnemy.prefab using Guid(274c4c35ed05ea14c87492064b3cadfd) Importer(815301076,1909f56bfc062723c751e8b465ee728b)  -> (artifact id: '22f27c87129614a83bc61fd2798e6df2') in 0.007892 seconds
Number of updated asset objects reloaded before import = 0
Number of asset objects unloaded after import = 70
========================================================================
Received Import Request.
  Time since last request: 1.830333 seconds.
  path: Assets/Resources/Enemies/Minotaur
  artifactKey: Guid(549cebbce23116049a287e1c704adb8b) Importer(815301076,1909f56bfc062723c751e8b465ee728b)
Start importing Assets/Resources/Enemies/Minotaur using Guid(549cebbce23116049a287e1c704adb8b) Importer(815301076,1909f56bfc062723c751e8b465ee728b)  -> (artifact id: '1fd549c50574e6b04c5b5be3ebf22f44') in 0.000394 seconds
Number of updated asset objects reloaded before import = 0
Number of asset objects unloaded after import = 0
========================================================================
Received Import Request.
  Time since last request: 0.032584 seconds.
  path: Assets/Resources/Enemies/Minotaur/Minotaur Variant.prefab
  artifactKey: Guid(35f7bebbb137e0340959ad74ca432b5f) Importer(815301076,1909f56bfc062723c751e8b465ee728b)
Start importing Assets/Resources/Enemies/Minotaur/Minotaur Variant.prefab using Guid(35f7bebbb137e0340959ad74ca432b5f) Importer(815301076,1909f56bfc062723c751e8b465ee728b)  -> (artifact id: '4fd0a329e3e592d67d4ac2e0a21f39b1') in 0.006492 seconds
Number of updated asset objects reloaded before import = 0
Number of asset objects unloaded after import = 268
========================================================================
Received Import Request.
  Time since last request: 0.990260 seconds.
  path: Assets/Resources/Hero/Camera.prefab
  artifactKey: Guid(fe691d08050018a4b9669e93dfc6295a) Importer(815301076,1909f56bfc062723c751e8b465ee728b)
Start importing Assets/Resources/Hero/Camera.prefab using Guid(fe691d08050018a4b9669e93dfc6295a) Importer(815301076,1909f56bfc062723c751e8b465ee728b)  -> (artifact id: '7698a6ca048843b7592d4b4b2f0d2c40') in 0.005504 seconds
Number of updated asset objects reloaded before import = 0
Number of asset objects unloaded after import = 33
========================================================================
Received Import Request.
  Time since last request: 2.268487 seconds.
  path: Assets/Resources/Enemies
  artifactKey: Guid(928644f0c5fb12848b5635ca355134e3) Importer(815301076,1909f56bfc062723c751e8b465ee728b)
Start importing Assets/Resources/Enemies using Guid(928644f0c5fb12848b5635ca355134e3) Importer(815301076,1909f56bfc062723c751e8b465ee728b)  -> (artifact id: 'e29a57bed975cb15cbeb6470924fa55c') in 0.000321 seconds
Number of updated asset objects reloaded before import = 0
Number of asset objects unloaded after import = 0
========================================================================
Received Import Request.
  Time since last request: 7.806593 seconds.
  path: Assets/Resources/blank.png
  artifactKey: Guid(5d264758051b88d4d9ff7b172274a0c6) Importer(815301076,1909f56bfc062723c751e8b465ee728b)
Start importing Assets/Resources/blank.png using Guid(5d264758051b88d4d9ff7b172274a0c6) Importer(815301076,1909f56bfc062723c751e8b465ee728b)  -> (artifact id: 'a754eb9a48747a3fa47ec73ea099848b') in 0.001217 seconds
Number of updated asset objects reloaded before import = 0
Number of asset objects unloaded after import = 2
========================================================================
Received Import Request.
  Time since last request: 4.930017 seconds.
  path: Assets/Resources/Enemies/Dragon
  artifactKey: Guid(5f4f5c23d8082584399f5a3ded9457a6) Importer(815301076,1909f56bfc062723c751e8b465ee728b)
Start importing Assets/Resources/Enemies/Dragon using Guid(5f4f5c23d8082584399f5a3ded9457a6) Importer(815301076,1909f56bfc062723c751e8b465ee728b)  -> (artifact id: '2390afcd047fa70cf810553af2608589') in 0.000358 seconds
Number of updated asset objects reloaded before import = 0
Number of asset objects unloaded after import = 0
========================================================================
Received Import Request.
  Time since last request: 4.198089 seconds.
  path: Assets/Resources/Enemies/Dragon/Animators
  artifactKey: Guid(5ad071ae1343c5b4ca58aad5c0ea1099) Importer(815301076,1909f56bfc062723c751e8b465ee728b)
Start importing Assets/Resources/Enemies/Dragon/Animators using Guid(5ad071ae1343c5b4ca58aad5c0ea1099) Importer(815301076,1909f56bfc062723c751e8b465ee728b)  -> (artifact id: '353d44c071771f4782afa901e8f32e58') in 0.000413 seconds
Number of updated asset objects reloaded before import = 0
Number of asset objects unloaded after import = 0
========================================================================
Received Import Request.
  Time since last request: 7.796173 seconds.
  path: Assets/Resources/Enemies/Dragon/Animators/New Animator Override Controller.overrideController
  artifactKey: Guid(aa9e4ee9e8a8c694aa9ebc209d8f4901) Importer(815301076,1909f56bfc062723c751e8b465ee728b)
Start importing Assets/Resources/Enemies/Dragon/Animators/New Animator Override Controller.overrideController using Guid(aa9e4ee9e8a8c694aa9ebc209d8f4901) Importer(815301076,1909f56bfc062723c751e8b465ee728b)  -> (artifact id: 'bacb7e8455fd1f17bffab67a76d4c440') in 0.001007 seconds
Number of updated asset objects reloaded before import = 0
Number of asset objects unloaded after import = 1
========================================================================
Received Import Request.
  Time since last request: 9.196664 seconds.
  path: Assets/Resources/Enemies/Dragon/Animations/DragonSoulEater
  artifactKey: Guid(b808734d0de92764da94ef754997ba91) Importer(815301076,1909f56bfc062723c751e8b465ee728b)
Start importing Assets/Resources/Enemies/Dragon/Animations/DragonSoulEater using Guid(b808734d0de92764da94ef754997ba91) Importer(815301076,1909f56bfc062723c751e8b465ee728b)  -> (artifact id: 'c1e63cc84c8ba3214dd460402e784afe') in 0.000376 seconds
Number of updated asset objects reloaded before import = 0
Number of asset objects unloaded after import = 0
========================================================================
Received Import Request.
  Time since last request: 0.037348 seconds.
  path: Assets/Resources/Enemies/Dragon/Animations/DragonSoulEater/Basic Attack.fbx
  artifactKey: Guid(5d9efb65c776b714fb5123711f07de0c) Importer(815301076,1909f56bfc062723c751e8b465ee728b)
Start importing Assets/Resources/Enemies/Dragon/Animations/DragonSoulEater/Basic Attack.fbx using Guid(5d9efb65c776b714fb5123711f07de0c) Importer(815301076,1909f56bfc062723c751e8b465ee728b)  -> (artifact id: '5061169b1bde6721697899e2a78abf42') in 0.003533 seconds
Number of updated asset objects reloaded before import = 0
Number of asset objects unloaded after import = 132
========================================================================
Received Import Request.
  Time since last request: 0.000458 seconds.
  path: Assets/Resources/Enemies/Dragon/Animations/DragonSoulEater/Fly Forward.fbx
  artifactKey: Guid(5fa09084d33ac9046a4a22372e78213e) Importer(815301076,1909f56bfc062723c751e8b465ee728b)
Start importing Assets/Resources/Enemies/Dragon/Animations/DragonSoulEater/Fly Forward.fbx using Guid(5fa09084d33ac9046a4a22372e78213e) Importer(815301076,1909f56bfc062723c751e8b465ee728b)  -> (artifact id: 'f1443a3d6176c9a717eb793f54889a1f') in 0.002638 seconds
Number of updated asset objects reloaded before import = 0
Number of asset objects unloaded after import = 132
========================================================================
Received Import Request.
  Time since last request: 0.000012 seconds.
  path: Assets/Resources/Enemies/Dragon/Animations/DragonSoulEater/Idle.fbx
  artifactKey: Guid(53822ae0b4a40a24b97e0cf0388e4248) Importer(815301076,1909f56bfc062723c751e8b465ee728b)
Start importing Assets/Resources/Enemies/Dragon/Animations/DragonSoulEater/Idle.fbx using Guid(53822ae0b4a40a24b97e0cf0388e4248) Importer(815301076,1909f56bfc062723c751e8b465ee728b)  -> (artifact id: '5893e33c3384dbea6a98e18b0b4e570b') in 0.002926 seconds
Number of updated asset objects reloaded before import = 0
Number of asset objects unloaded after import = 132
========================================================================
Received Import Request.
  Time since last request: 0.000010 seconds.
  path: Assets/Resources/Enemies/Dragon/Animations/DragonSoulEater/Scream.fbx
  artifactKey: Guid(8b0b248c4105fd841aad612f61769ae9) Importer(815301076,1909f56bfc062723c751e8b465ee728b)
Start importing Assets/Resources/Enemies/Dragon/Animations/DragonSoulEater/Scream.fbx using Guid(8b0b248c4105fd841aad612f61769ae9) Importer(815301076,1909f56bfc062723c751e8b465ee728b)  -> (artifact id: '36a0f30720c59de3723c2fd99bcb5234') in 0.002625 seconds
Number of updated asset objects reloaded before import = 0
Number of asset objects unloaded after import = 132
========================================================================
Received Import Request.
  Time since last request: 0.000013 seconds.
  path: Assets/Resources/Enemies/Dragon/Animations/DragonSoulEater/Land.fbx
  artifactKey: Guid(9b846aa063f67a34b80cef9a15befe38) Importer(815301076,1909f56bfc062723c751e8b465ee728b)
Start importing Assets/Resources/Enemies/Dragon/Animations/DragonSoulEater/Land.fbx using Guid(9b846aa063f67a34b80cef9a15befe38) Importer(815301076,1909f56bfc062723c751e8b465ee728b)  -> (artifact id: '0e4f76c005ae232655aae4fd514ab83c') in 0.002919 seconds
Number of updated asset objects reloaded before import = 0
Number of asset objects unloaded after import = 132
========================================================================
Received Import Request.
  Time since last request: 0.000010 seconds.
  path: Assets/Resources/Enemies/Dragon/Animations/DragonSoulEater/Take Off.fbx
  artifactKey: Guid(24717e004c7ffb84a901d2dfdcc426bf) Importer(815301076,1909f56bfc062723c751e8b465ee728b)
Start importing Assets/Resources/Enemies/Dragon/Animations/DragonSoulEater/Take Off.fbx using Guid(24717e004c7ffb84a901d2dfdcc426bf) Importer(815301076,1909f56bfc062723c751e8b465ee728b)  -> (artifact id: '616c705307a91106c0bfbec13c284472') in 0.002416 seconds
Number of updated asset objects reloaded before import = 0
Number of asset objects unloaded after import = 132
========================================================================
Received Import Request.
  Time since last request: 36.612149 seconds.
  path: Assets/Resources/Enemies/Dragon/Animators/Dragon_AC.overrideController
  artifactKey: Guid(aa9e4ee9e8a8c694aa9ebc209d8f4901) Importer(815301076,1909f56bfc062723c751e8b465ee728b)
Start importing Assets/Resources/Enemies/Dragon/Animators/Dragon_AC.overrideController using Guid(aa9e4ee9e8a8c694aa9ebc209d8f4901) Importer(815301076,1909f56bfc062723c751e8b465ee728b)  -> (artifact id: '2a30d64831f950590f29d5ae11288685') in 0.003670 seconds
Number of updated asset objects reloaded before import = 0
Number of asset objects unloaded after import = 30
========================================================================
Received Import Request.
  Time since last request: 130.949248 seconds.
  path: Assets/Resources/Enemies/Dragon/Materials/Stage.mat
  artifactKey: Guid(34466cf7960487a4380913c62e795ebd) Importer(815301076,1909f56bfc062723c751e8b465ee728b)
Start importing Assets/Resources/Enemies/Dragon/Materials/Stage.mat using Guid(34466cf7960487a4380913c62e795ebd) Importer(815301076,1909f56bfc062723c751e8b465ee728b)  -> (artifact id: 'de3318fe8060896b1e14fc736cf48c13') in 0.000803 seconds
Number of updated asset objects reloaded before import = 0
Number of asset objects unloaded after import = 1
========================================================================
Received Import Request.
  Time since last request: 1.006539 seconds.
  path: Assets/Resources/Hud/AttackButton.png
  artifactKey: Guid(c5be2deb2daa286479a7ee277a650862) Importer(815301076,1909f56bfc062723c751e8b465ee728b)
Start importing Assets/Resources/Hud/AttackButton.png using Guid(c5be2deb2daa286479a7ee277a650862) Importer(815301076,1909f56bfc062723c751e8b465ee728b)  -> (artifact id: '40341854bbd3624d13d513e65806fc30') in 0.001148 seconds
Number of updated asset objects reloaded before import = 0
Number of asset objects unloaded after import = 2
========================================================================
Received Import Request.
  Time since last request: 0.001247 seconds.
  path: Assets/Resources/Hud/CurtainBackground.png
  artifactKey: Guid(438c8d3ebb1ca714b9a6dd4cb418d554) Importer(815301076,1909f56bfc062723c751e8b465ee728b)
Start importing Assets/Resources/Hud/CurtainBackground.png using Guid(438c8d3ebb1ca714b9a6dd4cb418d554) Importer(815301076,1909f56bfc062723c751e8b465ee728b)  -> (artifact id: '4c3a70a0d89a4c5c6aa9a2b6431a4068') in 0.007463 seconds
Number of updated asset objects reloaded before import = 0
Number of asset objects unloaded after import = 2
========================================================================
Received Import Request.
  Time since last request: 0.000011 seconds.
  path: Assets/Resources/Hud/Loot.prefab
  artifactKey: Guid(b2a8e2886f7496c43860a466f43706dd) Importer(815301076,1909f56bfc062723c751e8b465ee728b)
Start importing Assets/Resources/Hud/Loot.prefab using Guid(b2a8e2886f7496c43860a466f43706dd) Importer(815301076,1909f56bfc062723c751e8b465ee728b)  -> (artifact id: 'b0b8d828d4d2d27bb4953ca7eaebd2fb') in 0.030280 seconds
Number of updated asset objects reloaded before import = 0
Number of asset objects unloaded after import = 18
========================================================================
Received Import Request.
  Time since last request: 0.000013 seconds.
  path: Assets/Resources/Hud/HpBar_Current.png
  artifactKey: Guid(a6e19d8923c00c14e984b1d24e60433f) Importer(815301076,1909f56bfc062723c751e8b465ee728b)
Start importing Assets/Resources/Hud/HpBar_Current.png using Guid(a6e19d8923c00c14e984b1d24e60433f) Importer(815301076,1909f56bfc062723c751e8b465ee728b)  -> (artifact id: 'bc1542f8cf9b45595c9c5aa87a2b3e6e') in 0.001252 seconds
Number of updated asset objects reloaded before import = 0
Number of asset objects unloaded after import = 2
========================================================================
Received Import Request.
  Time since last request: 0.000016 seconds.
  path: Assets/Resources/Hud/Curtain.prefab
  artifactKey: Guid(9999f750a9cb62f4e95f2b25c7f6aec2) Importer(815301076,1909f56bfc062723c751e8b465ee728b)
Start importing Assets/Resources/Hud/Curtain.prefab using Guid(9999f750a9cb62f4e95f2b25c7f6aec2) Importer(815301076,1909f56bfc062723c751e8b465ee728b)  -> (artifact id: '58e77969e75590e196743ba8dfeddd4a') in 0.002968 seconds
Number of updated asset objects reloaded before import = 0
Number of asset objects unloaded after import = 20
========================================================================
Received Import Request.
  Time since last request: 14.155639 seconds.
  path: Assets/Resources/Infrastructure/GameBootstrapper.prefab
  artifactKey: Guid(1796456e341f028459142a37ba4161cf) Importer(815301076,1909f56bfc062723c751e8b465ee728b)
Start importing Assets/Resources/Infrastructure/GameBootstrapper.prefab using Guid(1796456e341f028459142a37ba4161cf) Importer(815301076,1909f56bfc062723c751e8b465ee728b)  -> (artifact id: 'd0871b61b0409171635b4a9dec5a9b66') in 0.002739 seconds
Number of updated asset objects reloaded before import = 0
Number of asset objects unloaded after import = 24
========================================================================
Received Import Request.
  Time since last request: 2.899186 seconds.
  path: Assets/Resources/Loot/CFX3_MagicAura_D_Runic.prefab
  artifactKey: Guid(a6b4a253bfccff148bc0d0b645f6906f) Importer(815301076,1909f56bfc062723c751e8b465ee728b)
Start importing Assets/Resources/Loot/CFX3_MagicAura_D_Runic.prefab using Guid(a6b4a253bfccff148bc0d0b645f6906f) Importer(815301076,1909f56bfc062723c751e8b465ee728b)  -> (artifact id: '27eb83e697b02771487edbaa5ef094bb') in 0.001621 seconds
Number of updated asset objects reloaded before import = 0
Number of asset objects unloaded after import = 22
========================================================================
Received Import Request.
  Time since last request: 4.383376 seconds.
  path: Assets/Resources/Static Data/Monsters
  artifactKey: Guid(ee78f3d6e8f999c49b2aba915da9a166) Importer(815301076,1909f56bfc062723c751e8b465ee728b)
Start importing Assets/Resources/Static Data/Monsters using Guid(ee78f3d6e8f999c49b2aba915da9a166) Importer(815301076,1909f56bfc062723c751e8b465ee728b)  -> (artifact id: '560f9646f345d0ff218203e9b622cae8') in 0.000342 seconds
Number of updated asset objects reloaded before import = 0
Number of asset objects unloaded after import = 0
========================================================================
Received Import Request.
  Time since last request: 0.095002 seconds.
  path: Assets/Resources/Static Data/Monsters/Minotaur.asset
  artifactKey: Guid(f57a71c699d9caf4fa0c72f566e5e89e) Importer(815301076,1909f56bfc062723c751e8b465ee728b)
Start importing Assets/Resources/Static Data/Monsters/Minotaur.asset using Guid(f57a71c699d9caf4fa0c72f566e5e89e) Importer(815301076,1909f56bfc062723c751e8b465ee728b)  -> (artifact id: 'd0440d08666c10e9dbde6c39f19cbcc8') in 0.005381 seconds
Number of updated asset objects reloaded before import = 0
Number of asset objects unloaded after import = 269
========================================================================
Received Import Request.
  Time since last request: 8.854031 seconds.
  path: Assets/CodeBase/StaticData
  artifactKey: Guid(b0c736c0ee804580b921f758611e4ce0) Importer(815301076,1909f56bfc062723c751e8b465ee728b)
Start importing Assets/CodeBase/StaticData using Guid(b0c736c0ee804580b921f758611e4ce0) Importer(815301076,1909f56bfc062723c751e8b465ee728b)  -> (artifact id: '0c88e4db72370776881df3d0a8056613') in 0.000531 seconds
Number of updated asset objects reloaded before import = 0
Number of asset objects unloaded after import = 0
========================================================================
Received Import Request.
  Time since last request: 2.958794 seconds.
  path: Assets/CodeBase/StaticData/MonsterTypeID.cs
  artifactKey: Guid(57a4074127464ea48a1e1d70eb02e846) Importer(815301076,1909f56bfc062723c751e8b465ee728b)
Start importing Assets/CodeBase/StaticData/MonsterTypeID.cs using Guid(57a4074127464ea48a1e1d70eb02e846) Importer(815301076,1909f56bfc062723c751e8b465ee728b)  -> (artifact id: '80dae879ba958696af1b0ec901b65983') in 0.000365 seconds
Number of updated asset objects reloaded before import = 0
Number of asset objects unloaded after import = 0
========================================================================
Received Prepare
Begin MonoManager ReloadAssembly
Symbol file LoadedFromMemory doesn't match image D:\Unity репозиторий\Ancient-Lands\Ancient Lands\Library\PackageCache\com.unity.visualscripting@1.8.0\Editor\VisualScripting.Core\Dependencies\YamlDotNet\Unity.VisualScripting.YamlDotNet.dll
Symbol file LoadedFromMemory doesn't match image D:\Unity репозиторий\Ancient-Lands\Ancient Lands\Library\PackageCache\com.unity.visualscripting@1.8.0\Editor\VisualScripting.Core\Dependencies\DotNetZip\Unity.VisualScripting.IonicZip.dll
- Loaded All Assemblies, in  0.570 seconds
Refreshing native plugins compatible for Editor in 3.67 ms, found 4 plugins.
Native extension for WindowsStandalone target not found
Native extension for Android target not found
Mono: successfully reloaded assembly
- Finished resetting the current domain, in  0.880 seconds
Domain Reload Profiling: 1449ms
	BeginReloadAssembly (123ms)
		ExecutionOrderSort (0ms)
		DisableScriptedObjects (10ms)
		BackupInstance (0ms)
		ReleaseScriptingObjects (0ms)
		CreateAndSetChildDomain (38ms)
	RebuildCommonClasses (22ms)
	RebuildNativeTypeToScriptingClass (8ms)
	initialDomainReloadingComplete (19ms)
	LoadAllAssembliesAndSetupDomain (397ms)
		LoadAssemblies (219ms)
		RebuildTransferFunctionScriptingTraits (0ms)
		AnalyzeDomain (222ms)
			TypeCache.Refresh (208ms)
				TypeCache.ScanAssembly (199ms)
			ScanForSourceGeneratedMonoScriptInfo (5ms)
			ResolveRequiredComponents (8ms)
	FinalizeReload (880ms)
		ReleaseScriptCaches (0ms)
		RebuildScriptCaches (0ms)
		SetupLoadedEditorAssemblies (408ms)
			LogAssemblyErrors (0ms)
			InitializePlatformSupportModulesInManaged (15ms)
			SetLoadedEditorAssemblies (4ms)
			RefreshPlugins (0ms)
			BeforeProcessingInitializeOnLoad (76ms)
			ProcessInitializeOnLoadAttributes (246ms)
			ProcessInitializeOnLoadMethodAttributes (64ms)
			AfterProcessingInitializeOnLoad (2ms)
			EditorAssembliesLoaded (0ms)
		ExecutionOrderSort2 (0ms)
		AwakeInstancesAfterBackupRestoration (13ms)
Refreshing native plugins compatible for Editor in 4.08 ms, found 4 plugins.
Preloading 0 native plugins for Editor in 0.00 ms.
Unloading 6830 Unused Serialized files (Serialized files now loaded: 0)
Unloading 64 unused Assets / (399.1 KB). Loaded Objects now: 7489.
Memory consumption went from 228.3 MB to 227.9 MB.
Total: 3.681000 ms (FindLiveObjects: 0.408800 ms CreateObjectMapping: 0.357100 ms MarkObjects: 2.801700 ms  DeleteObjects: 0.112800 ms)

Prepare: number of updated asset objects reloaded= 0
AssetImportParameters requested are different than current active one (requested -> active):
  custom:container-demuxer-ogg: 62fdf1f143b41e24485cea50d1cbac27 -> 
  custom:framework-win-MediaFoundation: 216162199b28c13a410421893ffa2e32 -> 
  custom:container-muxer-webm: aa71ff27fc2769a1b78a27578f13a17b -> 
  custom:video-decoder-webm-vp8: 9c59270c3fd7afecdb556c50c9e8de78 -> 
  custom:AudioImporter_EditorPlatform: d09bf68614088b80899f8185d706f6e7 -> 
  custom:audio-decoder-ogg-vorbis: bf7c407c2cedff20999df2af8eb42d56 -> 
  custom:audio-encoder-webm-vorbis: bf7c407c2cedff20999df2af8eb42d56 -> 
  custom:video-decoder-ogg-theora: a1e56fd34408186e4bbccfd4996cb3dc -> 
  custom:container-demuxer-webm: 4f35f7cbe854078d1ac9338744f61a02 -> 
  custom:video-encoder-webm-vp8: eb34c28f22e8b96e1ab97ce403110664 -> 
========================================================================
Received Import Request.
  Time since last request: 62.908852 seconds.
  path: Assets/CodeBase/StaticData/MonsterTypeID.cs
  artifactKey: Guid(57a4074127464ea48a1e1d70eb02e846) Importer(815301076,1909f56bfc062723c751e8b465ee728b)
Start importing Assets/CodeBase/StaticData/MonsterTypeID.cs using Guid(57a4074127464ea48a1e1d70eb02e846) Importer(815301076,1909f56bfc062723c751e8b465ee728b)  -> (artifact id: 'a54bc2696ca6381c40e4a23a1fd524f4') in 0.006599 seconds
Number of updated asset objects reloaded before import = 0
Number of asset objects unloaded after import = 0
========================================================================
Received Import Request.
  Time since last request: 0.000026 seconds.
  path: Assets/Resources/Settings/TouchInputSettings.asset
  artifactKey: Guid(8a01332c27abd2049a16e69bccd9de89) Importer(815301076,1909f56bfc062723c751e8b465ee728b)
Start importing Assets/Resources/Settings/TouchInputSettings.asset using Guid(8a01332c27abd2049a16e69bccd9de89) Importer(815301076,1909f56bfc062723c751e8b465ee728b)  -> (artifact id: 'dcc64e2a3834b5d2e077c1e84c1e34d1') in 0.001277 seconds
Number of updated asset objects reloaded before import = 0
Number of asset objects unloaded after import = 1
========================================================================
Received Prepare
Begin MonoManager ReloadAssembly
Symbol file LoadedFromMemory doesn't match image D:\Unity репозиторий\Ancient-Lands\Ancient Lands\Library\PackageCache\com.unity.visualscripting@1.8.0\Editor\VisualScripting.Core\Dependencies\YamlDotNet\Unity.VisualScripting.YamlDotNet.dll
Symbol file LoadedFromMemory doesn't match image D:\Unity репозиторий\Ancient-Lands\Ancient Lands\Library\PackageCache\com.unity.visualscripting@1.8.0\Editor\VisualScripting.Core\Dependencies\DotNetZip\Unity.VisualScripting.IonicZip.dll
- Loaded All Assemblies, in  0.537 seconds
Refreshing native plugins compatible for Editor in 3.89 ms, found 4 plugins.
Native extension for WindowsStandalone target not found
Native extension for Android target not found
Mono: successfully reloaded assembly
- Finished resetting the current domain, in  0.829 seconds
Domain Reload Profiling: 1366ms
	BeginReloadAssembly (121ms)
		ExecutionOrderSort (0ms)
		DisableScriptedObjects (9ms)
		BackupInstance (0ms)
		ReleaseScriptingObjects (0ms)
		CreateAndSetChildDomain (39ms)
	RebuildCommonClasses (26ms)
	RebuildNativeTypeToScriptingClass (8ms)
	initialDomainReloadingComplete (20ms)
	LoadAllAssembliesAndSetupDomain (361ms)
		LoadAssemblies (196ms)
		RebuildTransferFunctionScriptingTraits (0ms)
		AnalyzeDomain (207ms)
			TypeCache.Refresh (194ms)
				TypeCache.ScanAssembly (185ms)
			ScanForSourceGeneratedMonoScriptInfo (5ms)
			ResolveRequiredComponents (8ms)
	FinalizeReload (829ms)
		ReleaseScriptCaches (0ms)
		RebuildScriptCaches (0ms)
		SetupLoadedEditorAssemblies (379ms)
			LogAssemblyErrors (0ms)
			InitializePlatformSupportModulesInManaged (15ms)
			SetLoadedEditorAssemblies (4ms)
			RefreshPlugins (0ms)
			BeforeProcessingInitializeOnLoad (71ms)
			ProcessInitializeOnLoadAttributes (231ms)
			ProcessInitializeOnLoadMethodAttributes (56ms)
			AfterProcessingInitializeOnLoad (2ms)
			EditorAssembliesLoaded (0ms)
		ExecutionOrderSort2 (0ms)
		AwakeInstancesAfterBackupRestoration (11ms)
Refreshing native plugins compatible for Editor in 3.60 ms, found 4 plugins.
Preloading 0 native plugins for Editor in 0.00 ms.
Unloading 6221 Unused Serialized files (Serialized files now loaded: 0)
Unloading 415 unused Assets / (0.6 MB). Loaded Objects now: 7155.
Memory consumption went from 218.5 MB to 217.9 MB.
Total: 4.236900 ms (FindLiveObjects: 0.360300 ms CreateObjectMapping: 0.355600 ms MarkObjects: 3.119700 ms  DeleteObjects: 0.400600 ms)

Prepare: number of updated asset objects reloaded= 0
AssetImportParameters requested are different than current active one (requested -> active):
  custom:container-demuxer-ogg: 62fdf1f143b41e24485cea50d1cbac27 -> 
  custom:framework-win-MediaFoundation: 216162199b28c13a410421893ffa2e32 -> 
  custom:container-muxer-webm: aa71ff27fc2769a1b78a27578f13a17b -> 
  custom:video-decoder-webm-vp8: 9c59270c3fd7afecdb556c50c9e8de78 -> 
  custom:AudioImporter_EditorPlatform: d09bf68614088b80899f8185d706f6e7 -> 
  custom:audio-decoder-ogg-vorbis: bf7c407c2cedff20999df2af8eb42d56 -> 
  custom:audio-encoder-webm-vorbis: bf7c407c2cedff20999df2af8eb42d56 -> 
  custom:video-decoder-ogg-theora: a1e56fd34408186e4bbccfd4996cb3dc -> 
  custom:container-demuxer-webm: 4f35f7cbe854078d1ac9338744f61a02 -> 
  custom:video-encoder-webm-vp8: eb34c28f22e8b96e1ab97ce403110664 -> 
========================================================================
Received Import Request.
  Time since last request: 48.155212 seconds.
  path: Assets/Resources/Static Data/Monsters/Dragon.asset
  artifactKey: Guid(beb4850200cb82841afa8c925983c1dd) Importer(815301076,1909f56bfc062723c751e8b465ee728b)
Start importing Assets/Resources/Static Data/Monsters/Dragon.asset using Guid(beb4850200cb82841afa8c925983c1dd) Importer(815301076,1909f56bfc062723c751e8b465ee728b)  -> (artifact id: 'd9b139f3e35fe8f2268da4a324d2c697') in 0.008829 seconds
Number of updated asset objects reloaded before import = 0
Number of asset objects unloaded after import = 1
========================================================================
Received Import Request.
  Time since last request: 59.148066 seconds.
  path: Assets/Resources/Enemies/Dragon/Prefab/DragonSoulEater/Red.prefab
  artifactKey: Guid(70f277dcf2cdfdd4db7ee0ca76e07767) Importer(815301076,1909f56bfc062723c751e8b465ee728b)
Start importing Assets/Resources/Enemies/Dragon/Prefab/DragonSoulEater/Red.prefab using Guid(70f277dcf2cdfdd4db7ee0ca76e07767) Importer(815301076,1909f56bfc062723c751e8b465ee728b)  -> (artifact id: 'c7253389526a86fd240a651af470b4be') in 0.001908 seconds
Number of updated asset objects reloaded before import = 0
Number of asset objects unloaded after import = 130
========================================================================
Received Import Request.
  Time since last request: 80.101847 seconds.
  path: Assets/Resources/Static Data/Levels/CastleInside.asset
  artifactKey: Guid(5016445a0da39e1499eb67070f610304) Importer(815301076,1909f56bfc062723c751e8b465ee728b)
Start importing Assets/Resources/Static Data/Levels/CastleInside.asset using Guid(5016445a0da39e1499eb67070f610304) Importer(815301076,1909f56bfc062723c751e8b465ee728b)  -> (artifact id: '8f529b8c648e2be198c1ef3f0804bcc1') in 0.001313 seconds
Number of updated asset objects reloaded before import = 0
Number of asset objects unloaded after import = 1
========================================================================
Received Import Request.
  Time since last request: 8.543418 seconds.
  path: Assets/SceneAssets/GameRunner.prefab
  artifactKey: Guid(e62d057061b43e1418a9a916d8cad24e) Importer(815301076,1909f56bfc062723c751e8b465ee728b)
Start importing Assets/SceneAssets/GameRunner.prefab using Guid(e62d057061b43e1418a9a916d8cad24e) Importer(815301076,1909f56bfc062723c751e8b465ee728b)  -> (artifact id: 'c02a630652eaa725ed63c35b9e585252') in 0.000801 seconds
Number of updated asset objects reloaded before import = 0
Number of asset objects unloaded after import = 4
========================================================================
Received Import Request.
  Time since last request: 0.000009 seconds.
  path: Assets/SceneAssets/SaveTrigger.prefab
  artifactKey: Guid(0bd086fcdc3404471afd723476b4e845) Importer(815301076,1909f56bfc062723c751e8b465ee728b)
Start importing Assets/SceneAssets/SaveTrigger.prefab using Guid(0bd086fcdc3404471afd723476b4e845) Importer(815301076,1909f56bfc062723c751e8b465ee728b)  -> (artifact id: '8db28ae58ab768902286d3551a7a39a5') in 0.001033 seconds
Number of updated asset objects reloaded before import = 0
Number of asset objects unloaded after import = 5
========================================================================
Received Import Request.
  Time since last request: 76.065966 seconds.
  path: Assets/Resources/Static Data/Monsters/Dragon.asset
  artifactKey: Guid(beb4850200cb82841afa8c925983c1dd) Importer(815301076,1909f56bfc062723c751e8b465ee728b)
Start importing Assets/Resources/Static Data/Monsters/Dragon.asset using Guid(beb4850200cb82841afa8c925983c1dd) Importer(815301076,1909f56bfc062723c751e8b465ee728b)  -> (artifact id: '6cb63ead2621aa02a3eb2cff56313191') in 0.001817 seconds
Number of updated asset objects reloaded before import = 0
Number of asset objects unloaded after import = 131
========================================================================
Received Import Request.
  Time since last request: 1.462885 seconds.
  path: Assets/Resources/Static Data/UI/WindowStaticData.asset
  artifactKey: Guid(ca5ea77b552d5004ba5460e99801483b) Importer(815301076,1909f56bfc062723c751e8b465ee728b)
Start importing Assets/Resources/Static Data/UI/WindowStaticData.asset using Guid(ca5ea77b552d5004ba5460e99801483b) Importer(815301076,1909f56bfc062723c751e8b465ee728b)  -> (artifact id: '017b53b5ddd65c86633f1114cad9c9fb') in 0.033037 seconds
Number of updated asset objects reloaded before import = 0
Number of asset objects unloaded after import = 181
========================================================================
Received Import Request.
  Time since last request: 168.969260 seconds.
  path: Assets/Resources/Enemies/SpawnMarker.prefab
  artifactKey: Guid(696f9db6b22072e46b593a16d144c7f1) Importer(815301076,1909f56bfc062723c751e8b465ee728b)
Start importing Assets/Resources/Enemies/SpawnMarker.prefab using Guid(696f9db6b22072e46b593a16d144c7f1) Importer(815301076,1909f56bfc062723c751e8b465ee728b)  -> (artifact id: 'b1079efb9a253e387f23b61b3b61b38c') in 0.000929 seconds
Number of updated asset objects reloaded before import = 0
Number of asset objects unloaded after import = 5
========================================================================
Received Import Request.
  Time since last request: 1.362375 seconds.
  path: Assets/Resources/Enemies/Dragon/Animators/Dragon_AC.overrideController
  artifactKey: Guid(aa9e4ee9e8a8c694aa9ebc209d8f4901) Importer(815301076,1909f56bfc062723c751e8b465ee728b)
Start importing Assets/Resources/Enemies/Dragon/Animators/Dragon_AC.overrideController using Guid(aa9e4ee9e8a8c694aa9ebc209d8f4901) Importer(815301076,1909f56bfc062723c751e8b465ee728b)  -> (artifact id: '6925e5ac1d403871b97db453e6204b71') in 0.007623 seconds
Number of updated asset objects reloaded before import = 0
Number of asset objects unloaded after import = 36
========================================================================
Received Import Request.
  Time since last request: 188.111429 seconds.
  path: Assets/Resources/Levels/Multistory Dungeons/Meshes/SRC_Props/Candle_01.fbx
  artifactKey: Guid(aa0d00c3df2c498ba1e54bc47aa4bda9) Importer(815301076,1909f56bfc062723c751e8b465ee728b)
Start importing Assets/Resources/Levels/Multistory Dungeons/Meshes/SRC_Props/Candle_01.fbx using Guid(aa0d00c3df2c498ba1e54bc47aa4bda9) Importer(815301076,1909f56bfc062723c751e8b465ee728b)  -> (artifact id: '2e1c475b546a0f0c41bece79b0f31361') in 0.001451 seconds
Number of updated asset objects reloaded before import = 0
Number of asset objects unloaded after import = 8
========================================================================
Received Import Request.
  Time since last request: 0.001477 seconds.
  path: Assets/Resources/Levels/Multistory Dungeons/Meshes/SRC_Props/Candle_04.fbx
  artifactKey: Guid(f942b92b70de4cbf868373c831d161a8) Importer(815301076,1909f56bfc062723c751e8b465ee728b)
Start importing Assets/Resources/Levels/Multistory Dungeons/Meshes/SRC_Props/Candle_04.fbx using Guid(f942b92b70de4cbf868373c831d161a8) Importer(815301076,1909f56bfc062723c751e8b465ee728b)  -> (artifact id: '6fedb358962812d0b82c7970aa832401') in 0.001115 seconds
Number of updated asset objects reloaded before import = 0
Number of asset objects unloaded after import = 8
========================================================================
Received Import Request.
  Time since last request: 0.000324 seconds.
  path: Assets/AssetsThirdParty/Cartoon Heroes/Female/3D/Torsos/Base Torso/Female_Base_Torso.FBX
  artifactKey: Guid(a0e146e0c77316448a26cd23acac2d4c) Importer(815301076,1909f56bfc062723c751e8b465ee728b)
Start importing Assets/AssetsThirdParty/Cartoon Heroes/Female/3D/Torsos/Base Torso/Female_Base_Torso.FBX using Guid(a0e146e0c77316448a26cd23acac2d4c) Importer(815301076,1909f56bfc062723c751e8b465ee728b)  -> (artifact id: '93081e98e65476e2dd92e1c3fb2fb96e') in 0.002066 seconds
Number of updated asset objects reloaded before import = 0
Number of asset objects unloaded after import = 99
========================================================================
Received Import Request.
  Time since last request: 0.000010 seconds.
  path: Assets/AssetsThirdParty/Cartoon Heroes/Female/3D/Heads/Head 3/Female_Head_3.FBX
  artifactKey: Guid(78bc7924c8b4fbb4296da625d0f72d3b) Importer(815301076,1909f56bfc062723c751e8b465ee728b)
Start importing Assets/AssetsThirdParty/Cartoon Heroes/Female/3D/Heads/Head 3/Female_Head_3.FBX using Guid(78bc7924c8b4fbb4296da625d0f72d3b) Importer(815301076,1909f56bfc062723c751e8b465ee728b)  -> (artifact id: 'daa90d5d71e27cf4aacdf0245e833661') in 0.001278 seconds
Number of updated asset objects reloaded before import = 0
Number of asset objects unloaded after import = 11
========================================================================
Received Import Request.
  Time since last request: 0.000010 seconds.
  path: Assets/AssetsThirdParty/Cartoon Heroes/Male/3D/Animation Skeleton/Male_Animation_Skeleton.FBX
  artifactKey: Guid(7e30eee73c241d5448ce0ac372cf6602) Importer(815301076,1909f56bfc062723c751e8b465ee728b)
Start importing Assets/AssetsThirdParty/Cartoon Heroes/Male/3D/Animation Skeleton/Male_Animation_Skeleton.FBX using Guid(7e30eee73c241d5448ce0ac372cf6602) Importer(815301076,1909f56bfc062723c751e8b465ee728b)  -> (artifact id: 'a95d25c7941cceff65c3984e3cb5f283') in 0.002542 seconds
Number of updated asset objects reloaded before import = 0
Number of asset objects unloaded after import = 116
========================================================================
Received Import Request.
  Time since last request: 0.000011 seconds.
  path: Assets/AssetsThirdParty/Cartoon Heroes/Female/3D/Hairs/Hair_3/Female_Hair_3.FBX
  artifactKey: Guid(451e9f0b87d3c0c4f845c8a021a1c608) Importer(815301076,1909f56bfc062723c751e8b465ee728b)
Start importing Assets/AssetsThirdParty/Cartoon Heroes/Female/3D/Hairs/Hair_3/Female_Hair_3.FBX using Guid(451e9f0b87d3c0c4f845c8a021a1c608) Importer(815301076,1909f56bfc062723c751e8b465ee728b)  -> (artifact id: '9651e30a3bcd3632f8c991024cbc801c') in 0.001176 seconds
Number of updated asset objects reloaded before import = 0
Number of asset objects unloaded after import = 11
========================================================================
Received Import Request.
  Time since last request: 0.000009 seconds.
  path: Assets/AssetsThirdParty/Cartoon Heroes/Male/3D/Hairs/Hair_1/Male_Hair_1.FBX
  artifactKey: Guid(f72746b6ba199774992e6eda7be20f4d) Importer(815301076,1909f56bfc062723c751e8b465ee728b)
Start importing Assets/AssetsThirdParty/Cartoon Heroes/Male/3D/Hairs/Hair_1/Male_Hair_1.FBX using Guid(f72746b6ba199774992e6eda7be20f4d) Importer(815301076,1909f56bfc062723c751e8b465ee728b)  -> (artifact id: 'ac7028ba1ffb1b43f7f417cf10500f51') in 0.001406 seconds
Number of updated asset objects reloaded before import = 0
Number of asset objects unloaded after import = 25
========================================================================
Received Import Request.
  Time since last request: 0.000010 seconds.
  path: Assets/AssetsThirdParty/Cartoon Heroes/Male/3D/Heads/Head_1/Male_Head_1.FBX
  artifactKey: Guid(3ed30173e52bad9469c5720c7646c3de) Importer(815301076,1909f56bfc062723c751e8b465ee728b)
Start importing Assets/AssetsThirdParty/Cartoon Heroes/Male/3D/Heads/Head_1/Male_Head_1.FBX using Guid(3ed30173e52bad9469c5720c7646c3de) Importer(815301076,1909f56bfc062723c751e8b465ee728b)  -> (artifact id: 'e059bde1f437734132294059ecb9a38f') in 0.001465 seconds
Number of updated asset objects reloaded before import = 0
Number of asset objects unloaded after import = 11
========================================================================
Received Import Request.
  Time since last request: 0.000010 seconds.
  path: Assets/AssetsThirdParty/Cartoon Heroes/Female/3D/Legs/Legs_3/Female_Legs_3.FBX
  artifactKey: Guid(831ae8b579a9bfa4b845cff152b90e82) Importer(815301076,1909f56bfc062723c751e8b465ee728b)
Start importing Assets/AssetsThirdParty/Cartoon Heroes/Female/3D/Legs/Legs_3/Female_Legs_3.FBX using Guid(831ae8b579a9bfa4b845cff152b90e82) Importer(815301076,1909f56bfc062723c751e8b465ee728b)  -> (artifact id: 'f9311a691b5e0ba3aa1c01ad7d1a196e') in 0.001370 seconds
Number of updated asset objects reloaded before import = 0
Number of asset objects unloaded after import = 31
========================================================================
Received Import Request.
  Time since last request: 0.000009 seconds.
  path: Assets/AssetsThirdParty/Cartoon Heroes/Male/3D/Legs/Legs_2/Male_Legs_2.FBX
  artifactKey: Guid(a48c0a1c97d48e7419d41fe8e176ae51) Importer(815301076,1909f56bfc062723c751e8b465ee728b)
Start importing Assets/AssetsThirdParty/Cartoon Heroes/Male/3D/Legs/Legs_2/Male_Legs_2.FBX using Guid(a48c0a1c97d48e7419d41fe8e176ae51) Importer(815301076,1909f56bfc062723c751e8b465ee728b)  -> (artifact id: '3d307543cf8d9918253fea584ef8eebd') in 0.001752 seconds
Number of updated asset objects reloaded before import = 0
Number of asset objects unloaded after import = 31
========================================================================
Received Import Request.
  Time since last request: 0.000013 seconds.
  path: Assets/AssetsThirdParty/Cartoon Heroes/Male/3D/Torsos/Torso_1/Male_Torso_1.FBX
  artifactKey: Guid(fba03d136e511a9438a9e19a8c96fc65) Importer(815301076,1909f56bfc062723c751e8b465ee728b)
Start importing Assets/AssetsThirdParty/Cartoon Heroes/Male/3D/Torsos/Torso_1/Male_Torso_1.FBX using Guid(fba03d136e511a9438a9e19a8c96fc65) Importer(815301076,1909f56bfc062723c751e8b465ee728b)  -> (artifact id: '8ff77b209e1ae433d26aaab75ed7731e') in 0.002467 seconds
Number of updated asset objects reloaded before import = 0
Number of asset objects unloaded after import = 103
========================================================================
Received Import Request.
  Time since last request: 0.000011 seconds.
  path: Assets/AssetsThirdParty/Cartoon Heroes/Female/3D/Hairs/Hair_1/Female_Hair_1.FBX
  artifactKey: Guid(499291aee88b8b84b9852695ef9d9263) Importer(815301076,1909f56bfc062723c751e8b465ee728b)
Start importing Assets/AssetsThirdParty/Cartoon Heroes/Female/3D/Hairs/Hair_1/Female_Hair_1.FBX using Guid(499291aee88b8b84b9852695ef9d9263) Importer(815301076,1909f56bfc062723c751e8b465ee728b)  -> (artifact id: 'b07fb4833d939fbc70c531ef36f0c819') in 0.001183 seconds
Number of updated asset objects reloaded before import = 0
Number of asset objects unloaded after import = 11
========================================================================
Received Import Request.
  Time since last request: 0.000008 seconds.
  path: Assets/AssetsThirdParty/Cartoon Heroes/Female/3D/Torsos/Torso_3/Female_Torso_3.FBX
  artifactKey: Guid(283116370a026f048b4d23bd4dbd5b1a) Importer(815301076,1909f56bfc062723c751e8b465ee728b)
Start importing Assets/AssetsThirdParty/Cartoon Heroes/Female/3D/Torsos/Torso_3/Female_Torso_3.FBX using Guid(283116370a026f048b4d23bd4dbd5b1a) Importer(815301076,1909f56bfc062723c751e8b465ee728b)  -> (artifact id: 'c48650d6a859c7d0763dbd908cd81dec') in 0.002292 seconds
Number of updated asset objects reloaded before import = 0
Number of asset objects unloaded after import = 99
========================================================================
Received Import Request.
  Time since last request: 0.000012 seconds.
  path: Assets/Resources/Levels/Multistory Dungeons/Meshes/SRC_Props/Lamp_02.fbx
  artifactKey: Guid(2d4aff2768bf4b44a98c029dda6071b8) Importer(815301076,1909f56bfc062723c751e8b465ee728b)
Start importing Assets/Resources/Levels/Multistory Dungeons/Meshes/SRC_Props/Lamp_02.fbx using Guid(2d4aff2768bf4b44a98c029dda6071b8) Importer(815301076,1909f56bfc062723c751e8b465ee728b)  -> (artifact id: 'ad1cb9a09ce9495cc42a8c1ebf1fe20b') in 0.001339 seconds
Number of updated asset objects reloaded before import = 0
Number of asset objects unloaded after import = 8
========================================================================
Received Import Request.
  Time since last request: 0.000013 seconds.
  path: Assets/AssetsThirdParty/Cartoon Heroes/Female/3D/Animation Skeleton/Female_Animation_Skeleton.FBX
  artifactKey: Guid(d4bc8aeee1248da43a4176631929bc9d) Importer(815301076,1909f56bfc062723c751e8b465ee728b)
Start importing Assets/AssetsThirdParty/Cartoon Heroes/Female/3D/Animation Skeleton/Female_Animation_Skeleton.FBX using Guid(d4bc8aeee1248da43a4176631929bc9d) Importer(815301076,1909f56bfc062723c751e8b465ee728b)  -> (artifact id: '311ef4afca931d5d724ef559f37b508e') in 0.002464 seconds
Number of updated asset objects reloaded before import = 0
Number of asset objects unloaded after import = 116
========================================================================
Received Import Request.
  Time since last request: 0.000010 seconds.
  path: Assets/AssetsThirdParty/Cartoon Heroes/Female/3D/Legs/Legs_2/Female_Legs_2.FBX
  artifactKey: Guid(3ba6aff6707fd094e817b9d49a36959c) Importer(815301076,1909f56bfc062723c751e8b465ee728b)
Start importing Assets/AssetsThirdParty/Cartoon Heroes/Female/3D/Legs/Legs_2/Female_Legs_2.FBX using Guid(3ba6aff6707fd094e817b9d49a36959c) Importer(815301076,1909f56bfc062723c751e8b465ee728b)  -> (artifact id: '7eb8de8cbcf5aa1f217e611344de832b') in 0.001741 seconds
Number of updated asset objects reloaded before import = 0
Number of asset objects unloaded after import = 31
========================================================================
Received Import Request.
  Time since last request: 0.000010 seconds.
  path: Assets/AssetsThirdParty/Cartoon Heroes/Male/3D/Hairs/Hair_3/Male_Hair_3.FBX
  artifactKey: Guid(ba81bc73c9f97274688f3affce011d50) Importer(815301076,1909f56bfc062723c751e8b465ee728b)
Start importing Assets/AssetsThirdParty/Cartoon Heroes/Male/3D/Hairs/Hair_3/Male_Hair_3.FBX using Guid(ba81bc73c9f97274688f3affce011d50) Importer(815301076,1909f56bfc062723c751e8b465ee728b)  -> (artifact id: '433b7a337a9efb35d1abb434035b0fe3') in 0.001898 seconds
Number of updated asset objects reloaded before import = 0
Number of asset objects unloaded after import = 11
========================================================================
Received Import Request.
  Time since last request: 0.000010 seconds.
  path: Assets/AssetsThirdParty/Cartoon Heroes/Male/3D/Legs/Base Legs/Male_Base_Legs.FBX
  artifactKey: Guid(17e8ecbc4e6bcea40878ead9b50712be) Importer(815301076,1909f56bfc062723c751e8b465ee728b)
Start importing Assets/AssetsThirdParty/Cartoon Heroes/Male/3D/Legs/Base Legs/Male_Base_Legs.FBX using Guid(17e8ecbc4e6bcea40878ead9b50712be) Importer(815301076,1909f56bfc062723c751e8b465ee728b)  -> (artifact id: 'd608b57ef5874080c414adef701583fa') in 0.001368 seconds
Number of updated asset objects reloaded before import = 0
Number of asset objects unloaded after import = 31
========================================================================
Received Import Request.
  Time since last request: 0.000009 seconds.
  path: Assets/AssetsThirdParty/Cartoon Heroes/Female/3D/Heads/Head 2/Female_Head_2.FBX
  artifactKey: Guid(65439f1f284f09c49a5eb43d7bb00de6) Importer(815301076,1909f56bfc062723c751e8b465ee728b)
Start importing Assets/AssetsThirdParty/Cartoon Heroes/Female/3D/Heads/Head 2/Female_Head_2.FBX using Guid(65439f1f284f09c49a5eb43d7bb00de6) Importer(815301076,1909f56bfc062723c751e8b465ee728b)  -> (artifact id: '1cec46857a6001c98a82af89a48e3d59') in 0.001382 seconds
Number of updated asset objects reloaded before import = 0
Number of asset objects unloaded after import = 11
Editor requested this worker to shutdown with reason: Scaling down because of idle timeout
TcpMessagingSession - receive error: operation aborted. errorcode: 995, details: The I/O operation has been aborted because of either a thread exit or an application request.
AssetImportWorker is now disconnected from the server
Process exiting
Exiting without the bug reporter. Application will terminate with return code 0